<?xml version="1.0" encoding="UTF-8"?>
<testsuites name="Absen Point" time="7.847" tests="1" failures="0" errors="0">
   <testsuite name="Absen Point" tests="1" failures="0" errors="0" time="7.847" skipped="0" timestamp="03-12-2024T17:01:52" hostname="Irga - Irga.mshome.net" id="Test Suites/Absen Point">
      <properties>
         <property name="deviceName" value=""/>
         <property name="devicePlatform"/>
         <property name="logFolder" value="C:\\Users\\User\\git\\KatalonHadirApp\\Reports\\20241203_165105\\Absen Point\\20241203_165118"/>
         <property name="logFiles" value="C:\\Users\\User\\git\\KatalonHadirApp\\Reports\\20241203_165105\\Absen Point\\20241203_165118\\execution0.log"/>
         <property name="attachments" value=""/>
         <property name="hostName" value="Irga - Irga.mshome.net"/>
         <property name="os" value="Windows 10 64bit"/>
         <property name="katalonVersion" value="10.0.0.223"/>
         <property name="browser" value="Chrome 131.0.0.0"/>
         <property name="hostAddress" value="172.24.112.1"/>
         <property name="sessionId" value="61c5046b6300d62b5a66bf35ae70cf8b"/>
         <property name="seleniumVersion" value="4.22.0"/>
         <property name="proxyInformation" value="ProxyInformation { proxyOption=NO_PROXY, proxyServerType=HTTP, username=, password=********, proxyServerAddress=, proxyServerPort=0, executionList=&quot;&quot;, isApplyToDesiredCapabilities=true }"/>
         <property name="platform" value="Windows 10"/>
      </properties>
      <testcase name="Test Cases/Admin/Management/Absen Point/TCC.Hadir.04.1" time="7.737" classname="Test Cases/Admin/Management/Absen Point/TCC.Hadir.04.1" status="PASSED">
         <system-out><![CDATA[03-12-2024T17:01:52 - [TEST_CASE][PASSED] - Test Cases/Admin/Management/Absen Point/TCC.Hadir.04.1: Test Cases/Admin/Management/Absen Point/TCC.Hadir.04.1

03-12-2024T17:01:52 - [TEST_STEP][PASSED] - openBrowser(""): Browser is opened with url: ''

03-12-2024T17:01:52 - [MESSAGE][INFO] - Starting 'Chrome' driver

03-12-2024T17:01:52 - [MESSAGE][INFO] - Action delay is set to 0 milliseconds

03-12-2024T17:01:53 - [MESSAGE][PASSED] - Browser is opened with url: ''

03-12-2024T17:01:53 - [TEST_STEP][PASSED] - maximizeWindow(): Current window maximized

03-12-2024T17:01:54 - [MESSAGE][PASSED] - Current window maximized

03-12-2024T17:01:54 - [TEST_STEP][PASSED] - navigateToUrl("https://magang.dikahadir.com/authentication/login"): Navigate to 'https://magang.dikahadir.com/authentication/login' successfully

03-12-2024T17:01:54 - [MESSAGE][PASSED] - Navigate to 'https://magang.dikahadir.com/authentication/login' successfully

03-12-2024T17:01:54 - [TEST_STEP][PASSED] - setText(findTestObject("Object Repository/Admin/Absen Point/Page_HADIR/input_Email_email"), "Admin@hadir.com"): Text 'Admin@hadir.com' is set on object 'Object Repository/Admin/Absen Point/Page_HADIR/input_Email_email'

03-12-2024T17:01:55 - [MESSAGE][PASSED] - Text 'Admin@hadir.com' is set on object 'Object Repository/Admin/Absen Point/Page_HADIR/input_Email_email'

03-12-2024T17:01:55 - [TEST_STEP][PASSED] - setEncryptedText(findTestObject("Object Repository/Admin/Absen Point/Page_HADIR/input_Password_password"), "aSC42nPN26UggVXAwmiGmQ=="): Text ****** has been set on object 'Object Repository/Admin/Absen Point/Page_HADIR/input_Password_password'

03-12-2024T17:01:55 - [MESSAGE][PASSED] - Text ****** has been set on object 'Object Repository/Admin/Absen Point/Page_HADIR/input_Password_password'

03-12-2024T17:01:55 - [TEST_STEP][PASSED] - sendKeys(findTestObject("Object Repository/Admin/Absen Point/Page_HADIR/input_Password_password"), Keys.chord(ENTER)): Keys 'ENTER + ' sent to object: 'Object Repository/Admin/Absen Point/Page_HADIR/input_Password_password'

03-12-2024T17:01:55 - [MESSAGE][PASSED] - Keys 'ENTER + ' sent to object: 'Object Repository/Admin/Absen Point/Page_HADIR/input_Password_password'

03-12-2024T17:01:55 - [TEST_STEP][PASSED] - click(findTestObject("Object Repository/Admin/Absen Point/Page_HADIR/div_Management")): Object: 'Object Repository/Admin/Absen Point/Page_HADIR/div_Management' is clicked on

03-12-2024T17:01:57 - [MESSAGE][PASSED] - Object: 'Object Repository/Admin/Absen Point/Page_HADIR/div_Management' is clicked on

03-12-2024T17:01:57 - [TEST_STEP][PASSED] - click(findTestObject("Object Repository/Admin/Absen Point/Page_HADIR/p_Absen Point")): Object: 'Object Repository/Admin/Absen Point/Page_HADIR/p_Absen Point' is clicked on

03-12-2024T17:01:58 - [MESSAGE][PASSED] - Object: 'Object Repository/Admin/Absen Point/Page_HADIR/p_Absen Point' is clicked on

03-12-2024T17:01:58 - [TEST_STEP][PASSED] - setText(findTestObject("Object Repository/Admin/Absen Point/Page_HADIR/input_Admin Hadir_search"), "BPN"): Text 'BPN' is set on object 'Object Repository/Admin/Absen Point/Page_HADIR/input_Admin Hadir_search'

03-12-2024T17:01:59 - [MESSAGE][PASSED] - Text 'BPN' is set on object 'Object Repository/Admin/Absen Point/Page_HADIR/input_Admin Hadir_search'

03-12-2024T17:01:59 - [TEST_STEP][PASSED] - click(findTestObject("Object Repository/Admin/Absen Point/Page_HADIR/button_Search")): Object: 'Object Repository/Admin/Absen Point/Page_HADIR/button_Search' is clicked on

03-12-2024T17:01:59 - [MESSAGE][PASSED] - Object: 'Object Repository/Admin/Absen Point/Page_HADIR/button_Search' is clicked on

03-12-2024T17:01:59 - [TEST_STEP][PASSED] - click(findTestObject("Object Repository/Admin/Absen Point/Page_HADIR/td_BPN")): Object: 'Object Repository/Admin/Absen Point/Page_HADIR/td_BPN' is clicked on

03-12-2024T17:01:59 - [MESSAGE][PASSED] - Object: 'Object Repository/Admin/Absen Point/Page_HADIR/td_BPN' is clicked on

03-12-2024T17:01:59 - [TEST_STEP][PASSED] - closeBrowser(): Browser is closed

03-12-2024T17:02:00 - [MESSAGE][PASSED] - Browser is closed]]></system-out>
         <system-err><![CDATA[]]></system-err>
      </testcase>
      <system-out><![CDATA[03-12-2024T17:01:52 - [TEST_SUITE][PASSED] - Absen Point: Test Cases/Admin/Management/Absen Point/TCC.Hadir.04.1]]></system-out>
      <system-err><![CDATA[]]></system-err>
   </testsuite>
</testsuites>
