<?xml version="1.0" encoding="UTF-8"?>
<testsuites name="Chrome Test Suite Collection" time="652.083" tests="57" failures="2" errors="1">
   <testsuite name="Login" tests="12" failures="0" errors="0" time="36.826" skipped="0" timestamp="03-12-2024T16:51:26" hostname="Irga - Irga.mshome.net" id="Test Suites/Login">
      <properties>
         <property name="deviceName" value=""/>
         <property name="devicePlatform"/>
         <property name="logFolder" value="C:\\Users\\User\\git\\KatalonHadirApp\\Reports\\20241203_165105\\Login\\20241203_165106"/>
         <property name="logFiles" value="C:\\Users\\User\\git\\KatalonHadirApp\\Reports\\20241203_165105\\Login\\20241203_165106\\execution0.log"/>
         <property name="attachments" value=""/>
         <property name="hostName" value="Irga - Irga.mshome.net"/>
         <property name="os" value="Windows 10 64bit"/>
         <property name="katalonVersion" value="10.0.0.223"/>
         <property name="browser" value="Chrome 131.0.0.0"/>
         <property name="hostAddress" value="172.24.112.1"/>
         <property name="sessionId" value="1e7afe50db10318d60745328511f3b93"/>
         <property name="seleniumVersion" value="4.22.0"/>
         <property name="proxyInformation" value="ProxyInformation { proxyOption=NO_PROXY, proxyServerType=HTTP, username=, password=********, proxyServerAddress=, proxyServerPort=0, executionList=&quot;&quot;, isApplyToDesiredCapabilities=true }"/>
         <property name="platform" value="Windows 10"/>
      </properties>
      <testcase name="Test Cases/Admin/Login/TCC.Hadir.01.001" time="5.118" classname="Test Cases/Admin/Login/TCC.Hadir.01.001" status="PASSED">
         <system-out><![CDATA[03-12-2024T16:51:26 - [TEST_CASE][PASSED] - Test Cases/Admin/Login/TCC.Hadir.01.001: Test Cases/Admin/Login/TCC.Hadir.01.001

03-12-2024T16:51:26 - [TEST_STEP][PASSED] - openBrowser(""): Browser is opened with url: ''

03-12-2024T16:51:26 - [MESSAGE][INFO] - Starting 'Chrome' driver

03-12-2024T16:51:26 - [MESSAGE][INFO] - Action delay is set to 0 milliseconds

03-12-2024T16:51:28 - [MESSAGE][PASSED] - Browser is opened with url: ''

03-12-2024T16:51:28 - [TEST_STEP][PASSED] - maximizeWindow(): Current window maximized

03-12-2024T16:51:28 - [MESSAGE][PASSED] - Current window maximized

03-12-2024T16:51:28 - [TEST_STEP][PASSED] - navigateToUrl("https://magang.dikahadir.com/authentication/login"): Navigate to 'https://magang.dikahadir.com/authentication/login' successfully

03-12-2024T16:51:28 - [MESSAGE][PASSED] - Navigate to 'https://magang.dikahadir.com/authentication/login' successfully

03-12-2024T16:51:28 - [TEST_STEP][PASSED] - verifyElementPresent(findTestObject("Object Repository/Login/Login_Page/input_Email_email"), 10, STOP_ON_FAILURE): Object 'Object Repository/Login/Login_Page/input_Email_email' is present

03-12-2024T16:51:29 - [MESSAGE][PASSED] - Object 'Object Repository/Login/Login_Page/input_Email_email' is present

03-12-2024T16:51:29 - [TEST_STEP][PASSED] - setText(findTestObject("Object Repository/Login/Login_Page/input_Email_email"), "Admin@hadir.com"): Text 'Admin@hadir.com' is set on object 'Object Repository/Login/Login_Page/input_Email_email'

03-12-2024T16:51:29 - [MESSAGE][PASSED] - Text 'Admin@hadir.com' is set on object 'Object Repository/Login/Login_Page/input_Email_email'

03-12-2024T16:51:29 - [TEST_STEP][PASSED] - setEncryptedText(findTestObject("Object Repository/Login/Login_Page/input_Password_password"), "aSC42nPN26UggVXAwmiGmQ=="): Text ****** has been set on object 'Object Repository/Login/Login_Page/input_Password_password'

03-12-2024T16:51:30 - [MESSAGE][PASSED] - Text ****** has been set on object 'Object Repository/Login/Login_Page/input_Password_password'

03-12-2024T16:51:30 - [TEST_STEP][PASSED] - click(findTestObject("Object Repository/Login/Login_Page/button_Masuk")): Object: 'Object Repository/Login/Login_Page/button_Masuk' is clicked on

03-12-2024T16:51:30 - [MESSAGE][PASSED] - Object: 'Object Repository/Login/Login_Page/button_Masuk' is clicked on

03-12-2024T16:51:30 - [TEST_STEP][PASSED] - waitForPageLoad(10): Wait for page load successfully

03-12-2024T16:51:30 - [MESSAGE][PASSED] - Wait for page load successfully

03-12-2024T16:51:30 - [TEST_STEP][PASSED] - loginSuccess = verifyElementPresent(findTestObject("Object Repository/Login/Login_Page/p_2022 Aplikasi Hadir"), 10, CONTINUE_ON_FAILURE): Object 'Object Repository/Login/Login_Page/p_2022 Aplikasi Hadir' is present

03-12-2024T16:51:31 - [MESSAGE][PASSED] - Object 'Object Repository/Login/Login_Page/p_2022 Aplikasi Hadir' is present

03-12-2024T16:51:31 - [TEST_STEP][PASSED] - if (loginSuccess): Login successful. Verification passed.

03-12-2024T16:51:31 - [TEST_STEP][PASSED] - comment("Login successful. Verification passed."): Login successful. Verification passed.

03-12-2024T16:51:31 - [MESSAGE][INFO] - Login successful. Verification passed.

03-12-2024T16:51:31 - [TEST_STEP][PASSED] - closeBrowser(): Browser is closed

03-12-2024T16:51:31 - [MESSAGE][PASSED] - Browser is closed]]></system-out>
         <system-err><![CDATA[]]></system-err>
      </testcase>
      <testcase name="Test Cases/Admin/Login/TCC.Hadir.01.002" time="2.759" classname="Test Cases/Admin/Login/TCC.Hadir.01.002" status="PASSED">
         <system-out><![CDATA[03-12-2024T16:51:31 - [TEST_CASE][PASSED] - Test Cases/Admin/Login/TCC.Hadir.01.002: Test Cases/Admin/Login/TCC.Hadir.01.002

03-12-2024T16:51:31 - [TEST_STEP][PASSED] - openBrowser(""): Browser is opened with url: ''

03-12-2024T16:51:31 - [MESSAGE][INFO] - Starting 'Chrome' driver

03-12-2024T16:51:31 - [MESSAGE][INFO] - Action delay is set to 0 milliseconds

03-12-2024T16:51:32 - [MESSAGE][PASSED] - Browser is opened with url: ''

03-12-2024T16:51:32 - [TEST_STEP][PASSED] - maximizeWindow(): Current window maximized

03-12-2024T16:51:32 - [MESSAGE][PASSED] - Current window maximized

03-12-2024T16:51:32 - [TEST_STEP][PASSED] - navigateToUrl("https://magang.dikahadir.com/authentication/login"): Navigate to 'https://magang.dikahadir.com/authentication/login' successfully

03-12-2024T16:51:32 - [MESSAGE][PASSED] - Navigate to 'https://magang.dikahadir.com/authentication/login' successfully

03-12-2024T16:51:32 - [TEST_STEP][PASSED] - verifyElementPresent(findTestObject("Object Repository/Login/Login_Page/input_Email_email"), 10, STOP_ON_FAILURE): Object 'Object Repository/Login/Login_Page/input_Email_email' is present

03-12-2024T16:51:33 - [MESSAGE][PASSED] - Object 'Object Repository/Login/Login_Page/input_Email_email' is present

03-12-2024T16:51:33 - [TEST_STEP][PASSED] - setText(findTestObject("Object Repository/Login/Login_Page/input_Email_email"), "Irga@hadir.com"): Text 'Irga@hadir.com' is set on object 'Object Repository/Login/Login_Page/input_Email_email'

03-12-2024T16:51:33 - [MESSAGE][PASSED] - Text 'Irga@hadir.com' is set on object 'Object Repository/Login/Login_Page/input_Email_email'

03-12-2024T16:51:33 - [TEST_STEP][PASSED] - setEncryptedText(findTestObject("Object Repository/Login/Login_Page/input_Password_password"), "aSC42nPN26UggVXAwmiGmQ=="): Text ****** has been set on object 'Object Repository/Login/Login_Page/input_Password_password'

03-12-2024T16:51:34 - [MESSAGE][PASSED] - Text ****** has been set on object 'Object Repository/Login/Login_Page/input_Password_password'

03-12-2024T16:51:34 - [TEST_STEP][PASSED] - click(findTestObject("Object Repository/Login/Login_Page/button_Masuk")): Object: 'Object Repository/Login/Login_Page/button_Masuk' is clicked on

03-12-2024T16:51:34 - [MESSAGE][PASSED] - Object: 'Object Repository/Login/Login_Page/button_Masuk' is clicked on

03-12-2024T16:51:34 - [TEST_STEP][PASSED] - errorMessageObject = findTestObject("Object Repository/Login/Login_Page/div_ErrorMessage"): Test object with id 'Object Repository/Login/Login_Page/div_ErrorMessage' does not exist

03-12-2024T16:51:34 - [MESSAGE][WARNING] - Test object with id 'Object Repository/Login/Login_Page/div_ErrorMessage' does not exist

03-12-2024T16:51:34 - [TEST_STEP][PASSED] - if (errorMessageObject != null): null

03-12-2024T16:51:34 - [TEST_STEP][PASSED] - else: Error message object not found. Verify the Object Repository setup.

03-12-2024T16:51:34 - [TEST_STEP][PASSED] - comment("Error message object not found. Verify the Object Repository setup."): Error message object not found. Verify the Object Repository setup.

03-12-2024T16:51:34 - [MESSAGE][INFO] - Error message object not found. Verify the Object Repository setup.

03-12-2024T16:51:34 - [TEST_STEP][PASSED] - closeBrowser(): Browser is closed

03-12-2024T16:51:34 - [MESSAGE][PASSED] - Browser is closed]]></system-out>
         <system-err><![CDATA[]]></system-err>
      </testcase>
      <testcase name="Test Cases/Admin/Login/TCC.Hadir.01.003" time="2.776" classname="Test Cases/Admin/Login/TCC.Hadir.01.003" status="PASSED">
         <system-out><![CDATA[03-12-2024T16:51:34 - [TEST_CASE][PASSED] - Test Cases/Admin/Login/TCC.Hadir.01.003: Test Cases/Admin/Login/TCC.Hadir.01.003

03-12-2024T16:51:34 - [TEST_STEP][PASSED] - openBrowser(""): Browser is opened with url: ''

03-12-2024T16:51:34 - [MESSAGE][INFO] - Starting 'Chrome' driver

03-12-2024T16:51:34 - [MESSAGE][INFO] - Action delay is set to 0 milliseconds

03-12-2024T16:51:35 - [MESSAGE][PASSED] - Browser is opened with url: ''

03-12-2024T16:51:35 - [TEST_STEP][PASSED] - maximizeWindow(): Current window maximized

03-12-2024T16:51:35 - [MESSAGE][PASSED] - Current window maximized

03-12-2024T16:51:35 - [TEST_STEP][PASSED] - navigateToUrl("https://magang.dikahadir.com/authentication/login"): Navigate to 'https://magang.dikahadir.com/authentication/login' successfully

03-12-2024T16:51:35 - [MESSAGE][PASSED] - Navigate to 'https://magang.dikahadir.com/authentication/login' successfully

03-12-2024T16:51:35 - [TEST_STEP][PASSED] - verifyElementPresent(findTestObject("Object Repository/Login/Login_Page/input_Email_email"), 10, STOP_ON_FAILURE): Object 'Object Repository/Login/Login_Page/input_Email_email' is present

03-12-2024T16:51:36 - [MESSAGE][PASSED] - Object 'Object Repository/Login/Login_Page/input_Email_email' is present

03-12-2024T16:51:36 - [TEST_STEP][PASSED] - setText(findTestObject("Object Repository/Login/Login_Page/input_Email_email"), "Irga@hadir.com"): Text 'Irga@hadir.com' is set on object 'Object Repository/Login/Login_Page/input_Email_email'

03-12-2024T16:51:36 - [MESSAGE][PASSED] - Text 'Irga@hadir.com' is set on object 'Object Repository/Login/Login_Page/input_Email_email'

03-12-2024T16:51:36 - [TEST_STEP][PASSED] - setEncryptedText(findTestObject("Object Repository/Login/Login_Page/input_Password_password"), "aSC42nPN26UggVXAwmiGmQ=="): Text ****** has been set on object 'Object Repository/Login/Login_Page/input_Password_password'

03-12-2024T16:51:36 - [MESSAGE][PASSED] - Text ****** has been set on object 'Object Repository/Login/Login_Page/input_Password_password'

03-12-2024T16:51:36 - [TEST_STEP][PASSED] - click(findTestObject("Object Repository/Login/Login_Page/button_Masuk")): Object: 'Object Repository/Login/Login_Page/button_Masuk' is clicked on

03-12-2024T16:51:37 - [MESSAGE][PASSED] - Object: 'Object Repository/Login/Login_Page/button_Masuk' is clicked on

03-12-2024T16:51:37 - [TEST_STEP][PASSED] - errorMessageObject = findTestObject("Object Repository/Login/Login_Page/div_ErrorMessage"): Test object with id 'Object Repository/Login/Login_Page/div_ErrorMessage' does not exist

03-12-2024T16:51:37 - [MESSAGE][WARNING] - Test object with id 'Object Repository/Login/Login_Page/div_ErrorMessage' does not exist

03-12-2024T16:51:37 - [TEST_STEP][PASSED] - if (errorMessageObject != null): null

03-12-2024T16:51:37 - [TEST_STEP][PASSED] - else: Error message object not found. Verify the Object Repository setup.

03-12-2024T16:51:37 - [TEST_STEP][PASSED] - comment("Error message object not found. Verify the Object Repository setup."): Error message object not found. Verify the Object Repository setup.

03-12-2024T16:51:37 - [MESSAGE][INFO] - Error message object not found. Verify the Object Repository setup.

03-12-2024T16:51:37 - [TEST_STEP][PASSED] - closeBrowser(): Browser is closed

03-12-2024T16:51:37 - [MESSAGE][PASSED] - Browser is closed]]></system-out>
         <system-err><![CDATA[]]></system-err>
      </testcase>
      <testcase name="Test Cases/Admin/Login/TCC.Hadir.01.004" time="3.259" classname="Test Cases/Admin/Login/TCC.Hadir.01.004" status="PASSED">
         <system-out><![CDATA[03-12-2024T16:51:37 - [TEST_CASE][PASSED] - Test Cases/Admin/Login/TCC.Hadir.01.004: Test Cases/Admin/Login/TCC.Hadir.01.004

03-12-2024T16:51:37 - [TEST_STEP][PASSED] - openBrowser(""): Browser is opened with url: ''

03-12-2024T16:51:37 - [MESSAGE][INFO] - Starting 'Chrome' driver

03-12-2024T16:51:37 - [MESSAGE][INFO] - Action delay is set to 0 milliseconds

03-12-2024T16:51:37 - [MESSAGE][PASSED] - Browser is opened with url: ''

03-12-2024T16:51:37 - [TEST_STEP][PASSED] - maximizeWindow(): Current window maximized

03-12-2024T16:51:37 - [MESSAGE][PASSED] - Current window maximized

03-12-2024T16:51:37 - [TEST_STEP][PASSED] - navigateToUrl("https://magang.dikahadir.com/authentication/login"): Navigate to 'https://magang.dikahadir.com/authentication/login' successfully

03-12-2024T16:51:38 - [MESSAGE][PASSED] - Navigate to 'https://magang.dikahadir.com/authentication/login' successfully

03-12-2024T16:51:38 - [TEST_STEP][PASSED] - verifyElementPresent(findTestObject("Object Repository/Login/Login_Page/input_Email_email"), 10): Object 'Object Repository/Login/Login_Page/input_Email_email' is present

03-12-2024T16:51:38 - [MESSAGE][PASSED] - Object 'Object Repository/Login/Login_Page/input_Email_email' is present

03-12-2024T16:51:38 - [TEST_STEP][PASSED] - setText(findTestObject("Object Repository/Login/Login_Page/input_Email_email"), "Adminhadir.com"): Text 'Adminhadir.com' is set on object 'Object Repository/Login/Login_Page/input_Email_email'

03-12-2024T16:51:39 - [MESSAGE][PASSED] - Text 'Adminhadir.com' is set on object 'Object Repository/Login/Login_Page/input_Email_email'

03-12-2024T16:51:39 - [TEST_STEP][PASSED] - setEncryptedText(findTestObject("Object Repository/Login/Login_Page/input_Password_password"), "aSC42nPN26UggVXAwmiGmQ=="): Text ****** has been set on object 'Object Repository/Login/Login_Page/input_Password_password'

03-12-2024T16:51:39 - [MESSAGE][PASSED] - Text ****** has been set on object 'Object Repository/Login/Login_Page/input_Password_password'

03-12-2024T16:51:39 - [TEST_STEP][PASSED] - click(findTestObject("Object Repository/Login/Login_Page/button_Masuk")): Object: 'Object Repository/Login/Login_Page/button_Masuk' is clicked on

03-12-2024T16:51:39 - [MESSAGE][PASSED] - Object: 'Object Repository/Login/Login_Page/button_Masuk' is clicked on

03-12-2024T16:51:39 - [TEST_STEP][PASSED] - emailField = getWebDriver().findElement(By.name("email")): null

03-12-2024T16:51:40 - [TEST_STEP][PASSED] - validationMessage = emailField.getAttribute("validationMessage"): null

03-12-2024T16:51:40 - [TEST_STEP][PASSED] - expectedMessage = "Please include an '@' in the email address. 'adminhadir.com' is missing an '@'.": null

03-12-2024T16:51:40 - [TEST_STEP][PASSED] - if (validationMessage == expectedMessage): null

03-12-2024T16:51:40 - [TEST_STEP][PASSED] - else: Validation message is incorrect. Found: Please include an '@' in the email address. 'Adminhadir.com' is missing an '@'.

03-12-2024T16:51:40 - [TEST_STEP][PASSED] - comment(Validation message is incorrect. Found: $validationMessage): Validation message is incorrect. Found: Please include an '@' in the email address. 'Adminhadir.com' is missing an '@'.

03-12-2024T16:51:40 - [MESSAGE][INFO] - Validation message is incorrect. Found: Please include an '@' in the email address. 'Adminhadir.com' is missing an '@'.

03-12-2024T16:51:40 - [TEST_STEP][PASSED] - closeBrowser(): Browser is closed

03-12-2024T16:51:40 - [MESSAGE][PASSED] - Browser is closed]]></system-out>
         <system-err><![CDATA[]]></system-err>
      </testcase>
      <testcase name="Test Cases/Admin/Login/TCC.Hadir.01.005" time="3.079" classname="Test Cases/Admin/Login/TCC.Hadir.01.005" status="PASSED">
         <system-out><![CDATA[03-12-2024T16:51:40 - [TEST_CASE][PASSED] - Test Cases/Admin/Login/TCC.Hadir.01.005: Test Cases/Admin/Login/TCC.Hadir.01.005

03-12-2024T16:51:40 - [TEST_STEP][PASSED] - openBrowser(""): Browser is opened with url: ''

03-12-2024T16:51:40 - [MESSAGE][INFO] - Starting 'Chrome' driver

03-12-2024T16:51:40 - [MESSAGE][INFO] - Action delay is set to 0 milliseconds

03-12-2024T16:51:41 - [MESSAGE][PASSED] - Browser is opened with url: ''

03-12-2024T16:51:41 - [TEST_STEP][PASSED] - maximizeWindow(): Current window maximized

03-12-2024T16:51:41 - [MESSAGE][PASSED] - Current window maximized

03-12-2024T16:51:41 - [TEST_STEP][PASSED] - navigateToUrl("https://magang.dikahadir.com/authentication/login"): Navigate to 'https://magang.dikahadir.com/authentication/login' successfully

03-12-2024T16:51:41 - [MESSAGE][PASSED] - Navigate to 'https://magang.dikahadir.com/authentication/login' successfully

03-12-2024T16:51:41 - [TEST_STEP][PASSED] - verifyElementPresent(findTestObject("Object Repository/Login/Login_Page/input_Email_email"), 10): Object 'Object Repository/Login/Login_Page/input_Email_email' is present

03-12-2024T16:51:41 - [MESSAGE][PASSED] - Object 'Object Repository/Login/Login_Page/input_Email_email' is present

03-12-2024T16:51:41 - [TEST_STEP][PASSED] - setText(findTestObject("Object Repository/Login/Login_Page/input_Email_email"), "Admin@@hadir.com"): Text 'Admin@@hadir.com' is set on object 'Object Repository/Login/Login_Page/input_Email_email'

03-12-2024T16:51:42 - [MESSAGE][PASSED] - Text 'Admin@@hadir.com' is set on object 'Object Repository/Login/Login_Page/input_Email_email'

03-12-2024T16:51:42 - [TEST_STEP][PASSED] - setEncryptedText(findTestObject("Object Repository/Login/Login_Page/input_Password_password"), "aSC42nPN26UggVXAwmiGmQ=="): Text ****** has been set on object 'Object Repository/Login/Login_Page/input_Password_password'

03-12-2024T16:51:42 - [MESSAGE][PASSED] - Text ****** has been set on object 'Object Repository/Login/Login_Page/input_Password_password'

03-12-2024T16:51:42 - [TEST_STEP][PASSED] - click(findTestObject("Object Repository/Login/Login_Page/button_Masuk")): Object: 'Object Repository/Login/Login_Page/button_Masuk' is clicked on

03-12-2024T16:51:42 - [MESSAGE][PASSED] - Object: 'Object Repository/Login/Login_Page/button_Masuk' is clicked on

03-12-2024T16:51:43 - [TEST_STEP][PASSED] - emailField = getWebDriver().findElement(By.name("email")): null

03-12-2024T16:51:43 - [TEST_STEP][PASSED] - validationMessage = emailField.getAttribute("validationMessage"): null

03-12-2024T16:51:43 - [TEST_STEP][PASSED] - expectedMessage = "A part following '@' should not contain the symbol '@'.": null

03-12-2024T16:51:43 - [TEST_STEP][PASSED] - if (validationMessage == expectedMessage): Validation message is correct: A part following '@' should not contain the symbol '@'.

03-12-2024T16:51:43 - [TEST_STEP][PASSED] - comment(Validation message is correct: $validationMessage): Validation message is correct: A part following '@' should not contain the symbol '@'.

03-12-2024T16:51:43 - [MESSAGE][INFO] - Validation message is correct: A part following '@' should not contain the symbol '@'.

03-12-2024T16:51:43 - [TEST_STEP][PASSED] - closeBrowser(): Browser is closed

03-12-2024T16:51:43 - [MESSAGE][PASSED] - Browser is closed]]></system-out>
         <system-err><![CDATA[]]></system-err>
      </testcase>
      <testcase name="Test Cases/Admin/Login/TCC.Hadir.01.006" time="2.674" classname="Test Cases/Admin/Login/TCC.Hadir.01.006" status="PASSED">
         <system-out><![CDATA[03-12-2024T16:51:43 - [TEST_CASE][PASSED] - Test Cases/Admin/Login/TCC.Hadir.01.006: Test Cases/Admin/Login/TCC.Hadir.01.006

03-12-2024T16:51:43 - [TEST_STEP][PASSED] - openBrowser(""): Browser is opened with url: ''

03-12-2024T16:51:43 - [MESSAGE][INFO] - Starting 'Chrome' driver

03-12-2024T16:51:43 - [MESSAGE][INFO] - Action delay is set to 0 milliseconds

03-12-2024T16:51:44 - [MESSAGE][PASSED] - Browser is opened with url: ''

03-12-2024T16:51:44 - [TEST_STEP][PASSED] - maximizeWindow(): Current window maximized

03-12-2024T16:51:44 - [MESSAGE][PASSED] - Current window maximized

03-12-2024T16:51:44 - [TEST_STEP][PASSED] - navigateToUrl("https://magang.dikahadir.com/authentication/login"): Navigate to 'https://magang.dikahadir.com/authentication/login' successfully

03-12-2024T16:51:44 - [MESSAGE][PASSED] - Navigate to 'https://magang.dikahadir.com/authentication/login' successfully

03-12-2024T16:51:44 - [TEST_STEP][PASSED] - verifyElementPresent(findTestObject("Object Repository/Login/Login_Page/input_Email_email"), 10, STOP_ON_FAILURE): Object 'Object Repository/Login/Login_Page/input_Email_email' is present

03-12-2024T16:51:45 - [MESSAGE][PASSED] - Object 'Object Repository/Login/Login_Page/input_Email_email' is present

03-12-2024T16:51:45 - [TEST_STEP][PASSED] - setText(findTestObject("Object Repository/Login/Login_Page/input_Email_email"), "Admin@hadir.co.id"): Text 'Admin@hadir.co.id' is set on object 'Object Repository/Login/Login_Page/input_Email_email'

03-12-2024T16:51:45 - [MESSAGE][PASSED] - Text 'Admin@hadir.co.id' is set on object 'Object Repository/Login/Login_Page/input_Email_email'

03-12-2024T16:51:45 - [TEST_STEP][PASSED] - setEncryptedText(findTestObject("Object Repository/Login/Login_Page/input_Password_password"), "aSC42nPN26UggVXAwmiGmQ=="): Text ****** has been set on object 'Object Repository/Login/Login_Page/input_Password_password'

03-12-2024T16:51:45 - [MESSAGE][PASSED] - Text ****** has been set on object 'Object Repository/Login/Login_Page/input_Password_password'

03-12-2024T16:51:45 - [TEST_STEP][PASSED] - click(findTestObject("Object Repository/Login/Login_Page/button_Masuk")): Object: 'Object Repository/Login/Login_Page/button_Masuk' is clicked on

03-12-2024T16:51:46 - [MESSAGE][PASSED] - Object: 'Object Repository/Login/Login_Page/button_Masuk' is clicked on

03-12-2024T16:51:46 - [TEST_STEP][PASSED] - errorMessageObject = findTestObject("Object Repository/Login/Login_Page/div_ErrorMessage"): Test object with id 'Object Repository/Login/Login_Page/div_ErrorMessage' does not exist

03-12-2024T16:51:46 - [MESSAGE][WARNING] - Test object with id 'Object Repository/Login/Login_Page/div_ErrorMessage' does not exist

03-12-2024T16:51:46 - [TEST_STEP][PASSED] - if (errorMessageObject != null): null

03-12-2024T16:51:46 - [TEST_STEP][PASSED] - else: Error message object not found. Verify the Object Repository setup.

03-12-2024T16:51:46 - [TEST_STEP][PASSED] - comment("Error message object not found. Verify the Object Repository setup."): Error message object not found. Verify the Object Repository setup.

03-12-2024T16:51:46 - [MESSAGE][INFO] - Error message object not found. Verify the Object Repository setup.

03-12-2024T16:51:46 - [TEST_STEP][PASSED] - closeBrowser(): Browser is closed

03-12-2024T16:51:46 - [MESSAGE][PASSED] - Browser is closed]]></system-out>
         <system-err><![CDATA[]]></system-err>
      </testcase>
      <testcase name="Test Cases/Admin/Login/TCC.Hadir.01.007" time="2.785" classname="Test Cases/Admin/Login/TCC.Hadir.01.007" status="PASSED">
         <system-out><![CDATA[03-12-2024T16:51:46 - [TEST_CASE][PASSED] - Test Cases/Admin/Login/TCC.Hadir.01.007: Test Cases/Admin/Login/TCC.Hadir.01.007

03-12-2024T16:51:46 - [TEST_STEP][PASSED] - openBrowser(""): Browser is opened with url: ''

03-12-2024T16:51:46 - [MESSAGE][INFO] - Starting 'Chrome' driver

03-12-2024T16:51:46 - [MESSAGE][INFO] - Action delay is set to 0 milliseconds

03-12-2024T16:51:47 - [MESSAGE][PASSED] - Browser is opened with url: ''

03-12-2024T16:51:47 - [TEST_STEP][PASSED] - maximizeWindow(): Current window maximized

03-12-2024T16:51:47 - [MESSAGE][PASSED] - Current window maximized

03-12-2024T16:51:47 - [TEST_STEP][PASSED] - navigateToUrl("https://magang.dikahadir.com/authentication/login"): Navigate to 'https://magang.dikahadir.com/authentication/login' successfully

03-12-2024T16:51:47 - [MESSAGE][PASSED] - Navigate to 'https://magang.dikahadir.com/authentication/login' successfully

03-12-2024T16:51:47 - [TEST_STEP][PASSED] - verifyElementPresent(findTestObject("Object Repository/Login/Login_Page/input_Email_email"), 10, STOP_ON_FAILURE): Object 'Object Repository/Login/Login_Page/input_Email_email' is present

03-12-2024T16:51:47 - [MESSAGE][PASSED] - Object 'Object Repository/Login/Login_Page/input_Email_email' is present

03-12-2024T16:51:47 - [TEST_STEP][PASSED] - setText(findTestObject("Object Repository/Login/Login_Page/input_Email_email"), ""): Text '' is set on object 'Object Repository/Login/Login_Page/input_Email_email'

03-12-2024T16:51:48 - [MESSAGE][PASSED] - Text '' is set on object 'Object Repository/Login/Login_Page/input_Email_email'

03-12-2024T16:51:48 - [TEST_STEP][PASSED] - setEncryptedText(findTestObject("Object Repository/Login/Login_Page/input_Password_password"), ""): Text ****** has been set on object 'Object Repository/Login/Login_Page/input_Password_password'

03-12-2024T16:51:48 - [MESSAGE][PASSED] - Text ****** has been set on object 'Object Repository/Login/Login_Page/input_Password_password'

03-12-2024T16:51:48 - [TEST_STEP][PASSED] - click(findTestObject("Object Repository/Login/Login_Page/button_Masuk")): Object: 'Object Repository/Login/Login_Page/button_Masuk' is clicked on

03-12-2024T16:51:48 - [MESSAGE][PASSED] - Object: 'Object Repository/Login/Login_Page/button_Masuk' is clicked on

03-12-2024T16:51:48 - [TEST_STEP][PASSED] - errorMessageObject = findTestObject("Object Repository/Login/Login_Page/div_ErrorMessage"): Test object with id 'Object Repository/Login/Login_Page/div_ErrorMessage' does not exist

03-12-2024T16:51:48 - [MESSAGE][WARNING] - Test object with id 'Object Repository/Login/Login_Page/div_ErrorMessage' does not exist

03-12-2024T16:51:48 - [TEST_STEP][PASSED] - if (errorMessageObject != null): null

03-12-2024T16:51:48 - [TEST_STEP][PASSED] - else: Error message object not found. Verify the Object Repository setup.

03-12-2024T16:51:48 - [TEST_STEP][PASSED] - comment("Error message object not found. Verify the Object Repository setup."): Error message object not found. Verify the Object Repository setup.

03-12-2024T16:51:48 - [MESSAGE][INFO] - Error message object not found. Verify the Object Repository setup.

03-12-2024T16:51:48 - [TEST_STEP][PASSED] - closeBrowser(): Browser is closed

03-12-2024T16:51:48 - [MESSAGE][PASSED] - Browser is closed]]></system-out>
         <system-err><![CDATA[]]></system-err>
      </testcase>
      <testcase name="Test Cases/Admin/Login/TCC.Hadir.01.008" time="2.71" classname="Test Cases/Admin/Login/TCC.Hadir.01.008" status="PASSED">
         <system-out><![CDATA[03-12-2024T16:51:48 - [TEST_CASE][PASSED] - Test Cases/Admin/Login/TCC.Hadir.01.008: Test Cases/Admin/Login/TCC.Hadir.01.008

03-12-2024T16:51:49 - [TEST_STEP][PASSED] - openBrowser(""): Browser is opened with url: ''

03-12-2024T16:51:49 - [MESSAGE][INFO] - Starting 'Chrome' driver

03-12-2024T16:51:49 - [MESSAGE][INFO] - Action delay is set to 0 milliseconds

03-12-2024T16:51:49 - [MESSAGE][PASSED] - Browser is opened with url: ''

03-12-2024T16:51:49 - [TEST_STEP][PASSED] - maximizeWindow(): Current window maximized

03-12-2024T16:51:49 - [MESSAGE][PASSED] - Current window maximized

03-12-2024T16:51:49 - [TEST_STEP][PASSED] - navigateToUrl("https://magang.dikahadir.com/authentication/login"): Navigate to 'https://magang.dikahadir.com/authentication/login' successfully

03-12-2024T16:51:50 - [MESSAGE][PASSED] - Navigate to 'https://magang.dikahadir.com/authentication/login' successfully

03-12-2024T16:51:50 - [TEST_STEP][PASSED] - verifyElementPresent(findTestObject("Object Repository/Login/Login_Page/input_Email_email"), 10, STOP_ON_FAILURE): Object 'Object Repository/Login/Login_Page/input_Email_email' is present

03-12-2024T16:51:50 - [MESSAGE][PASSED] - Object 'Object Repository/Login/Login_Page/input_Email_email' is present

03-12-2024T16:51:50 - [TEST_STEP][PASSED] - setText(findTestObject("Object Repository/Login/Login_Page/input_Email_email"), ""): Text '' is set on object 'Object Repository/Login/Login_Page/input_Email_email'

03-12-2024T16:51:51 - [MESSAGE][PASSED] - Text '' is set on object 'Object Repository/Login/Login_Page/input_Email_email'

03-12-2024T16:51:51 - [TEST_STEP][PASSED] - setEncryptedText(findTestObject("Object Repository/Login/Login_Page/input_Password_password"), "aSC42nPN26UggVXAwmiGmQ=="): Text ****** has been set on object 'Object Repository/Login/Login_Page/input_Password_password'

03-12-2024T16:51:51 - [MESSAGE][PASSED] - Text ****** has been set on object 'Object Repository/Login/Login_Page/input_Password_password'

03-12-2024T16:51:51 - [TEST_STEP][PASSED] - click(findTestObject("Object Repository/Login/Login_Page/button_Masuk")): Object: 'Object Repository/Login/Login_Page/button_Masuk' is clicked on

03-12-2024T16:51:51 - [MESSAGE][PASSED] - Object: 'Object Repository/Login/Login_Page/button_Masuk' is clicked on

03-12-2024T16:51:51 - [TEST_STEP][PASSED] - errorMessageObject = findTestObject("Object Repository/Login/Login_Page/div_ErrorMessage"): Test object with id 'Object Repository/Login/Login_Page/div_ErrorMessage' does not exist

03-12-2024T16:51:51 - [MESSAGE][WARNING] - Test object with id 'Object Repository/Login/Login_Page/div_ErrorMessage' does not exist

03-12-2024T16:51:51 - [TEST_STEP][PASSED] - if (errorMessageObject != null): null

03-12-2024T16:51:51 - [TEST_STEP][PASSED] - else: Error message object not found. Verify the Object Repository setup.

03-12-2024T16:51:51 - [TEST_STEP][PASSED] - comment("Error message object not found. Verify the Object Repository setup."): Error message object not found. Verify the Object Repository setup.

03-12-2024T16:51:51 - [MESSAGE][INFO] - Error message object not found. Verify the Object Repository setup.

03-12-2024T16:51:51 - [TEST_STEP][PASSED] - closeBrowser(): Browser is closed

03-12-2024T16:51:51 - [MESSAGE][PASSED] - Browser is closed]]></system-out>
         <system-err><![CDATA[]]></system-err>
      </testcase>
      <testcase name="Test Cases/Admin/Login/TCC.Hadir.01.009" time="2.804" classname="Test Cases/Admin/Login/TCC.Hadir.01.009" status="PASSED">
         <system-out><![CDATA[03-12-2024T16:51:51 - [TEST_CASE][PASSED] - Test Cases/Admin/Login/TCC.Hadir.01.009: Test Cases/Admin/Login/TCC.Hadir.01.009

03-12-2024T16:51:51 - [TEST_STEP][PASSED] - openBrowser(""): Browser is opened with url: ''

03-12-2024T16:51:51 - [MESSAGE][INFO] - Starting 'Chrome' driver

03-12-2024T16:51:51 - [MESSAGE][INFO] - Action delay is set to 0 milliseconds

03-12-2024T16:51:52 - [MESSAGE][PASSED] - Browser is opened with url: ''

03-12-2024T16:51:52 - [TEST_STEP][PASSED] - maximizeWindow(): Current window maximized

03-12-2024T16:51:52 - [MESSAGE][PASSED] - Current window maximized

03-12-2024T16:51:52 - [TEST_STEP][PASSED] - navigateToUrl("https://magang.dikahadir.com/authentication/login"): Navigate to 'https://magang.dikahadir.com/authentication/login' successfully

03-12-2024T16:51:52 - [MESSAGE][PASSED] - Navigate to 'https://magang.dikahadir.com/authentication/login' successfully

03-12-2024T16:51:52 - [TEST_STEP][PASSED] - verifyElementPresent(findTestObject("Object Repository/Login/Login_Page/input_Email_email"), 10, STOP_ON_FAILURE): Object 'Object Repository/Login/Login_Page/input_Email_email' is present

03-12-2024T16:51:53 - [MESSAGE][PASSED] - Object 'Object Repository/Login/Login_Page/input_Email_email' is present

03-12-2024T16:51:53 - [TEST_STEP][PASSED] - setText(findTestObject("Object Repository/Login/Login_Page/input_Email_email"), "Admin@hadir.com"): Text 'Admin@hadir.com' is set on object 'Object Repository/Login/Login_Page/input_Email_email'

03-12-2024T16:51:53 - [MESSAGE][PASSED] - Text 'Admin@hadir.com' is set on object 'Object Repository/Login/Login_Page/input_Email_email'

03-12-2024T16:51:53 - [TEST_STEP][PASSED] - setEncryptedText(findTestObject("Object Repository/Login/Login_Page/input_Password_password"), ""): Text ****** has been set on object 'Object Repository/Login/Login_Page/input_Password_password'

03-12-2024T16:51:54 - [MESSAGE][PASSED] - Text ****** has been set on object 'Object Repository/Login/Login_Page/input_Password_password'

03-12-2024T16:51:54 - [TEST_STEP][PASSED] - click(findTestObject("Object Repository/Login/Login_Page/button_Masuk")): Object: 'Object Repository/Login/Login_Page/button_Masuk' is clicked on

03-12-2024T16:51:54 - [MESSAGE][PASSED] - Object: 'Object Repository/Login/Login_Page/button_Masuk' is clicked on

03-12-2024T16:51:54 - [TEST_STEP][PASSED] - errorMessageObject = findTestObject("Object Repository/Login/Login_Page/div_ErrorMessage"): Test object with id 'Object Repository/Login/Login_Page/div_ErrorMessage' does not exist

03-12-2024T16:51:54 - [MESSAGE][WARNING] - Test object with id 'Object Repository/Login/Login_Page/div_ErrorMessage' does not exist

03-12-2024T16:51:54 - [TEST_STEP][PASSED] - if (errorMessageObject != null): null

03-12-2024T16:51:54 - [TEST_STEP][PASSED] - else: Error message object not found. Verify the Object Repository setup.

03-12-2024T16:51:54 - [TEST_STEP][PASSED] - comment("Error message object not found. Verify the Object Repository setup."): Error message object not found. Verify the Object Repository setup.

03-12-2024T16:51:54 - [MESSAGE][INFO] - Error message object not found. Verify the Object Repository setup.

03-12-2024T16:51:54 - [TEST_STEP][PASSED] - closeBrowser(): Browser is closed

03-12-2024T16:51:54 - [MESSAGE][PASSED] - Browser is closed]]></system-out>
         <system-err><![CDATA[]]></system-err>
      </testcase>
      <testcase name="Test Cases/Admin/Login/TCC.Hadir.01.010" time="3.139" classname="Test Cases/Admin/Login/TCC.Hadir.01.010" status="PASSED">
         <system-out><![CDATA[03-12-2024T16:51:54 - [TEST_CASE][PASSED] - Test Cases/Admin/Login/TCC.Hadir.01.010: Test Cases/Admin/Login/TCC.Hadir.01.010

03-12-2024T16:51:54 - [TEST_STEP][PASSED] - openBrowser(""): Browser is opened with url: ''

03-12-2024T16:51:54 - [MESSAGE][INFO] - Starting 'Chrome' driver

03-12-2024T16:51:54 - [MESSAGE][INFO] - Action delay is set to 0 milliseconds

03-12-2024T16:51:55 - [MESSAGE][PASSED] - Browser is opened with url: ''

03-12-2024T16:51:55 - [TEST_STEP][PASSED] - maximizeWindow(): Current window maximized

03-12-2024T16:51:55 - [MESSAGE][PASSED] - Current window maximized

03-12-2024T16:51:55 - [TEST_STEP][PASSED] - navigateToUrl("https://magang.dikahadir.com/authentication/login"): Navigate to 'https://magang.dikahadir.com/authentication/login' successfully

03-12-2024T16:51:56 - [MESSAGE][PASSED] - Navigate to 'https://magang.dikahadir.com/authentication/login' successfully

03-12-2024T16:51:56 - [TEST_STEP][PASSED] - verifyElementPresent(findTestObject("Object Repository/Login/Login_Page/input_Email_email"), 10, STOP_ON_FAILURE): Object 'Object Repository/Login/Login_Page/input_Email_email' is present

03-12-2024T16:51:56 - [MESSAGE][PASSED] - Object 'Object Repository/Login/Login_Page/input_Email_email' is present

03-12-2024T16:51:56 - [TEST_STEP][PASSED] - setText(findTestObject("Object Repository/Login/Login_Page/input_Email_email"), "Admin@hadir.com"): Text 'Admin@hadir.com' is set on object 'Object Repository/Login/Login_Page/input_Email_email'

03-12-2024T16:51:57 - [MESSAGE][PASSED] - Text 'Admin@hadir.com' is set on object 'Object Repository/Login/Login_Page/input_Email_email'

03-12-2024T16:51:57 - [TEST_STEP][PASSED] - setEncryptedText(findTestObject("Object Repository/Login/Login_Page/input_Password_password"), "4nvbrPglk7k="): Text ****** has been set on object 'Object Repository/Login/Login_Page/input_Password_password'

03-12-2024T16:51:57 - [MESSAGE][PASSED] - Text ****** has been set on object 'Object Repository/Login/Login_Page/input_Password_password'

03-12-2024T16:51:57 - [TEST_STEP][PASSED] - click(findTestObject("Object Repository/Login/Login_Page/button_Masuk")): Object: 'Object Repository/Login/Login_Page/button_Masuk' is clicked on

03-12-2024T16:51:57 - [MESSAGE][PASSED] - Object: 'Object Repository/Login/Login_Page/button_Masuk' is clicked on

03-12-2024T16:51:57 - [TEST_STEP][PASSED] - errorMessageObject = findTestObject("Object Repository/Login/Login_Page/div_ErrorMessage"): Test object with id 'Object Repository/Login/Login_Page/div_ErrorMessage' does not exist

03-12-2024T16:51:57 - [MESSAGE][WARNING] - Test object with id 'Object Repository/Login/Login_Page/div_ErrorMessage' does not exist

03-12-2024T16:51:57 - [TEST_STEP][PASSED] - if (errorMessageObject != null): null

03-12-2024T16:51:57 - [TEST_STEP][PASSED] - else: Error message object not found. Verify the Object Repository setup.

03-12-2024T16:51:57 - [TEST_STEP][PASSED] - comment("Error message object not found. Verify the Object Repository setup."): Error message object not found. Verify the Object Repository setup.

03-12-2024T16:51:57 - [MESSAGE][INFO] - Error message object not found. Verify the Object Repository setup.

03-12-2024T16:51:57 - [TEST_STEP][PASSED] - closeBrowser(): Browser is closed

03-12-2024T16:51:57 - [MESSAGE][PASSED] - Browser is closed]]></system-out>
         <system-err><![CDATA[]]></system-err>
      </testcase>
      <testcase name="Test Cases/Admin/Login/TCC.Hadir.01.011" time="2.483" classname="Test Cases/Admin/Login/TCC.Hadir.01.011" status="PASSED">
         <system-out><![CDATA[03-12-2024T16:51:57 - [TEST_CASE][PASSED] - Test Cases/Admin/Login/TCC.Hadir.01.011: Test Cases/Admin/Login/TCC.Hadir.01.011

03-12-2024T16:51:57 - [TEST_STEP][PASSED] - openBrowser(""): Browser is opened with url: ''

03-12-2024T16:51:57 - [MESSAGE][INFO] - Starting 'Chrome' driver

03-12-2024T16:51:57 - [MESSAGE][INFO] - Action delay is set to 0 milliseconds

03-12-2024T16:51:58 - [MESSAGE][PASSED] - Browser is opened with url: ''

03-12-2024T16:51:58 - [TEST_STEP][PASSED] - maximizeWindow(): Current window maximized

03-12-2024T16:51:58 - [MESSAGE][PASSED] - Current window maximized

03-12-2024T16:51:58 - [TEST_STEP][PASSED] - navigateToUrl("https://magang.dikahadir.com/authentication/login"): Navigate to 'https://magang.dikahadir.com/authentication/login' successfully

03-12-2024T16:51:58 - [MESSAGE][PASSED] - Navigate to 'https://magang.dikahadir.com/authentication/login' successfully

03-12-2024T16:51:58 - [TEST_STEP][PASSED] - verifyElementPresent(findTestObject("Object Repository/Login/Login_Page/input_Email_email"), 10, STOP_ON_FAILURE): Object 'Object Repository/Login/Login_Page/input_Email_email' is present

03-12-2024T16:51:59 - [MESSAGE][PASSED] - Object 'Object Repository/Login/Login_Page/input_Email_email' is present

03-12-2024T16:51:59 - [TEST_STEP][PASSED] - setText(findTestObject("Object Repository/Login/Login_Page/input_Email_email"), "Admin@hadir.com"): Text 'Admin@hadir.com' is set on object 'Object Repository/Login/Login_Page/input_Email_email'

03-12-2024T16:51:59 - [MESSAGE][PASSED] - Text 'Admin@hadir.com' is set on object 'Object Repository/Login/Login_Page/input_Email_email'

03-12-2024T16:51:59 - [TEST_STEP][PASSED] - inputFieldType = getAttribute(findTestObject("Object Repository/Login/Login_Page/input_Password_password"), "type"): Attribute 'type' of object 'Object Repository/Login/Login_Page/input_Password_password' is: 'password'

03-12-2024T16:52:00 - [MESSAGE][PASSED] - Attribute 'type' of object 'Object Repository/Login/Login_Page/input_Password_password' is: 'password'

03-12-2024T16:52:00 - [TEST_STEP][PASSED] - verifyMatch(inputFieldType, "password", false): Actual text 'password' and expected text 'password' are matched 

03-12-2024T16:52:00 - [MESSAGE][PASSED] - Actual text 'password' and expected text 'password' are matched 

03-12-2024T16:52:00 - [TEST_STEP][PASSED] - closeBrowser(): Browser is closed

03-12-2024T16:52:00 - [MESSAGE][PASSED] - Browser is closed]]></system-out>
         <system-err><![CDATA[]]></system-err>
      </testcase>
      <testcase name="Test Cases/Admin/Login/TCC.Hadir.01.012" time="3.109" classname="Test Cases/Admin/Login/TCC.Hadir.01.012" status="PASSED">
         <system-out><![CDATA[03-12-2024T16:52:00 - [TEST_CASE][PASSED] - Test Cases/Admin/Login/TCC.Hadir.01.012: Test Cases/Admin/Login/TCC.Hadir.01.012

03-12-2024T16:52:00 - [TEST_STEP][PASSED] - openBrowser(""): Browser is opened with url: ''

03-12-2024T16:52:00 - [MESSAGE][INFO] - Starting 'Chrome' driver

03-12-2024T16:52:00 - [MESSAGE][INFO] - Action delay is set to 0 milliseconds

03-12-2024T16:52:00 - [MESSAGE][PASSED] - Browser is opened with url: ''

03-12-2024T16:52:00 - [TEST_STEP][PASSED] - maximizeWindow(): Current window maximized

03-12-2024T16:52:00 - [MESSAGE][PASSED] - Current window maximized

03-12-2024T16:52:00 - [TEST_STEP][PASSED] - navigateToUrl("https://magang.dikahadir.com/authentication/login"): Navigate to 'https://magang.dikahadir.com/authentication/login' successfully

03-12-2024T16:52:01 - [MESSAGE][PASSED] - Navigate to 'https://magang.dikahadir.com/authentication/login' successfully

03-12-2024T16:52:01 - [TEST_STEP][PASSED] - setText(findTestObject("Object Repository/Login/Login_Page/input_Email_email"), "Admin@hadir.com"): Text 'Admin@hadir.com' is set on object 'Object Repository/Login/Login_Page/input_Email_email'

03-12-2024T16:52:01 - [MESSAGE][PASSED] - Text 'Admin@hadir.com' is set on object 'Object Repository/Login/Login_Page/input_Email_email'

03-12-2024T16:52:01 - [TEST_STEP][PASSED] - setText(findTestObject("Object Repository/Login/Login_Page/input_Password_password"), "admin@hadir"): Text 'admin@hadir' is set on object 'Object Repository/Login/Login_Page/input_Password_password'

03-12-2024T16:52:02 - [MESSAGE][PASSED] - Text 'admin@hadir' is set on object 'Object Repository/Login/Login_Page/input_Password_password'

03-12-2024T16:52:02 - [TEST_STEP][PASSED] - click(findTestObject("Object Repository/Login/Login_Page/button_HiddenPassword")): Object: 'Object Repository/Login/Login_Page/button_HiddenPassword' is clicked on

03-12-2024T16:52:02 - [MESSAGE][PASSED] - Object: 'Object Repository/Login/Login_Page/button_HiddenPassword' is clicked on

03-12-2024T16:52:02 - [TEST_STEP][PASSED] - passwordFieldType = getAttribute(findTestObject("Object Repository/Login/Login_Page/input_Password_password"), "type"): Attribute 'type' of object 'Object Repository/Login/Login_Page/input_Password_password' is: 'text'

03-12-2024T16:52:03 - [MESSAGE][PASSED] - Attribute 'type' of object 'Object Repository/Login/Login_Page/input_Password_password' is: 'text'

03-12-2024T16:52:03 - [TEST_STEP][PASSED] - Assert.assertEquals(passwordFieldType, "text"): null

03-12-2024T16:52:03 - [TEST_STEP][PASSED] - closeBrowser(): Browser is closed

03-12-2024T16:52:03 - [MESSAGE][PASSED] - Browser is closed]]></system-out>
         <system-err><![CDATA[]]></system-err>
      </testcase>
      <system-out><![CDATA[03-12-2024T16:51:26 - [TEST_SUITE][PASSED] - Login: Test Cases/Admin/Login/TCC.Hadir.01.012]]></system-out>
      <system-err><![CDATA[]]></system-err>
   </testsuite>
   <testsuite name="Logout" tests="1" failures="0" errors="0" time="8.382" skipped="0" timestamp="03-12-2024T16:52:13" hostname="Irga - Irga.mshome.net" id="Test Suites/Logout">
      <properties>
         <property name="deviceName" value=""/>
         <property name="devicePlatform"/>
         <property name="logFolder" value="C:\\Users\\User\\git\\KatalonHadirApp\\Reports\\20241203_165105\\Logout\\20241203_165108"/>
         <property name="logFiles" value="C:\\Users\\User\\git\\KatalonHadirApp\\Reports\\20241203_165105\\Logout\\20241203_165108\\execution0.log"/>
         <property name="attachments" value=""/>
         <property name="hostName" value="Irga - Irga.mshome.net"/>
         <property name="os" value="Windows 10 64bit"/>
         <property name="katalonVersion" value="10.0.0.223"/>
         <property name="browser" value="Chrome 131.0.0.0"/>
         <property name="hostAddress" value="172.24.112.1"/>
         <property name="sessionId" value="54b0aabd8b1ef35f66ff7253d50874e8"/>
         <property name="seleniumVersion" value="4.22.0"/>
         <property name="proxyInformation" value="ProxyInformation { proxyOption=NO_PROXY, proxyServerType=HTTP, username=, password=********, proxyServerAddress=, proxyServerPort=0, executionList=&quot;&quot;, isApplyToDesiredCapabilities=true }"/>
         <property name="platform" value="Windows 10"/>
      </properties>
      <testcase name="Test Cases/Admin/Logout/TCC.Hadir.01.013" time="8.277" classname="Test Cases/Admin/Logout/TCC.Hadir.01.013" status="PASSED">
         <system-out><![CDATA[03-12-2024T16:52:13 - [TEST_CASE][PASSED] - Test Cases/Admin/Logout/TCC.Hadir.01.013: Test Cases/Admin/Logout/TCC.Hadir.01.013

03-12-2024T16:52:13 - [TEST_STEP][PASSED] - openBrowser(""): Browser is opened with url: ''

03-12-2024T16:52:13 - [MESSAGE][INFO] - Starting 'Chrome' driver

03-12-2024T16:52:13 - [MESSAGE][INFO] - Action delay is set to 0 milliseconds

03-12-2024T16:52:15 - [MESSAGE][PASSED] - Browser is opened with url: ''

03-12-2024T16:52:15 - [TEST_STEP][PASSED] - maximizeWindow(): Current window maximized

03-12-2024T16:52:15 - [MESSAGE][PASSED] - Current window maximized

03-12-2024T16:52:15 - [TEST_STEP][PASSED] - navigateToUrl("https://magang.dikahadir.com/authentication/login"): Navigate to 'https://magang.dikahadir.com/authentication/login' successfully

03-12-2024T16:52:15 - [MESSAGE][PASSED] - Navigate to 'https://magang.dikahadir.com/authentication/login' successfully

03-12-2024T16:52:15 - [TEST_STEP][PASSED] - setText(findTestObject("Object Repository/Login/Login_Page/input_Email_email"), "Admin@hadir.com"): Text 'Admin@hadir.com' is set on object 'Object Repository/Login/Login_Page/input_Email_email'

03-12-2024T16:52:16 - [MESSAGE][PASSED] - Text 'Admin@hadir.com' is set on object 'Object Repository/Login/Login_Page/input_Email_email'

03-12-2024T16:52:16 - [TEST_STEP][PASSED] - setEncryptedText(findTestObject("Object Repository/Login/Login_Page/input_Password_password"), "aSC42nPN26UggVXAwmiGmQ=="): Text ****** has been set on object 'Object Repository/Login/Login_Page/input_Password_password'

03-12-2024T16:52:16 - [MESSAGE][PASSED] - Text ****** has been set on object 'Object Repository/Login/Login_Page/input_Password_password'

03-12-2024T16:52:16 - [TEST_STEP][PASSED] - click(findTestObject("Object Repository/Login/Login_Page/button_Masuk")): Object: 'Object Repository/Login/Login_Page/button_Masuk' is clicked on

03-12-2024T16:52:16 - [MESSAGE][PASSED] - Object: 'Object Repository/Login/Login_Page/button_Masuk' is clicked on

03-12-2024T16:52:16 - [TEST_STEP][PASSED] - click(findTestObject("Object Repository/Login/Login_Page/Page_HADIR/polyline")): Object: 'Object Repository/Login/Login_Page/Page_HADIR/polyline' is clicked on

03-12-2024T16:52:18 - [MESSAGE][WARNING] - [SELF-HEALING] Failed to find element with id 'Object Repository/Login/Login_Page/Page_HADIR/polyline'. Try using Self-healing.

03-12-2024T16:52:20 - [MESSAGE][INFO] - [SELF-HEALING] No working XPath is found.

03-12-2024T16:52:20 - [MESSAGE][INFO] - [SELF-HEALING] Screenshot: C:/Users/User/git/KatalonHadirApp/Reports/Self-healing/Object Repository/Login/Login_Page/Page_HADIR/polyline_SMART_LOCATOR.png

03-12-2024T16:52:20 - [MESSAGE][WARNING] - [SELF-HEALING] The current locator of test object 'Object Repository/Login/Login_Page/Page_HADIR/polyline' was broken. Propose an alternative one: 'button >> internal:has-text="AHi,Admin Hadir"i'.

03-12-2024T16:52:20 - [MESSAGE][PASSED] - Object: 'Object Repository/Login/Login_Page/Page_HADIR/polyline' is clicked on

03-12-2024T16:52:20 - [TEST_STEP][PASSED] - click(findTestObject("Object Repository/Login/Login_Page/Page_HADIR/button_Logout")): Object: 'Object Repository/Login/Login_Page/Page_HADIR/button_Logout' is clicked on

03-12-2024T16:52:20 - [MESSAGE][PASSED] - Object: 'Object Repository/Login/Login_Page/Page_HADIR/button_Logout' is clicked on

03-12-2024T16:52:20 - [TEST_STEP][PASSED] - click(findTestObject("Object Repository/Login/Login_Page/Page_HADIR/p_Login")): Object: 'Object Repository/Login/Login_Page/Page_HADIR/p_Login' is clicked on

03-12-2024T16:52:21 - [MESSAGE][PASSED] - Object: 'Object Repository/Login/Login_Page/Page_HADIR/p_Login' is clicked on

03-12-2024T16:52:21 - [TEST_STEP][PASSED] - isEmailFieldVisible = verifyElementPresent(findTestObject("Object Repository/Login/Login_Page/input_Email_email"), 10): Object 'Object Repository/Login/Login_Page/input_Email_email' is present

03-12-2024T16:52:21 - [MESSAGE][PASSED] - Object 'Object Repository/Login/Login_Page/input_Email_email' is present

03-12-2024T16:52:21 - [TEST_STEP][PASSED] - Assert.assertTrue(isEmailFieldVisible, "Login page is not displayed after logout."): null

03-12-2024T16:52:21 - [TEST_STEP][PASSED] - closeBrowser(): Browser is closed

03-12-2024T16:52:21 - [MESSAGE][PASSED] - Browser is closed]]></system-out>
         <system-err><![CDATA[]]></system-err>
      </testcase>
      <system-out><![CDATA[03-12-2024T16:52:13 - [TEST_SUITE][PASSED] - Logout: Test Cases/Admin/Logout/TCC.Hadir.01.013]]></system-out>
      <system-err><![CDATA[]]></system-err>
   </testsuite>
   <testsuite name="Izin Pulang Cepat" tests="13" failures="0" errors="0" time="192.961" skipped="0" timestamp="03-12-2024T16:52:33" hostname="Irga - Irga.mshome.net" id="Test Suites/Izin Pulang Cepat">
      <properties>
         <property name="deviceName" value=""/>
         <property name="devicePlatform"/>
         <property name="logFolder" value="C:\\Users\\User\\git\\KatalonHadirApp\\Reports\\20241203_165105\\Izin Pulang Cepat\\20241203_165110"/>
         <property name="logFiles" value="C:\\Users\\User\\git\\KatalonHadirApp\\Reports\\20241203_165105\\Izin Pulang Cepat\\20241203_165110\\execution0.log"/>
         <property name="attachments" value="C:\\Users\\User\\git\\KatalonHadirApp\\Reports\\20241203_165105\\Izin Pulang Cepat\\20241203_165110\\1733219661338.png"/>
         <property name="hostName" value="Irga - Irga.mshome.net"/>
         <property name="os" value="Windows 10 64bit"/>
         <property name="katalonVersion" value="10.0.0.223"/>
         <property name="browser" value="Chrome 131.0.0.0"/>
         <property name="hostAddress" value="172.24.112.1"/>
         <property name="sessionId" value="62626ca84f7a052fdbeba520bf29620a"/>
         <property name="seleniumVersion" value="4.22.0"/>
         <property name="proxyInformation" value="ProxyInformation { proxyOption=NO_PROXY, proxyServerType=HTTP, username=, password=********, proxyServerAddress=, proxyServerPort=0, executionList=&quot;&quot;, isApplyToDesiredCapabilities=true }"/>
         <property name="platform" value="Windows 10"/>
      </properties>
      <testcase name="Test Cases/Admin/Laporan/01 Izin Pulang Cepat/TCC.Hadir.04.001" time="9.768" classname="Test Cases/Admin/Laporan/01 Izin Pulang Cepat/TCC.Hadir.04.001" status="PASSED">
         <system-out><![CDATA[03-12-2024T16:52:33 - [TEST_CASE][PASSED] - Test Cases/Admin/Laporan/01 Izin Pulang Cepat/TCC.Hadir.04.001: Test Cases/Admin/Laporan/01 Izin Pulang Cepat/TCC.Hadir.04.001

03-12-2024T16:52:33 - [TEST_STEP][PASSED] - openBrowser(""): Browser is opened with url: ''

03-12-2024T16:52:33 - [MESSAGE][INFO] - Starting 'Chrome' driver

03-12-2024T16:52:33 - [MESSAGE][INFO] - Action delay is set to 0 milliseconds

03-12-2024T16:52:35 - [MESSAGE][PASSED] - Browser is opened with url: ''

03-12-2024T16:52:35 - [TEST_STEP][PASSED] - maximizeWindow(): Current window maximized

03-12-2024T16:52:35 - [MESSAGE][PASSED] - Current window maximized

03-12-2024T16:52:35 - [TEST_STEP][PASSED] - navigateToUrl("https://magang.dikahadir.com/authentication/login"): Navigate to 'https://magang.dikahadir.com/authentication/login' successfully

03-12-2024T16:52:35 - [MESSAGE][PASSED] - Navigate to 'https://magang.dikahadir.com/authentication/login' successfully

03-12-2024T16:52:35 - [TEST_STEP][PASSED] - setText(findTestObject("Object Repository/Admin/IzinPulangCepatPage/input_Email_email (1)"), "Admin@hadir.com"): Text 'Admin@hadir.com' is set on object 'Object Repository/Admin/IzinPulangCepatPage/input_Email_email (1)'

03-12-2024T16:52:36 - [MESSAGE][PASSED] - Text 'Admin@hadir.com' is set on object 'Object Repository/Admin/IzinPulangCepatPage/input_Email_email (1)'

03-12-2024T16:52:36 - [TEST_STEP][PASSED] - setEncryptedText(findTestObject("Object Repository/Admin/IzinPulangCepatPage/input_Password_password (1)"), "aSC42nPN26UggVXAwmiGmQ=="): Text ****** has been set on object 'Object Repository/Admin/IzinPulangCepatPage/input_Password_password (1)'

03-12-2024T16:52:36 - [MESSAGE][PASSED] - Text ****** has been set on object 'Object Repository/Admin/IzinPulangCepatPage/input_Password_password (1)'

03-12-2024T16:52:36 - [TEST_STEP][PASSED] - click(findTestObject("Object Repository/Admin/IzinPulangCepatPage/button_Masuk (1)")): Object: 'Object Repository/Admin/IzinPulangCepatPage/button_Masuk (1)' is clicked on

03-12-2024T16:52:37 - [MESSAGE][PASSED] - Object: 'Object Repository/Admin/IzinPulangCepatPage/button_Masuk (1)' is clicked on

03-12-2024T16:52:37 - [TEST_STEP][PASSED] - click(findTestObject("Object Repository/Admin/IzinPulangCepatPage/p_Laporan")): Object: 'Object Repository/Admin/IzinPulangCepatPage/p_Laporan' is clicked on

03-12-2024T16:52:38 - [MESSAGE][PASSED] - Object: 'Object Repository/Admin/IzinPulangCepatPage/p_Laporan' is clicked on

03-12-2024T16:52:38 - [TEST_STEP][PASSED] - click(findTestObject("Object Repository/Admin/IzinPulangCepatPage/p_Izin Pulang Cepat")): Object: 'Object Repository/Admin/IzinPulangCepatPage/p_Izin Pulang Cepat' is clicked on

03-12-2024T16:52:39 - [MESSAGE][PASSED] - Object: 'Object Repository/Admin/IzinPulangCepatPage/p_Izin Pulang Cepat' is clicked on

03-12-2024T16:52:39 - [TEST_STEP][PASSED] - click(findTestObject("Object Repository/Admin/IzinPulangCepatPage/svg_Start Date_feather feather-calendar (1)")): Object: 'Object Repository/Admin/IzinPulangCepatPage/svg_Start Date_feather feather-calendar (1)' is clicked on

03-12-2024T16:52:40 - [MESSAGE][PASSED] - Object: 'Object Repository/Admin/IzinPulangCepatPage/svg_Start Date_feather feather-calendar (1)' is clicked on

03-12-2024T16:52:40 - [TEST_STEP][PASSED] - click(findTestObject("Admin/IzinPulangCepatPage/002/Page_HADIR/StartDate")): Object: 'Object Repository/Admin/IzinPulangCepatPage/002/Page_HADIR/StartDate' is clicked on

03-12-2024T16:52:40 - [MESSAGE][PASSED] - Object: 'Object Repository/Admin/IzinPulangCepatPage/002/Page_HADIR/StartDate' is clicked on

03-12-2024T16:52:40 - [TEST_STEP][PASSED] - setText(findTestObject("Admin/IzinPulangCepatPage/002/Page_HADIR/StartDate"), "Nov 1, 2024"): Text 'Nov 1, 2024' is set on object 'Object Repository/Admin/IzinPulangCepatPage/002/Page_HADIR/StartDate'

03-12-2024T16:52:41 - [MESSAGE][PASSED] - Text 'Nov 1, 2024' is set on object 'Object Repository/Admin/IzinPulangCepatPage/002/Page_HADIR/StartDate'

03-12-2024T16:52:41 - [TEST_STEP][PASSED] - click(findTestObject("Admin/IzinPulangCepatPage/002/Page_HADIR/EndDate")): Object: 'Object Repository/Admin/IzinPulangCepatPage/002/Page_HADIR/EndDate' is clicked on

03-12-2024T16:52:41 - [MESSAGE][PASSED] - Object: 'Object Repository/Admin/IzinPulangCepatPage/002/Page_HADIR/EndDate' is clicked on

03-12-2024T16:52:41 - [TEST_STEP][PASSED] - setText(findTestObject("Admin/IzinPulangCepatPage/002/Page_HADIR/EndDate"), "Nov 25, 2024"): Text 'Nov 25, 2024' is set on object 'Object Repository/Admin/IzinPulangCepatPage/002/Page_HADIR/EndDate'

03-12-2024T16:52:42 - [MESSAGE][PASSED] - Text 'Nov 25, 2024' is set on object 'Object Repository/Admin/IzinPulangCepatPage/002/Page_HADIR/EndDate'

03-12-2024T16:52:42 - [TEST_STEP][PASSED] - click(findTestObject("Object Repository/Admin/IzinPulangCepatPage/button_Search (1)")): Object: 'Object Repository/Admin/IzinPulangCepatPage/button_Search (1)' is clicked on

03-12-2024T16:52:42 - [MESSAGE][PASSED] - Object: 'Object Repository/Admin/IzinPulangCepatPage/button_Search (1)' is clicked on

03-12-2024T16:52:42 - [TEST_STEP][PASSED] - assert verifyElementText(findTestObject("Object Repository/Admin/IzinPulangCepatPage/td_kazama (1)"), "kazama"): Actual text and expected text of test object 'Object Repository/Admin/IzinPulangCepatPage/td_kazama (1)' are matched.

03-12-2024T16:52:43 - [MESSAGE][PASSED] - Actual text and expected text of test object 'Object Repository/Admin/IzinPulangCepatPage/td_kazama (1)' are matched.

03-12-2024T16:52:43 - [TEST_STEP][PASSED] - closeBrowser(): Browser is closed

03-12-2024T16:52:43 - [MESSAGE][PASSED] - Browser is closed]]></system-out>
         <system-err><![CDATA[]]></system-err>
      </testcase>
      <testcase name="Test Cases/Admin/Laporan/01 Izin Pulang Cepat/TCC.Hadir.04.002" time="9.138" classname="Test Cases/Admin/Laporan/01 Izin Pulang Cepat/TCC.Hadir.04.002" status="PASSED">
         <system-out><![CDATA[03-12-2024T16:52:43 - [TEST_CASE][PASSED] - Test Cases/Admin/Laporan/01 Izin Pulang Cepat/TCC.Hadir.04.002: Test Cases/Admin/Laporan/01 Izin Pulang Cepat/TCC.Hadir.04.002

03-12-2024T16:52:43 - [TEST_STEP][PASSED] - openBrowser(""): Browser is opened with url: ''

03-12-2024T16:52:43 - [MESSAGE][INFO] - Starting 'Chrome' driver

03-12-2024T16:52:43 - [MESSAGE][INFO] - Action delay is set to 0 milliseconds

03-12-2024T16:52:43 - [MESSAGE][PASSED] - Browser is opened with url: ''

03-12-2024T16:52:43 - [TEST_STEP][PASSED] - maximizeWindow(): Current window maximized

03-12-2024T16:52:43 - [MESSAGE][PASSED] - Current window maximized

03-12-2024T16:52:43 - [TEST_STEP][PASSED] - navigateToUrl("https://magang.dikahadir.com/authentication/login"): Navigate to 'https://magang.dikahadir.com/authentication/login' successfully

03-12-2024T16:52:44 - [MESSAGE][PASSED] - Navigate to 'https://magang.dikahadir.com/authentication/login' successfully

03-12-2024T16:52:44 - [TEST_STEP][PASSED] - setText(findTestObject("Object Repository/Admin/IzinPulangCepatPage/002/Page_HADIR/input_Email_email"), "Admin@hadir.com"): Text 'Admin@hadir.com' is set on object 'Object Repository/Admin/IzinPulangCepatPage/002/Page_HADIR/input_Email_email'

03-12-2024T16:52:45 - [MESSAGE][PASSED] - Text 'Admin@hadir.com' is set on object 'Object Repository/Admin/IzinPulangCepatPage/002/Page_HADIR/input_Email_email'

03-12-2024T16:52:45 - [TEST_STEP][PASSED] - setEncryptedText(findTestObject("Object Repository/Admin/IzinPulangCepatPage/002/Page_HADIR/input_Password_password"), "aSC42nPN26UggVXAwmiGmQ=="): Text ****** has been set on object 'Object Repository/Admin/IzinPulangCepatPage/002/Page_HADIR/input_Password_password'

03-12-2024T16:52:45 - [MESSAGE][PASSED] - Text ****** has been set on object 'Object Repository/Admin/IzinPulangCepatPage/002/Page_HADIR/input_Password_password'

03-12-2024T16:52:45 - [TEST_STEP][PASSED] - click(findTestObject("Object Repository/Admin/IzinPulangCepatPage/002/Page_HADIR/button_Masuk")): Object: 'Object Repository/Admin/IzinPulangCepatPage/002/Page_HADIR/button_Masuk' is clicked on

03-12-2024T16:52:46 - [MESSAGE][PASSED] - Object: 'Object Repository/Admin/IzinPulangCepatPage/002/Page_HADIR/button_Masuk' is clicked on

03-12-2024T16:52:46 - [TEST_STEP][PASSED] - click(findTestObject("Object Repository/Admin/IzinPulangCepatPage/002/Page_HADIR/div_Laporan")): Object: 'Object Repository/Admin/IzinPulangCepatPage/002/Page_HADIR/div_Laporan' is clicked on

03-12-2024T16:52:47 - [MESSAGE][PASSED] - Object: 'Object Repository/Admin/IzinPulangCepatPage/002/Page_HADIR/div_Laporan' is clicked on

03-12-2024T16:52:47 - [TEST_STEP][PASSED] - click(findTestObject("Object Repository/Admin/IzinPulangCepatPage/002/Page_HADIR/p_Izin Pulang Cepat")): Object: 'Object Repository/Admin/IzinPulangCepatPage/002/Page_HADIR/p_Izin Pulang Cepat' is clicked on

03-12-2024T16:52:48 - [MESSAGE][PASSED] - Object: 'Object Repository/Admin/IzinPulangCepatPage/002/Page_HADIR/p_Izin Pulang Cepat' is clicked on

03-12-2024T16:52:48 - [TEST_STEP][PASSED] - setText(findTestObject("Object Repository/Admin/IzinPulangCepatPage/002/Page_HADIR/input_Search_search"), "Kazama"): Text 'Kazama' is set on object 'Object Repository/Admin/IzinPulangCepatPage/002/Page_HADIR/input_Search_search'

03-12-2024T16:52:49 - [MESSAGE][PASSED] - Text 'Kazama' is set on object 'Object Repository/Admin/IzinPulangCepatPage/002/Page_HADIR/input_Search_search'

03-12-2024T16:52:49 - [TEST_STEP][PASSED] - click(findTestObject("Admin/IzinPulangCepatPage/002/Page_HADIR/StartDate")): Object: 'Object Repository/Admin/IzinPulangCepatPage/002/Page_HADIR/StartDate' is clicked on

03-12-2024T16:52:49 - [MESSAGE][PASSED] - Object: 'Object Repository/Admin/IzinPulangCepatPage/002/Page_HADIR/StartDate' is clicked on

03-12-2024T16:52:49 - [TEST_STEP][PASSED] - setText(findTestObject("Admin/IzinPulangCepatPage/002/Page_HADIR/StartDate"), "Nov 1, 2024"): Text 'Nov 1, 2024' is set on object 'Object Repository/Admin/IzinPulangCepatPage/002/Page_HADIR/StartDate'

03-12-2024T16:52:50 - [MESSAGE][PASSED] - Text 'Nov 1, 2024' is set on object 'Object Repository/Admin/IzinPulangCepatPage/002/Page_HADIR/StartDate'

03-12-2024T16:52:50 - [TEST_STEP][PASSED] - click(findTestObject("Admin/IzinPulangCepatPage/002/Page_HADIR/EndDate")): Object: 'Object Repository/Admin/IzinPulangCepatPage/002/Page_HADIR/EndDate' is clicked on

03-12-2024T16:52:50 - [MESSAGE][PASSED] - Object: 'Object Repository/Admin/IzinPulangCepatPage/002/Page_HADIR/EndDate' is clicked on

03-12-2024T16:52:50 - [TEST_STEP][PASSED] - setText(findTestObject("Admin/IzinPulangCepatPage/002/Page_HADIR/EndDate"), "Nov 25, 2024"): Text 'Nov 25, 2024' is set on object 'Object Repository/Admin/IzinPulangCepatPage/002/Page_HADIR/EndDate'

03-12-2024T16:52:51 - [MESSAGE][PASSED] - Text 'Nov 25, 2024' is set on object 'Object Repository/Admin/IzinPulangCepatPage/002/Page_HADIR/EndDate'

03-12-2024T16:52:51 - [TEST_STEP][PASSED] - click(findTestObject("Object Repository/Admin/IzinPulangCepatPage/002/Page_HADIR/svg_Search_MuiSvgIcon-root MuiSvgIcon-fontS_495b60")): Object: 'Object Repository/Admin/IzinPulangCepatPage/002/Page_HADIR/svg_Search_MuiSvgIcon-root MuiSvgIcon-fontS_495b60' is clicked on

03-12-2024T16:52:51 - [MESSAGE][PASSED] - Object: 'Object Repository/Admin/IzinPulangCepatPage/002/Page_HADIR/svg_Search_MuiSvgIcon-root MuiSvgIcon-fontS_495b60' is clicked on

03-12-2024T16:52:51 - [TEST_STEP][PASSED] - isKazamaPresent = verifyElementPresent(findTestObject("Object Repository/Admin/IzinPulangCepatPage/002/Page_HADIR/td_kazama"), 10): Object 'Object Repository/Admin/IzinPulangCepatPage/002/Page_HADIR/td_kazama' is present

03-12-2024T16:52:52 - [MESSAGE][PASSED] - Object 'Object Repository/Admin/IzinPulangCepatPage/002/Page_HADIR/td_kazama' is present

03-12-2024T16:52:52 - [TEST_STEP][PASSED] - assert isKazamaPresent : "The search result for 'Kazama' is not displayed.": null

03-12-2024T16:52:52 - [TEST_STEP][PASSED] - closeBrowser(): Browser is closed

03-12-2024T16:52:52 - [MESSAGE][PASSED] - Browser is closed]]></system-out>
         <system-err><![CDATA[]]></system-err>
      </testcase>
      <testcase name="Test Cases/Admin/Laporan/01 Izin Pulang Cepat/TCC.Hadir.04.003" time="7.429" classname="Test Cases/Admin/Laporan/01 Izin Pulang Cepat/TCC.Hadir.04.003" status="PASSED">
         <system-out><![CDATA[03-12-2024T16:52:52 - [TEST_CASE][PASSED] - Test Cases/Admin/Laporan/01 Izin Pulang Cepat/TCC.Hadir.04.003: Test Cases/Admin/Laporan/01 Izin Pulang Cepat/TCC.Hadir.04.003

03-12-2024T16:52:52 - [TEST_STEP][PASSED] - openBrowser(""): Browser is opened with url: ''

03-12-2024T16:52:52 - [MESSAGE][INFO] - Starting 'Chrome' driver

03-12-2024T16:52:52 - [MESSAGE][INFO] - Action delay is set to 0 milliseconds

03-12-2024T16:52:53 - [MESSAGE][PASSED] - Browser is opened with url: ''

03-12-2024T16:52:53 - [TEST_STEP][PASSED] - maximizeWindow(): Current window maximized

03-12-2024T16:52:53 - [MESSAGE][PASSED] - Current window maximized

03-12-2024T16:52:53 - [TEST_STEP][PASSED] - navigateToUrl("https://magang.dikahadir.com/authentication/login"): Navigate to 'https://magang.dikahadir.com/authentication/login' successfully

03-12-2024T16:52:53 - [MESSAGE][PASSED] - Navigate to 'https://magang.dikahadir.com/authentication/login' successfully

03-12-2024T16:52:53 - [TEST_STEP][PASSED] - setText(findTestObject("Object Repository/Admin/IzinPulangCepatPage/002/Page_HADIR/input_Email_email"), "Admin@hadir.com"): Text 'Admin@hadir.com' is set on object 'Object Repository/Admin/IzinPulangCepatPage/002/Page_HADIR/input_Email_email'

03-12-2024T16:52:54 - [MESSAGE][PASSED] - Text 'Admin@hadir.com' is set on object 'Object Repository/Admin/IzinPulangCepatPage/002/Page_HADIR/input_Email_email'

03-12-2024T16:52:54 - [TEST_STEP][PASSED] - setEncryptedText(findTestObject("Object Repository/Admin/IzinPulangCepatPage/002/Page_HADIR/input_Password_password"), "aSC42nPN26UggVXAwmiGmQ=="): Text ****** has been set on object 'Object Repository/Admin/IzinPulangCepatPage/002/Page_HADIR/input_Password_password'

03-12-2024T16:52:54 - [MESSAGE][PASSED] - Text ****** has been set on object 'Object Repository/Admin/IzinPulangCepatPage/002/Page_HADIR/input_Password_password'

03-12-2024T16:52:54 - [TEST_STEP][PASSED] - click(findTestObject("Object Repository/Admin/IzinPulangCepatPage/002/Page_HADIR/button_Masuk")): Object: 'Object Repository/Admin/IzinPulangCepatPage/002/Page_HADIR/button_Masuk' is clicked on

03-12-2024T16:52:54 - [MESSAGE][PASSED] - Object: 'Object Repository/Admin/IzinPulangCepatPage/002/Page_HADIR/button_Masuk' is clicked on

03-12-2024T16:52:54 - [TEST_STEP][PASSED] - click(findTestObject("Object Repository/Admin/IzinPulangCepatPage/002/Page_HADIR/div_Laporan")): Object: 'Object Repository/Admin/IzinPulangCepatPage/002/Page_HADIR/div_Laporan' is clicked on

03-12-2024T16:52:56 - [MESSAGE][PASSED] - Object: 'Object Repository/Admin/IzinPulangCepatPage/002/Page_HADIR/div_Laporan' is clicked on

03-12-2024T16:52:56 - [TEST_STEP][PASSED] - click(findTestObject("Object Repository/Admin/IzinPulangCepatPage/002/Page_HADIR/p_Izin Pulang Cepat")): Object: 'Object Repository/Admin/IzinPulangCepatPage/002/Page_HADIR/p_Izin Pulang Cepat' is clicked on

03-12-2024T16:52:57 - [MESSAGE][PASSED] - Object: 'Object Repository/Admin/IzinPulangCepatPage/002/Page_HADIR/p_Izin Pulang Cepat' is clicked on

03-12-2024T16:52:57 - [TEST_STEP][PASSED] - setText(findTestObject("Object Repository/Admin/IzinPulangCepatPage/002/Page_HADIR/input_Search_search"), "Abc"): Text 'Abc' is set on object 'Object Repository/Admin/IzinPulangCepatPage/002/Page_HADIR/input_Search_search'

03-12-2024T16:52:58 - [MESSAGE][PASSED] - Text 'Abc' is set on object 'Object Repository/Admin/IzinPulangCepatPage/002/Page_HADIR/input_Search_search'

03-12-2024T16:52:58 - [TEST_STEP][PASSED] - click(findTestObject("Object Repository/Admin/IzinPulangCepatPage/002/Page_HADIR/svg_Search_MuiSvgIcon-root MuiSvgIcon-fontS_495b60")): Object: 'Object Repository/Admin/IzinPulangCepatPage/002/Page_HADIR/svg_Search_MuiSvgIcon-root MuiSvgIcon-fontS_495b60' is clicked on

03-12-2024T16:52:58 - [MESSAGE][PASSED] - Object: 'Object Repository/Admin/IzinPulangCepatPage/002/Page_HADIR/svg_Search_MuiSvgIcon-root MuiSvgIcon-fontS_495b60' is clicked on

03-12-2024T16:52:58 - [TEST_STEP][PASSED] - waitForElementVisible(findTestObject("Object Repository/Admin/IzinPulangCepatPage/002/Page_HADIR/pagination_DisplayedRows"), 10): Object 'Object Repository/Admin/IzinPulangCepatPage/002/Page_HADIR/pagination_DisplayedRows' is visible

03-12-2024T16:52:59 - [MESSAGE][PASSED] - Object 'Object Repository/Admin/IzinPulangCepatPage/002/Page_HADIR/pagination_DisplayedRows' is visible

03-12-2024T16:52:59 - [TEST_STEP][PASSED] - paginationElement = findTestObject("Object Repository/Admin/IzinPulangCepatPage/002/Page_HADIR/pagination_DisplayedRows"): null

03-12-2024T16:52:59 - [TEST_STEP][PASSED] - if (paginationElement != null): No search results found.

03-12-2024T16:52:59 - [TEST_STEP][PASSED] - waitForElementVisible(paginationElement, 10): Object 'Object Repository/Admin/IzinPulangCepatPage/002/Page_HADIR/pagination_DisplayedRows' is visible

03-12-2024T16:52:59 - [MESSAGE][PASSED] - Object 'Object Repository/Admin/IzinPulangCepatPage/002/Page_HADIR/pagination_DisplayedRows' is visible

03-12-2024T16:52:59 - [TEST_STEP][PASSED] - paginationText = getText(paginationElement): Text of object 'Object Repository/Admin/IzinPulangCepatPage/002/Page_HADIR/pagination_DisplayedRows' is: '0-0 of 0'

03-12-2024T16:52:59 - [MESSAGE][PASSED] - Text of object 'Object Repository/Admin/IzinPulangCepatPage/002/Page_HADIR/pagination_DisplayedRows' is: '0-0 of 0'

03-12-2024T16:52:59 - [TEST_STEP][PASSED] - println("Pagination text: " + paginationText): null

03-12-2024T16:52:59 - [TEST_STEP][PASSED] - if (paginationText == "0-0 of 0"): No search results found.

03-12-2024T16:52:59 - [TEST_STEP][PASSED] - comment("No search results found."): No search results found.

03-12-2024T16:52:59 - [MESSAGE][INFO] - No search results found.

03-12-2024T16:52:59 - [TEST_STEP][PASSED] - closeBrowser(): Browser is closed

03-12-2024T16:52:59 - [MESSAGE][PASSED] - Browser is closed]]></system-out>
         <system-err><![CDATA[]]></system-err>
      </testcase>
      <testcase name="Test Cases/Admin/Laporan/01 Izin Pulang Cepat/TCC.Hadir.04.004" time="7.705" classname="Test Cases/Admin/Laporan/01 Izin Pulang Cepat/TCC.Hadir.04.004" status="PASSED">
         <system-out><![CDATA[03-12-2024T16:52:59 - [TEST_CASE][PASSED] - Test Cases/Admin/Laporan/01 Izin Pulang Cepat/TCC.Hadir.04.004: Test Cases/Admin/Laporan/01 Izin Pulang Cepat/TCC.Hadir.04.004

03-12-2024T16:52:59 - [TEST_STEP][PASSED] - openBrowser(""): Browser is opened with url: ''

03-12-2024T16:52:59 - [MESSAGE][INFO] - Starting 'Chrome' driver

03-12-2024T16:52:59 - [MESSAGE][INFO] - Action delay is set to 0 milliseconds

03-12-2024T16:53:00 - [MESSAGE][PASSED] - Browser is opened with url: ''

03-12-2024T16:53:00 - [TEST_STEP][PASSED] - maximizeWindow(): Current window maximized

03-12-2024T16:53:00 - [MESSAGE][PASSED] - Current window maximized

03-12-2024T16:53:00 - [TEST_STEP][PASSED] - navigateToUrl("https://magang.dikahadir.com/authentication/login"): Navigate to 'https://magang.dikahadir.com/authentication/login' successfully

03-12-2024T16:53:01 - [MESSAGE][PASSED] - Navigate to 'https://magang.dikahadir.com/authentication/login' successfully

03-12-2024T16:53:01 - [TEST_STEP][PASSED] - setText(findTestObject("Object Repository/Admin/IzinPulangCepatPage/002/Page_HADIR/input_Email_email"), "Admin@hadir.com"): Text 'Admin@hadir.com' is set on object 'Object Repository/Admin/IzinPulangCepatPage/002/Page_HADIR/input_Email_email'

03-12-2024T16:53:01 - [MESSAGE][PASSED] - Text 'Admin@hadir.com' is set on object 'Object Repository/Admin/IzinPulangCepatPage/002/Page_HADIR/input_Email_email'

03-12-2024T16:53:01 - [TEST_STEP][PASSED] - setEncryptedText(findTestObject("Object Repository/Admin/IzinPulangCepatPage/002/Page_HADIR/input_Password_password"), "aSC42nPN26UggVXAwmiGmQ=="): Text ****** has been set on object 'Object Repository/Admin/IzinPulangCepatPage/002/Page_HADIR/input_Password_password'

03-12-2024T16:53:02 - [MESSAGE][PASSED] - Text ****** has been set on object 'Object Repository/Admin/IzinPulangCepatPage/002/Page_HADIR/input_Password_password'

03-12-2024T16:53:02 - [TEST_STEP][PASSED] - click(findTestObject("Object Repository/Admin/IzinPulangCepatPage/002/Page_HADIR/button_Masuk")): Object: 'Object Repository/Admin/IzinPulangCepatPage/002/Page_HADIR/button_Masuk' is clicked on

03-12-2024T16:53:02 - [MESSAGE][PASSED] - Object: 'Object Repository/Admin/IzinPulangCepatPage/002/Page_HADIR/button_Masuk' is clicked on

03-12-2024T16:53:02 - [TEST_STEP][PASSED] - click(findTestObject("Object Repository/Admin/IzinPulangCepatPage/002/Page_HADIR/div_Laporan")): Object: 'Object Repository/Admin/IzinPulangCepatPage/002/Page_HADIR/div_Laporan' is clicked on

03-12-2024T16:53:03 - [MESSAGE][PASSED] - Object: 'Object Repository/Admin/IzinPulangCepatPage/002/Page_HADIR/div_Laporan' is clicked on

03-12-2024T16:53:03 - [TEST_STEP][PASSED] - click(findTestObject("Object Repository/Admin/IzinPulangCepatPage/002/Page_HADIR/p_Izin Pulang Cepat")): Object: 'Object Repository/Admin/IzinPulangCepatPage/002/Page_HADIR/p_Izin Pulang Cepat' is clicked on

03-12-2024T16:53:04 - [MESSAGE][PASSED] - Object: 'Object Repository/Admin/IzinPulangCepatPage/002/Page_HADIR/p_Izin Pulang Cepat' is clicked on

03-12-2024T16:53:04 - [TEST_STEP][PASSED] - setText(findTestObject("Object Repository/Admin/IzinPulangCepatPage/002/Page_HADIR/input_Search_search"), "123"): Text '123' is set on object 'Object Repository/Admin/IzinPulangCepatPage/002/Page_HADIR/input_Search_search'

03-12-2024T16:53:06 - [MESSAGE][PASSED] - Text '123' is set on object 'Object Repository/Admin/IzinPulangCepatPage/002/Page_HADIR/input_Search_search'

03-12-2024T16:53:06 - [TEST_STEP][PASSED] - click(findTestObject("Object Repository/Admin/IzinPulangCepatPage/002/Page_HADIR/svg_Search_MuiSvgIcon-root MuiSvgIcon-fontS_495b60")): Object: 'Object Repository/Admin/IzinPulangCepatPage/002/Page_HADIR/svg_Search_MuiSvgIcon-root MuiSvgIcon-fontS_495b60' is clicked on

03-12-2024T16:53:06 - [MESSAGE][PASSED] - Object: 'Object Repository/Admin/IzinPulangCepatPage/002/Page_HADIR/svg_Search_MuiSvgIcon-root MuiSvgIcon-fontS_495b60' is clicked on

03-12-2024T16:53:06 - [TEST_STEP][PASSED] - waitForElementVisible(findTestObject("Object Repository/Admin/IzinPulangCepatPage/002/Page_HADIR/pagination_DisplayedRows"), 10): Object 'Object Repository/Admin/IzinPulangCepatPage/002/Page_HADIR/pagination_DisplayedRows' is visible

03-12-2024T16:53:06 - [MESSAGE][PASSED] - Object 'Object Repository/Admin/IzinPulangCepatPage/002/Page_HADIR/pagination_DisplayedRows' is visible

03-12-2024T16:53:06 - [TEST_STEP][PASSED] - paginationElement = findTestObject("Object Repository/Admin/IzinPulangCepatPage/002/Page_HADIR/pagination_DisplayedRows"): null

03-12-2024T16:53:06 - [TEST_STEP][PASSED] - if (paginationElement != null): No search results found.

03-12-2024T16:53:06 - [TEST_STEP][PASSED] - waitForElementVisible(paginationElement, 10): Object 'Object Repository/Admin/IzinPulangCepatPage/002/Page_HADIR/pagination_DisplayedRows' is visible

03-12-2024T16:53:07 - [MESSAGE][PASSED] - Object 'Object Repository/Admin/IzinPulangCepatPage/002/Page_HADIR/pagination_DisplayedRows' is visible

03-12-2024T16:53:07 - [TEST_STEP][PASSED] - paginationText = getText(paginationElement): Text of object 'Object Repository/Admin/IzinPulangCepatPage/002/Page_HADIR/pagination_DisplayedRows' is: '0-0 of 0'

03-12-2024T16:53:07 - [MESSAGE][PASSED] - Text of object 'Object Repository/Admin/IzinPulangCepatPage/002/Page_HADIR/pagination_DisplayedRows' is: '0-0 of 0'

03-12-2024T16:53:07 - [TEST_STEP][PASSED] - println("Pagination text: " + paginationText): null

03-12-2024T16:53:07 - [TEST_STEP][PASSED] - if (paginationText == "0-0 of 0"): No search results found.

03-12-2024T16:53:07 - [TEST_STEP][PASSED] - comment("No search results found."): No search results found.

03-12-2024T16:53:07 - [MESSAGE][INFO] - No search results found.

03-12-2024T16:53:07 - [TEST_STEP][PASSED] - closeBrowser(): Browser is closed

03-12-2024T16:53:07 - [MESSAGE][PASSED] - Browser is closed]]></system-out>
         <system-err><![CDATA[]]></system-err>
      </testcase>
      <testcase name="Test Cases/Admin/Laporan/01 Izin Pulang Cepat/TCC.Hadir.04.005" time="8.505" classname="Test Cases/Admin/Laporan/01 Izin Pulang Cepat/TCC.Hadir.04.005" status="PASSED">
         <system-out><![CDATA[03-12-2024T16:53:07 - [TEST_CASE][PASSED] - Test Cases/Admin/Laporan/01 Izin Pulang Cepat/TCC.Hadir.04.005: Test Cases/Admin/Laporan/01 Izin Pulang Cepat/TCC.Hadir.04.005

03-12-2024T16:53:07 - [TEST_STEP][PASSED] - openBrowser(""): Browser is opened with url: ''

03-12-2024T16:53:07 - [MESSAGE][INFO] - Starting 'Chrome' driver

03-12-2024T16:53:07 - [MESSAGE][INFO] - Action delay is set to 0 milliseconds

03-12-2024T16:53:08 - [MESSAGE][PASSED] - Browser is opened with url: ''

03-12-2024T16:53:08 - [TEST_STEP][PASSED] - maximizeWindow(): Current window maximized

03-12-2024T16:53:08 - [MESSAGE][PASSED] - Current window maximized

03-12-2024T16:53:08 - [TEST_STEP][PASSED] - navigateToUrl("https://magang.dikahadir.com/authentication/login"): Navigate to 'https://magang.dikahadir.com/authentication/login' successfully

03-12-2024T16:53:08 - [MESSAGE][PASSED] - Navigate to 'https://magang.dikahadir.com/authentication/login' successfully

03-12-2024T16:53:08 - [TEST_STEP][PASSED] - setText(findTestObject("Object Repository/Admin/IzinPulangCepatPage/005/Page_HADIR/input_Email_email"), "Admin@hadir.com"): Text 'Admin@hadir.com' is set on object 'Object Repository/Admin/IzinPulangCepatPage/005/Page_HADIR/input_Email_email'

03-12-2024T16:53:09 - [MESSAGE][PASSED] - Text 'Admin@hadir.com' is set on object 'Object Repository/Admin/IzinPulangCepatPage/005/Page_HADIR/input_Email_email'

03-12-2024T16:53:09 - [TEST_STEP][PASSED] - setEncryptedText(findTestObject("Object Repository/Admin/IzinPulangCepatPage/005/Page_HADIR/input_Password_password"), "aSC42nPN26UggVXAwmiGmQ=="): Text ****** has been set on object 'Object Repository/Admin/IzinPulangCepatPage/005/Page_HADIR/input_Password_password'

03-12-2024T16:53:09 - [MESSAGE][PASSED] - Text ****** has been set on object 'Object Repository/Admin/IzinPulangCepatPage/005/Page_HADIR/input_Password_password'

03-12-2024T16:53:09 - [TEST_STEP][PASSED] - click(findTestObject("Object Repository/Admin/IzinPulangCepatPage/005/Page_HADIR/button_Masuk")): Object: 'Object Repository/Admin/IzinPulangCepatPage/005/Page_HADIR/button_Masuk' is clicked on

03-12-2024T16:53:09 - [MESSAGE][PASSED] - Object: 'Object Repository/Admin/IzinPulangCepatPage/005/Page_HADIR/button_Masuk' is clicked on

03-12-2024T16:53:09 - [TEST_STEP][PASSED] - click(findTestObject("Object Repository/Admin/IzinPulangCepatPage/005/Page_HADIR/div_Laporan")): Object: 'Object Repository/Admin/IzinPulangCepatPage/005/Page_HADIR/div_Laporan' is clicked on

03-12-2024T16:53:11 - [MESSAGE][PASSED] - Object: 'Object Repository/Admin/IzinPulangCepatPage/005/Page_HADIR/div_Laporan' is clicked on

03-12-2024T16:53:11 - [TEST_STEP][PASSED] - click(findTestObject("Object Repository/Admin/IzinPulangCepatPage/005/Page_HADIR/p_Izin Pulang Cepat")): Object: 'Object Repository/Admin/IzinPulangCepatPage/005/Page_HADIR/p_Izin Pulang Cepat' is clicked on

03-12-2024T16:53:12 - [MESSAGE][PASSED] - Object: 'Object Repository/Admin/IzinPulangCepatPage/005/Page_HADIR/p_Izin Pulang Cepat' is clicked on

03-12-2024T16:53:12 - [TEST_STEP][PASSED] - click(findTestObject("Object Repository/Admin/IzinPulangCepatPage/005/Page_HADIR/button_Search")): Object: 'Object Repository/Admin/IzinPulangCepatPage/005/Page_HADIR/button_Search' is clicked on

03-12-2024T16:53:15 - [MESSAGE][PASSED] - Object: 'Object Repository/Admin/IzinPulangCepatPage/005/Page_HADIR/button_Search' is clicked on

03-12-2024T16:53:15 - [TEST_STEP][PASSED] - click(findTestObject("Object Repository/Admin/IzinPulangCepatPage/005/Page_HADIR/td_kazama")): Object: 'Object Repository/Admin/IzinPulangCepatPage/005/Page_HADIR/td_kazama' is clicked on

03-12-2024T16:53:15 - [MESSAGE][PASSED] - Object: 'Object Repository/Admin/IzinPulangCepatPage/005/Page_HADIR/td_kazama' is clicked on

03-12-2024T16:53:15 - [TEST_STEP][PASSED] - isPresent = verifyElementVisible(findTestObject("Object Repository/Admin/IzinPulangCepatPage/005/Page_HADIR/td_kazama")): Object 'Object Repository/Admin/IzinPulangCepatPage/005/Page_HADIR/td_kazama' is visible

03-12-2024T16:53:15 - [MESSAGE][PASSED] - Object 'Object Repository/Admin/IzinPulangCepatPage/005/Page_HADIR/td_kazama' is visible

03-12-2024T16:53:15 - [TEST_STEP][PASSED] - assert isPresent == true : "Search result for 'Kazama' not found.": null

03-12-2024T16:53:15 - [TEST_STEP][PASSED] - closeBrowser(): Browser is closed

03-12-2024T16:53:15 - [MESSAGE][PASSED] - Browser is closed]]></system-out>
         <system-err><![CDATA[]]></system-err>
      </testcase>
      <testcase name="Test Cases/Admin/Laporan/01 Izin Pulang Cepat/TCC.Hadir.04.006" time="9.342" classname="Test Cases/Admin/Laporan/01 Izin Pulang Cepat/TCC.Hadir.04.006" status="PASSED">
         <system-out><![CDATA[03-12-2024T16:53:15 - [TEST_CASE][PASSED] - Test Cases/Admin/Laporan/01 Izin Pulang Cepat/TCC.Hadir.04.006: Test Cases/Admin/Laporan/01 Izin Pulang Cepat/TCC.Hadir.04.006

03-12-2024T16:53:15 - [TEST_STEP][PASSED] - openBrowser(""): Browser is opened with url: ''

03-12-2024T16:53:15 - [MESSAGE][INFO] - Starting 'Chrome' driver

03-12-2024T16:53:15 - [MESSAGE][INFO] - Action delay is set to 0 milliseconds

03-12-2024T16:53:16 - [MESSAGE][PASSED] - Browser is opened with url: ''

03-12-2024T16:53:16 - [TEST_STEP][PASSED] - maximizeWindow(): Current window maximized

03-12-2024T16:53:16 - [MESSAGE][PASSED] - Current window maximized

03-12-2024T16:53:16 - [TEST_STEP][PASSED] - navigateToUrl("https://magang.dikahadir.com/authentication/login"): Navigate to 'https://magang.dikahadir.com/authentication/login' successfully

03-12-2024T16:53:17 - [MESSAGE][PASSED] - Navigate to 'https://magang.dikahadir.com/authentication/login' successfully

03-12-2024T16:53:17 - [TEST_STEP][PASSED] - setText(findTestObject("Object Repository/Admin/IzinPulangCepatPage/002/Page_HADIR/input_Email_email"), "Admin@hadir.com"): Text 'Admin@hadir.com' is set on object 'Object Repository/Admin/IzinPulangCepatPage/002/Page_HADIR/input_Email_email'

03-12-2024T16:53:18 - [MESSAGE][PASSED] - Text 'Admin@hadir.com' is set on object 'Object Repository/Admin/IzinPulangCepatPage/002/Page_HADIR/input_Email_email'

03-12-2024T16:53:18 - [TEST_STEP][PASSED] - setEncryptedText(findTestObject("Object Repository/Admin/IzinPulangCepatPage/002/Page_HADIR/input_Password_password"), "aSC42nPN26UggVXAwmiGmQ=="): Text ****** has been set on object 'Object Repository/Admin/IzinPulangCepatPage/002/Page_HADIR/input_Password_password'

03-12-2024T16:53:18 - [MESSAGE][PASSED] - Text ****** has been set on object 'Object Repository/Admin/IzinPulangCepatPage/002/Page_HADIR/input_Password_password'

03-12-2024T16:53:18 - [TEST_STEP][PASSED] - click(findTestObject("Object Repository/Admin/IzinPulangCepatPage/002/Page_HADIR/button_Masuk")): Object: 'Object Repository/Admin/IzinPulangCepatPage/002/Page_HADIR/button_Masuk' is clicked on

03-12-2024T16:53:18 - [MESSAGE][PASSED] - Object: 'Object Repository/Admin/IzinPulangCepatPage/002/Page_HADIR/button_Masuk' is clicked on

03-12-2024T16:53:18 - [TEST_STEP][PASSED] - click(findTestObject("Object Repository/Admin/IzinPulangCepatPage/002/Page_HADIR/div_Laporan")): Object: 'Object Repository/Admin/IzinPulangCepatPage/002/Page_HADIR/div_Laporan' is clicked on

03-12-2024T16:53:19 - [MESSAGE][PASSED] - Object: 'Object Repository/Admin/IzinPulangCepatPage/002/Page_HADIR/div_Laporan' is clicked on

03-12-2024T16:53:19 - [TEST_STEP][PASSED] - click(findTestObject("Object Repository/Admin/IzinPulangCepatPage/002/Page_HADIR/p_Izin Pulang Cepat")): Object: 'Object Repository/Admin/IzinPulangCepatPage/002/Page_HADIR/p_Izin Pulang Cepat' is clicked on

03-12-2024T16:53:20 - [MESSAGE][PASSED] - Object: 'Object Repository/Admin/IzinPulangCepatPage/002/Page_HADIR/p_Izin Pulang Cepat' is clicked on

03-12-2024T16:53:20 - [TEST_STEP][PASSED] - click(findTestObject("Admin/IzinPulangCepatPage/002/Page_HADIR/EndDate")): Object: 'Object Repository/Admin/IzinPulangCepatPage/002/Page_HADIR/EndDate' is clicked on

03-12-2024T16:53:23 - [MESSAGE][PASSED] - Object: 'Object Repository/Admin/IzinPulangCepatPage/002/Page_HADIR/EndDate' is clicked on

03-12-2024T16:53:23 - [TEST_STEP][PASSED] - setText(findTestObject("Admin/IzinPulangCepatPage/002/Page_HADIR/EndDate"), "Nov 25, 2024"): Text 'Nov 25, 2024' is set on object 'Object Repository/Admin/IzinPulangCepatPage/002/Page_HADIR/EndDate'

03-12-2024T16:53:24 - [MESSAGE][PASSED] - Text 'Nov 25, 2024' is set on object 'Object Repository/Admin/IzinPulangCepatPage/002/Page_HADIR/EndDate'

03-12-2024T16:53:24 - [TEST_STEP][PASSED] - click(findTestObject("Object Repository/Admin/IzinPulangCepatPage/002/Page_HADIR/svg_Search_MuiSvgIcon-root MuiSvgIcon-fontS_495b60")): Object: 'Object Repository/Admin/IzinPulangCepatPage/002/Page_HADIR/svg_Search_MuiSvgIcon-root MuiSvgIcon-fontS_495b60' is clicked on

03-12-2024T16:53:24 - [MESSAGE][PASSED] - Object: 'Object Repository/Admin/IzinPulangCepatPage/002/Page_HADIR/svg_Search_MuiSvgIcon-root MuiSvgIcon-fontS_495b60' is clicked on

03-12-2024T16:53:24 - [TEST_STEP][PASSED] - isKazamaPresent = verifyElementPresent(findTestObject("Object Repository/Admin/IzinPulangCepatPage/002/Page_HADIR/td_kazama"), 10): Object 'Object Repository/Admin/IzinPulangCepatPage/002/Page_HADIR/td_kazama' is present

03-12-2024T16:53:25 - [MESSAGE][PASSED] - Object 'Object Repository/Admin/IzinPulangCepatPage/002/Page_HADIR/td_kazama' is present

03-12-2024T16:53:25 - [TEST_STEP][PASSED] - assert isKazamaPresent : "The search result for 'Nov 25, 2024' is displayed.": null

03-12-2024T16:53:25 - [TEST_STEP][PASSED] - closeBrowser(): Browser is closed

03-12-2024T16:53:25 - [MESSAGE][PASSED] - Browser is closed]]></system-out>
         <system-err><![CDATA[]]></system-err>
      </testcase>
      <testcase name="Test Cases/Admin/Laporan/01 Izin Pulang Cepat/TCC.Hadir.04.007" time="7.832" classname="Test Cases/Admin/Laporan/01 Izin Pulang Cepat/TCC.Hadir.04.007" status="PASSED">
         <system-out><![CDATA[03-12-2024T16:53:25 - [TEST_CASE][PASSED] - Test Cases/Admin/Laporan/01 Izin Pulang Cepat/TCC.Hadir.04.007: Test Cases/Admin/Laporan/01 Izin Pulang Cepat/TCC.Hadir.04.007

03-12-2024T16:53:25 - [TEST_STEP][PASSED] - openBrowser(""): Browser is opened with url: ''

03-12-2024T16:53:25 - [MESSAGE][INFO] - Starting 'Chrome' driver

03-12-2024T16:53:25 - [MESSAGE][INFO] - Action delay is set to 0 milliseconds

03-12-2024T16:53:25 - [MESSAGE][PASSED] - Browser is opened with url: ''

03-12-2024T16:53:25 - [TEST_STEP][PASSED] - maximizeWindow(): Current window maximized

03-12-2024T16:53:25 - [MESSAGE][PASSED] - Current window maximized

03-12-2024T16:53:25 - [TEST_STEP][PASSED] - navigateToUrl("https://magang.dikahadir.com/authentication/login"): Navigate to 'https://magang.dikahadir.com/authentication/login' successfully

03-12-2024T16:53:26 - [MESSAGE][PASSED] - Navigate to 'https://magang.dikahadir.com/authentication/login' successfully

03-12-2024T16:53:26 - [TEST_STEP][PASSED] - setText(findTestObject("Object Repository/Admin/IzinPulangCepatPage/002/Page_HADIR/input_Email_email"), "Admin@hadir.com"): Text 'Admin@hadir.com' is set on object 'Object Repository/Admin/IzinPulangCepatPage/002/Page_HADIR/input_Email_email'

03-12-2024T16:53:27 - [MESSAGE][PASSED] - Text 'Admin@hadir.com' is set on object 'Object Repository/Admin/IzinPulangCepatPage/002/Page_HADIR/input_Email_email'

03-12-2024T16:53:27 - [TEST_STEP][PASSED] - setEncryptedText(findTestObject("Object Repository/Admin/IzinPulangCepatPage/002/Page_HADIR/input_Password_password"), "aSC42nPN26UggVXAwmiGmQ=="): Text ****** has been set on object 'Object Repository/Admin/IzinPulangCepatPage/002/Page_HADIR/input_Password_password'

03-12-2024T16:53:27 - [MESSAGE][PASSED] - Text ****** has been set on object 'Object Repository/Admin/IzinPulangCepatPage/002/Page_HADIR/input_Password_password'

03-12-2024T16:53:27 - [TEST_STEP][PASSED] - click(findTestObject("Object Repository/Admin/IzinPulangCepatPage/002/Page_HADIR/button_Masuk")): Object: 'Object Repository/Admin/IzinPulangCepatPage/002/Page_HADIR/button_Masuk' is clicked on

03-12-2024T16:53:27 - [MESSAGE][PASSED] - Object: 'Object Repository/Admin/IzinPulangCepatPage/002/Page_HADIR/button_Masuk' is clicked on

03-12-2024T16:53:27 - [TEST_STEP][PASSED] - click(findTestObject("Object Repository/Admin/IzinPulangCepatPage/002/Page_HADIR/div_Laporan")): Object: 'Object Repository/Admin/IzinPulangCepatPage/002/Page_HADIR/div_Laporan' is clicked on

03-12-2024T16:53:29 - [MESSAGE][PASSED] - Object: 'Object Repository/Admin/IzinPulangCepatPage/002/Page_HADIR/div_Laporan' is clicked on

03-12-2024T16:53:29 - [TEST_STEP][PASSED] - click(findTestObject("Object Repository/Admin/IzinPulangCepatPage/002/Page_HADIR/p_Izin Pulang Cepat")): Object: 'Object Repository/Admin/IzinPulangCepatPage/002/Page_HADIR/p_Izin Pulang Cepat' is clicked on

03-12-2024T16:53:30 - [MESSAGE][PASSED] - Object: 'Object Repository/Admin/IzinPulangCepatPage/002/Page_HADIR/p_Izin Pulang Cepat' is clicked on

03-12-2024T16:53:30 - [TEST_STEP][PASSED] - setText(findTestObject("Object Repository/Admin/IzinPulangCepatPage/002/Page_HADIR/input_Search_search"), "Kazama"): Text 'Kazama' is set on object 'Object Repository/Admin/IzinPulangCepatPage/002/Page_HADIR/input_Search_search'

03-12-2024T16:53:31 - [MESSAGE][PASSED] - Text 'Kazama' is set on object 'Object Repository/Admin/IzinPulangCepatPage/002/Page_HADIR/input_Search_search'

03-12-2024T16:53:31 - [TEST_STEP][PASSED] - click(findTestObject("Admin/IzinPulangCepatPage/002/Page_HADIR/StartDate")): Object: 'Object Repository/Admin/IzinPulangCepatPage/002/Page_HADIR/StartDate' is clicked on

03-12-2024T16:53:31 - [MESSAGE][PASSED] - Object: 'Object Repository/Admin/IzinPulangCepatPage/002/Page_HADIR/StartDate' is clicked on

03-12-2024T16:53:31 - [TEST_STEP][PASSED] - setText(findTestObject("Admin/IzinPulangCepatPage/002/Page_HADIR/StartDate"), "Nov 1, 2024"): Text 'Nov 1, 2024' is set on object 'Object Repository/Admin/IzinPulangCepatPage/002/Page_HADIR/StartDate'

03-12-2024T16:53:32 - [MESSAGE][PASSED] - Text 'Nov 1, 2024' is set on object 'Object Repository/Admin/IzinPulangCepatPage/002/Page_HADIR/StartDate'

03-12-2024T16:53:32 - [TEST_STEP][PASSED] - click(findTestObject("Object Repository/Admin/IzinPulangCepatPage/002/Page_HADIR/svg_Search_MuiSvgIcon-root MuiSvgIcon-fontS_495b60")): Object: 'Object Repository/Admin/IzinPulangCepatPage/002/Page_HADIR/svg_Search_MuiSvgIcon-root MuiSvgIcon-fontS_495b60' is clicked on

03-12-2024T16:53:32 - [MESSAGE][PASSED] - Object: 'Object Repository/Admin/IzinPulangCepatPage/002/Page_HADIR/svg_Search_MuiSvgIcon-root MuiSvgIcon-fontS_495b60' is clicked on

03-12-2024T16:53:32 - [TEST_STEP][PASSED] - isKazamaPresent = verifyElementPresent(findTestObject("Object Repository/Admin/IzinPulangCepatPage/002/Page_HADIR/td_kazama"), 10): Object 'Object Repository/Admin/IzinPulangCepatPage/002/Page_HADIR/td_kazama' is present

03-12-2024T16:53:33 - [MESSAGE][PASSED] - Object 'Object Repository/Admin/IzinPulangCepatPage/002/Page_HADIR/td_kazama' is present

03-12-2024T16:53:33 - [TEST_STEP][PASSED] - assert isKazamaPresent : "The search result for 'Nov 1, 2024' is displayed.": null

03-12-2024T16:53:33 - [TEST_STEP][PASSED] - closeBrowser(): Browser is closed

03-12-2024T16:53:33 - [MESSAGE][PASSED] - Browser is closed]]></system-out>
         <system-err><![CDATA[]]></system-err>
      </testcase>
      <testcase name="Test Cases/Admin/Laporan/01 Izin Pulang Cepat/TCC.Hadir.04.008" time="8.39" classname="Test Cases/Admin/Laporan/01 Izin Pulang Cepat/TCC.Hadir.04.008" status="PASSED">
         <system-out><![CDATA[03-12-2024T16:53:33 - [TEST_CASE][PASSED] - Test Cases/Admin/Laporan/01 Izin Pulang Cepat/TCC.Hadir.04.008: Test Cases/Admin/Laporan/01 Izin Pulang Cepat/TCC.Hadir.04.008

03-12-2024T16:53:33 - [TEST_STEP][PASSED] - openBrowser(""): Browser is opened with url: ''

03-12-2024T16:53:33 - [MESSAGE][INFO] - Starting 'Chrome' driver

03-12-2024T16:53:33 - [MESSAGE][INFO] - Action delay is set to 0 milliseconds

03-12-2024T16:53:33 - [MESSAGE][PASSED] - Browser is opened with url: ''

03-12-2024T16:53:33 - [TEST_STEP][PASSED] - maximizeWindow(): Current window maximized

03-12-2024T16:53:33 - [MESSAGE][PASSED] - Current window maximized

03-12-2024T16:53:33 - [TEST_STEP][PASSED] - navigateToUrl("https://magang.dikahadir.com/authentication/login"): Navigate to 'https://magang.dikahadir.com/authentication/login' successfully

03-12-2024T16:53:34 - [MESSAGE][PASSED] - Navigate to 'https://magang.dikahadir.com/authentication/login' successfully

03-12-2024T16:53:34 - [TEST_STEP][PASSED] - setText(findTestObject("Object Repository/Admin/IzinPulangCepatPage/002/Page_HADIR/input_Email_email"), "Admin@hadir.com"): Text 'Admin@hadir.com' is set on object 'Object Repository/Admin/IzinPulangCepatPage/002/Page_HADIR/input_Email_email'

03-12-2024T16:53:34 - [MESSAGE][PASSED] - Text 'Admin@hadir.com' is set on object 'Object Repository/Admin/IzinPulangCepatPage/002/Page_HADIR/input_Email_email'

03-12-2024T16:53:34 - [TEST_STEP][PASSED] - setEncryptedText(findTestObject("Object Repository/Admin/IzinPulangCepatPage/002/Page_HADIR/input_Password_password"), "aSC42nPN26UggVXAwmiGmQ=="): Text ****** has been set on object 'Object Repository/Admin/IzinPulangCepatPage/002/Page_HADIR/input_Password_password'

03-12-2024T16:53:35 - [MESSAGE][PASSED] - Text ****** has been set on object 'Object Repository/Admin/IzinPulangCepatPage/002/Page_HADIR/input_Password_password'

03-12-2024T16:53:35 - [TEST_STEP][PASSED] - click(findTestObject("Object Repository/Admin/IzinPulangCepatPage/002/Page_HADIR/button_Masuk")): Object: 'Object Repository/Admin/IzinPulangCepatPage/002/Page_HADIR/button_Masuk' is clicked on

03-12-2024T16:53:35 - [MESSAGE][PASSED] - Object: 'Object Repository/Admin/IzinPulangCepatPage/002/Page_HADIR/button_Masuk' is clicked on

03-12-2024T16:53:35 - [TEST_STEP][PASSED] - click(findTestObject("Object Repository/Admin/IzinPulangCepatPage/002/Page_HADIR/div_Laporan")): Object: 'Object Repository/Admin/IzinPulangCepatPage/002/Page_HADIR/div_Laporan' is clicked on

03-12-2024T16:53:36 - [MESSAGE][PASSED] - Object: 'Object Repository/Admin/IzinPulangCepatPage/002/Page_HADIR/div_Laporan' is clicked on

03-12-2024T16:53:36 - [TEST_STEP][PASSED] - click(findTestObject("Object Repository/Admin/IzinPulangCepatPage/002/Page_HADIR/p_Izin Pulang Cepat")): Object: 'Object Repository/Admin/IzinPulangCepatPage/002/Page_HADIR/p_Izin Pulang Cepat' is clicked on

03-12-2024T16:53:37 - [MESSAGE][PASSED] - Object: 'Object Repository/Admin/IzinPulangCepatPage/002/Page_HADIR/p_Izin Pulang Cepat' is clicked on

03-12-2024T16:53:37 - [TEST_STEP][PASSED] - setText(findTestObject("Object Repository/Admin/IzinPulangCepatPage/002/Page_HADIR/input_Search_search"), "Kazama"): Text 'Kazama' is set on object 'Object Repository/Admin/IzinPulangCepatPage/002/Page_HADIR/input_Search_search'

03-12-2024T16:53:39 - [MESSAGE][PASSED] - Text 'Kazama' is set on object 'Object Repository/Admin/IzinPulangCepatPage/002/Page_HADIR/input_Search_search'

03-12-2024T16:53:39 - [TEST_STEP][PASSED] - click(findTestObject("Admin/IzinPulangCepatPage/002/Page_HADIR/StartDate")): Object: 'Object Repository/Admin/IzinPulangCepatPage/002/Page_HADIR/StartDate' is clicked on

03-12-2024T16:53:39 - [MESSAGE][PASSED] - Object: 'Object Repository/Admin/IzinPulangCepatPage/002/Page_HADIR/StartDate' is clicked on

03-12-2024T16:53:39 - [TEST_STEP][PASSED] - setText(findTestObject("Admin/IzinPulangCepatPage/002/Page_HADIR/StartDate"), "Nov 30, 2024"): Text 'Nov 30, 2024' is set on object 'Object Repository/Admin/IzinPulangCepatPage/002/Page_HADIR/StartDate'

03-12-2024T16:53:39 - [MESSAGE][PASSED] - Text 'Nov 30, 2024' is set on object 'Object Repository/Admin/IzinPulangCepatPage/002/Page_HADIR/StartDate'

03-12-2024T16:53:39 - [TEST_STEP][PASSED] - click(findTestObject("Admin/IzinPulangCepatPage/002/Page_HADIR/EndDate")): Object: 'Object Repository/Admin/IzinPulangCepatPage/002/Page_HADIR/EndDate' is clicked on

03-12-2024T16:53:40 - [MESSAGE][PASSED] - Object: 'Object Repository/Admin/IzinPulangCepatPage/002/Page_HADIR/EndDate' is clicked on

03-12-2024T16:53:40 - [TEST_STEP][PASSED] - setText(findTestObject("Admin/IzinPulangCepatPage/002/Page_HADIR/EndDate"), "Nov 30, 2024"): Text 'Nov 30, 2024' is set on object 'Object Repository/Admin/IzinPulangCepatPage/002/Page_HADIR/EndDate'

03-12-2024T16:53:40 - [MESSAGE][PASSED] - Text 'Nov 30, 2024' is set on object 'Object Repository/Admin/IzinPulangCepatPage/002/Page_HADIR/EndDate'

03-12-2024T16:53:40 - [TEST_STEP][PASSED] - click(findTestObject("Object Repository/Admin/IzinPulangCepatPage/002/Page_HADIR/svg_Search_MuiSvgIcon-root MuiSvgIcon-fontS_495b60")): Object: 'Object Repository/Admin/IzinPulangCepatPage/002/Page_HADIR/svg_Search_MuiSvgIcon-root MuiSvgIcon-fontS_495b60' is clicked on

03-12-2024T16:53:40 - [MESSAGE][PASSED] - Object: 'Object Repository/Admin/IzinPulangCepatPage/002/Page_HADIR/svg_Search_MuiSvgIcon-root MuiSvgIcon-fontS_495b60' is clicked on

03-12-2024T16:53:40 - [TEST_STEP][PASSED] - isTablePresent = verifyElementPresent(findTestObject("Object Repository/Admin/IzinPulangCepatPage/002/Page_HADIR/td_kazama"), 10): Object 'Object Repository/Admin/IzinPulangCepatPage/002/Page_HADIR/td_kazama' is present

03-12-2024T16:53:41 - [MESSAGE][PASSED] - Object 'Object Repository/Admin/IzinPulangCepatPage/002/Page_HADIR/td_kazama' is present

03-12-2024T16:53:41 - [TEST_STEP][PASSED] - assert isTablePresent : "The search result for 'Nov 30,2024' is displayed.": null

03-12-2024T16:53:41 - [TEST_STEP][PASSED] - closeBrowser(): Browser is closed

03-12-2024T16:53:41 - [MESSAGE][PASSED] - Browser is closed]]></system-out>
         <system-err><![CDATA[]]></system-err>
      </testcase>
      <testcase name="Test Cases/Admin/Laporan/01 Izin Pulang Cepat/TCC.Hadir.04.009" time="35.718" classname="Test Cases/Admin/Laporan/01 Izin Pulang Cepat/TCC.Hadir.04.009" status="PASSED">
         <system-out><![CDATA[03-12-2024T16:54:21 - [TEST_CASE][PASSED] - Test Cases/Admin/Laporan/01 Izin Pulang Cepat/TCC.Hadir.04.009: Test Cases/Admin/Laporan/01 Izin Pulang Cepat/TCC.Hadir.04.009

03-12-2024T16:54:21 - [TEST_STEP][PASSED] - openBrowser(""): Browser is opened with url: ''

03-12-2024T16:54:21 - [MESSAGE][WARNING] - A browser is already opened. Closing browser and opening a new one

03-12-2024T16:54:21 - [MESSAGE][INFO] - Starting 'Chrome' driver

03-12-2024T16:54:21 - [MESSAGE][INFO] - Action delay is set to 0 milliseconds

03-12-2024T16:54:22 - [MESSAGE][PASSED] - Browser is opened with url: ''

03-12-2024T16:54:22 - [TEST_STEP][PASSED] - maximizeWindow(): Current window maximized

03-12-2024T16:54:22 - [MESSAGE][PASSED] - Current window maximized

03-12-2024T16:54:22 - [TEST_STEP][PASSED] - navigateToUrl("https://magang.dikahadir.com/authentication/login"): Navigate to 'https://magang.dikahadir.com/authentication/login' successfully

03-12-2024T16:54:22 - [MESSAGE][PASSED] - Navigate to 'https://magang.dikahadir.com/authentication/login' successfully

03-12-2024T16:54:22 - [TEST_STEP][PASSED] - setText(findTestObject("Object Repository/Admin/IzinPulangCepatPage/009/Page_HADIR/input_Email_email"), "Admin@hadir.com"): Text 'Admin@hadir.com' is set on object 'Object Repository/Admin/IzinPulangCepatPage/009/Page_HADIR/input_Email_email'

03-12-2024T16:54:23 - [MESSAGE][PASSED] - Text 'Admin@hadir.com' is set on object 'Object Repository/Admin/IzinPulangCepatPage/009/Page_HADIR/input_Email_email'

03-12-2024T16:54:23 - [TEST_STEP][PASSED] - setEncryptedText(findTestObject("Object Repository/Admin/IzinPulangCepatPage/009/Page_HADIR/input_Password_password"), "aSC42nPN26UggVXAwmiGmQ=="): Text ****** has been set on object 'Object Repository/Admin/IzinPulangCepatPage/009/Page_HADIR/input_Password_password'

03-12-2024T16:54:23 - [MESSAGE][PASSED] - Text ****** has been set on object 'Object Repository/Admin/IzinPulangCepatPage/009/Page_HADIR/input_Password_password'

03-12-2024T16:54:23 - [TEST_STEP][PASSED] - sendKeys(findTestObject("Object Repository/Admin/IzinPulangCepatPage/009/Page_HADIR/input_Password_password"), Keys.chord(ENTER)): Keys 'ENTER + ' sent to object: 'Object Repository/Admin/IzinPulangCepatPage/009/Page_HADIR/input_Password_password'

03-12-2024T16:54:23 - [MESSAGE][PASSED] - Keys 'ENTER + ' sent to object: 'Object Repository/Admin/IzinPulangCepatPage/009/Page_HADIR/input_Password_password'

03-12-2024T16:54:23 - [TEST_STEP][PASSED] - click(findTestObject("Object Repository/Admin/IzinPulangCepatPage/009/Page_HADIR/div_Laporan")): Object: 'Object Repository/Admin/IzinPulangCepatPage/009/Page_HADIR/div_Laporan' is clicked on

03-12-2024T16:54:25 - [MESSAGE][PASSED] - Object: 'Object Repository/Admin/IzinPulangCepatPage/009/Page_HADIR/div_Laporan' is clicked on

03-12-2024T16:54:25 - [TEST_STEP][PASSED] - click(findTestObject("Object Repository/Admin/IzinPulangCepatPage/009/Page_HADIR/p_Izin Pulang Cepat")): Object: 'Object Repository/Admin/IzinPulangCepatPage/009/Page_HADIR/p_Izin Pulang Cepat' is clicked on

03-12-2024T16:54:26 - [MESSAGE][PASSED] - Object: 'Object Repository/Admin/IzinPulangCepatPage/009/Page_HADIR/p_Izin Pulang Cepat' is clicked on

03-12-2024T16:54:26 - [TEST_STEP][PASSED] - click(findTestObject("Object Repository/Admin/IzinPulangCepatPage/009/Page_HADIR/svg__feather feather-filter")): Object: 'Object Repository/Admin/IzinPulangCepatPage/009/Page_HADIR/svg__feather feather-filter' is clicked on

03-12-2024T16:54:26 - [MESSAGE][PASSED] - Object: 'Object Repository/Admin/IzinPulangCepatPage/009/Page_HADIR/svg__feather feather-filter' is clicked on

03-12-2024T16:54:26 - [TEST_STEP][PASSED] - setText(findTestObject("Object Repository/Admin/IzinPulangCepatPage/009/Page_HADIR/input_Unit_job_departement"), "IT Programmer"): Text 'IT Programmer' is set on object 'Object Repository/Admin/IzinPulangCepatPage/009/Page_HADIR/input_Unit_job_departement'

03-12-2024T16:54:27 - [MESSAGE][PASSED] - Text 'IT Programmer' is set on object 'Object Repository/Admin/IzinPulangCepatPage/009/Page_HADIR/input_Unit_job_departement'

03-12-2024T16:54:27 - [TEST_STEP][PASSED] - sendKeys(findTestObject("Object Repository/Admin/IzinPulangCepatPage/009/Page_HADIR/input_Unit_job_departement"), Keys.chord(DOWN)): Keys 'DOWN + ' sent to object: 'Object Repository/Admin/IzinPulangCepatPage/009/Page_HADIR/input_Unit_job_departement'

03-12-2024T16:54:28 - [MESSAGE][PASSED] - Keys 'DOWN + ' sent to object: 'Object Repository/Admin/IzinPulangCepatPage/009/Page_HADIR/input_Unit_job_departement'

03-12-2024T16:54:28 - [TEST_STEP][PASSED] - sendKeys(findTestObject("Object Repository/Admin/IzinPulangCepatPage/009/Page_HADIR/input_Unit_job_departement"), Keys.chord(ENTER)): Keys 'ENTER + ' sent to object: 'Object Repository/Admin/IzinPulangCepatPage/009/Page_HADIR/input_Unit_job_departement'

03-12-2024T16:54:28 - [MESSAGE][PASSED] - Keys 'ENTER + ' sent to object: 'Object Repository/Admin/IzinPulangCepatPage/009/Page_HADIR/input_Unit_job_departement'

03-12-2024T16:54:28 - [TEST_STEP][PASSED] - click(findTestObject("Object Repository/Admin/IzinPulangCepatPage/002/Page_HADIR/svg_Search_MuiSvgIcon-root MuiSvgIcon-fontS_495b60")): Object: 'Object Repository/Admin/IzinPulangCepatPage/002/Page_HADIR/svg_Search_MuiSvgIcon-root MuiSvgIcon-fontS_495b60' is clicked on

03-12-2024T16:54:56 - [MESSAGE][PASSED] - Object: 'Object Repository/Admin/IzinPulangCepatPage/002/Page_HADIR/svg_Search_MuiSvgIcon-root MuiSvgIcon-fontS_495b60' is clicked on

03-12-2024T16:54:56 - [TEST_STEP][PASSED] - actualNama = getText(findTestObject("Object Repository/Admin/IzinPulangCepatPage/009/Page_HADIR/td_nama")): Text of object 'Object Repository/Admin/IzinPulangCepatPage/009/Page_HADIR/td_nama' is: 'kazama'

03-12-2024T16:54:56 - [MESSAGE][PASSED] - Text of object 'Object Repository/Admin/IzinPulangCepatPage/009/Page_HADIR/td_nama' is: 'kazama'

03-12-2024T16:54:56 - [TEST_STEP][PASSED] - actualUnit = getText(findTestObject("Object Repository/Admin/IzinPulangCepatPage/009/Page_HADIR/td_unit")): Text of object 'Object Repository/Admin/IzinPulangCepatPage/009/Page_HADIR/td_unit' is: 'IT Programmer'

03-12-2024T16:54:57 - [MESSAGE][PASSED] - Text of object 'Object Repository/Admin/IzinPulangCepatPage/009/Page_HADIR/td_unit' is: 'IT Programmer'

03-12-2024T16:54:57 - [TEST_STEP][PASSED] - expectedNama = "kazama": null

03-12-2024T16:54:57 - [TEST_STEP][PASSED] - expectedUnit = "IT Programmer": null

03-12-2024T16:54:57 - [TEST_STEP][PASSED] - assert actualNama == expectedNama: null

03-12-2024T16:54:57 - [TEST_STEP][PASSED] - assert actualUnit == expectedUnit: null

03-12-2024T16:54:57 - [TEST_STEP][PASSED] - closeBrowser(): Browser is closed

03-12-2024T16:54:57 - [MESSAGE][PASSED] - Browser is closed]]></system-out>
         <system-err><![CDATA[]]></system-err>
      </testcase>
      <testcase name="Test Cases/Admin/Laporan/01 Izin Pulang Cepat/TCC.Hadir.04.010" time="8.745" classname="Test Cases/Admin/Laporan/01 Izin Pulang Cepat/TCC.Hadir.04.010" status="PASSED">
         <system-out><![CDATA[03-12-2024T16:54:57 - [TEST_CASE][PASSED] - Test Cases/Admin/Laporan/01 Izin Pulang Cepat/TCC.Hadir.04.010: Test Cases/Admin/Laporan/01 Izin Pulang Cepat/TCC.Hadir.04.010

03-12-2024T16:54:57 - [TEST_STEP][PASSED] - openBrowser(""): Browser is opened with url: ''

03-12-2024T16:54:57 - [MESSAGE][INFO] - Starting 'Chrome' driver

03-12-2024T16:54:57 - [MESSAGE][INFO] - Action delay is set to 0 milliseconds

03-12-2024T16:54:57 - [MESSAGE][PASSED] - Browser is opened with url: ''

03-12-2024T16:54:57 - [TEST_STEP][PASSED] - maximizeWindow(): Current window maximized

03-12-2024T16:54:57 - [MESSAGE][PASSED] - Current window maximized

03-12-2024T16:54:57 - [TEST_STEP][PASSED] - navigateToUrl("https://magang.dikahadir.com/authentication/login"): Navigate to 'https://magang.dikahadir.com/authentication/login' successfully

03-12-2024T16:54:58 - [MESSAGE][PASSED] - Navigate to 'https://magang.dikahadir.com/authentication/login' successfully

03-12-2024T16:54:58 - [TEST_STEP][PASSED] - setText(findTestObject("Object Repository/Admin/IzinPulangCepatPage/009/Page_HADIR/input_Email_email"), "Admin@hadir.com"): Text 'Admin@hadir.com' is set on object 'Object Repository/Admin/IzinPulangCepatPage/009/Page_HADIR/input_Email_email'

03-12-2024T16:54:58 - [MESSAGE][PASSED] - Text 'Admin@hadir.com' is set on object 'Object Repository/Admin/IzinPulangCepatPage/009/Page_HADIR/input_Email_email'

03-12-2024T16:54:58 - [TEST_STEP][PASSED] - setEncryptedText(findTestObject("Object Repository/Admin/IzinPulangCepatPage/009/Page_HADIR/input_Password_password"), "aSC42nPN26UggVXAwmiGmQ=="): Text ****** has been set on object 'Object Repository/Admin/IzinPulangCepatPage/009/Page_HADIR/input_Password_password'

03-12-2024T16:54:59 - [MESSAGE][PASSED] - Text ****** has been set on object 'Object Repository/Admin/IzinPulangCepatPage/009/Page_HADIR/input_Password_password'

03-12-2024T16:54:59 - [TEST_STEP][PASSED] - sendKeys(findTestObject("Object Repository/Admin/IzinPulangCepatPage/009/Page_HADIR/input_Password_password"), Keys.chord(ENTER)): Keys 'ENTER + ' sent to object: 'Object Repository/Admin/IzinPulangCepatPage/009/Page_HADIR/input_Password_password'

03-12-2024T16:54:59 - [MESSAGE][PASSED] - Keys 'ENTER + ' sent to object: 'Object Repository/Admin/IzinPulangCepatPage/009/Page_HADIR/input_Password_password'

03-12-2024T16:54:59 - [TEST_STEP][PASSED] - click(findTestObject("Object Repository/Admin/IzinPulangCepatPage/009/Page_HADIR/div_Laporan")): Object: 'Object Repository/Admin/IzinPulangCepatPage/009/Page_HADIR/div_Laporan' is clicked on

03-12-2024T16:55:00 - [MESSAGE][PASSED] - Object: 'Object Repository/Admin/IzinPulangCepatPage/009/Page_HADIR/div_Laporan' is clicked on

03-12-2024T16:55:00 - [TEST_STEP][PASSED] - click(findTestObject("Object Repository/Admin/IzinPulangCepatPage/009/Page_HADIR/p_Izin Pulang Cepat")): Object: 'Object Repository/Admin/IzinPulangCepatPage/009/Page_HADIR/p_Izin Pulang Cepat' is clicked on

03-12-2024T16:55:02 - [MESSAGE][PASSED] - Object: 'Object Repository/Admin/IzinPulangCepatPage/009/Page_HADIR/p_Izin Pulang Cepat' is clicked on

03-12-2024T16:55:02 - [TEST_STEP][PASSED] - click(findTestObject("Object Repository/Admin/IzinPulangCepatPage/009/Page_HADIR/svg__feather feather-filter")): Object: 'Object Repository/Admin/IzinPulangCepatPage/009/Page_HADIR/svg__feather feather-filter' is clicked on

03-12-2024T16:55:02 - [MESSAGE][PASSED] - Object: 'Object Repository/Admin/IzinPulangCepatPage/009/Page_HADIR/svg__feather feather-filter' is clicked on

03-12-2024T16:55:02 - [TEST_STEP][PASSED] - setText(findTestObject("Object Repository/Admin/IzinPulangCepatPage/009/Page_HADIR/input_Unit_job_departement"), "Keuangan"): Text 'Keuangan' is set on object 'Object Repository/Admin/IzinPulangCepatPage/009/Page_HADIR/input_Unit_job_departement'

03-12-2024T16:55:03 - [MESSAGE][PASSED] - Text 'Keuangan' is set on object 'Object Repository/Admin/IzinPulangCepatPage/009/Page_HADIR/input_Unit_job_departement'

03-12-2024T16:55:03 - [TEST_STEP][PASSED] - sendKeys(findTestObject("Object Repository/Admin/IzinPulangCepatPage/009/Page_HADIR/input_Unit_job_departement"), Keys.chord(ENTER)): Keys 'ENTER + ' sent to object: 'Object Repository/Admin/IzinPulangCepatPage/009/Page_HADIR/input_Unit_job_departement'

03-12-2024T16:55:04 - [MESSAGE][PASSED] - Keys 'ENTER + ' sent to object: 'Object Repository/Admin/IzinPulangCepatPage/009/Page_HADIR/input_Unit_job_departement'

03-12-2024T16:55:04 - [TEST_STEP][PASSED] - click(findTestObject("Object Repository/Admin/IzinPulangCepatPage/002/Page_HADIR/svg_Search_MuiSvgIcon-root MuiSvgIcon-fontS_495b60")): Object: 'Object Repository/Admin/IzinPulangCepatPage/002/Page_HADIR/svg_Search_MuiSvgIcon-root MuiSvgIcon-fontS_495b60' is clicked on

03-12-2024T16:55:05 - [MESSAGE][PASSED] - Object: 'Object Repository/Admin/IzinPulangCepatPage/002/Page_HADIR/svg_Search_MuiSvgIcon-root MuiSvgIcon-fontS_495b60' is clicked on

03-12-2024T16:55:05 - [TEST_STEP][PASSED] - actualUnit = getText(findTestObject("Object Repository/Admin/IzinPulangCepatPage/009/Page_HADIR/td_unit")): Text of object 'Object Repository/Admin/IzinPulangCepatPage/009/Page_HADIR/td_unit' is: 'IT Programmer'

03-12-2024T16:55:05 - [MESSAGE][PASSED] - Text of object 'Object Repository/Admin/IzinPulangCepatPage/009/Page_HADIR/td_unit' is: 'IT Programmer'

03-12-2024T16:55:05 - [TEST_STEP][PASSED] - expectedUnit = "Keuangan": null

03-12-2024T16:55:05 - [TEST_STEP][PASSED] - assert actualUnit != expectedUnit: null

03-12-2024T16:55:05 - [TEST_STEP][PASSED] - closeBrowser(): Browser is closed

03-12-2024T16:55:05 - [MESSAGE][PASSED] - Browser is closed]]></system-out>
         <system-err><![CDATA[]]></system-err>
      </testcase>
      <testcase name="Test Cases/Admin/Laporan/01 Izin Pulang Cepat/TCC.Hadir.04.012" time="9.917" classname="Test Cases/Admin/Laporan/01 Izin Pulang Cepat/TCC.Hadir.04.012" status="PASSED">
         <system-out><![CDATA[03-12-2024T16:55:05 - [TEST_CASE][PASSED] - Test Cases/Admin/Laporan/01 Izin Pulang Cepat/TCC.Hadir.04.012: Test Cases/Admin/Laporan/01 Izin Pulang Cepat/TCC.Hadir.04.012

03-12-2024T16:55:05 - [TEST_STEP][PASSED] - openBrowser(""): Browser is opened with url: ''

03-12-2024T16:55:05 - [MESSAGE][INFO] - Starting 'Chrome' driver

03-12-2024T16:55:05 - [MESSAGE][INFO] - Action delay is set to 0 milliseconds

03-12-2024T16:55:06 - [MESSAGE][PASSED] - Browser is opened with url: ''

03-12-2024T16:55:06 - [TEST_STEP][PASSED] - maximizeWindow(): Current window maximized

03-12-2024T16:55:06 - [MESSAGE][PASSED] - Current window maximized

03-12-2024T16:55:06 - [TEST_STEP][PASSED] - navigateToUrl("https://magang.dikahadir.com/authentication/login"): Navigate to 'https://magang.dikahadir.com/authentication/login' successfully

03-12-2024T16:55:07 - [MESSAGE][PASSED] - Navigate to 'https://magang.dikahadir.com/authentication/login' successfully

03-12-2024T16:55:07 - [TEST_STEP][PASSED] - setText(findTestObject("Object Repository/Admin/IzinPulangCepatPage/009/Page_HADIR/input_Email_email"), "Admin@hadir.com"): Text 'Admin@hadir.com' is set on object 'Object Repository/Admin/IzinPulangCepatPage/009/Page_HADIR/input_Email_email'

03-12-2024T16:55:07 - [MESSAGE][PASSED] - Text 'Admin@hadir.com' is set on object 'Object Repository/Admin/IzinPulangCepatPage/009/Page_HADIR/input_Email_email'

03-12-2024T16:55:07 - [TEST_STEP][PASSED] - setEncryptedText(findTestObject("Object Repository/Admin/IzinPulangCepatPage/009/Page_HADIR/input_Password_password"), "aSC42nPN26UggVXAwmiGmQ=="): Text ****** has been set on object 'Object Repository/Admin/IzinPulangCepatPage/009/Page_HADIR/input_Password_password'

03-12-2024T16:55:08 - [MESSAGE][PASSED] - Text ****** has been set on object 'Object Repository/Admin/IzinPulangCepatPage/009/Page_HADIR/input_Password_password'

03-12-2024T16:55:08 - [TEST_STEP][PASSED] - sendKeys(findTestObject("Object Repository/Admin/IzinPulangCepatPage/009/Page_HADIR/input_Password_password"), Keys.chord(ENTER)): Keys 'ENTER + ' sent to object: 'Object Repository/Admin/IzinPulangCepatPage/009/Page_HADIR/input_Password_password'

03-12-2024T16:55:08 - [MESSAGE][PASSED] - Keys 'ENTER + ' sent to object: 'Object Repository/Admin/IzinPulangCepatPage/009/Page_HADIR/input_Password_password'

03-12-2024T16:55:08 - [TEST_STEP][PASSED] - click(findTestObject("Object Repository/Admin/IzinPulangCepatPage/009/Page_HADIR/div_Laporan")): Object: 'Object Repository/Admin/IzinPulangCepatPage/009/Page_HADIR/div_Laporan' is clicked on

03-12-2024T16:55:09 - [MESSAGE][PASSED] - Object: 'Object Repository/Admin/IzinPulangCepatPage/009/Page_HADIR/div_Laporan' is clicked on

03-12-2024T16:55:09 - [TEST_STEP][PASSED] - click(findTestObject("Object Repository/Admin/IzinPulangCepatPage/009/Page_HADIR/p_Izin Pulang Cepat")): Object: 'Object Repository/Admin/IzinPulangCepatPage/009/Page_HADIR/p_Izin Pulang Cepat' is clicked on

03-12-2024T16:55:10 - [MESSAGE][PASSED] - Object: 'Object Repository/Admin/IzinPulangCepatPage/009/Page_HADIR/p_Izin Pulang Cepat' is clicked on

03-12-2024T16:55:10 - [TEST_STEP][PASSED] - click(findTestObject("Object Repository/Admin/IzinPulangCepatPage/009/Page_HADIR/svg__feather feather-filter")): Object: 'Object Repository/Admin/IzinPulangCepatPage/009/Page_HADIR/svg__feather feather-filter' is clicked on

03-12-2024T16:55:13 - [MESSAGE][PASSED] - Object: 'Object Repository/Admin/IzinPulangCepatPage/009/Page_HADIR/svg__feather feather-filter' is clicked on

03-12-2024T16:55:13 - [TEST_STEP][PASSED] - setText(findTestObject("Object Repository/Admin/IzinPulangCepatPage/009/Page_HADIR/input_Unit_job_departement"), "Keuangan"): Text 'Keuangan' is set on object 'Object Repository/Admin/IzinPulangCepatPage/009/Page_HADIR/input_Unit_job_departement'

03-12-2024T16:55:14 - [MESSAGE][PASSED] - Text 'Keuangan' is set on object 'Object Repository/Admin/IzinPulangCepatPage/009/Page_HADIR/input_Unit_job_departement'

03-12-2024T16:55:14 - [TEST_STEP][PASSED] - waitForElementVisible(findTestObject("Object Repository/Admin/IzinPulangCepatPage/009/Page_HADIR/modal_Filter"), 10): Object 'Object Repository/Admin/IzinPulangCepatPage/009/Page_HADIR/modal_Filter' is visible

03-12-2024T16:55:15 - [MESSAGE][PASSED] - Object 'Object Repository/Admin/IzinPulangCepatPage/009/Page_HADIR/modal_Filter' is visible

03-12-2024T16:55:15 - [TEST_STEP][PASSED] - click(findTestObject("Object Repository/Admin/IzinPulangCepatPage/009/Page_HADIR/ButtonbatalFilter")): Object: 'Object Repository/Admin/IzinPulangCepatPage/009/Page_HADIR/ButtonbatalFilter' is clicked on

03-12-2024T16:55:15 - [MESSAGE][PASSED] - Object: 'Object Repository/Admin/IzinPulangCepatPage/009/Page_HADIR/ButtonbatalFilter' is clicked on

03-12-2024T16:55:15 - [TEST_STEP][PASSED] - closeBrowser(): Browser is closed

03-12-2024T16:55:15 - [MESSAGE][PASSED] - Browser is closed]]></system-out>
         <system-err><![CDATA[]]></system-err>
      </testcase>
      <testcase name="Test Cases/Admin/Laporan/01 Izin Pulang Cepat/TCC.Hadir.04.013" time="8.597" classname="Test Cases/Admin/Laporan/01 Izin Pulang Cepat/TCC.Hadir.04.013" status="PASSED">
         <system-out><![CDATA[03-12-2024T16:55:15 - [TEST_CASE][PASSED] - Test Cases/Admin/Laporan/01 Izin Pulang Cepat/TCC.Hadir.04.013: Test Cases/Admin/Laporan/01 Izin Pulang Cepat/TCC.Hadir.04.013

03-12-2024T16:55:15 - [TEST_STEP][PASSED] - openBrowser(""): Browser is opened with url: ''

03-12-2024T16:55:15 - [MESSAGE][INFO] - Starting 'Chrome' driver

03-12-2024T16:55:15 - [MESSAGE][INFO] - Action delay is set to 0 milliseconds

03-12-2024T16:55:16 - [MESSAGE][PASSED] - Browser is opened with url: ''

03-12-2024T16:55:16 - [TEST_STEP][PASSED] - maximizeWindow(): Current window maximized

03-12-2024T16:55:16 - [MESSAGE][PASSED] - Current window maximized

03-12-2024T16:55:16 - [TEST_STEP][PASSED] - navigateToUrl("https://magang.dikahadir.com/authentication/login"): Navigate to 'https://magang.dikahadir.com/authentication/login' successfully

03-12-2024T16:55:16 - [MESSAGE][PASSED] - Navigate to 'https://magang.dikahadir.com/authentication/login' successfully

03-12-2024T16:55:16 - [TEST_STEP][PASSED] - setText(findTestObject("Object Repository/Admin/IzinPulangCepatPage/009/Page_HADIR/input_Email_email"), "Admin@hadir.com"): Text 'Admin@hadir.com' is set on object 'Object Repository/Admin/IzinPulangCepatPage/009/Page_HADIR/input_Email_email'

03-12-2024T16:55:17 - [MESSAGE][PASSED] - Text 'Admin@hadir.com' is set on object 'Object Repository/Admin/IzinPulangCepatPage/009/Page_HADIR/input_Email_email'

03-12-2024T16:55:17 - [TEST_STEP][PASSED] - setEncryptedText(findTestObject("Object Repository/Admin/IzinPulangCepatPage/009/Page_HADIR/input_Password_password"), "aSC42nPN26UggVXAwmiGmQ=="): Text ****** has been set on object 'Object Repository/Admin/IzinPulangCepatPage/009/Page_HADIR/input_Password_password'

03-12-2024T16:55:17 - [MESSAGE][PASSED] - Text ****** has been set on object 'Object Repository/Admin/IzinPulangCepatPage/009/Page_HADIR/input_Password_password'

03-12-2024T16:55:17 - [TEST_STEP][PASSED] - sendKeys(findTestObject("Object Repository/Admin/IzinPulangCepatPage/009/Page_HADIR/input_Password_password"), Keys.chord(ENTER)): Keys 'ENTER + ' sent to object: 'Object Repository/Admin/IzinPulangCepatPage/009/Page_HADIR/input_Password_password'

03-12-2024T16:55:18 - [MESSAGE][PASSED] - Keys 'ENTER + ' sent to object: 'Object Repository/Admin/IzinPulangCepatPage/009/Page_HADIR/input_Password_password'

03-12-2024T16:55:18 - [TEST_STEP][PASSED] - click(findTestObject("Object Repository/Admin/IzinPulangCepatPage/009/Page_HADIR/div_Laporan")): Object: 'Object Repository/Admin/IzinPulangCepatPage/009/Page_HADIR/div_Laporan' is clicked on

03-12-2024T16:55:19 - [MESSAGE][PASSED] - Object: 'Object Repository/Admin/IzinPulangCepatPage/009/Page_HADIR/div_Laporan' is clicked on

03-12-2024T16:55:19 - [TEST_STEP][PASSED] - click(findTestObject("Object Repository/Admin/IzinPulangCepatPage/009/Page_HADIR/p_Izin Pulang Cepat")): Object: 'Object Repository/Admin/IzinPulangCepatPage/009/Page_HADIR/p_Izin Pulang Cepat' is clicked on

03-12-2024T16:55:20 - [MESSAGE][PASSED] - Object: 'Object Repository/Admin/IzinPulangCepatPage/009/Page_HADIR/p_Izin Pulang Cepat' is clicked on

03-12-2024T16:55:20 - [TEST_STEP][PASSED] - click(findTestObject("Object Repository/Admin/IzinPulangCepatPage/009/Page_HADIR/svg__feather feather-filter")): Object: 'Object Repository/Admin/IzinPulangCepatPage/009/Page_HADIR/svg__feather feather-filter' is clicked on

03-12-2024T16:55:21 - [MESSAGE][PASSED] - Object: 'Object Repository/Admin/IzinPulangCepatPage/009/Page_HADIR/svg__feather feather-filter' is clicked on

03-12-2024T16:55:21 - [TEST_STEP][PASSED] - waitForElementVisible(findTestObject("Object Repository/Admin/IzinPulangCepatPage/009/Page_HADIR/modal_Filter"), 10): Object 'Object Repository/Admin/IzinPulangCepatPage/009/Page_HADIR/modal_Filter' is visible

03-12-2024T16:55:21 - [MESSAGE][PASSED] - Object 'Object Repository/Admin/IzinPulangCepatPage/009/Page_HADIR/modal_Filter' is visible

03-12-2024T16:55:21 - [TEST_STEP][PASSED] - setText(findTestObject("Object Repository/Admin/IzinPulangCepatPage/009/Page_HADIR/input_Unit_job_departement"), "IT Programmer"): Text 'IT Programmer' is set on object 'Object Repository/Admin/IzinPulangCepatPage/009/Page_HADIR/input_Unit_job_departement'

03-12-2024T16:55:22 - [MESSAGE][PASSED] - Text 'IT Programmer' is set on object 'Object Repository/Admin/IzinPulangCepatPage/009/Page_HADIR/input_Unit_job_departement'

03-12-2024T16:55:22 - [TEST_STEP][PASSED] - click(findTestObject("Admin/IzinPulangCepatPage/009/Page_HADIR/buttonX")): Object: 'Object Repository/Admin/IzinPulangCepatPage/009/Page_HADIR/buttonX' is clicked on

03-12-2024T16:55:23 - [MESSAGE][PASSED] - Object: 'Object Repository/Admin/IzinPulangCepatPage/009/Page_HADIR/buttonX' is clicked on

03-12-2024T16:55:23 - [TEST_STEP][PASSED] - waitForElementAttributeValue(findTestObject("Object Repository/Admin/IzinPulangCepatPage/009/Page_HADIR/input_Unit_job_departement"), "value", "", 10): Object 'Object Repository/Admin/IzinPulangCepatPage/009/Page_HADIR/input_Unit_job_departement' has attribute 'value' with value ''

03-12-2024T16:55:24 - [MESSAGE][PASSED] - Object 'Object Repository/Admin/IzinPulangCepatPage/009/Page_HADIR/input_Unit_job_departement' has attribute 'value' with value ''

03-12-2024T16:55:24 - [TEST_STEP][PASSED] - unitValueAfterClear = getAttribute(findTestObject("Object Repository/Admin/IzinPulangCepatPage/009/Page_HADIR/input_Unit_job_departement"), "value"): Attribute 'value' of object 'Object Repository/Admin/IzinPulangCepatPage/009/Page_HADIR/input_Unit_job_departement' is: ''

03-12-2024T16:55:24 - [MESSAGE][PASSED] - Attribute 'value' of object 'Object Repository/Admin/IzinPulangCepatPage/009/Page_HADIR/input_Unit_job_departement' is: ''

03-12-2024T16:55:24 - [TEST_STEP][PASSED] - assert unitValueAfterClear == "": null

03-12-2024T16:55:24 - [TEST_STEP][PASSED] - closeBrowser(): Browser is closed

03-12-2024T16:55:24 - [MESSAGE][PASSED] - Browser is closed]]></system-out>
         <system-err><![CDATA[]]></system-err>
      </testcase>
      <testcase name="Test Cases/Admin/Laporan/01 Izin Pulang Cepat/TCC.Hadir.04.011" time="21.826" classname="Test Cases/Admin/Laporan/01 Izin Pulang Cepat/TCC.Hadir.04.011" status="PASSED">
         <system-out><![CDATA[03-12-2024T16:55:24 - [TEST_CASE][PASSED] - Test Cases/Admin/Laporan/01 Izin Pulang Cepat/TCC.Hadir.04.011: Test Cases/Admin/Laporan/01 Izin Pulang Cepat/TCC.Hadir.04.011

03-12-2024T16:55:24 - [TEST_STEP][PASSED] - openBrowser(""): Browser is opened with url: ''

03-12-2024T16:55:24 - [MESSAGE][INFO] - Starting 'Chrome' driver

03-12-2024T16:55:24 - [MESSAGE][INFO] - Action delay is set to 0 milliseconds

03-12-2024T16:55:25 - [MESSAGE][PASSED] - Browser is opened with url: ''

03-12-2024T16:55:25 - [TEST_STEP][PASSED] - maximizeWindow(): Current window maximized

03-12-2024T16:55:25 - [MESSAGE][PASSED] - Current window maximized

03-12-2024T16:55:25 - [TEST_STEP][PASSED] - navigateToUrl("https://magang.dikahadir.com/authentication/login"): Navigate to 'https://magang.dikahadir.com/authentication/login' successfully

03-12-2024T16:55:25 - [MESSAGE][PASSED] - Navigate to 'https://magang.dikahadir.com/authentication/login' successfully

03-12-2024T16:55:25 - [TEST_STEP][PASSED] - setText(findTestObject("Object Repository/Admin/IzinPulangCepatPage/002/Page_HADIR/input_Email_email"), "Admin@hadir.com"): Text 'Admin@hadir.com' is set on object 'Object Repository/Admin/IzinPulangCepatPage/002/Page_HADIR/input_Email_email'

03-12-2024T16:55:26 - [MESSAGE][PASSED] - Text 'Admin@hadir.com' is set on object 'Object Repository/Admin/IzinPulangCepatPage/002/Page_HADIR/input_Email_email'

03-12-2024T16:55:26 - [TEST_STEP][PASSED] - setEncryptedText(findTestObject("Object Repository/Admin/IzinPulangCepatPage/002/Page_HADIR/input_Password_password"), "aSC42nPN26UggVXAwmiGmQ=="): Text ****** has been set on object 'Object Repository/Admin/IzinPulangCepatPage/002/Page_HADIR/input_Password_password'

03-12-2024T16:55:26 - [MESSAGE][PASSED] - Text ****** has been set on object 'Object Repository/Admin/IzinPulangCepatPage/002/Page_HADIR/input_Password_password'

03-12-2024T16:55:26 - [TEST_STEP][PASSED] - click(findTestObject("Object Repository/Admin/IzinPulangCepatPage/002/Page_HADIR/button_Masuk")): Object: 'Object Repository/Admin/IzinPulangCepatPage/002/Page_HADIR/button_Masuk' is clicked on

03-12-2024T16:55:26 - [MESSAGE][PASSED] - Object: 'Object Repository/Admin/IzinPulangCepatPage/002/Page_HADIR/button_Masuk' is clicked on

03-12-2024T16:55:26 - [TEST_STEP][PASSED] - click(findTestObject("Object Repository/Admin/IzinPulangCepatPage/002/Page_HADIR/div_Laporan")): Object: 'Object Repository/Admin/IzinPulangCepatPage/002/Page_HADIR/div_Laporan' is clicked on

03-12-2024T16:55:32 - [MESSAGE][PASSED] - Object: 'Object Repository/Admin/IzinPulangCepatPage/002/Page_HADIR/div_Laporan' is clicked on

03-12-2024T16:55:32 - [TEST_STEP][PASSED] - click(findTestObject("Object Repository/Admin/IzinPulangCepatPage/002/Page_HADIR/p_Izin Pulang Cepat")): Object: 'Object Repository/Admin/IzinPulangCepatPage/002/Page_HADIR/p_Izin Pulang Cepat' is clicked on

03-12-2024T16:55:33 - [MESSAGE][PASSED] - Object: 'Object Repository/Admin/IzinPulangCepatPage/002/Page_HADIR/p_Izin Pulang Cepat' is clicked on

03-12-2024T16:55:33 - [TEST_STEP][PASSED] - setText(findTestObject("Object Repository/Admin/IzinPulangCepatPage/002/Page_HADIR/input_Search_search"), "Agung Aji Nugraha"): Text 'Agung Aji Nugraha' is set on object 'Object Repository/Admin/IzinPulangCepatPage/002/Page_HADIR/input_Search_search'

03-12-2024T16:55:34 - [MESSAGE][PASSED] - Text 'Agung Aji Nugraha' is set on object 'Object Repository/Admin/IzinPulangCepatPage/002/Page_HADIR/input_Search_search'

03-12-2024T16:55:34 - [TEST_STEP][PASSED] - click(findTestObject("Object Repository/Admin/IzinPulangCepatPage/009/Page_HADIR/svg__feather feather-filter")): Object: 'Object Repository/Admin/IzinPulangCepatPage/009/Page_HADIR/svg__feather feather-filter' is clicked on

03-12-2024T16:55:34 - [MESSAGE][PASSED] - Object: 'Object Repository/Admin/IzinPulangCepatPage/009/Page_HADIR/svg__feather feather-filter' is clicked on

03-12-2024T16:55:34 - [TEST_STEP][PASSED] - setText(findTestObject("Object Repository/Admin/IzinPulangCepatPage/009/Page_HADIR/input_Unit_job_departement"), "AMEX MERCHANT"): Text 'AMEX MERCHANT' is set on object 'Object Repository/Admin/IzinPulangCepatPage/009/Page_HADIR/input_Unit_job_departement'

03-12-2024T16:55:35 - [MESSAGE][PASSED] - Text 'AMEX MERCHANT' is set on object 'Object Repository/Admin/IzinPulangCepatPage/009/Page_HADIR/input_Unit_job_departement'

03-12-2024T16:55:35 - [TEST_STEP][PASSED] - sendKeys(findTestObject("Object Repository/Admin/IzinPulangCepatPage/009/Page_HADIR/input_Unit_job_departement"), Keys.chord(DOWN)): Keys 'DOWN + ' sent to object: 'Object Repository/Admin/IzinPulangCepatPage/009/Page_HADIR/input_Unit_job_departement'

03-12-2024T16:55:36 - [MESSAGE][PASSED] - Keys 'DOWN + ' sent to object: 'Object Repository/Admin/IzinPulangCepatPage/009/Page_HADIR/input_Unit_job_departement'

03-12-2024T16:55:36 - [TEST_STEP][PASSED] - sendKeys(findTestObject("Object Repository/Admin/IzinPulangCepatPage/009/Page_HADIR/input_Unit_job_departement"), Keys.chord(ENTER)): Keys 'ENTER + ' sent to object: 'Object Repository/Admin/IzinPulangCepatPage/009/Page_HADIR/input_Unit_job_departement'

03-12-2024T16:55:36 - [MESSAGE][PASSED] - Keys 'ENTER + ' sent to object: 'Object Repository/Admin/IzinPulangCepatPage/009/Page_HADIR/input_Unit_job_departement'

03-12-2024T16:55:36 - [TEST_STEP][PASSED] - click(findTestObject("Object Repository/Admin/IzinPulangCepatPage/002/Page_HADIR/svg_Search_MuiSvgIcon-root MuiSvgIcon-fontS_495b60")): Object: 'Object Repository/Admin/IzinPulangCepatPage/002/Page_HADIR/svg_Search_MuiSvgIcon-root MuiSvgIcon-fontS_495b60' is clicked on

03-12-2024T16:55:45 - [MESSAGE][PASSED] - Object: 'Object Repository/Admin/IzinPulangCepatPage/002/Page_HADIR/svg_Search_MuiSvgIcon-root MuiSvgIcon-fontS_495b60' is clicked on

03-12-2024T16:55:45 - [TEST_STEP][PASSED] - actualNama = getText(findTestObject("Object Repository/Admin/IzinPulangCepatPage/009/Page_HADIR/td_nama")): Text of object 'Object Repository/Admin/IzinPulangCepatPage/009/Page_HADIR/td_nama' is: 'Agung Aji Nugraha'

03-12-2024T16:55:45 - [MESSAGE][PASSED] - Text of object 'Object Repository/Admin/IzinPulangCepatPage/009/Page_HADIR/td_nama' is: 'Agung Aji Nugraha'

03-12-2024T16:55:45 - [TEST_STEP][PASSED] - actualUnit = getText(findTestObject("Object Repository/Admin/IzinPulangCepatPage/009/Page_HADIR/td_unit")): Text of object 'Object Repository/Admin/IzinPulangCepatPage/009/Page_HADIR/td_unit' is: 'AMEX MERCHANT'

03-12-2024T16:55:46 - [MESSAGE][PASSED] - Text of object 'Object Repository/Admin/IzinPulangCepatPage/009/Page_HADIR/td_unit' is: 'AMEX MERCHANT'

03-12-2024T16:55:46 - [TEST_STEP][PASSED] - expectedNama = "Agung Aji Nugraha": null

03-12-2024T16:55:46 - [TEST_STEP][PASSED] - expectedUnit = "AMEX MERCHANT": null

03-12-2024T16:55:46 - [TEST_STEP][PASSED] - assert actualNama == expectedNama: null

03-12-2024T16:55:46 - [TEST_STEP][PASSED] - assert actualUnit == expectedUnit: null

03-12-2024T16:55:46 - [TEST_STEP][PASSED] - closeBrowser(): Browser is closed

03-12-2024T16:55:46 - [MESSAGE][PASSED] - Browser is closed]]></system-out>
         <system-err><![CDATA[]]></system-err>
      </testcase>
      <system-out><![CDATA[03-12-2024T16:52:33 - [TEST_SUITE][FAILED] - Izin Pulang Cepat: Test Cases/Admin/Laporan/01 Izin Pulang Cepat/TCC.Hadir.04.009 FAILED.
Reason:
com.kms.katalon.core.exception.StepFailedException: Unable to click on object 'Object Repository/Admin/IzinPulangCepatPage/002/Page_HADIR/svg_Search_MuiSvgIcon-root MuiSvgIcon-fontS_495b60'
	at com.kms.katalon.core.webui.keyword.internal.WebUIKeywordMain.stepFailed(WebUIKeywordMain.groovy:117)
	at com.kms.katalon.core.webui.keyword.internal.WebUIKeywordMain.runKeyword(WebUIKeywordMain.groovy:43)
	at com.kms.katalon.core.webui.keyword.builtin.ClickKeyword.click(ClickKeyword.groovy:75)
	at com.kms.katalon.core.webui.keyword.builtin.ClickKeyword.execute(ClickKeyword.groovy:40)
	at com.kms.katalon.core.keyword.internal.KeywordExecutor.executeKeywordForPlatform(KeywordExecutor.groovy:74)
	at com.kms.katalon.core.webui.keyword.WebUiBuiltInKeywords.click(WebUiBuiltInKeywords.groovy:696)
	at TCC.Hadir.04.009.run(TCC.Hadir.04.009:49)
	at com.kms.katalon.core.main.ScriptEngine.run(ScriptEngine.java:194)
	at com.kms.katalon.core.main.ScriptEngine.runScriptAsRawText(ScriptEngine.java:119)
	at com.kms.katalon.core.main.TestCaseExecutor.runScript(TestCaseExecutor.java:448)
	at com.kms.katalon.core.main.TestCaseExecutor.doExecute(TestCaseExecutor.java:439)
	at com.kms.katalon.core.main.TestCaseExecutor.processExecutionPhase(TestCaseExecutor.java:418)
	at com.kms.katalon.core.main.TestCaseExecutor.accessMainPhase(TestCaseExecutor.java:410)
	at com.kms.katalon.core.main.TestCaseExecutor.execute(TestCaseExecutor.java:285)
	at com.kms.katalon.core.common.CommonExecutor.accessTestCaseMainPhase(CommonExecutor.java:65)
	at com.kms.katalon.core.main.TestSuiteExecutor.accessTestSuiteMainPhase(TestSuiteExecutor.java:161)
	at com.kms.katalon.core.main.TestSuiteExecutor.execute(TestSuiteExecutor.java:107)
	at com.kms.katalon.core.main.TestCaseMain.startTestSuite(TestCaseMain.java:176)
	at TempTestSuite1733219470027.run(TempTestSuite1733219470027.groovy:35)
	at java.base/jdk.internal.reflect.NativeMethodAccessorImpl.invoke0(Native Method)
	at java.base/jdk.internal.reflect.NativeMethodAccessorImpl.invoke(NativeMethodAccessorImpl.java:77)
	at java.base/jdk.internal.reflect.DelegatingMethodAccessorImpl.invoke(DelegatingMethodAccessorImpl.java:43)
Caused by: org.openqa.selenium.ElementClickInterceptedException: element click intercepted: Element <svg class="MuiSvgIcon-root MuiSvgIcon-fontSizeSmall css-1k33q06" focusable="false" aria-hidden="true" viewBox="0 0 24 24" data-testid="SearchIcon">...</svg> is not clickable at point (1475, 171). Other element would receive the click: <div class="MuiDialog-container MuiDialog-scrollPaper css-ekeie0" role="presentation" tabindex="-1" style="opacity: 1; transition: opacity 225ms cubic-bezier(0.4, 0, 0.2, 1);">...</div>
  (Session info: chrome=131.0.6778.86)
Build info: version: '4.22.0', revision: 'c5f3146703'
System info: os.name: 'Windows 10', os.arch: 'amd64', os.version: '10.0', java.version: '17.0.7'
Driver info: com.kms.katalon.selenium.driver.CChromeDriver
Command: [895a2a8da41dc0658d5b27cf83f7128c, clickElement {id=f.7D920C2D4693FDED7F07A3F6E228B7A7.d.94C313F44BB00D4C3AD2338CB462D1DD.e.73}]
Capabilities {acceptInsecureCerts: false, browserName: chrome, browserVersion: 131.0.6778.86, chrome: {chromedriverVersion: 130.0.6723.91 (53ac07678369..., userDataDir: C:\Users\User\AppData\Local...}, fedcm:accounts: true, goog:chromeOptions: {debuggerAddress: localhost:58741}, networkConnectionEnabled: false, pageLoadStrategy: normal, platformName: windows, proxy: Proxy(), se:cdp: ws://localhost:58741/devtoo..., se:cdpVersion: 131.0.6778.86, setWindowRect: true, strictFileInteractability: false, timeouts: {implicit: 0, pageLoad: 300000, script: 30000}, unhandledPromptBehavior: ignore, webSocketUrl: ws://localhost:29317/sessio..., webauthn:extension:credBlob: true, webauthn:extension:largeBlob: true, webauthn:extension:minPinLength: true, webauthn:extension:prf: true, webauthn:virtualAuthenticators: true}
Element: [[CChromeDriver: chrome on windows (895a2a8da41dc0658d5b27cf83f7128c)] -> xpath: (.//*[normalize-space(text()) and normalize-space(.)='Search'])[2]//*[name()='svg'][1]]
Session ID: 895a2a8da41dc0658d5b27cf83f7128c
	at java.base/jdk.internal.reflect.NativeConstructorAccessorImpl.newInstance0(Native Method)
	at java.base/jdk.internal.reflect.NativeConstructorAccessorImpl.newInstance(NativeConstructorAccessorImpl.java:77)
	at java.base/jdk.internal.reflect.DelegatingConstructorAccessorImpl.newInstance(DelegatingConstructorAccessorImpl.java:45)
	at org.openqa.selenium.remote.ErrorCodec.decode(ErrorCodec.java:167)
	at org.openqa.selenium.remote.codec.w3c.W3CHttpResponseCodec.decode(W3CHttpResponseCodec.java:138)
	at org.openqa.selenium.remote.codec.w3c.W3CHttpResponseCodec.decode(W3CHttpResponseCodec.java:50)
	at org.openqa.selenium.remote.HttpCommandExecutor.execute(HttpCommandExecutor.java:190)
	at org.openqa.selenium.remote.service.DriverCommandExecutor.invokeExecute(DriverCommandExecutor.java:216)
	at org.openqa.selenium.remote.service.DriverCommandExecutor.execute(DriverCommandExecutor.java:174)
	at org.openqa.selenium.remote.RemoteWebDriver.execute(RemoteWebDriver.java:518)
	at org.openqa.selenium.remote.RemoteWebElement.execute(RemoteWebElement.java:223)
	at org.openqa.selenium.remote.RemoteWebElement.click(RemoteWebElement.java:76)
	at jdk.internal.reflect.GeneratedMethodAccessor24.invoke(Unknown Source)
	at java.base/jdk.internal.reflect.DelegatingMethodAccessorImpl.invoke(DelegatingMethodAccessorImpl.java:43)
	at org.openqa.selenium.support.decorators.WebDriverDecorator.call(WebDriverDecorator.java:249)
	at org.openqa.selenium.support.decorators.DefaultDecorated.call(DefaultDecorated.java:48)
	at org.openqa.selenium.support.decorators.WebDriverDecorator.lambda$createProxy$2(WebDriverDecorator.java:321)
	at net.bytebuddy.renamed.java.lang.Object$ByteBuddy$H2HqkUpX.click(Unknown Source)
	at org.openqa.selenium.WebElement$click.call(Unknown Source)
	at com.kms.katalon.core.webui.keyword.builtin.ClickKeyword.clickUntilSuccessWithTimeout(ClickKeyword.groovy:82)
	at com.kms.katalon.core.webui.keyword.builtin.ClickKeyword.clickUntilSuccessWithTimeout(ClickKeyword.groovy)
	at jdk.internal.reflect.GeneratedMethodAccessor22.invoke(Unknown Source)
	at java.base/jdk.internal.reflect.DelegatingMethodAccessorImpl.invoke(DelegatingMethodAccessorImpl.java:43)
	at com.kms.katalon.core.webui.keyword.builtin.ClickKeyword$_click_closure1.doCall(ClickKeyword.groovy:68)
	at com.kms.katalon.core.webui.keyword.builtin.ClickKeyword$_click_closure1.call(ClickKeyword.groovy)
	at com.kms.katalon.core.webui.keyword.internal.WebUIKeywordMain.runKeyword(WebUIKeywordMain.groovy:35)
	... 20 more]]></system-out>
      <system-err><![CDATA[03-12-2024T16:52:33 - [TEST_SUITE][FAILED] - Izin Pulang Cepat: Test Cases/Admin/Laporan/01 Izin Pulang Cepat/TCC.Hadir.04.009 FAILED.
Reason:
com.kms.katalon.core.exception.StepFailedException: Unable to click on object 'Object Repository/Admin/IzinPulangCepatPage/002/Page_HADIR/svg_Search_MuiSvgIcon-root MuiSvgIcon-fontS_495b60'
	at com.kms.katalon.core.webui.keyword.internal.WebUIKeywordMain.stepFailed(WebUIKeywordMain.groovy:117)
	at com.kms.katalon.core.webui.keyword.internal.WebUIKeywordMain.runKeyword(WebUIKeywordMain.groovy:43)
	at com.kms.katalon.core.webui.keyword.builtin.ClickKeyword.click(ClickKeyword.groovy:75)
	at com.kms.katalon.core.webui.keyword.builtin.ClickKeyword.execute(ClickKeyword.groovy:40)
	at com.kms.katalon.core.keyword.internal.KeywordExecutor.executeKeywordForPlatform(KeywordExecutor.groovy:74)
	at com.kms.katalon.core.webui.keyword.WebUiBuiltInKeywords.click(WebUiBuiltInKeywords.groovy:696)
	at TCC.Hadir.04.009.run(TCC.Hadir.04.009:49)
	at com.kms.katalon.core.main.ScriptEngine.run(ScriptEngine.java:194)
	at com.kms.katalon.core.main.ScriptEngine.runScriptAsRawText(ScriptEngine.java:119)
	at com.kms.katalon.core.main.TestCaseExecutor.runScript(TestCaseExecutor.java:448)
	at com.kms.katalon.core.main.TestCaseExecutor.doExecute(TestCaseExecutor.java:439)
	at com.kms.katalon.core.main.TestCaseExecutor.processExecutionPhase(TestCaseExecutor.java:418)
	at com.kms.katalon.core.main.TestCaseExecutor.accessMainPhase(TestCaseExecutor.java:410)
	at com.kms.katalon.core.main.TestCaseExecutor.execute(TestCaseExecutor.java:285)
	at com.kms.katalon.core.common.CommonExecutor.accessTestCaseMainPhase(CommonExecutor.java:65)
	at com.kms.katalon.core.main.TestSuiteExecutor.accessTestSuiteMainPhase(TestSuiteExecutor.java:161)
	at com.kms.katalon.core.main.TestSuiteExecutor.execute(TestSuiteExecutor.java:107)
	at com.kms.katalon.core.main.TestCaseMain.startTestSuite(TestCaseMain.java:176)
	at TempTestSuite1733219470027.run(TempTestSuite1733219470027.groovy:35)
	at java.base/jdk.internal.reflect.NativeMethodAccessorImpl.invoke0(Native Method)
	at java.base/jdk.internal.reflect.NativeMethodAccessorImpl.invoke(NativeMethodAccessorImpl.java:77)
	at java.base/jdk.internal.reflect.DelegatingMethodAccessorImpl.invoke(DelegatingMethodAccessorImpl.java:43)
Caused by: org.openqa.selenium.ElementClickInterceptedException: element click intercepted: Element <svg class="MuiSvgIcon-root MuiSvgIcon-fontSizeSmall css-1k33q06" focusable="false" aria-hidden="true" viewBox="0 0 24 24" data-testid="SearchIcon">...</svg> is not clickable at point (1475, 171). Other element would receive the click: <div class="MuiDialog-container MuiDialog-scrollPaper css-ekeie0" role="presentation" tabindex="-1" style="opacity: 1; transition: opacity 225ms cubic-bezier(0.4, 0, 0.2, 1);">...</div>
  (Session info: chrome=131.0.6778.86)
Build info: version: '4.22.0', revision: 'c5f3146703'
System info: os.name: 'Windows 10', os.arch: 'amd64', os.version: '10.0', java.version: '17.0.7'
Driver info: com.kms.katalon.selenium.driver.CChromeDriver
Command: [895a2a8da41dc0658d5b27cf83f7128c, clickElement {id=f.7D920C2D4693FDED7F07A3F6E228B7A7.d.94C313F44BB00D4C3AD2338CB462D1DD.e.73}]
Capabilities {acceptInsecureCerts: false, browserName: chrome, browserVersion: 131.0.6778.86, chrome: {chromedriverVersion: 130.0.6723.91 (53ac07678369..., userDataDir: C:\Users\User\AppData\Local...}, fedcm:accounts: true, goog:chromeOptions: {debuggerAddress: localhost:58741}, networkConnectionEnabled: false, pageLoadStrategy: normal, platformName: windows, proxy: Proxy(), se:cdp: ws://localhost:58741/devtoo..., se:cdpVersion: 131.0.6778.86, setWindowRect: true, strictFileInteractability: false, timeouts: {implicit: 0, pageLoad: 300000, script: 30000}, unhandledPromptBehavior: ignore, webSocketUrl: ws://localhost:29317/sessio..., webauthn:extension:credBlob: true, webauthn:extension:largeBlob: true, webauthn:extension:minPinLength: true, webauthn:extension:prf: true, webauthn:virtualAuthenticators: true}
Element: [[CChromeDriver: chrome on windows (895a2a8da41dc0658d5b27cf83f7128c)] -> xpath: (.//*[normalize-space(text()) and normalize-space(.)='Search'])[2]//*[name()='svg'][1]]
Session ID: 895a2a8da41dc0658d5b27cf83f7128c
	at java.base/jdk.internal.reflect.NativeConstructorAccessorImpl.newInstance0(Native Method)
	at java.base/jdk.internal.reflect.NativeConstructorAccessorImpl.newInstance(NativeConstructorAccessorImpl.java:77)
	at java.base/jdk.internal.reflect.DelegatingConstructorAccessorImpl.newInstance(DelegatingConstructorAccessorImpl.java:45)
	at org.openqa.selenium.remote.ErrorCodec.decode(ErrorCodec.java:167)
	at org.openqa.selenium.remote.codec.w3c.W3CHttpResponseCodec.decode(W3CHttpResponseCodec.java:138)
	at org.openqa.selenium.remote.codec.w3c.W3CHttpResponseCodec.decode(W3CHttpResponseCodec.java:50)
	at org.openqa.selenium.remote.HttpCommandExecutor.execute(HttpCommandExecutor.java:190)
	at org.openqa.selenium.remote.service.DriverCommandExecutor.invokeExecute(DriverCommandExecutor.java:216)
	at org.openqa.selenium.remote.service.DriverCommandExecutor.execute(DriverCommandExecutor.java:174)
	at org.openqa.selenium.remote.RemoteWebDriver.execute(RemoteWebDriver.java:518)
	at org.openqa.selenium.remote.RemoteWebElement.execute(RemoteWebElement.java:223)
	at org.openqa.selenium.remote.RemoteWebElement.click(RemoteWebElement.java:76)
	at jdk.internal.reflect.GeneratedMethodAccessor24.invoke(Unknown Source)
	at java.base/jdk.internal.reflect.DelegatingMethodAccessorImpl.invoke(DelegatingMethodAccessorImpl.java:43)
	at org.openqa.selenium.support.decorators.WebDriverDecorator.call(WebDriverDecorator.java:249)
	at org.openqa.selenium.support.decorators.DefaultDecorated.call(DefaultDecorated.java:48)
	at org.openqa.selenium.support.decorators.WebDriverDecorator.lambda$createProxy$2(WebDriverDecorator.java:321)
	at net.bytebuddy.renamed.java.lang.Object$ByteBuddy$H2HqkUpX.click(Unknown Source)
	at org.openqa.selenium.WebElement$click.call(Unknown Source)
	at com.kms.katalon.core.webui.keyword.builtin.ClickKeyword.clickUntilSuccessWithTimeout(ClickKeyword.groovy:82)
	at com.kms.katalon.core.webui.keyword.builtin.ClickKeyword.clickUntilSuccessWithTimeout(ClickKeyword.groovy)
	at jdk.internal.reflect.GeneratedMethodAccessor22.invoke(Unknown Source)
	at java.base/jdk.internal.reflect.DelegatingMethodAccessorImpl.invoke(DelegatingMethodAccessorImpl.java:43)
	at com.kms.katalon.core.webui.keyword.builtin.ClickKeyword$_click_closure1.doCall(ClickKeyword.groovy:68)
	at com.kms.katalon.core.webui.keyword.builtin.ClickKeyword$_click_closure1.call(ClickKeyword.groovy)
	at com.kms.katalon.core.webui.keyword.internal.WebUIKeywordMain.runKeyword(WebUIKeywordMain.groovy:35)
	... 20 more]]></system-err>
   </testsuite>
   <testsuite name="Cuti" tests="15" failures="2" errors="1" time="204.993" skipped="0" timestamp="03-12-2024T16:56:00" hostname="Irga - Irga.mshome.net" id="Test Suites/Cuti">
      <properties>
         <property name="deviceName" value=""/>
         <property name="devicePlatform"/>
         <property name="logFolder" value="C:\\Users\\User\\git\\KatalonHadirApp\\Reports\\20241203_165105\\Cuti\\20241203_165112"/>
         <property name="logFiles" value="C:\\Users\\User\\git\\KatalonHadirApp\\Reports\\20241203_165105\\Cuti\\20241203_165112\\execution0.log"/>
         <property name="attachments" value="C:\\Users\\User\\git\\KatalonHadirApp\\Reports\\20241203_165105\\Cuti\\20241203_165112\\1733219811842.png, C:\\Users\\User\\git\\KatalonHadirApp\\Reports\\20241203_165105\\Cuti\\20241203_165112\\1733219826763.png, C:\\Users\\User\\git\\KatalonHadirApp\\Reports\\20241203_165105\\Cuti\\20241203_165112\\1733219943925.png, C:\\Users\\User\\git\\KatalonHadirApp\\Reports\\20241203_165105\\Cuti\\20241203_165112\\1733219950977.png, C:\\Users\\User\\git\\KatalonHadirApp\\Reports\\20241203_165105\\Cuti\\20241203_165112\\1733219957861.png, C:\\Users\\User\\git\\KatalonHadirApp\\Reports\\20241203_165105\\Cuti\\20241203_165112\\1733219965038.png"/>
         <property name="hostName" value="Irga - Irga.mshome.net"/>
         <property name="os" value="Windows 10 64bit"/>
         <property name="katalonVersion" value="10.0.0.223"/>
         <property name="browser" value="Chrome 131.0.0.0"/>
         <property name="hostAddress" value="172.24.112.1"/>
         <property name="sessionId" value="2da569bd09a57f1aa2b3038f4e40646f"/>
         <property name="seleniumVersion" value="4.22.0"/>
         <property name="proxyInformation" value="ProxyInformation { proxyOption=NO_PROXY, proxyServerType=HTTP, username=, password=********, proxyServerAddress=, proxyServerPort=0, executionList=&quot;&quot;, isApplyToDesiredCapabilities=true }"/>
         <property name="platform" value="Windows 10"/>
      </properties>
      <testcase name="Test Cases/Admin/Laporan/02 Cuti/TCC.Hadir.04.014" time="6.982" classname="Test Cases/Admin/Laporan/02 Cuti/TCC.Hadir.04.014" status="ERROR">
         <error type="ERROR" message="Test Cases/Admin/Laporan/02 Cuti/TCC.Hadir.04.014 FAILED.&#xa;Reason:&#xa;groovy.lang.MissingPropertyException: No such property: expectedName for class: Script1732592106615&#xa;	at TCC.Hadir.04.014.run(TCC.Hadir.04.014:53)&#xa;	at com.kms.katalon.core.main.ScriptEngine.run(ScriptEngine.java:194)&#xa;	at com.kms.katalon.core.main.ScriptEngine.runScriptAsRawText(ScriptEngine.java:119)&#xa;	at com.kms.katalon.core.main.TestCaseExecutor.runScript(TestCaseExecutor.java:448)&#xa;	at com.kms.katalon.core.main.TestCaseExecutor.doExecute(TestCaseExecutor.java:439)&#xa;	at com.kms.katalon.core.main.TestCaseExecutor.processExecutionPhase(TestCaseExecutor.java:418)&#xa;	at com.kms.katalon.core.main.TestCaseExecutor.accessMainPhase(TestCaseExecutor.java:410)&#xa;	at com.kms.katalon.core.main.TestCaseExecutor.execute(TestCaseExecutor.java:285)&#xa;	at com.kms.katalon.core.main.TestCaseExecutor.execute(TestCaseExecutor.java:369)&#xa;	at com.kms.katalon.core.main.TestCaseExecutor.execute(TestCaseExecutor.java:369)&#xa;	at com.kms.katalon.core.main.TestCaseExecutor.execute(TestCaseExecutor.java:369)&#xa;	at com.kms.katalon.core.common.CommonExecutor.accessTestCaseMainPhase(CommonExecutor.java:65)&#xa;	at com.kms.katalon.core.main.TestSuiteExecutor.accessTestSuiteMainPhase(TestSuiteExecutor.java:161)&#xa;	at com.kms.katalon.core.main.TestSuiteExecutor.execute(TestSuiteExecutor.java:107)&#xa;	at com.kms.katalon.core.main.TestCaseMain.startTestSuite(TestCaseMain.java:176)&#xa;	at TempTestSuite1733219472274.run(TempTestSuite1733219472274.groovy:35)&#xa;	at java.base/jdk.internal.reflect.NativeMethodAccessorImpl.invoke0(Native Method)&#xa;	at java.base/jdk.internal.reflect.NativeMethodAccessorImpl.invoke(NativeMethodAccessorImpl.java:77)&#xa;	at java.base/jdk.internal.reflect.DelegatingMethodAccessorImpl.invoke(DelegatingMethodAccessorImpl.java:43)&#xa;"/>
         <system-out><![CDATA[03-12-2024T16:56:23 - [TEST_CASE][ERROR] - Test Cases/Admin/Laporan/02 Cuti/TCC.Hadir.04.014: Test Cases/Admin/Laporan/02 Cuti/TCC.Hadir.04.014 FAILED.
Reason:
groovy.lang.MissingPropertyException: No such property: expectedName for class: Script1732592106615
	at TCC.Hadir.04.014.run(TCC.Hadir.04.014:53)
	at com.kms.katalon.core.main.ScriptEngine.run(ScriptEngine.java:194)
	at com.kms.katalon.core.main.ScriptEngine.runScriptAsRawText(ScriptEngine.java:119)
	at com.kms.katalon.core.main.TestCaseExecutor.runScript(TestCaseExecutor.java:448)
	at com.kms.katalon.core.main.TestCaseExecutor.doExecute(TestCaseExecutor.java:439)
	at com.kms.katalon.core.main.TestCaseExecutor.processExecutionPhase(TestCaseExecutor.java:418)
	at com.kms.katalon.core.main.TestCaseExecutor.accessMainPhase(TestCaseExecutor.java:410)
	at com.kms.katalon.core.main.TestCaseExecutor.execute(TestCaseExecutor.java:285)
	at com.kms.katalon.core.main.TestCaseExecutor.execute(TestCaseExecutor.java:369)
	at com.kms.katalon.core.main.TestCaseExecutor.execute(TestCaseExecutor.java:369)
	at com.kms.katalon.core.main.TestCaseExecutor.execute(TestCaseExecutor.java:369)
	at com.kms.katalon.core.common.CommonExecutor.accessTestCaseMainPhase(CommonExecutor.java:65)
	at com.kms.katalon.core.main.TestSuiteExecutor.accessTestSuiteMainPhase(TestSuiteExecutor.java:161)
	at com.kms.katalon.core.main.TestSuiteExecutor.execute(TestSuiteExecutor.java:107)
	at com.kms.katalon.core.main.TestCaseMain.startTestSuite(TestCaseMain.java:176)
	at TempTestSuite1733219472274.run(TempTestSuite1733219472274.groovy:35)
	at java.base/jdk.internal.reflect.NativeMethodAccessorImpl.invoke0(Native Method)
	at java.base/jdk.internal.reflect.NativeMethodAccessorImpl.invoke(NativeMethodAccessorImpl.java:77)
	at java.base/jdk.internal.reflect.DelegatingMethodAccessorImpl.invoke(DelegatingMethodAccessorImpl.java:43)


03-12-2024T16:56:23 - [TEST_STEP][PASSED] - openBrowser(""): Browser is opened with url: ''

03-12-2024T16:56:23 - [MESSAGE][WARNING] - A browser is already opened. Closing browser and opening a new one

03-12-2024T16:56:23 - [MESSAGE][INFO] - Starting 'Chrome' driver

03-12-2024T16:56:23 - [MESSAGE][INFO] - Action delay is set to 0 milliseconds

03-12-2024T16:56:24 - [MESSAGE][PASSED] - Browser is opened with url: ''

03-12-2024T16:56:24 - [TEST_STEP][PASSED] - maximizeWindow(): Current window maximized

03-12-2024T16:56:24 - [MESSAGE][PASSED] - Current window maximized

03-12-2024T16:56:24 - [TEST_STEP][PASSED] - navigateToUrl("https://magang.dikahadir.com/authentication/login"): Navigate to 'https://magang.dikahadir.com/authentication/login' successfully

03-12-2024T16:56:24 - [MESSAGE][PASSED] - Navigate to 'https://magang.dikahadir.com/authentication/login' successfully

03-12-2024T16:56:24 - [TEST_STEP][PASSED] - setText(findTestObject("Object Repository/Admin/Cuti/014/Page_HADIR/input_Email_email"), "Admin@hadir.com"): Text 'Admin@hadir.com' is set on object 'Object Repository/Admin/Cuti/014/Page_HADIR/input_Email_email'

03-12-2024T16:56:25 - [MESSAGE][PASSED] - Text 'Admin@hadir.com' is set on object 'Object Repository/Admin/Cuti/014/Page_HADIR/input_Email_email'

03-12-2024T16:56:25 - [TEST_STEP][PASSED] - setEncryptedText(findTestObject("Object Repository/Admin/Cuti/014/Page_HADIR/input_Password_password"), "aSC42nPN26UggVXAwmiGmQ=="): Text ****** has been set on object 'Object Repository/Admin/Cuti/014/Page_HADIR/input_Password_password'

03-12-2024T16:56:25 - [MESSAGE][PASSED] - Text ****** has been set on object 'Object Repository/Admin/Cuti/014/Page_HADIR/input_Password_password'

03-12-2024T16:56:25 - [TEST_STEP][PASSED] - click(findTestObject("Object Repository/Admin/Cuti/014/Page_HADIR/button_Masuk")): Object: 'Object Repository/Admin/Cuti/014/Page_HADIR/button_Masuk' is clicked on

03-12-2024T16:56:25 - [MESSAGE][PASSED] - Object: 'Object Repository/Admin/Cuti/014/Page_HADIR/button_Masuk' is clicked on

03-12-2024T16:56:25 - [TEST_STEP][PASSED] - click(findTestObject("Object Repository/Admin/Cuti/014/Page_HADIR/div_Laporan")): Object: 'Object Repository/Admin/Cuti/014/Page_HADIR/div_Laporan' is clicked on

03-12-2024T16:56:27 - [MESSAGE][PASSED] - Object: 'Object Repository/Admin/Cuti/014/Page_HADIR/div_Laporan' is clicked on

03-12-2024T16:56:27 - [TEST_STEP][PASSED] - click(findTestObject("Object Repository/Admin/Cuti/014/Page_HADIR/p_Cuti")): Object: 'Object Repository/Admin/Cuti/014/Page_HADIR/p_Cuti' is clicked on

03-12-2024T16:56:28 - [MESSAGE][PASSED] - Object: 'Object Repository/Admin/Cuti/014/Page_HADIR/p_Cuti' is clicked on

03-12-2024T16:56:28 - [TEST_STEP][PASSED] - click(findTestObject("Admin/Cuti/014/Page_HADIR/StartDate")): Object: 'Object Repository/Admin/Cuti/014/Page_HADIR/StartDate' is clicked on

03-12-2024T16:56:28 - [MESSAGE][PASSED] - Object: 'Object Repository/Admin/Cuti/014/Page_HADIR/StartDate' is clicked on

03-12-2024T16:56:28 - [TEST_STEP][PASSED] - setText(findTestObject("Object Repository/Admin/Cuti/014/Page_HADIR/StartDate"), "Jun 1, 2024"): Text 'Jun 1, 2024' is set on object 'Object Repository/Admin/Cuti/014/Page_HADIR/StartDate'

03-12-2024T16:56:29 - [MESSAGE][PASSED] - Text 'Jun 1, 2024' is set on object 'Object Repository/Admin/Cuti/014/Page_HADIR/StartDate'

03-12-2024T16:56:29 - [TEST_STEP][PASSED] - click(findTestObject("Admin/Cuti/014/Page_HADIR/EndDate")): Object: 'Object Repository/Admin/Cuti/014/Page_HADIR/EndDate' is clicked on

03-12-2024T16:56:29 - [MESSAGE][PASSED] - Object: 'Object Repository/Admin/Cuti/014/Page_HADIR/EndDate' is clicked on

03-12-2024T16:56:29 - [TEST_STEP][PASSED] - setText(findTestObject("Object Repository/Admin/Cuti/014/Page_HADIR/EndDate"), "Nov 16, 2024"): Text 'Nov 16, 2024' is set on object 'Object Repository/Admin/Cuti/014/Page_HADIR/EndDate'

03-12-2024T16:56:30 - [MESSAGE][PASSED] - Text 'Nov 16, 2024' is set on object 'Object Repository/Admin/Cuti/014/Page_HADIR/EndDate'

03-12-2024T16:56:30 - [TEST_STEP][PASSED] - click(findTestObject("Object Repository/Admin/Cuti/014/Page_HADIR/button_Search")): Object: 'Object Repository/Admin/Cuti/014/Page_HADIR/button_Search' is clicked on

03-12-2024T16:56:30 - [MESSAGE][PASSED] - Object: 'Object Repository/Admin/Cuti/014/Page_HADIR/button_Search' is clicked on

03-12-2024T16:56:30 - [TEST_STEP][PASSED] - expectedLeaveDate = "24 Sep 2024": null

03-12-2024T16:56:30 - [TEST_STEP][PASSED] - nameObject = findTestObject("Object Repository/Admin/Cuti/014/Page_HADIR/Nama_table"): null

03-12-2024T16:56:30 - [TEST_STEP][PASSED] - dateObject = findTestObject("Object Repository/Admin/Cuti/014/Page_HADIR/Tanggal"): null

03-12-2024T16:56:30 - [TEST_STEP][ERROR] - verifyElementText(nameObject, expectedName, STOP_ON_FAILURE): Test Cases/Admin/Laporan/02 Cuti/TCC.Hadir.04.014 FAILED.
Reason:
groovy.lang.MissingPropertyException: No such property: expectedName for class: Script1732592106615
	at TCC.Hadir.04.014.run(TCC.Hadir.04.014:53)
	at com.kms.katalon.core.main.ScriptEngine.run(ScriptEngine.java:194)
	at com.kms.katalon.core.main.ScriptEngine.runScriptAsRawText(ScriptEngine.java:119)
	at com.kms.katalon.core.main.TestCaseExecutor.runScript(TestCaseExecutor.java:448)
	at com.kms.katalon.core.main.TestCaseExecutor.doExecute(TestCaseExecutor.java:439)
	at com.kms.katalon.core.main.TestCaseExecutor.processExecutionPhase(TestCaseExecutor.java:418)
	at com.kms.katalon.core.main.TestCaseExecutor.accessMainPhase(TestCaseExecutor.java:410)
	at com.kms.katalon.core.main.TestCaseExecutor.execute(TestCaseExecutor.java:285)
	at com.kms.katalon.core.main.TestCaseExecutor.execute(TestCaseExecutor.java:369)
	at com.kms.katalon.core.main.TestCaseExecutor.execute(TestCaseExecutor.java:369)
	at com.kms.katalon.core.main.TestCaseExecutor.execute(TestCaseExecutor.java:369)
	at com.kms.katalon.core.common.CommonExecutor.accessTestCaseMainPhase(CommonExecutor.java:65)
	at com.kms.katalon.core.main.TestSuiteExecutor.accessTestSuiteMainPhase(TestSuiteExecutor.java:161)
	at com.kms.katalon.core.main.TestSuiteExecutor.execute(TestSuiteExecutor.java:107)
	at com.kms.katalon.core.main.TestCaseMain.startTestSuite(TestCaseMain.java:176)
	at TempTestSuite1733219472274.run(TempTestSuite1733219472274.groovy:35)
	at java.base/jdk.internal.reflect.NativeMethodAccessorImpl.invoke0(Native Method)
	at java.base/jdk.internal.reflect.NativeMethodAccessorImpl.invoke(NativeMethodAccessorImpl.java:77)
	at java.base/jdk.internal.reflect.DelegatingMethodAccessorImpl.invoke(DelegatingMethodAccessorImpl.java:43)


03-12-2024T16:56:30 - [MESSAGE][ERROR] - Test Cases/Admin/Laporan/02 Cuti/TCC.Hadir.04.014 FAILED.
Reason:
groovy.lang.MissingPropertyException: No such property: expectedName for class: Script1732592106615
	at TCC.Hadir.04.014.run(TCC.Hadir.04.014:53)
	at com.kms.katalon.core.main.ScriptEngine.run(ScriptEngine.java:194)
	at com.kms.katalon.core.main.ScriptEngine.runScriptAsRawText(ScriptEngine.java:119)
	at com.kms.katalon.core.main.TestCaseExecutor.runScript(TestCaseExecutor.java:448)
	at com.kms.katalon.core.main.TestCaseExecutor.doExecute(TestCaseExecutor.java:439)
	at com.kms.katalon.core.main.TestCaseExecutor.processExecutionPhase(TestCaseExecutor.java:418)
	at com.kms.katalon.core.main.TestCaseExecutor.accessMainPhase(TestCaseExecutor.java:410)
	at com.kms.katalon.core.main.TestCaseExecutor.execute(TestCaseExecutor.java:285)
	at com.kms.katalon.core.main.TestCaseExecutor.execute(TestCaseExecutor.java:369)
	at com.kms.katalon.core.main.TestCaseExecutor.execute(TestCaseExecutor.java:369)
	at com.kms.katalon.core.main.TestCaseExecutor.execute(TestCaseExecutor.java:369)
	at com.kms.katalon.core.common.CommonExecutor.accessTestCaseMainPhase(CommonExecutor.java:65)
	at com.kms.katalon.core.main.TestSuiteExecutor.accessTestSuiteMainPhase(TestSuiteExecutor.java:161)
	at com.kms.katalon.core.main.TestSuiteExecutor.execute(TestSuiteExecutor.java:107)
	at com.kms.katalon.core.main.TestCaseMain.startTestSuite(TestCaseMain.java:176)
	at TempTestSuite1733219472274.run(TempTestSuite1733219472274.groovy:35)
	at java.base/jdk.internal.reflect.NativeMethodAccessorImpl.invoke0(Native Method)
	at java.base/jdk.internal.reflect.NativeMethodAccessorImpl.invoke(NativeMethodAccessorImpl.java:77)
	at java.base/jdk.internal.reflect.DelegatingMethodAccessorImpl.invoke(DelegatingMethodAccessorImpl.java:43)]]></system-out>
         <system-err><![CDATA[03-12-2024T16:56:23 - [TEST_CASE][ERROR] - Test Cases/Admin/Laporan/02 Cuti/TCC.Hadir.04.014: Test Cases/Admin/Laporan/02 Cuti/TCC.Hadir.04.014 FAILED.
Reason:
groovy.lang.MissingPropertyException: No such property: expectedName for class: Script1732592106615
	at TCC.Hadir.04.014.run(TCC.Hadir.04.014:53)
	at com.kms.katalon.core.main.ScriptEngine.run(ScriptEngine.java:194)
	at com.kms.katalon.core.main.ScriptEngine.runScriptAsRawText(ScriptEngine.java:119)
	at com.kms.katalon.core.main.TestCaseExecutor.runScript(TestCaseExecutor.java:448)
	at com.kms.katalon.core.main.TestCaseExecutor.doExecute(TestCaseExecutor.java:439)
	at com.kms.katalon.core.main.TestCaseExecutor.processExecutionPhase(TestCaseExecutor.java:418)
	at com.kms.katalon.core.main.TestCaseExecutor.accessMainPhase(TestCaseExecutor.java:410)
	at com.kms.katalon.core.main.TestCaseExecutor.execute(TestCaseExecutor.java:285)
	at com.kms.katalon.core.main.TestCaseExecutor.execute(TestCaseExecutor.java:369)
	at com.kms.katalon.core.main.TestCaseExecutor.execute(TestCaseExecutor.java:369)
	at com.kms.katalon.core.main.TestCaseExecutor.execute(TestCaseExecutor.java:369)
	at com.kms.katalon.core.common.CommonExecutor.accessTestCaseMainPhase(CommonExecutor.java:65)
	at com.kms.katalon.core.main.TestSuiteExecutor.accessTestSuiteMainPhase(TestSuiteExecutor.java:161)
	at com.kms.katalon.core.main.TestSuiteExecutor.execute(TestSuiteExecutor.java:107)
	at com.kms.katalon.core.main.TestCaseMain.startTestSuite(TestCaseMain.java:176)
	at TempTestSuite1733219472274.run(TempTestSuite1733219472274.groovy:35)
	at java.base/jdk.internal.reflect.NativeMethodAccessorImpl.invoke0(Native Method)
	at java.base/jdk.internal.reflect.NativeMethodAccessorImpl.invoke(NativeMethodAccessorImpl.java:77)
	at java.base/jdk.internal.reflect.DelegatingMethodAccessorImpl.invoke(DelegatingMethodAccessorImpl.java:43)]]></system-err>
      </testcase>
      <testcase name="Test Cases/Admin/Laporan/02 Cuti/TCC.Hadir.04.015" time="9.254" classname="Test Cases/Admin/Laporan/02 Cuti/TCC.Hadir.04.015" status="PASSED">
         <system-out><![CDATA[03-12-2024T16:56:30 - [TEST_CASE][PASSED] - Test Cases/Admin/Laporan/02 Cuti/TCC.Hadir.04.015: Test Cases/Admin/Laporan/02 Cuti/TCC.Hadir.04.015

03-12-2024T16:56:30 - [TEST_STEP][PASSED] - openBrowser(""): Browser is opened with url: ''

03-12-2024T16:56:30 - [MESSAGE][WARNING] - A browser is already opened. Closing browser and opening a new one

03-12-2024T16:56:30 - [MESSAGE][INFO] - Starting 'Chrome' driver

03-12-2024T16:56:30 - [MESSAGE][INFO] - Action delay is set to 0 milliseconds

03-12-2024T16:56:31 - [MESSAGE][PASSED] - Browser is opened with url: ''

03-12-2024T16:56:31 - [TEST_STEP][PASSED] - maximizeWindow(): Current window maximized

03-12-2024T16:56:31 - [MESSAGE][PASSED] - Current window maximized

03-12-2024T16:56:31 - [TEST_STEP][PASSED] - navigateToUrl("https://magang.dikahadir.com/authentication/login"): Navigate to 'https://magang.dikahadir.com/authentication/login' successfully

03-12-2024T16:56:31 - [MESSAGE][PASSED] - Navigate to 'https://magang.dikahadir.com/authentication/login' successfully

03-12-2024T16:56:31 - [TEST_STEP][PASSED] - setText(findTestObject("Object Repository/Admin/Cuti/014/Page_HADIR/input_Email_email"), "Admin@hadir.com"): Text 'Admin@hadir.com' is set on object 'Object Repository/Admin/Cuti/014/Page_HADIR/input_Email_email'

03-12-2024T16:56:32 - [MESSAGE][PASSED] - Text 'Admin@hadir.com' is set on object 'Object Repository/Admin/Cuti/014/Page_HADIR/input_Email_email'

03-12-2024T16:56:32 - [TEST_STEP][PASSED] - setEncryptedText(findTestObject("Object Repository/Admin/Cuti/014/Page_HADIR/input_Password_password"), "aSC42nPN26UggVXAwmiGmQ=="): Text ****** has been set on object 'Object Repository/Admin/Cuti/014/Page_HADIR/input_Password_password'

03-12-2024T16:56:32 - [MESSAGE][PASSED] - Text ****** has been set on object 'Object Repository/Admin/Cuti/014/Page_HADIR/input_Password_password'

03-12-2024T16:56:32 - [TEST_STEP][PASSED] - click(findTestObject("Object Repository/Admin/Cuti/014/Page_HADIR/button_Masuk")): Object: 'Object Repository/Admin/Cuti/014/Page_HADIR/button_Masuk' is clicked on

03-12-2024T16:56:33 - [MESSAGE][PASSED] - Object: 'Object Repository/Admin/Cuti/014/Page_HADIR/button_Masuk' is clicked on

03-12-2024T16:56:33 - [TEST_STEP][PASSED] - click(findTestObject("Object Repository/Admin/Cuti/014/Page_HADIR/div_Laporan")): Object: 'Object Repository/Admin/Cuti/014/Page_HADIR/div_Laporan' is clicked on

03-12-2024T16:56:34 - [MESSAGE][PASSED] - Object: 'Object Repository/Admin/Cuti/014/Page_HADIR/div_Laporan' is clicked on

03-12-2024T16:56:34 - [TEST_STEP][PASSED] - click(findTestObject("Object Repository/Admin/Cuti/014/Page_HADIR/p_Cuti")): Object: 'Object Repository/Admin/Cuti/014/Page_HADIR/p_Cuti' is clicked on

03-12-2024T16:56:35 - [MESSAGE][PASSED] - Object: 'Object Repository/Admin/Cuti/014/Page_HADIR/p_Cuti' is clicked on

03-12-2024T16:56:35 - [TEST_STEP][PASSED] - setText(findTestObject("Object Repository/Admin/IzinPulangCepatPage/002/Page_HADIR/input_Search_search"), "Anif Biantoro"): Text 'Anif Biantoro' is set on object 'Object Repository/Admin/IzinPulangCepatPage/002/Page_HADIR/input_Search_search'

03-12-2024T16:56:36 - [MESSAGE][PASSED] - Text 'Anif Biantoro' is set on object 'Object Repository/Admin/IzinPulangCepatPage/002/Page_HADIR/input_Search_search'

03-12-2024T16:56:36 - [TEST_STEP][PASSED] - click(findTestObject("Admin/Cuti/014/Page_HADIR/StartDate")): Object: 'Object Repository/Admin/Cuti/014/Page_HADIR/StartDate' is clicked on

03-12-2024T16:56:36 - [MESSAGE][PASSED] - Object: 'Object Repository/Admin/Cuti/014/Page_HADIR/StartDate' is clicked on

03-12-2024T16:56:36 - [TEST_STEP][PASSED] - setText(findTestObject("Object Repository/Admin/Cuti/014/Page_HADIR/StartDate"), "Jun 1, 2024"): Text 'Jun 1, 2024' is set on object 'Object Repository/Admin/Cuti/014/Page_HADIR/StartDate'

03-12-2024T16:56:37 - [MESSAGE][PASSED] - Text 'Jun 1, 2024' is set on object 'Object Repository/Admin/Cuti/014/Page_HADIR/StartDate'

03-12-2024T16:56:37 - [TEST_STEP][PASSED] - click(findTestObject("Admin/Cuti/014/Page_HADIR/EndDate")): Object: 'Object Repository/Admin/Cuti/014/Page_HADIR/EndDate' is clicked on

03-12-2024T16:56:37 - [MESSAGE][PASSED] - Object: 'Object Repository/Admin/Cuti/014/Page_HADIR/EndDate' is clicked on

03-12-2024T16:56:37 - [TEST_STEP][PASSED] - setText(findTestObject("Object Repository/Admin/Cuti/014/Page_HADIR/EndDate"), "Nov 16, 2024"): Text 'Nov 16, 2024' is set on object 'Object Repository/Admin/Cuti/014/Page_HADIR/EndDate'

03-12-2024T16:56:37 - [MESSAGE][PASSED] - Text 'Nov 16, 2024' is set on object 'Object Repository/Admin/Cuti/014/Page_HADIR/EndDate'

03-12-2024T16:56:37 - [TEST_STEP][PASSED] - click(findTestObject("Object Repository/Admin/Cuti/014/Page_HADIR/button_Search")): Object: 'Object Repository/Admin/Cuti/014/Page_HADIR/button_Search' is clicked on

03-12-2024T16:56:38 - [MESSAGE][PASSED] - Object: 'Object Repository/Admin/Cuti/014/Page_HADIR/button_Search' is clicked on

03-12-2024T16:56:38 - [TEST_STEP][PASSED] - expectedName = "Anif Biantoro": null

03-12-2024T16:56:38 - [TEST_STEP][PASSED] - expectedLeaveDate = "24 Sep 2024": null

03-12-2024T16:56:38 - [TEST_STEP][PASSED] - nameObject = findTestObject("Object Repository/Admin/Cuti/014/Page_HADIR/Nama_table"): null

03-12-2024T16:56:38 - [TEST_STEP][PASSED] - dateObject = findTestObject("Object Repository/Admin/Cuti/014/Page_HADIR/Tanggal"): null

03-12-2024T16:56:38 - [TEST_STEP][PASSED] - verifyElementText(nameObject, expectedName, STOP_ON_FAILURE): Actual text and expected text of test object 'Object Repository/Admin/Cuti/014/Page_HADIR/Nama_table' are matched.

03-12-2024T16:56:38 - [MESSAGE][PASSED] - Actual text and expected text of test object 'Object Repository/Admin/Cuti/014/Page_HADIR/Nama_table' are matched.

03-12-2024T16:56:38 - [TEST_STEP][PASSED] - verifyElementText(dateObject, expectedLeaveDate, STOP_ON_FAILURE): Actual text and expected text of test object 'Object Repository/Admin/Cuti/014/Page_HADIR/Tanggal' are matched.

03-12-2024T16:56:39 - [MESSAGE][PASSED] - Actual text and expected text of test object 'Object Repository/Admin/Cuti/014/Page_HADIR/Tanggal' are matched.

03-12-2024T16:56:39 - [TEST_STEP][PASSED] - actualStartDate = getAttribute(findTestObject("Object Repository/Admin/Cuti/014/Page_HADIR/StartDate"), "value"): Attribute 'value' of object 'Object Repository/Admin/Cuti/014/Page_HADIR/StartDate' is: 'Jun 1, 2024'

03-12-2024T16:56:39 - [MESSAGE][PASSED] - Attribute 'value' of object 'Object Repository/Admin/Cuti/014/Page_HADIR/StartDate' is: 'Jun 1, 2024'

03-12-2024T16:56:39 - [TEST_STEP][PASSED] - actualEndDate = getAttribute(findTestObject("Object Repository/Admin/Cuti/014/Page_HADIR/EndDate"), "value"): Attribute 'value' of object 'Object Repository/Admin/Cuti/014/Page_HADIR/EndDate' is: 'Nov 16, 2024'

03-12-2024T16:56:39 - [MESSAGE][PASSED] - Attribute 'value' of object 'Object Repository/Admin/Cuti/014/Page_HADIR/EndDate' is: 'Nov 16, 2024'

03-12-2024T16:56:39 - [TEST_STEP][PASSED] - verifyMatch(actualStartDate, "Jun 1, 2024", false): Actual text 'Jun 1, 2024' and expected text 'Jun 1, 2024' are matched 

03-12-2024T16:56:39 - [MESSAGE][PASSED] - Actual text 'Jun 1, 2024' and expected text 'Jun 1, 2024' are matched 

03-12-2024T16:56:39 - [TEST_STEP][PASSED] - verifyMatch(actualEndDate, "Nov 16, 2024", false): Actual text 'Nov 16, 2024' and expected text 'Nov 16, 2024' are matched 

03-12-2024T16:56:39 - [MESSAGE][PASSED] - Actual text 'Nov 16, 2024' and expected text 'Nov 16, 2024' are matched 

03-12-2024T16:56:39 - [TEST_STEP][PASSED] - closeBrowser(): Browser is closed

03-12-2024T16:56:39 - [MESSAGE][PASSED] - Browser is closed]]></system-out>
         <system-err><![CDATA[]]></system-err>
      </testcase>
      <testcase name="Test Cases/Admin/Laporan/02 Cuti/TCC.Hadir.04.016" time="12.359" classname="Test Cases/Admin/Laporan/02 Cuti/TCC.Hadir.04.016" status="PASSED">
         <system-out><![CDATA[03-12-2024T16:56:39 - [TEST_CASE][PASSED] - Test Cases/Admin/Laporan/02 Cuti/TCC.Hadir.04.016: Test Cases/Admin/Laporan/02 Cuti/TCC.Hadir.04.016

03-12-2024T16:56:39 - [TEST_STEP][PASSED] - openBrowser(""): Browser is opened with url: ''

03-12-2024T16:56:39 - [MESSAGE][INFO] - Starting 'Chrome' driver

03-12-2024T16:56:39 - [MESSAGE][INFO] - Action delay is set to 0 milliseconds

03-12-2024T16:56:40 - [MESSAGE][PASSED] - Browser is opened with url: ''

03-12-2024T16:56:40 - [TEST_STEP][PASSED] - maximizeWindow(): Current window maximized

03-12-2024T16:56:40 - [MESSAGE][PASSED] - Current window maximized

03-12-2024T16:56:40 - [TEST_STEP][PASSED] - navigateToUrl("https://magang.dikahadir.com/authentication/login"): Navigate to 'https://magang.dikahadir.com/authentication/login' successfully

03-12-2024T16:56:40 - [MESSAGE][PASSED] - Navigate to 'https://magang.dikahadir.com/authentication/login' successfully

03-12-2024T16:56:40 - [TEST_STEP][PASSED] - setText(findTestObject("Object Repository/Admin/Cuti/014/Page_HADIR/input_Email_email"), "Admin@hadir.com"): Text 'Admin@hadir.com' is set on object 'Object Repository/Admin/Cuti/014/Page_HADIR/input_Email_email'

03-12-2024T16:56:41 - [MESSAGE][PASSED] - Text 'Admin@hadir.com' is set on object 'Object Repository/Admin/Cuti/014/Page_HADIR/input_Email_email'

03-12-2024T16:56:41 - [TEST_STEP][PASSED] - setEncryptedText(findTestObject("Object Repository/Admin/Cuti/014/Page_HADIR/input_Password_password"), "aSC42nPN26UggVXAwmiGmQ=="): Text ****** has been set on object 'Object Repository/Admin/Cuti/014/Page_HADIR/input_Password_password'

03-12-2024T16:56:41 - [MESSAGE][PASSED] - Text ****** has been set on object 'Object Repository/Admin/Cuti/014/Page_HADIR/input_Password_password'

03-12-2024T16:56:41 - [TEST_STEP][PASSED] - click(findTestObject("Object Repository/Admin/Cuti/014/Page_HADIR/button_Masuk")): Object: 'Object Repository/Admin/Cuti/014/Page_HADIR/button_Masuk' is clicked on

03-12-2024T16:56:41 - [MESSAGE][PASSED] - Object: 'Object Repository/Admin/Cuti/014/Page_HADIR/button_Masuk' is clicked on

03-12-2024T16:56:41 - [TEST_STEP][PASSED] - click(findTestObject("Object Repository/Admin/Cuti/014/Page_HADIR/div_Laporan")): Object: 'Object Repository/Admin/Cuti/014/Page_HADIR/div_Laporan' is clicked on

03-12-2024T16:56:43 - [MESSAGE][PASSED] - Object: 'Object Repository/Admin/Cuti/014/Page_HADIR/div_Laporan' is clicked on

03-12-2024T16:56:43 - [TEST_STEP][PASSED] - click(findTestObject("Object Repository/Admin/Cuti/014/Page_HADIR/p_Cuti")): Object: 'Object Repository/Admin/Cuti/014/Page_HADIR/p_Cuti' is clicked on

03-12-2024T16:56:44 - [MESSAGE][PASSED] - Object: 'Object Repository/Admin/Cuti/014/Page_HADIR/p_Cuti' is clicked on

03-12-2024T16:56:44 - [TEST_STEP][PASSED] - setText(findTestObject("Object Repository/Admin/IzinPulangCepatPage/002/Page_HADIR/input_Search_search"), "Abc"): Text 'Abc' is set on object 'Object Repository/Admin/IzinPulangCepatPage/002/Page_HADIR/input_Search_search'

03-12-2024T16:56:45 - [MESSAGE][PASSED] - Text 'Abc' is set on object 'Object Repository/Admin/IzinPulangCepatPage/002/Page_HADIR/input_Search_search'

03-12-2024T16:56:45 - [TEST_STEP][PASSED] - click(findTestObject("Object Repository/Admin/Cuti/014/Page_HADIR/button_Search")): Object: 'Object Repository/Admin/Cuti/014/Page_HADIR/button_Search' is clicked on

03-12-2024T16:56:45 - [MESSAGE][PASSED] - Object: 'Object Repository/Admin/Cuti/014/Page_HADIR/button_Search' is clicked on

03-12-2024T16:56:45 - [TEST_STEP][PASSED] - tableObject = findTestObject("Object Repository/Admin/Cuti/014/Page_HADIR/Table"): null

03-12-2024T16:56:45 - [TEST_STEP][PASSED] - isTablePresent = verifyElementPresent(tableObject, 5, OPTIONAL): com.kms.katalon.core.webui.exception.WebElementNotFoundException: Web element with id: 'Object Repository/Admin/Cuti/014/Page_HADIR/Table' located by '//tbody/tr' not found (Root cause: com.kms.katalon.core.exception.StepFailedException: com.kms.katalon.core.webui.exception.WebElementNotFoundException: Web element with id: 'Object Repository/Admin/Cuti/014/Page_HADIR/Table' located by '//tbody/tr' not found
	at com.kms.katalon.core.webui.keyword.internal.WebUIKeywordMain.stepFailed(WebUIKeywordMain.groovy:117)
	at com.kms.katalon.core.webui.keyword.builtin.VerifyElementPresentKeyword$_verifyElementPresent_closure1.doCall(VerifyElementPresentKeyword.groovy:85)
	at com.kms.katalon.core.webui.keyword.builtin.VerifyElementPresentKeyword$_verifyElementPresent_closure1.call(VerifyElementPresentKeyword.groovy)
	at com.kms.katalon.core.webui.keyword.internal.WebUIKeywordMain.runKeyword(WebUIKeywordMain.groovy:35)
	at com.kms.katalon.core.webui.keyword.builtin.VerifyElementPresentKeyword.verifyElementPresent(VerifyElementPresentKeyword.groovy:92)
	at com.kms.katalon.core.webui.keyword.builtin.VerifyElementPresentKeyword.execute(VerifyElementPresentKeyword.groovy:68)
	at com.kms.katalon.core.keyword.internal.KeywordExecutor.executeKeywordForPlatform(KeywordExecutor.groovy:74)
	at com.kms.katalon.core.webui.keyword.WebUiBuiltInKeywords.verifyElementPresent(WebUiBuiltInKeywords.groovy:1524)
	at TCC.Hadir.04.016.run(TCC.Hadir.04.016:44)
	at com.kms.katalon.core.main.ScriptEngine.run(ScriptEngine.java:194)
	at com.kms.katalon.core.main.ScriptEngine.runScriptAsRawText(ScriptEngine.java:119)
	at com.kms.katalon.core.main.TestCaseExecutor.runScript(TestCaseExecutor.java:448)
	at com.kms.katalon.core.main.TestCaseExecutor.doExecute(TestCaseExecutor.java:439)
	at com.kms.katalon.core.main.TestCaseExecutor.processExecutionPhase(TestCaseExecutor.java:418)
	at com.kms.katalon.core.main.TestCaseExecutor.accessMainPhase(TestCaseExecutor.java:410)
	at com.kms.katalon.core.main.TestCaseExecutor.execute(TestCaseExecutor.java:285)
	at com.kms.katalon.core.common.CommonExecutor.accessTestCaseMainPhase(CommonExecutor.java:65)
	at com.kms.katalon.core.main.TestSuiteExecutor.accessTestSuiteMainPhase(TestSuiteExecutor.java:161)
	at com.kms.katalon.core.main.TestSuiteExecutor.execute(TestSuiteExecutor.java:107)
	at com.kms.katalon.core.main.TestCaseMain.startTestSuite(TestCaseMain.java:176)
	at TempTestSuite1733219472274.run(TempTestSuite1733219472274.groovy:35)
	at java.base/jdk.internal.reflect.NativeMethodAccessorImpl.invoke0(Native Method)
	at java.base/jdk.internal.reflect.NativeMethodAccessorImpl.invoke(NativeMethodAccessorImpl.java:77)
	at java.base/jdk.internal.reflect.DelegatingMethodAccessorImpl.invoke(DelegatingMethodAccessorImpl.java:43)
)

03-12-2024T16:56:51 - [MESSAGE][INFO] - Unable to find the element located by 'By.xpath: //tbody/tr'. Please recheck the objects properties to make sure the desired element is located. 

03-12-2024T16:56:51 - [MESSAGE][WARNING] - com.kms.katalon.core.webui.exception.WebElementNotFoundException: Web element with id: 'Object Repository/Admin/Cuti/014/Page_HADIR/Table' located by '//tbody/tr' not found (Root cause: com.kms.katalon.core.exception.StepFailedException: com.kms.katalon.core.webui.exception.WebElementNotFoundException: Web element with id: 'Object Repository/Admin/Cuti/014/Page_HADIR/Table' located by '//tbody/tr' not found
	at com.kms.katalon.core.webui.keyword.internal.WebUIKeywordMain.stepFailed(WebUIKeywordMain.groovy:117)
	at com.kms.katalon.core.webui.keyword.builtin.VerifyElementPresentKeyword$_verifyElementPresent_closure1.doCall(VerifyElementPresentKeyword.groovy:85)
	at com.kms.katalon.core.webui.keyword.builtin.VerifyElementPresentKeyword$_verifyElementPresent_closure1.call(VerifyElementPresentKeyword.groovy)
	at com.kms.katalon.core.webui.keyword.internal.WebUIKeywordMain.runKeyword(WebUIKeywordMain.groovy:35)
	at com.kms.katalon.core.webui.keyword.builtin.VerifyElementPresentKeyword.verifyElementPresent(VerifyElementPresentKeyword.groovy:92)
	at com.kms.katalon.core.webui.keyword.builtin.VerifyElementPresentKeyword.execute(VerifyElementPresentKeyword.groovy:68)
	at com.kms.katalon.core.keyword.internal.KeywordExecutor.executeKeywordForPlatform(KeywordExecutor.groovy:74)
	at com.kms.katalon.core.webui.keyword.WebUiBuiltInKeywords.verifyElementPresent(WebUiBuiltInKeywords.groovy:1524)
	at TCC.Hadir.04.016.run(TCC.Hadir.04.016:44)
	at com.kms.katalon.core.main.ScriptEngine.run(ScriptEngine.java:194)
	at com.kms.katalon.core.main.ScriptEngine.runScriptAsRawText(ScriptEngine.java:119)
	at com.kms.katalon.core.main.TestCaseExecutor.runScript(TestCaseExecutor.java:448)
	at com.kms.katalon.core.main.TestCaseExecutor.doExecute(TestCaseExecutor.java:439)
	at com.kms.katalon.core.main.TestCaseExecutor.processExecutionPhase(TestCaseExecutor.java:418)
	at com.kms.katalon.core.main.TestCaseExecutor.accessMainPhase(TestCaseExecutor.java:410)
	at com.kms.katalon.core.main.TestCaseExecutor.execute(TestCaseExecutor.java:285)
	at com.kms.katalon.core.common.CommonExecutor.accessTestCaseMainPhase(CommonExecutor.java:65)
	at com.kms.katalon.core.main.TestSuiteExecutor.accessTestSuiteMainPhase(TestSuiteExecutor.java:161)
	at com.kms.katalon.core.main.TestSuiteExecutor.execute(TestSuiteExecutor.java:107)
	at com.kms.katalon.core.main.TestCaseMain.startTestSuite(TestCaseMain.java:176)
	at TempTestSuite1733219472274.run(TempTestSuite1733219472274.groovy:35)
	at java.base/jdk.internal.reflect.NativeMethodAccessorImpl.invoke0(Native Method)
	at java.base/jdk.internal.reflect.NativeMethodAccessorImpl.invoke(NativeMethodAccessorImpl.java:77)
	at java.base/jdk.internal.reflect.DelegatingMethodAccessorImpl.invoke(DelegatingMethodAccessorImpl.java:43)
)
[[ATTACHMENT|C:\\Users\\User\\git\\KatalonHadirApp\\Reports\\20241203_165105\\Cuti\\20241203_165112\\1733219811842.png]]

03-12-2024T16:56:51 - [TEST_STEP][PASSED] - if (isTablePresent): null

03-12-2024T16:56:51 - [TEST_STEP][PASSED] - else: null

03-12-2024T16:56:51 - [TEST_STEP][PASSED] - comment("Table is not present on the page."): Table is not present on the page.

03-12-2024T16:56:51 - [MESSAGE][INFO] - Table is not present on the page.

03-12-2024T16:56:51 - [TEST_STEP][PASSED] - assert true: null

03-12-2024T16:56:51 - [TEST_STEP][PASSED] - closeBrowser(): Browser is closed

03-12-2024T16:56:52 - [MESSAGE][PASSED] - Browser is closed]]></system-out>
         <system-err><![CDATA[]]></system-err>
      </testcase>
      <testcase name="Test Cases/Admin/Laporan/02 Cuti/TCC.Hadir.04.017" time="14.92" classname="Test Cases/Admin/Laporan/02 Cuti/TCC.Hadir.04.017" status="PASSED">
         <system-out><![CDATA[03-12-2024T16:56:52 - [TEST_CASE][PASSED] - Test Cases/Admin/Laporan/02 Cuti/TCC.Hadir.04.017: Test Cases/Admin/Laporan/02 Cuti/TCC.Hadir.04.017

03-12-2024T16:56:52 - [TEST_STEP][PASSED] - openBrowser(""): Browser is opened with url: ''

03-12-2024T16:56:52 - [MESSAGE][INFO] - Starting 'Chrome' driver

03-12-2024T16:56:52 - [MESSAGE][INFO] - Action delay is set to 0 milliseconds

03-12-2024T16:56:52 - [MESSAGE][PASSED] - Browser is opened with url: ''

03-12-2024T16:56:52 - [TEST_STEP][PASSED] - maximizeWindow(): Current window maximized

03-12-2024T16:56:52 - [MESSAGE][PASSED] - Current window maximized

03-12-2024T16:56:52 - [TEST_STEP][PASSED] - navigateToUrl("https://magang.dikahadir.com/authentication/login"): Navigate to 'https://magang.dikahadir.com/authentication/login' successfully

03-12-2024T16:56:53 - [MESSAGE][PASSED] - Navigate to 'https://magang.dikahadir.com/authentication/login' successfully

03-12-2024T16:56:53 - [TEST_STEP][PASSED] - setText(findTestObject("Object Repository/Admin/Cuti/014/Page_HADIR/input_Email_email"), "Admin@hadir.com"): Text 'Admin@hadir.com' is set on object 'Object Repository/Admin/Cuti/014/Page_HADIR/input_Email_email'

03-12-2024T16:56:54 - [MESSAGE][PASSED] - Text 'Admin@hadir.com' is set on object 'Object Repository/Admin/Cuti/014/Page_HADIR/input_Email_email'

03-12-2024T16:56:54 - [TEST_STEP][PASSED] - setEncryptedText(findTestObject("Object Repository/Admin/Cuti/014/Page_HADIR/input_Password_password"), "aSC42nPN26UggVXAwmiGmQ=="): Text ****** has been set on object 'Object Repository/Admin/Cuti/014/Page_HADIR/input_Password_password'

03-12-2024T16:56:54 - [MESSAGE][PASSED] - Text ****** has been set on object 'Object Repository/Admin/Cuti/014/Page_HADIR/input_Password_password'

03-12-2024T16:56:54 - [TEST_STEP][PASSED] - click(findTestObject("Object Repository/Admin/Cuti/014/Page_HADIR/button_Masuk")): Object: 'Object Repository/Admin/Cuti/014/Page_HADIR/button_Masuk' is clicked on

03-12-2024T16:56:55 - [MESSAGE][PASSED] - Object: 'Object Repository/Admin/Cuti/014/Page_HADIR/button_Masuk' is clicked on

03-12-2024T16:56:55 - [TEST_STEP][PASSED] - click(findTestObject("Object Repository/Admin/Cuti/014/Page_HADIR/div_Laporan")): Object: 'Object Repository/Admin/Cuti/014/Page_HADIR/div_Laporan' is clicked on

03-12-2024T16:56:58 - [MESSAGE][PASSED] - Object: 'Object Repository/Admin/Cuti/014/Page_HADIR/div_Laporan' is clicked on

03-12-2024T16:56:58 - [TEST_STEP][PASSED] - click(findTestObject("Object Repository/Admin/Cuti/014/Page_HADIR/p_Cuti")): Object: 'Object Repository/Admin/Cuti/014/Page_HADIR/p_Cuti' is clicked on

03-12-2024T16:56:59 - [MESSAGE][PASSED] - Object: 'Object Repository/Admin/Cuti/014/Page_HADIR/p_Cuti' is clicked on

03-12-2024T16:56:59 - [TEST_STEP][PASSED] - setText(findTestObject("Object Repository/Admin/IzinPulangCepatPage/002/Page_HADIR/input_Search_search"), "29001"): Text '29001' is set on object 'Object Repository/Admin/IzinPulangCepatPage/002/Page_HADIR/input_Search_search'

03-12-2024T16:57:00 - [MESSAGE][PASSED] - Text '29001' is set on object 'Object Repository/Admin/IzinPulangCepatPage/002/Page_HADIR/input_Search_search'

03-12-2024T16:57:00 - [TEST_STEP][PASSED] - click(findTestObject("Object Repository/Admin/Cuti/014/Page_HADIR/button_Search")): Object: 'Object Repository/Admin/Cuti/014/Page_HADIR/button_Search' is clicked on

03-12-2024T16:57:00 - [MESSAGE][PASSED] - Object: 'Object Repository/Admin/Cuti/014/Page_HADIR/button_Search' is clicked on

03-12-2024T16:57:00 - [TEST_STEP][PASSED] - tableObject = findTestObject("Object Repository/Admin/Cuti/014/Page_HADIR/Table"): null

03-12-2024T16:57:00 - [TEST_STEP][PASSED] - isTablePresent = verifyElementPresent(tableObject, 5, OPTIONAL): com.kms.katalon.core.webui.exception.WebElementNotFoundException: Web element with id: 'Object Repository/Admin/Cuti/014/Page_HADIR/Table' located by '//tbody/tr' not found (Root cause: com.kms.katalon.core.exception.StepFailedException: com.kms.katalon.core.webui.exception.WebElementNotFoundException: Web element with id: 'Object Repository/Admin/Cuti/014/Page_HADIR/Table' located by '//tbody/tr' not found
	at com.kms.katalon.core.webui.keyword.internal.WebUIKeywordMain.stepFailed(WebUIKeywordMain.groovy:117)
	at com.kms.katalon.core.webui.keyword.builtin.VerifyElementPresentKeyword$_verifyElementPresent_closure1.doCall(VerifyElementPresentKeyword.groovy:85)
	at com.kms.katalon.core.webui.keyword.builtin.VerifyElementPresentKeyword$_verifyElementPresent_closure1.call(VerifyElementPresentKeyword.groovy)
	at com.kms.katalon.core.webui.keyword.internal.WebUIKeywordMain.runKeyword(WebUIKeywordMain.groovy:35)
	at com.kms.katalon.core.webui.keyword.builtin.VerifyElementPresentKeyword.verifyElementPresent(VerifyElementPresentKeyword.groovy:92)
	at com.kms.katalon.core.webui.keyword.builtin.VerifyElementPresentKeyword.execute(VerifyElementPresentKeyword.groovy:68)
	at com.kms.katalon.core.keyword.internal.KeywordExecutor.executeKeywordForPlatform(KeywordExecutor.groovy:74)
	at com.kms.katalon.core.webui.keyword.WebUiBuiltInKeywords.verifyElementPresent(WebUiBuiltInKeywords.groovy:1524)
	at TCC.Hadir.04.017.run(TCC.Hadir.04.017:63)
	at com.kms.katalon.core.main.ScriptEngine.run(ScriptEngine.java:194)
	at com.kms.katalon.core.main.ScriptEngine.runScriptAsRawText(ScriptEngine.java:119)
	at com.kms.katalon.core.main.TestCaseExecutor.runScript(TestCaseExecutor.java:448)
	at com.kms.katalon.core.main.TestCaseExecutor.doExecute(TestCaseExecutor.java:439)
	at com.kms.katalon.core.main.TestCaseExecutor.processExecutionPhase(TestCaseExecutor.java:418)
	at com.kms.katalon.core.main.TestCaseExecutor.accessMainPhase(TestCaseExecutor.java:410)
	at com.kms.katalon.core.main.TestCaseExecutor.execute(TestCaseExecutor.java:285)
	at com.kms.katalon.core.common.CommonExecutor.accessTestCaseMainPhase(CommonExecutor.java:65)
	at com.kms.katalon.core.main.TestSuiteExecutor.accessTestSuiteMainPhase(TestSuiteExecutor.java:161)
	at com.kms.katalon.core.main.TestSuiteExecutor.execute(TestSuiteExecutor.java:107)
	at com.kms.katalon.core.main.TestCaseMain.startTestSuite(TestCaseMain.java:176)
	at TempTestSuite1733219472274.run(TempTestSuite1733219472274.groovy:35)
	at java.base/jdk.internal.reflect.NativeMethodAccessorImpl.invoke0(Native Method)
	at java.base/jdk.internal.reflect.NativeMethodAccessorImpl.invoke(NativeMethodAccessorImpl.java:77)
	at java.base/jdk.internal.reflect.DelegatingMethodAccessorImpl.invoke(DelegatingMethodAccessorImpl.java:43)
)

03-12-2024T16:57:06 - [MESSAGE][INFO] - Unable to find the element located by 'By.xpath: //tbody/tr'. Please recheck the objects properties to make sure the desired element is located. 

03-12-2024T16:57:06 - [MESSAGE][WARNING] - com.kms.katalon.core.webui.exception.WebElementNotFoundException: Web element with id: 'Object Repository/Admin/Cuti/014/Page_HADIR/Table' located by '//tbody/tr' not found (Root cause: com.kms.katalon.core.exception.StepFailedException: com.kms.katalon.core.webui.exception.WebElementNotFoundException: Web element with id: 'Object Repository/Admin/Cuti/014/Page_HADIR/Table' located by '//tbody/tr' not found
	at com.kms.katalon.core.webui.keyword.internal.WebUIKeywordMain.stepFailed(WebUIKeywordMain.groovy:117)
	at com.kms.katalon.core.webui.keyword.builtin.VerifyElementPresentKeyword$_verifyElementPresent_closure1.doCall(VerifyElementPresentKeyword.groovy:85)
	at com.kms.katalon.core.webui.keyword.builtin.VerifyElementPresentKeyword$_verifyElementPresent_closure1.call(VerifyElementPresentKeyword.groovy)
	at com.kms.katalon.core.webui.keyword.internal.WebUIKeywordMain.runKeyword(WebUIKeywordMain.groovy:35)
	at com.kms.katalon.core.webui.keyword.builtin.VerifyElementPresentKeyword.verifyElementPresent(VerifyElementPresentKeyword.groovy:92)
	at com.kms.katalon.core.webui.keyword.builtin.VerifyElementPresentKeyword.execute(VerifyElementPresentKeyword.groovy:68)
	at com.kms.katalon.core.keyword.internal.KeywordExecutor.executeKeywordForPlatform(KeywordExecutor.groovy:74)
	at com.kms.katalon.core.webui.keyword.WebUiBuiltInKeywords.verifyElementPresent(WebUiBuiltInKeywords.groovy:1524)
	at TCC.Hadir.04.017.run(TCC.Hadir.04.017:63)
	at com.kms.katalon.core.main.ScriptEngine.run(ScriptEngine.java:194)
	at com.kms.katalon.core.main.ScriptEngine.runScriptAsRawText(ScriptEngine.java:119)
	at com.kms.katalon.core.main.TestCaseExecutor.runScript(TestCaseExecutor.java:448)
	at com.kms.katalon.core.main.TestCaseExecutor.doExecute(TestCaseExecutor.java:439)
	at com.kms.katalon.core.main.TestCaseExecutor.processExecutionPhase(TestCaseExecutor.java:418)
	at com.kms.katalon.core.main.TestCaseExecutor.accessMainPhase(TestCaseExecutor.java:410)
	at com.kms.katalon.core.main.TestCaseExecutor.execute(TestCaseExecutor.java:285)
	at com.kms.katalon.core.common.CommonExecutor.accessTestCaseMainPhase(CommonExecutor.java:65)
	at com.kms.katalon.core.main.TestSuiteExecutor.accessTestSuiteMainPhase(TestSuiteExecutor.java:161)
	at com.kms.katalon.core.main.TestSuiteExecutor.execute(TestSuiteExecutor.java:107)
	at com.kms.katalon.core.main.TestCaseMain.startTestSuite(TestCaseMain.java:176)
	at TempTestSuite1733219472274.run(TempTestSuite1733219472274.groovy:35)
	at java.base/jdk.internal.reflect.NativeMethodAccessorImpl.invoke0(Native Method)
	at java.base/jdk.internal.reflect.NativeMethodAccessorImpl.invoke(NativeMethodAccessorImpl.java:77)
	at java.base/jdk.internal.reflect.DelegatingMethodAccessorImpl.invoke(DelegatingMethodAccessorImpl.java:43)
)
[[ATTACHMENT|C:\\Users\\User\\git\\KatalonHadirApp\\Reports\\20241203_165105\\Cuti\\20241203_165112\\1733219826763.png]]

03-12-2024T16:57:06 - [TEST_STEP][PASSED] - if (isTablePresent): null

03-12-2024T16:57:06 - [TEST_STEP][PASSED] - else: null

03-12-2024T16:57:06 - [TEST_STEP][PASSED] - comment("Table is not present on the page."): Table is not present on the page.

03-12-2024T16:57:06 - [MESSAGE][INFO] - Table is not present on the page.

03-12-2024T16:57:06 - [TEST_STEP][PASSED] - assert true: null

03-12-2024T16:57:06 - [TEST_STEP][PASSED] - closeBrowser(): Browser is closed

03-12-2024T16:57:06 - [MESSAGE][PASSED] - Browser is closed]]></system-out>
         <system-err><![CDATA[]]></system-err>
      </testcase>
      <testcase name="Test Cases/Admin/Laporan/02 Cuti/TCC.Hadir.04.018" time="6.465" classname="Test Cases/Admin/Laporan/02 Cuti/TCC.Hadir.04.018" status="PASSED">
         <system-out><![CDATA[03-12-2024T16:57:06 - [TEST_CASE][PASSED] - Test Cases/Admin/Laporan/02 Cuti/TCC.Hadir.04.018: Test Cases/Admin/Laporan/02 Cuti/TCC.Hadir.04.018

03-12-2024T16:57:07 - [TEST_STEP][PASSED] - openBrowser(""): Browser is opened with url: ''

03-12-2024T16:57:07 - [MESSAGE][INFO] - Starting 'Chrome' driver

03-12-2024T16:57:07 - [MESSAGE][INFO] - Action delay is set to 0 milliseconds

03-12-2024T16:57:07 - [MESSAGE][PASSED] - Browser is opened with url: ''

03-12-2024T16:57:07 - [TEST_STEP][PASSED] - maximizeWindow(): Current window maximized

03-12-2024T16:57:07 - [MESSAGE][PASSED] - Current window maximized

03-12-2024T16:57:07 - [TEST_STEP][PASSED] - navigateToUrl("https://magang.dikahadir.com/authentication/login"): Navigate to 'https://magang.dikahadir.com/authentication/login' successfully

03-12-2024T16:57:08 - [MESSAGE][PASSED] - Navigate to 'https://magang.dikahadir.com/authentication/login' successfully

03-12-2024T16:57:08 - [TEST_STEP][PASSED] - setText(findTestObject("Object Repository/Admin/Cuti/014/Page_HADIR/input_Email_email"), "Admin@hadir.com"): Text 'Admin@hadir.com' is set on object 'Object Repository/Admin/Cuti/014/Page_HADIR/input_Email_email'

03-12-2024T16:57:08 - [MESSAGE][PASSED] - Text 'Admin@hadir.com' is set on object 'Object Repository/Admin/Cuti/014/Page_HADIR/input_Email_email'

03-12-2024T16:57:08 - [TEST_STEP][PASSED] - setEncryptedText(findTestObject("Object Repository/Admin/Cuti/014/Page_HADIR/input_Password_password"), "aSC42nPN26UggVXAwmiGmQ=="): Text ****** has been set on object 'Object Repository/Admin/Cuti/014/Page_HADIR/input_Password_password'

03-12-2024T16:57:09 - [MESSAGE][PASSED] - Text ****** has been set on object 'Object Repository/Admin/Cuti/014/Page_HADIR/input_Password_password'

03-12-2024T16:57:09 - [TEST_STEP][PASSED] - click(findTestObject("Object Repository/Admin/Cuti/014/Page_HADIR/button_Masuk")): Object: 'Object Repository/Admin/Cuti/014/Page_HADIR/button_Masuk' is clicked on

03-12-2024T16:57:09 - [MESSAGE][PASSED] - Object: 'Object Repository/Admin/Cuti/014/Page_HADIR/button_Masuk' is clicked on

03-12-2024T16:57:09 - [TEST_STEP][PASSED] - click(findTestObject("Object Repository/Admin/Cuti/014/Page_HADIR/div_Laporan")): Object: 'Object Repository/Admin/Cuti/014/Page_HADIR/div_Laporan' is clicked on

03-12-2024T16:57:10 - [MESSAGE][PASSED] - Object: 'Object Repository/Admin/Cuti/014/Page_HADIR/div_Laporan' is clicked on

03-12-2024T16:57:10 - [TEST_STEP][PASSED] - click(findTestObject("Object Repository/Admin/Cuti/014/Page_HADIR/p_Cuti")): Object: 'Object Repository/Admin/Cuti/014/Page_HADIR/p_Cuti' is clicked on

03-12-2024T16:57:11 - [MESSAGE][PASSED] - Object: 'Object Repository/Admin/Cuti/014/Page_HADIR/p_Cuti' is clicked on

03-12-2024T16:57:11 - [TEST_STEP][PASSED] - click(findTestObject("Object Repository/Admin/Cuti/014/Page_HADIR/button_Search")): Object: 'Object Repository/Admin/Cuti/014/Page_HADIR/button_Search' is clicked on

03-12-2024T16:57:12 - [MESSAGE][PASSED] - Object: 'Object Repository/Admin/Cuti/014/Page_HADIR/button_Search' is clicked on

03-12-2024T16:57:12 - [TEST_STEP][PASSED] - tableObject = findTestObject("Object Repository/Admin/Cuti/014/Page_HADIR/Table"): null

03-12-2024T16:57:12 - [TEST_STEP][PASSED] - isTablePresent = verifyElementPresent(tableObject, 5, OPTIONAL): Object 'Object Repository/Admin/Cuti/014/Page_HADIR/Table' is present

03-12-2024T16:57:13 - [MESSAGE][PASSED] - Object 'Object Repository/Admin/Cuti/014/Page_HADIR/Table' is present

03-12-2024T16:57:13 - [TEST_STEP][PASSED] - if (isTablePresent): null

03-12-2024T16:57:13 - [TEST_STEP][PASSED] - tableText = getText(tableObject).trim(): Text of object 'Object Repository/Admin/Cuti/014/Page_HADIR/Table' is: 'AB
Anif Biantoro
24 Sep 2024
25 Sep 2024 - 25 Sep 2024
Sayurbox
-
-
Cuti persalinan (3 bulan)
Testing 3 (Ajuan di tanggal sama)
Lihat Selengkapnya
Dibatalkan
Notes :
Lihat Selengkapnya'

03-12-2024T16:57:13 - [MESSAGE][PASSED] - Text of object 'Object Repository/Admin/Cuti/014/Page_HADIR/Table' is: 'AB
Anif Biantoro
24 Sep 2024
25 Sep 2024 - 25 Sep 2024
Sayurbox
-
-
Cuti persalinan (3 bulan)
Testing 3 (Ajuan di tanggal sama)
Lihat Selengkapnya
Dibatalkan
Notes :
Lihat Selengkapnya'

03-12-2024T16:57:13 - [TEST_STEP][PASSED] - if (tableText == null || tableText.isEmpty()): null

03-12-2024T16:57:13 - [TEST_STEP][PASSED] - else: null

03-12-2024T16:57:13 - [TEST_STEP][PASSED] - comment("Table contains data: " + tableText): Table contains data: AB
Anif Biantoro
24 Sep 2024
25 Sep 2024 - 25 Sep 2024
Sayurbox
-
-
Cuti persalinan (3 bulan)
Testing 3 (Ajuan di tanggal sama)
Lihat Selengkapnya
Dibatalkan
Notes :
Lihat Selengkapnya

03-12-2024T16:57:13 - [MESSAGE][INFO] - Table contains data: AB
Anif Biantoro
24 Sep 2024
25 Sep 2024 - 25 Sep 2024
Sayurbox
-
-
Cuti persalinan (3 bulan)
Testing 3 (Ajuan di tanggal sama)
Lihat Selengkapnya
Dibatalkan
Notes :
Lihat Selengkapnya

03-12-2024T16:57:13 - [TEST_STEP][PASSED] - assert true: null

03-12-2024T16:57:13 - [TEST_STEP][PASSED] - closeBrowser(): Browser is closed

03-12-2024T16:57:13 - [MESSAGE][PASSED] - Browser is closed]]></system-out>
         <system-err><![CDATA[]]></system-err>
      </testcase>
      <testcase name="Test Cases/Admin/Laporan/02 Cuti/TCC.Hadir.04.019" time="7.095" classname="Test Cases/Admin/Laporan/02 Cuti/TCC.Hadir.04.019" status="PASSED">
         <system-out><![CDATA[03-12-2024T16:57:13 - [TEST_CASE][PASSED] - Test Cases/Admin/Laporan/02 Cuti/TCC.Hadir.04.019: Test Cases/Admin/Laporan/02 Cuti/TCC.Hadir.04.019

03-12-2024T16:57:13 - [TEST_STEP][PASSED] - openBrowser(""): Browser is opened with url: ''

03-12-2024T16:57:13 - [MESSAGE][INFO] - Starting 'Chrome' driver

03-12-2024T16:57:13 - [MESSAGE][INFO] - Action delay is set to 0 milliseconds

03-12-2024T16:57:14 - [MESSAGE][PASSED] - Browser is opened with url: ''

03-12-2024T16:57:14 - [TEST_STEP][PASSED] - maximizeWindow(): Current window maximized

03-12-2024T16:57:14 - [MESSAGE][PASSED] - Current window maximized

03-12-2024T16:57:14 - [TEST_STEP][PASSED] - navigateToUrl("https://magang.dikahadir.com/authentication/login"): Navigate to 'https://magang.dikahadir.com/authentication/login' successfully

03-12-2024T16:57:14 - [MESSAGE][PASSED] - Navigate to 'https://magang.dikahadir.com/authentication/login' successfully

03-12-2024T16:57:14 - [TEST_STEP][PASSED] - setText(findTestObject("Object Repository/Admin/Cuti/014/Page_HADIR/input_Email_email"), "Admin@hadir.com"): Text 'Admin@hadir.com' is set on object 'Object Repository/Admin/Cuti/014/Page_HADIR/input_Email_email'

03-12-2024T16:57:15 - [MESSAGE][PASSED] - Text 'Admin@hadir.com' is set on object 'Object Repository/Admin/Cuti/014/Page_HADIR/input_Email_email'

03-12-2024T16:57:15 - [TEST_STEP][PASSED] - setEncryptedText(findTestObject("Object Repository/Admin/Cuti/014/Page_HADIR/input_Password_password"), "aSC42nPN26UggVXAwmiGmQ=="): Text ****** has been set on object 'Object Repository/Admin/Cuti/014/Page_HADIR/input_Password_password'

03-12-2024T16:57:15 - [MESSAGE][PASSED] - Text ****** has been set on object 'Object Repository/Admin/Cuti/014/Page_HADIR/input_Password_password'

03-12-2024T16:57:15 - [TEST_STEP][PASSED] - click(findTestObject("Object Repository/Admin/Cuti/014/Page_HADIR/button_Masuk")): Object: 'Object Repository/Admin/Cuti/014/Page_HADIR/button_Masuk' is clicked on

03-12-2024T16:57:16 - [MESSAGE][PASSED] - Object: 'Object Repository/Admin/Cuti/014/Page_HADIR/button_Masuk' is clicked on

03-12-2024T16:57:16 - [TEST_STEP][PASSED] - click(findTestObject("Object Repository/Admin/Cuti/014/Page_HADIR/div_Laporan")): Object: 'Object Repository/Admin/Cuti/014/Page_HADIR/div_Laporan' is clicked on

03-12-2024T16:57:17 - [MESSAGE][PASSED] - Object: 'Object Repository/Admin/Cuti/014/Page_HADIR/div_Laporan' is clicked on

03-12-2024T16:57:17 - [TEST_STEP][PASSED] - click(findTestObject("Object Repository/Admin/Cuti/014/Page_HADIR/p_Cuti")): Object: 'Object Repository/Admin/Cuti/014/Page_HADIR/p_Cuti' is clicked on

03-12-2024T16:57:18 - [MESSAGE][PASSED] - Object: 'Object Repository/Admin/Cuti/014/Page_HADIR/p_Cuti' is clicked on

03-12-2024T16:57:18 - [TEST_STEP][PASSED] - click(findTestObject("Admin/Cuti/014/Page_HADIR/EndDate")): Object: 'Object Repository/Admin/Cuti/014/Page_HADIR/EndDate' is clicked on

03-12-2024T16:57:19 - [MESSAGE][PASSED] - Object: 'Object Repository/Admin/Cuti/014/Page_HADIR/EndDate' is clicked on

03-12-2024T16:57:19 - [TEST_STEP][PASSED] - setText(findTestObject("Object Repository/Admin/Cuti/014/Page_HADIR/EndDate"), "Nov 16, 2024"): Text 'Nov 16, 2024' is set on object 'Object Repository/Admin/Cuti/014/Page_HADIR/EndDate'

03-12-2024T16:57:19 - [MESSAGE][PASSED] - Text 'Nov 16, 2024' is set on object 'Object Repository/Admin/Cuti/014/Page_HADIR/EndDate'

03-12-2024T16:57:19 - [TEST_STEP][PASSED] - click(findTestObject("Object Repository/Admin/Cuti/014/Page_HADIR/button_Search")): Object: 'Object Repository/Admin/Cuti/014/Page_HADIR/button_Search' is clicked on

03-12-2024T16:57:19 - [MESSAGE][PASSED] - Object: 'Object Repository/Admin/Cuti/014/Page_HADIR/button_Search' is clicked on

03-12-2024T16:57:19 - [TEST_STEP][PASSED] - nameObject = findTestObject("Object Repository/Admin/Cuti/014/Page_HADIR/Nama_table"): null

03-12-2024T16:57:19 - [TEST_STEP][PASSED] - isTableVisible = verifyElementPresent(nameObject, 10): Object 'Object Repository/Admin/Cuti/014/Page_HADIR/Nama_table' is present

03-12-2024T16:57:20 - [MESSAGE][PASSED] - Object 'Object Repository/Admin/Cuti/014/Page_HADIR/Nama_table' is present

03-12-2024T16:57:20 - [TEST_STEP][PASSED] - if (isTableVisible): Data table is visible on the page.

03-12-2024T16:57:20 - [TEST_STEP][PASSED] - comment("Data table is visible on the page."): Data table is visible on the page.

03-12-2024T16:57:20 - [MESSAGE][INFO] - Data table is visible on the page.

03-12-2024T16:57:20 - [TEST_STEP][PASSED] - closeBrowser(): Browser is closed

03-12-2024T16:57:20 - [MESSAGE][PASSED] - Browser is closed]]></system-out>
         <system-err><![CDATA[]]></system-err>
      </testcase>
      <testcase name="Test Cases/Admin/Laporan/02 Cuti/TCC.Hadir.04.020" time="6.896" classname="Test Cases/Admin/Laporan/02 Cuti/TCC.Hadir.04.020" status="PASSED">
         <system-out><![CDATA[03-12-2024T16:57:20 - [TEST_CASE][PASSED] - Test Cases/Admin/Laporan/02 Cuti/TCC.Hadir.04.020: Test Cases/Admin/Laporan/02 Cuti/TCC.Hadir.04.020

03-12-2024T16:57:20 - [TEST_STEP][PASSED] - openBrowser(""): Browser is opened with url: ''

03-12-2024T16:57:20 - [MESSAGE][INFO] - Starting 'Chrome' driver

03-12-2024T16:57:20 - [MESSAGE][INFO] - Action delay is set to 0 milliseconds

03-12-2024T16:57:21 - [MESSAGE][PASSED] - Browser is opened with url: ''

03-12-2024T16:57:21 - [TEST_STEP][PASSED] - maximizeWindow(): Current window maximized

03-12-2024T16:57:21 - [MESSAGE][PASSED] - Current window maximized

03-12-2024T16:57:21 - [TEST_STEP][PASSED] - navigateToUrl("https://magang.dikahadir.com/authentication/login"): Navigate to 'https://magang.dikahadir.com/authentication/login' successfully

03-12-2024T16:57:21 - [MESSAGE][PASSED] - Navigate to 'https://magang.dikahadir.com/authentication/login' successfully

03-12-2024T16:57:21 - [TEST_STEP][PASSED] - setText(findTestObject("Object Repository/Admin/Cuti/014/Page_HADIR/input_Email_email"), "Admin@hadir.com"): Text 'Admin@hadir.com' is set on object 'Object Repository/Admin/Cuti/014/Page_HADIR/input_Email_email'

03-12-2024T16:57:22 - [MESSAGE][PASSED] - Text 'Admin@hadir.com' is set on object 'Object Repository/Admin/Cuti/014/Page_HADIR/input_Email_email'

03-12-2024T16:57:22 - [TEST_STEP][PASSED] - setEncryptedText(findTestObject("Object Repository/Admin/Cuti/014/Page_HADIR/input_Password_password"), "aSC42nPN26UggVXAwmiGmQ=="): Text ****** has been set on object 'Object Repository/Admin/Cuti/014/Page_HADIR/input_Password_password'

03-12-2024T16:57:22 - [MESSAGE][PASSED] - Text ****** has been set on object 'Object Repository/Admin/Cuti/014/Page_HADIR/input_Password_password'

03-12-2024T16:57:22 - [TEST_STEP][PASSED] - click(findTestObject("Object Repository/Admin/Cuti/014/Page_HADIR/button_Masuk")): Object: 'Object Repository/Admin/Cuti/014/Page_HADIR/button_Masuk' is clicked on

03-12-2024T16:57:22 - [MESSAGE][PASSED] - Object: 'Object Repository/Admin/Cuti/014/Page_HADIR/button_Masuk' is clicked on

03-12-2024T16:57:22 - [TEST_STEP][PASSED] - click(findTestObject("Object Repository/Admin/Cuti/014/Page_HADIR/div_Laporan")): Object: 'Object Repository/Admin/Cuti/014/Page_HADIR/div_Laporan' is clicked on

03-12-2024T16:57:24 - [MESSAGE][PASSED] - Object: 'Object Repository/Admin/Cuti/014/Page_HADIR/div_Laporan' is clicked on

03-12-2024T16:57:24 - [TEST_STEP][PASSED] - click(findTestObject("Object Repository/Admin/Cuti/014/Page_HADIR/p_Cuti")): Object: 'Object Repository/Admin/Cuti/014/Page_HADIR/p_Cuti' is clicked on

03-12-2024T16:57:25 - [MESSAGE][PASSED] - Object: 'Object Repository/Admin/Cuti/014/Page_HADIR/p_Cuti' is clicked on

03-12-2024T16:57:25 - [TEST_STEP][PASSED] - click(findTestObject("Admin/Cuti/014/Page_HADIR/StartDate")): Object: 'Object Repository/Admin/Cuti/014/Page_HADIR/StartDate' is clicked on

03-12-2024T16:57:25 - [MESSAGE][PASSED] - Object: 'Object Repository/Admin/Cuti/014/Page_HADIR/StartDate' is clicked on

03-12-2024T16:57:25 - [TEST_STEP][PASSED] - setText(findTestObject("Object Repository/Admin/Cuti/014/Page_HADIR/StartDate"), "Jun 1, 2024"): Text 'Jun 1, 2024' is set on object 'Object Repository/Admin/Cuti/014/Page_HADIR/StartDate'

03-12-2024T16:57:26 - [MESSAGE][PASSED] - Text 'Jun 1, 2024' is set on object 'Object Repository/Admin/Cuti/014/Page_HADIR/StartDate'

03-12-2024T16:57:26 - [TEST_STEP][PASSED] - click(findTestObject("Object Repository/Admin/Cuti/014/Page_HADIR/button_Search")): Object: 'Object Repository/Admin/Cuti/014/Page_HADIR/button_Search' is clicked on

03-12-2024T16:57:26 - [MESSAGE][PASSED] - Object: 'Object Repository/Admin/Cuti/014/Page_HADIR/button_Search' is clicked on

03-12-2024T16:57:26 - [TEST_STEP][PASSED] - nameObject = findTestObject("Object Repository/Admin/Cuti/014/Page_HADIR/Nama_table"): null

03-12-2024T16:57:26 - [TEST_STEP][PASSED] - isTableVisible = verifyElementPresent(nameObject, 10): Object 'Object Repository/Admin/Cuti/014/Page_HADIR/Nama_table' is present

03-12-2024T16:57:27 - [MESSAGE][PASSED] - Object 'Object Repository/Admin/Cuti/014/Page_HADIR/Nama_table' is present

03-12-2024T16:57:27 - [TEST_STEP][PASSED] - if (isTableVisible): Data table is visible on the page.

03-12-2024T16:57:27 - [TEST_STEP][PASSED] - comment("Data table is visible on the page."): Data table is visible on the page.

03-12-2024T16:57:27 - [MESSAGE][INFO] - Data table is visible on the page.

03-12-2024T16:57:27 - [TEST_STEP][PASSED] - closeBrowser(): Browser is closed

03-12-2024T16:57:27 - [MESSAGE][PASSED] - Browser is closed]]></system-out>
         <system-err><![CDATA[]]></system-err>
      </testcase>
      <testcase name="Test Cases/Admin/Laporan/02 Cuti/TCC.Hadir.04.021" time="8.513" classname="Test Cases/Admin/Laporan/02 Cuti/TCC.Hadir.04.021" status="FAILED">
         <failure type="FAILED" message="Test Cases/Admin/Laporan/02 Cuti/TCC.Hadir.04.021 FAILED.&#xa;Reason:&#xa;java.lang.AssertionError: The table is not empty. It contains data.. Expression: isTableEmpty. Values: isTableEmpty = false&#xa;	at TCC.Hadir.04.021.run(TCC.Hadir.04.021:52)&#xa;	at com.kms.katalon.core.main.ScriptEngine.run(ScriptEngine.java:194)&#xa;	at com.kms.katalon.core.main.ScriptEngine.runScriptAsRawText(ScriptEngine.java:119)&#xa;	at com.kms.katalon.core.main.TestCaseExecutor.runScript(TestCaseExecutor.java:448)&#xa;	at com.kms.katalon.core.main.TestCaseExecutor.doExecute(TestCaseExecutor.java:439)&#xa;	at com.kms.katalon.core.main.TestCaseExecutor.processExecutionPhase(TestCaseExecutor.java:418)&#xa;	at com.kms.katalon.core.main.TestCaseExecutor.accessMainPhase(TestCaseExecutor.java:410)&#xa;	at com.kms.katalon.core.main.TestCaseExecutor.execute(TestCaseExecutor.java:285)&#xa;	at com.kms.katalon.core.main.TestCaseExecutor.execute(TestCaseExecutor.java:369)&#xa;	at com.kms.katalon.core.main.TestCaseExecutor.execute(TestCaseExecutor.java:369)&#xa;	at com.kms.katalon.core.main.TestCaseExecutor.execute(TestCaseExecutor.java:369)&#xa;	at com.kms.katalon.core.common.CommonExecutor.accessTestCaseMainPhase(CommonExecutor.java:65)&#xa;	at com.kms.katalon.core.main.TestSuiteExecutor.accessTestSuiteMainPhase(TestSuiteExecutor.java:161)&#xa;	at com.kms.katalon.core.main.TestSuiteExecutor.execute(TestSuiteExecutor.java:107)&#xa;	at com.kms.katalon.core.main.TestCaseMain.startTestSuite(TestCaseMain.java:176)&#xa;	at TempTestSuite1733219472274.run(TempTestSuite1733219472274.groovy:35)&#xa;	at java.base/jdk.internal.reflect.NativeMethodAccessorImpl.invoke0(Native Method)&#xa;	at java.base/jdk.internal.reflect.NativeMethodAccessorImpl.invoke(NativeMethodAccessorImpl.java:77)&#xa;	at java.base/jdk.internal.reflect.DelegatingMethodAccessorImpl.invoke(DelegatingMethodAccessorImpl.java:43)&#xa;"/>
         <system-out><![CDATA[03-12-2024T16:57:52 - [TEST_CASE][FAILED] - Test Cases/Admin/Laporan/02 Cuti/TCC.Hadir.04.021: Test Cases/Admin/Laporan/02 Cuti/TCC.Hadir.04.021 FAILED.
Reason:
java.lang.AssertionError: The table is not empty. It contains data.. Expression: isTableEmpty. Values: isTableEmpty = false
	at TCC.Hadir.04.021.run(TCC.Hadir.04.021:52)
	at com.kms.katalon.core.main.ScriptEngine.run(ScriptEngine.java:194)
	at com.kms.katalon.core.main.ScriptEngine.runScriptAsRawText(ScriptEngine.java:119)
	at com.kms.katalon.core.main.TestCaseExecutor.runScript(TestCaseExecutor.java:448)
	at com.kms.katalon.core.main.TestCaseExecutor.doExecute(TestCaseExecutor.java:439)
	at com.kms.katalon.core.main.TestCaseExecutor.processExecutionPhase(TestCaseExecutor.java:418)
	at com.kms.katalon.core.main.TestCaseExecutor.accessMainPhase(TestCaseExecutor.java:410)
	at com.kms.katalon.core.main.TestCaseExecutor.execute(TestCaseExecutor.java:285)
	at com.kms.katalon.core.main.TestCaseExecutor.execute(TestCaseExecutor.java:369)
	at com.kms.katalon.core.main.TestCaseExecutor.execute(TestCaseExecutor.java:369)
	at com.kms.katalon.core.main.TestCaseExecutor.execute(TestCaseExecutor.java:369)
	at com.kms.katalon.core.common.CommonExecutor.accessTestCaseMainPhase(CommonExecutor.java:65)
	at com.kms.katalon.core.main.TestSuiteExecutor.accessTestSuiteMainPhase(TestSuiteExecutor.java:161)
	at com.kms.katalon.core.main.TestSuiteExecutor.execute(TestSuiteExecutor.java:107)
	at com.kms.katalon.core.main.TestCaseMain.startTestSuite(TestCaseMain.java:176)
	at TempTestSuite1733219472274.run(TempTestSuite1733219472274.groovy:35)
	at java.base/jdk.internal.reflect.NativeMethodAccessorImpl.invoke0(Native Method)
	at java.base/jdk.internal.reflect.NativeMethodAccessorImpl.invoke(NativeMethodAccessorImpl.java:77)
	at java.base/jdk.internal.reflect.DelegatingMethodAccessorImpl.invoke(DelegatingMethodAccessorImpl.java:43)


03-12-2024T16:57:52 - [TEST_STEP][PASSED] - openBrowser(""): Browser is opened with url: ''

03-12-2024T16:57:52 - [MESSAGE][WARNING] - A browser is already opened. Closing browser and opening a new one

03-12-2024T16:57:52 - [MESSAGE][INFO] - Starting 'Chrome' driver

03-12-2024T16:57:52 - [MESSAGE][INFO] - Action delay is set to 0 milliseconds

03-12-2024T16:57:52 - [MESSAGE][PASSED] - Browser is opened with url: ''

03-12-2024T16:57:52 - [TEST_STEP][PASSED] - maximizeWindow(): Current window maximized

03-12-2024T16:57:52 - [MESSAGE][PASSED] - Current window maximized

03-12-2024T16:57:52 - [TEST_STEP][PASSED] - navigateToUrl("https://magang.dikahadir.com/authentication/login"): Navigate to 'https://magang.dikahadir.com/authentication/login' successfully

03-12-2024T16:57:54 - [MESSAGE][PASSED] - Navigate to 'https://magang.dikahadir.com/authentication/login' successfully

03-12-2024T16:57:54 - [TEST_STEP][PASSED] - setText(findTestObject("Object Repository/Admin/Cuti/014/Page_HADIR/input_Email_email"), "Admin@hadir.com"): Text 'Admin@hadir.com' is set on object 'Object Repository/Admin/Cuti/014/Page_HADIR/input_Email_email'

03-12-2024T16:57:54 - [MESSAGE][PASSED] - Text 'Admin@hadir.com' is set on object 'Object Repository/Admin/Cuti/014/Page_HADIR/input_Email_email'

03-12-2024T16:57:54 - [TEST_STEP][PASSED] - setEncryptedText(findTestObject("Object Repository/Admin/Cuti/014/Page_HADIR/input_Password_password"), "aSC42nPN26UggVXAwmiGmQ=="): Text ****** has been set on object 'Object Repository/Admin/Cuti/014/Page_HADIR/input_Password_password'

03-12-2024T16:57:54 - [MESSAGE][PASSED] - Text ****** has been set on object 'Object Repository/Admin/Cuti/014/Page_HADIR/input_Password_password'

03-12-2024T16:57:54 - [TEST_STEP][PASSED] - click(findTestObject("Object Repository/Admin/Cuti/014/Page_HADIR/button_Masuk")): Object: 'Object Repository/Admin/Cuti/014/Page_HADIR/button_Masuk' is clicked on

03-12-2024T16:57:55 - [MESSAGE][PASSED] - Object: 'Object Repository/Admin/Cuti/014/Page_HADIR/button_Masuk' is clicked on

03-12-2024T16:57:55 - [TEST_STEP][PASSED] - click(findTestObject("Object Repository/Admin/Cuti/014/Page_HADIR/div_Laporan")): Object: 'Object Repository/Admin/Cuti/014/Page_HADIR/div_Laporan' is clicked on

03-12-2024T16:57:56 - [MESSAGE][PASSED] - Object: 'Object Repository/Admin/Cuti/014/Page_HADIR/div_Laporan' is clicked on

03-12-2024T16:57:56 - [TEST_STEP][PASSED] - click(findTestObject("Object Repository/Admin/Cuti/014/Page_HADIR/p_Cuti")): Object: 'Object Repository/Admin/Cuti/014/Page_HADIR/p_Cuti' is clicked on

03-12-2024T16:57:57 - [MESSAGE][PASSED] - Object: 'Object Repository/Admin/Cuti/014/Page_HADIR/p_Cuti' is clicked on

03-12-2024T16:57:57 - [TEST_STEP][PASSED] - click(findTestObject("Admin/Cuti/014/Page_HADIR/StartDate")): Object: 'Object Repository/Admin/Cuti/014/Page_HADIR/StartDate' is clicked on

03-12-2024T16:57:58 - [MESSAGE][PASSED] - Object: 'Object Repository/Admin/Cuti/014/Page_HADIR/StartDate' is clicked on

03-12-2024T16:57:58 - [TEST_STEP][PASSED] - setText(findTestObject("Object Repository/Admin/Cuti/014/Page_HADIR/StartDate"), "Nov 30, 2025"): Text 'Nov 30, 2025' is set on object 'Object Repository/Admin/Cuti/014/Page_HADIR/StartDate'

03-12-2024T16:57:58 - [MESSAGE][PASSED] - Text 'Nov 30, 2025' is set on object 'Object Repository/Admin/Cuti/014/Page_HADIR/StartDate'

03-12-2024T16:57:58 - [TEST_STEP][PASSED] - click(findTestObject("Admin/Cuti/014/Page_HADIR/EndDate")): Object: 'Object Repository/Admin/Cuti/014/Page_HADIR/EndDate' is clicked on

03-12-2024T16:57:59 - [MESSAGE][PASSED] - Object: 'Object Repository/Admin/Cuti/014/Page_HADIR/EndDate' is clicked on

03-12-2024T16:57:59 - [TEST_STEP][PASSED] - setText(findTestObject("Object Repository/Admin/Cuti/014/Page_HADIR/EndDate"), "Nov 30, 2025"): Text 'Nov 30, 2025' is set on object 'Object Repository/Admin/Cuti/014/Page_HADIR/EndDate'

03-12-2024T16:57:59 - [MESSAGE][PASSED] - Text 'Nov 30, 2025' is set on object 'Object Repository/Admin/Cuti/014/Page_HADIR/EndDate'

03-12-2024T16:57:59 - [TEST_STEP][PASSED] - click(findTestObject("Object Repository/Admin/Cuti/014/Page_HADIR/button_Search")): Object: 'Object Repository/Admin/Cuti/014/Page_HADIR/button_Search' is clicked on

03-12-2024T16:57:59 - [MESSAGE][PASSED] - Object: 'Object Repository/Admin/Cuti/014/Page_HADIR/button_Search' is clicked on

03-12-2024T16:57:59 - [TEST_STEP][PASSED] - table = findTestObject("Object Repository/Admin/Cuti/014/Page_HADIR/Table"): null

03-12-2024T16:57:59 - [TEST_STEP][PASSED] - isTableEmpty = getText(table).isEmpty(): Text of object 'Object Repository/Admin/Cuti/014/Page_HADIR/Table' is: 'AB
Anif Biantoro
24 Sep 2024
25 Sep 2024 - 25 Sep 2024
Sayurbox
-
-
Cuti persalinan (3 bulan)
Testing 3 (Ajuan di tanggal sama)
Lihat Selengkapnya
Dibatalkan
Notes :
Lihat Selengkapnya'

03-12-2024T16:58:00 - [MESSAGE][PASSED] - Text of object 'Object Repository/Admin/Cuti/014/Page_HADIR/Table' is: 'AB
Anif Biantoro
24 Sep 2024
25 Sep 2024 - 25 Sep 2024
Sayurbox
-
-
Cuti persalinan (3 bulan)
Testing 3 (Ajuan di tanggal sama)
Lihat Selengkapnya
Dibatalkan
Notes :
Lihat Selengkapnya'

03-12-2024T16:58:00 - [TEST_STEP][FAILED] - assert isTableEmpty : "The table is not empty. It contains data.": Test Cases/Admin/Laporan/02 Cuti/TCC.Hadir.04.021 FAILED.
Reason:
java.lang.AssertionError: The table is not empty. It contains data.. Expression: isTableEmpty. Values: isTableEmpty = false
	at TCC.Hadir.04.021.run(TCC.Hadir.04.021:52)
	at com.kms.katalon.core.main.ScriptEngine.run(ScriptEngine.java:194)
	at com.kms.katalon.core.main.ScriptEngine.runScriptAsRawText(ScriptEngine.java:119)
	at com.kms.katalon.core.main.TestCaseExecutor.runScript(TestCaseExecutor.java:448)
	at com.kms.katalon.core.main.TestCaseExecutor.doExecute(TestCaseExecutor.java:439)
	at com.kms.katalon.core.main.TestCaseExecutor.processExecutionPhase(TestCaseExecutor.java:418)
	at com.kms.katalon.core.main.TestCaseExecutor.accessMainPhase(TestCaseExecutor.java:410)
	at com.kms.katalon.core.main.TestCaseExecutor.execute(TestCaseExecutor.java:285)
	at com.kms.katalon.core.main.TestCaseExecutor.execute(TestCaseExecutor.java:369)
	at com.kms.katalon.core.main.TestCaseExecutor.execute(TestCaseExecutor.java:369)
	at com.kms.katalon.core.main.TestCaseExecutor.execute(TestCaseExecutor.java:369)
	at com.kms.katalon.core.common.CommonExecutor.accessTestCaseMainPhase(CommonExecutor.java:65)
	at com.kms.katalon.core.main.TestSuiteExecutor.accessTestSuiteMainPhase(TestSuiteExecutor.java:161)
	at com.kms.katalon.core.main.TestSuiteExecutor.execute(TestSuiteExecutor.java:107)
	at com.kms.katalon.core.main.TestCaseMain.startTestSuite(TestCaseMain.java:176)
	at TempTestSuite1733219472274.run(TempTestSuite1733219472274.groovy:35)
	at java.base/jdk.internal.reflect.NativeMethodAccessorImpl.invoke0(Native Method)
	at java.base/jdk.internal.reflect.NativeMethodAccessorImpl.invoke(NativeMethodAccessorImpl.java:77)
	at java.base/jdk.internal.reflect.DelegatingMethodAccessorImpl.invoke(DelegatingMethodAccessorImpl.java:43)


03-12-2024T16:58:00 - [MESSAGE][FAILED] - Test Cases/Admin/Laporan/02 Cuti/TCC.Hadir.04.021 FAILED.
Reason:
java.lang.AssertionError: The table is not empty. It contains data.. Expression: isTableEmpty. Values: isTableEmpty = false
	at TCC.Hadir.04.021.run(TCC.Hadir.04.021:52)
	at com.kms.katalon.core.main.ScriptEngine.run(ScriptEngine.java:194)
	at com.kms.katalon.core.main.ScriptEngine.runScriptAsRawText(ScriptEngine.java:119)
	at com.kms.katalon.core.main.TestCaseExecutor.runScript(TestCaseExecutor.java:448)
	at com.kms.katalon.core.main.TestCaseExecutor.doExecute(TestCaseExecutor.java:439)
	at com.kms.katalon.core.main.TestCaseExecutor.processExecutionPhase(TestCaseExecutor.java:418)
	at com.kms.katalon.core.main.TestCaseExecutor.accessMainPhase(TestCaseExecutor.java:410)
	at com.kms.katalon.core.main.TestCaseExecutor.execute(TestCaseExecutor.java:285)
	at com.kms.katalon.core.main.TestCaseExecutor.execute(TestCaseExecutor.java:369)
	at com.kms.katalon.core.main.TestCaseExecutor.execute(TestCaseExecutor.java:369)
	at com.kms.katalon.core.main.TestCaseExecutor.execute(TestCaseExecutor.java:369)
	at com.kms.katalon.core.common.CommonExecutor.accessTestCaseMainPhase(CommonExecutor.java:65)
	at com.kms.katalon.core.main.TestSuiteExecutor.accessTestSuiteMainPhase(TestSuiteExecutor.java:161)
	at com.kms.katalon.core.main.TestSuiteExecutor.execute(TestSuiteExecutor.java:107)
	at com.kms.katalon.core.main.TestCaseMain.startTestSuite(TestCaseMain.java:176)
	at TempTestSuite1733219472274.run(TempTestSuite1733219472274.groovy:35)
	at java.base/jdk.internal.reflect.NativeMethodAccessorImpl.invoke0(Native Method)
	at java.base/jdk.internal.reflect.NativeMethodAccessorImpl.invoke(NativeMethodAccessorImpl.java:77)
	at java.base/jdk.internal.reflect.DelegatingMethodAccessorImpl.invoke(DelegatingMethodAccessorImpl.java:43)]]></system-out>
         <system-err><![CDATA[03-12-2024T16:57:52 - [TEST_CASE][FAILED] - Test Cases/Admin/Laporan/02 Cuti/TCC.Hadir.04.021: Test Cases/Admin/Laporan/02 Cuti/TCC.Hadir.04.021 FAILED.
Reason:
java.lang.AssertionError: The table is not empty. It contains data.. Expression: isTableEmpty. Values: isTableEmpty = false
	at TCC.Hadir.04.021.run(TCC.Hadir.04.021:52)
	at com.kms.katalon.core.main.ScriptEngine.run(ScriptEngine.java:194)
	at com.kms.katalon.core.main.ScriptEngine.runScriptAsRawText(ScriptEngine.java:119)
	at com.kms.katalon.core.main.TestCaseExecutor.runScript(TestCaseExecutor.java:448)
	at com.kms.katalon.core.main.TestCaseExecutor.doExecute(TestCaseExecutor.java:439)
	at com.kms.katalon.core.main.TestCaseExecutor.processExecutionPhase(TestCaseExecutor.java:418)
	at com.kms.katalon.core.main.TestCaseExecutor.accessMainPhase(TestCaseExecutor.java:410)
	at com.kms.katalon.core.main.TestCaseExecutor.execute(TestCaseExecutor.java:285)
	at com.kms.katalon.core.main.TestCaseExecutor.execute(TestCaseExecutor.java:369)
	at com.kms.katalon.core.main.TestCaseExecutor.execute(TestCaseExecutor.java:369)
	at com.kms.katalon.core.main.TestCaseExecutor.execute(TestCaseExecutor.java:369)
	at com.kms.katalon.core.common.CommonExecutor.accessTestCaseMainPhase(CommonExecutor.java:65)
	at com.kms.katalon.core.main.TestSuiteExecutor.accessTestSuiteMainPhase(TestSuiteExecutor.java:161)
	at com.kms.katalon.core.main.TestSuiteExecutor.execute(TestSuiteExecutor.java:107)
	at com.kms.katalon.core.main.TestCaseMain.startTestSuite(TestCaseMain.java:176)
	at TempTestSuite1733219472274.run(TempTestSuite1733219472274.groovy:35)
	at java.base/jdk.internal.reflect.NativeMethodAccessorImpl.invoke0(Native Method)
	at java.base/jdk.internal.reflect.NativeMethodAccessorImpl.invoke(NativeMethodAccessorImpl.java:77)
	at java.base/jdk.internal.reflect.DelegatingMethodAccessorImpl.invoke(DelegatingMethodAccessorImpl.java:43)]]></system-err>
      </testcase>
      <testcase name="Test Cases/Admin/Laporan/02 Cuti/TCC.Hadir.04.022" time="7.781" classname="Test Cases/Admin/Laporan/02 Cuti/TCC.Hadir.04.022" status="PASSED">
         <system-out><![CDATA[03-12-2024T16:58:00 - [TEST_CASE][PASSED] - Test Cases/Admin/Laporan/02 Cuti/TCC.Hadir.04.022: Test Cases/Admin/Laporan/02 Cuti/TCC.Hadir.04.022

03-12-2024T16:58:00 - [TEST_STEP][PASSED] - openBrowser(""): Browser is opened with url: ''

03-12-2024T16:58:00 - [MESSAGE][WARNING] - A browser is already opened. Closing browser and opening a new one

03-12-2024T16:58:00 - [MESSAGE][INFO] - Starting 'Chrome' driver

03-12-2024T16:58:00 - [MESSAGE][INFO] - Action delay is set to 0 milliseconds

03-12-2024T16:58:01 - [MESSAGE][PASSED] - Browser is opened with url: ''

03-12-2024T16:58:01 - [TEST_STEP][PASSED] - maximizeWindow(): Current window maximized

03-12-2024T16:58:01 - [MESSAGE][PASSED] - Current window maximized

03-12-2024T16:58:01 - [TEST_STEP][PASSED] - navigateToUrl("https://magang.dikahadir.com/authentication/login"): Navigate to 'https://magang.dikahadir.com/authentication/login' successfully

03-12-2024T16:58:01 - [MESSAGE][PASSED] - Navigate to 'https://magang.dikahadir.com/authentication/login' successfully

03-12-2024T16:58:01 - [TEST_STEP][PASSED] - setText(findTestObject("Object Repository/Admin/Cuti/022/Page_HADIR/input_Email_email"), "Admin@hadir.com"): Text 'Admin@hadir.com' is set on object 'Object Repository/Admin/Cuti/022/Page_HADIR/input_Email_email'

03-12-2024T16:58:02 - [MESSAGE][PASSED] - Text 'Admin@hadir.com' is set on object 'Object Repository/Admin/Cuti/022/Page_HADIR/input_Email_email'

03-12-2024T16:58:02 - [TEST_STEP][PASSED] - setEncryptedText(findTestObject("Object Repository/Admin/Cuti/022/Page_HADIR/input_Password_password"), "aSC42nPN26UggVXAwmiGmQ=="): Text ****** has been set on object 'Object Repository/Admin/Cuti/022/Page_HADIR/input_Password_password'

03-12-2024T16:58:02 - [MESSAGE][PASSED] - Text ****** has been set on object 'Object Repository/Admin/Cuti/022/Page_HADIR/input_Password_password'

03-12-2024T16:58:02 - [TEST_STEP][PASSED] - click(findTestObject("Object Repository/Admin/Cuti/022/Page_HADIR/button_Masuk")): Object: 'Object Repository/Admin/Cuti/022/Page_HADIR/button_Masuk' is clicked on

03-12-2024T16:58:03 - [MESSAGE][PASSED] - Object: 'Object Repository/Admin/Cuti/022/Page_HADIR/button_Masuk' is clicked on

03-12-2024T16:58:03 - [TEST_STEP][PASSED] - click(findTestObject("Object Repository/Admin/Cuti/022/Page_HADIR/div_Laporan")): Object: 'Object Repository/Admin/Cuti/022/Page_HADIR/div_Laporan' is clicked on

03-12-2024T16:58:04 - [MESSAGE][PASSED] - Object: 'Object Repository/Admin/Cuti/022/Page_HADIR/div_Laporan' is clicked on

03-12-2024T16:58:04 - [TEST_STEP][PASSED] - click(findTestObject("Object Repository/Admin/Cuti/022/Page_HADIR/p_Cuti")): Object: 'Object Repository/Admin/Cuti/022/Page_HADIR/p_Cuti' is clicked on

03-12-2024T16:58:05 - [MESSAGE][PASSED] - Object: 'Object Repository/Admin/Cuti/022/Page_HADIR/p_Cuti' is clicked on

03-12-2024T16:58:05 - [TEST_STEP][PASSED] - click(findTestObject("Object Repository/Admin/Cuti/022/Page_HADIR/button__Filter")): Object: 'Object Repository/Admin/Cuti/022/Page_HADIR/button__Filter' is clicked on

03-12-2024T16:58:06 - [MESSAGE][PASSED] - Object: 'Object Repository/Admin/Cuti/022/Page_HADIR/button__Filter' is clicked on

03-12-2024T16:58:06 - [TEST_STEP][PASSED] - setText(findTestObject("Object Repository/Admin/Cuti/022/Page_HADIR/input_Unit_job_departement"), "AMEX MERCHANT"): Text 'AMEX MERCHANT' is set on object 'Object Repository/Admin/Cuti/022/Page_HADIR/input_Unit_job_departement'

03-12-2024T16:58:06 - [MESSAGE][PASSED] - Text 'AMEX MERCHANT' is set on object 'Object Repository/Admin/Cuti/022/Page_HADIR/input_Unit_job_departement'

03-12-2024T16:58:06 - [TEST_STEP][PASSED] - sendKeys(findTestObject("Object Repository/Admin/Cuti/022/Page_HADIR/input_Unit_job_departement"), Keys.chord(DOWN)): Keys 'DOWN + ' sent to object: 'Object Repository/Admin/Cuti/022/Page_HADIR/input_Unit_job_departement'

03-12-2024T16:58:07 - [MESSAGE][PASSED] - Keys 'DOWN + ' sent to object: 'Object Repository/Admin/Cuti/022/Page_HADIR/input_Unit_job_departement'

03-12-2024T16:58:07 - [TEST_STEP][PASSED] - sendKeys(findTestObject("Object Repository/Admin/Cuti/022/Page_HADIR/input_Unit_job_departement"), Keys.chord(ENTER)): Keys 'ENTER + ' sent to object: 'Object Repository/Admin/Cuti/022/Page_HADIR/input_Unit_job_departement'

03-12-2024T16:58:07 - [MESSAGE][PASSED] - Keys 'ENTER + ' sent to object: 'Object Repository/Admin/Cuti/022/Page_HADIR/input_Unit_job_departement'

03-12-2024T16:58:07 - [TEST_STEP][PASSED] - nameObject = findTestObject("Object Repository/Admin/Cuti/014/Page_HADIR/Nama_table"): null

03-12-2024T16:58:07 - [TEST_STEP][PASSED] - isTableVisible = verifyElementPresent(nameObject, 10): Object 'Object Repository/Admin/Cuti/014/Page_HADIR/Nama_table' is present

03-12-2024T16:58:08 - [MESSAGE][PASSED] - Object 'Object Repository/Admin/Cuti/014/Page_HADIR/Nama_table' is present

03-12-2024T16:58:08 - [TEST_STEP][PASSED] - if (isTableVisible): Data table is visible on the page.

03-12-2024T16:58:08 - [TEST_STEP][PASSED] - comment("Data table is visible on the page."): Data table is visible on the page.

03-12-2024T16:58:08 - [MESSAGE][INFO] - Data table is visible on the page.

03-12-2024T16:58:08 - [TEST_STEP][PASSED] - closeBrowser(): Browser is closed

03-12-2024T16:58:08 - [MESSAGE][PASSED] - Browser is closed]]></system-out>
         <system-err><![CDATA[]]></system-err>
      </testcase>
      <testcase name="Test Cases/Admin/Laporan/02 Cuti/TCC.Hadir.04.023" time="8.051" classname="Test Cases/Admin/Laporan/02 Cuti/TCC.Hadir.04.023" status="PASSED">
         <system-out><![CDATA[03-12-2024T16:58:08 - [TEST_CASE][PASSED] - Test Cases/Admin/Laporan/02 Cuti/TCC.Hadir.04.023: Test Cases/Admin/Laporan/02 Cuti/TCC.Hadir.04.023

03-12-2024T16:58:08 - [TEST_STEP][PASSED] - openBrowser(""): Browser is opened with url: ''

03-12-2024T16:58:08 - [MESSAGE][INFO] - Starting 'Chrome' driver

03-12-2024T16:58:08 - [MESSAGE][INFO] - Action delay is set to 0 milliseconds

03-12-2024T16:58:09 - [MESSAGE][PASSED] - Browser is opened with url: ''

03-12-2024T16:58:09 - [TEST_STEP][PASSED] - maximizeWindow(): Current window maximized

03-12-2024T16:58:09 - [MESSAGE][PASSED] - Current window maximized

03-12-2024T16:58:09 - [TEST_STEP][PASSED] - navigateToUrl("https://magang.dikahadir.com/authentication/login"): Navigate to 'https://magang.dikahadir.com/authentication/login' successfully

03-12-2024T16:58:09 - [MESSAGE][PASSED] - Navigate to 'https://magang.dikahadir.com/authentication/login' successfully

03-12-2024T16:58:09 - [TEST_STEP][PASSED] - setText(findTestObject("Object Repository/Admin/Cuti/022/Page_HADIR/input_Email_email"), "Admin@hadir.com"): Text 'Admin@hadir.com' is set on object 'Object Repository/Admin/Cuti/022/Page_HADIR/input_Email_email'

03-12-2024T16:58:10 - [MESSAGE][PASSED] - Text 'Admin@hadir.com' is set on object 'Object Repository/Admin/Cuti/022/Page_HADIR/input_Email_email'

03-12-2024T16:58:10 - [TEST_STEP][PASSED] - setEncryptedText(findTestObject("Object Repository/Admin/Cuti/022/Page_HADIR/input_Password_password"), "aSC42nPN26UggVXAwmiGmQ=="): Text ****** has been set on object 'Object Repository/Admin/Cuti/022/Page_HADIR/input_Password_password'

03-12-2024T16:58:10 - [MESSAGE][PASSED] - Text ****** has been set on object 'Object Repository/Admin/Cuti/022/Page_HADIR/input_Password_password'

03-12-2024T16:58:10 - [TEST_STEP][PASSED] - click(findTestObject("Object Repository/Admin/Cuti/022/Page_HADIR/button_Masuk")): Object: 'Object Repository/Admin/Cuti/022/Page_HADIR/button_Masuk' is clicked on

03-12-2024T16:58:10 - [MESSAGE][PASSED] - Object: 'Object Repository/Admin/Cuti/022/Page_HADIR/button_Masuk' is clicked on

03-12-2024T16:58:10 - [TEST_STEP][PASSED] - click(findTestObject("Object Repository/Admin/Cuti/022/Page_HADIR/div_Laporan")): Object: 'Object Repository/Admin/Cuti/022/Page_HADIR/div_Laporan' is clicked on

03-12-2024T16:58:12 - [MESSAGE][PASSED] - Object: 'Object Repository/Admin/Cuti/022/Page_HADIR/div_Laporan' is clicked on

03-12-2024T16:58:12 - [TEST_STEP][PASSED] - click(findTestObject("Object Repository/Admin/Cuti/022/Page_HADIR/p_Cuti")): Object: 'Object Repository/Admin/Cuti/022/Page_HADIR/p_Cuti' is clicked on

03-12-2024T16:58:13 - [MESSAGE][PASSED] - Object: 'Object Repository/Admin/Cuti/022/Page_HADIR/p_Cuti' is clicked on

03-12-2024T16:58:13 - [TEST_STEP][PASSED] - click(findTestObject("Object Repository/Admin/Cuti/022/Page_HADIR/button__Filter")): Object: 'Object Repository/Admin/Cuti/022/Page_HADIR/button__Filter' is clicked on

03-12-2024T16:58:13 - [MESSAGE][PASSED] - Object: 'Object Repository/Admin/Cuti/022/Page_HADIR/button__Filter' is clicked on

03-12-2024T16:58:13 - [TEST_STEP][PASSED] - setText(findTestObject("Object Repository/Admin/Cuti/022/Page_HADIR/input_Unit_job_departement"), "ABC"): Text 'ABC' is set on object 'Object Repository/Admin/Cuti/022/Page_HADIR/input_Unit_job_departement'

03-12-2024T16:58:14 - [MESSAGE][PASSED] - Text 'ABC' is set on object 'Object Repository/Admin/Cuti/022/Page_HADIR/input_Unit_job_departement'

03-12-2024T16:58:14 - [TEST_STEP][PASSED] - sendKeys(findTestObject("Object Repository/Admin/Cuti/022/Page_HADIR/input_Unit_job_departement"), Keys.chord(DOWN)): Keys 'DOWN + ' sent to object: 'Object Repository/Admin/Cuti/022/Page_HADIR/input_Unit_job_departement'

03-12-2024T16:58:15 - [MESSAGE][PASSED] - Keys 'DOWN + ' sent to object: 'Object Repository/Admin/Cuti/022/Page_HADIR/input_Unit_job_departement'

03-12-2024T16:58:15 - [TEST_STEP][PASSED] - sendKeys(findTestObject("Object Repository/Admin/Cuti/022/Page_HADIR/input_Unit_job_departement"), Keys.chord(ENTER)): Keys 'ENTER + ' sent to object: 'Object Repository/Admin/Cuti/022/Page_HADIR/input_Unit_job_departement'

03-12-2024T16:58:15 - [MESSAGE][PASSED] - Keys 'ENTER + ' sent to object: 'Object Repository/Admin/Cuti/022/Page_HADIR/input_Unit_job_departement'

03-12-2024T16:58:15 - [TEST_STEP][PASSED] - nameObject = findTestObject("Object Repository/Admin/Cuti/014/Page_HADIR/Nama_table"): null

03-12-2024T16:58:15 - [TEST_STEP][PASSED] - isTableVisible = verifyElementPresent(nameObject, 10): Object 'Object Repository/Admin/Cuti/014/Page_HADIR/Nama_table' is present

03-12-2024T16:58:16 - [MESSAGE][PASSED] - Object 'Object Repository/Admin/Cuti/014/Page_HADIR/Nama_table' is present

03-12-2024T16:58:16 - [TEST_STEP][PASSED] - if (isTableVisible): Data table is visible on the page.

03-12-2024T16:58:16 - [TEST_STEP][PASSED] - comment("Data table is visible on the page."): Data table is visible on the page.

03-12-2024T16:58:16 - [MESSAGE][INFO] - Data table is visible on the page.

03-12-2024T16:58:16 - [TEST_STEP][PASSED] - closeBrowser(): Browser is closed

03-12-2024T16:58:16 - [MESSAGE][PASSED] - Browser is closed]]></system-out>
         <system-err><![CDATA[]]></system-err>
      </testcase>
      <testcase name="Test Cases/Admin/Laporan/02 Cuti/TCC.Hadir.04.024" time="11.709" classname="Test Cases/Admin/Laporan/02 Cuti/TCC.Hadir.04.024" status="PASSED">
         <system-out><![CDATA[03-12-2024T16:58:16 - [TEST_CASE][PASSED] - Test Cases/Admin/Laporan/02 Cuti/TCC.Hadir.04.024: Test Cases/Admin/Laporan/02 Cuti/TCC.Hadir.04.024

03-12-2024T16:58:16 - [TEST_STEP][PASSED] - openBrowser(""): Browser is opened with url: ''

03-12-2024T16:58:16 - [MESSAGE][INFO] - Starting 'Chrome' driver

03-12-2024T16:58:16 - [MESSAGE][INFO] - Action delay is set to 0 milliseconds

03-12-2024T16:58:17 - [MESSAGE][PASSED] - Browser is opened with url: ''

03-12-2024T16:58:17 - [TEST_STEP][PASSED] - maximizeWindow(): Current window maximized

03-12-2024T16:58:17 - [MESSAGE][PASSED] - Current window maximized

03-12-2024T16:58:17 - [TEST_STEP][PASSED] - navigateToUrl("https://magang.dikahadir.com/authentication/login"): Navigate to 'https://magang.dikahadir.com/authentication/login' successfully

03-12-2024T16:58:17 - [MESSAGE][PASSED] - Navigate to 'https://magang.dikahadir.com/authentication/login' successfully

03-12-2024T16:58:17 - [TEST_STEP][PASSED] - setText(findTestObject("Object Repository/Admin/Cuti/014/Page_HADIR/input_Email_email"), "Admin@hadir.com"): Text 'Admin@hadir.com' is set on object 'Object Repository/Admin/Cuti/014/Page_HADIR/input_Email_email'

03-12-2024T16:58:18 - [MESSAGE][PASSED] - Text 'Admin@hadir.com' is set on object 'Object Repository/Admin/Cuti/014/Page_HADIR/input_Email_email'

03-12-2024T16:58:18 - [TEST_STEP][PASSED] - setEncryptedText(findTestObject("Object Repository/Admin/Cuti/014/Page_HADIR/input_Password_password"), "aSC42nPN26UggVXAwmiGmQ=="): Text ****** has been set on object 'Object Repository/Admin/Cuti/014/Page_HADIR/input_Password_password'

03-12-2024T16:58:18 - [MESSAGE][PASSED] - Text ****** has been set on object 'Object Repository/Admin/Cuti/014/Page_HADIR/input_Password_password'

03-12-2024T16:58:18 - [TEST_STEP][PASSED] - click(findTestObject("Object Repository/Admin/Cuti/014/Page_HADIR/button_Masuk")): Object: 'Object Repository/Admin/Cuti/014/Page_HADIR/button_Masuk' is clicked on

03-12-2024T16:58:19 - [MESSAGE][PASSED] - Object: 'Object Repository/Admin/Cuti/014/Page_HADIR/button_Masuk' is clicked on

03-12-2024T16:58:19 - [TEST_STEP][PASSED] - click(findTestObject("Object Repository/Admin/Cuti/014/Page_HADIR/div_Laporan")): Object: 'Object Repository/Admin/Cuti/014/Page_HADIR/div_Laporan' is clicked on

03-12-2024T16:58:22 - [MESSAGE][PASSED] - Object: 'Object Repository/Admin/Cuti/014/Page_HADIR/div_Laporan' is clicked on

03-12-2024T16:58:22 - [TEST_STEP][PASSED] - click(findTestObject("Object Repository/Admin/Cuti/014/Page_HADIR/p_Cuti")): Object: 'Object Repository/Admin/Cuti/014/Page_HADIR/p_Cuti' is clicked on

03-12-2024T16:58:23 - [MESSAGE][PASSED] - Object: 'Object Repository/Admin/Cuti/014/Page_HADIR/p_Cuti' is clicked on

03-12-2024T16:58:23 - [TEST_STEP][PASSED] - click(findTestObject("Object Repository/Admin/Cuti/022/Page_HADIR/button__Filter")): Object: 'Object Repository/Admin/Cuti/022/Page_HADIR/button__Filter' is clicked on

03-12-2024T16:58:24 - [MESSAGE][PASSED] - Object: 'Object Repository/Admin/Cuti/022/Page_HADIR/button__Filter' is clicked on

03-12-2024T16:58:24 - [TEST_STEP][PASSED] - setText(findTestObject("Object Repository/Admin/Cuti/022/Page_HADIR/input_Unit_job_departement"), "IT Programmer"): Text 'IT Programmer' is set on object 'Object Repository/Admin/Cuti/022/Page_HADIR/input_Unit_job_departement'

03-12-2024T16:58:24 - [MESSAGE][PASSED] - Text 'IT Programmer' is set on object 'Object Repository/Admin/Cuti/022/Page_HADIR/input_Unit_job_departement'

03-12-2024T16:58:24 - [TEST_STEP][PASSED] - sendKeys(findTestObject("Object Repository/Admin/Cuti/022/Page_HADIR/input_Unit_job_departement"), Keys.chord(DOWN)): Keys 'DOWN + ' sent to object: 'Object Repository/Admin/Cuti/022/Page_HADIR/input_Unit_job_departement'

03-12-2024T16:58:25 - [MESSAGE][PASSED] - Keys 'DOWN + ' sent to object: 'Object Repository/Admin/Cuti/022/Page_HADIR/input_Unit_job_departement'

03-12-2024T16:58:25 - [TEST_STEP][PASSED] - sendKeys(findTestObject("Object Repository/Admin/Cuti/022/Page_HADIR/input_Unit_job_departement"), Keys.chord(ENTER)): Keys 'ENTER + ' sent to object: 'Object Repository/Admin/Cuti/022/Page_HADIR/input_Unit_job_departement'

03-12-2024T16:58:25 - [MESSAGE][PASSED] - Keys 'ENTER + ' sent to object: 'Object Repository/Admin/Cuti/022/Page_HADIR/input_Unit_job_departement'

03-12-2024T16:58:25 - [TEST_STEP][PASSED] - click(findTestObject("Admin/Cuti/022/Page_HADIR/button__FilterTerapkan")): Object: 'Object Repository/Admin/Cuti/022/Page_HADIR/button__FilterTerapkan' is clicked on

03-12-2024T16:58:26 - [MESSAGE][PASSED] - Object: 'Object Repository/Admin/Cuti/022/Page_HADIR/button__FilterTerapkan' is clicked on

03-12-2024T16:58:26 - [TEST_STEP][PASSED] - setText(findTestObject("Object Repository/Admin/IzinPulangCepatPage/002/Page_HADIR/input_Search_search"), "Anif Biantoro"): Text 'Anif Biantoro' is set on object 'Object Repository/Admin/IzinPulangCepatPage/002/Page_HADIR/input_Search_search'

03-12-2024T16:58:27 - [MESSAGE][PASSED] - Text 'Anif Biantoro' is set on object 'Object Repository/Admin/IzinPulangCepatPage/002/Page_HADIR/input_Search_search'

03-12-2024T16:58:27 - [TEST_STEP][PASSED] - click(findTestObject("Object Repository/Admin/Cuti/014/Page_HADIR/button_Search")): Object: 'Object Repository/Admin/Cuti/014/Page_HADIR/button_Search' is clicked on

03-12-2024T16:58:27 - [MESSAGE][PASSED] - Object: 'Object Repository/Admin/Cuti/014/Page_HADIR/button_Search' is clicked on

03-12-2024T16:58:27 - [TEST_STEP][PASSED] - expectedName = "Anif Biantoro": null

03-12-2024T16:58:27 - [TEST_STEP][PASSED] - nameObject = findTestObject("Object Repository/Admin/Cuti/014/Page_HADIR/Nama_table"): null

03-12-2024T16:58:27 - [TEST_STEP][PASSED] - verifyElementText(nameObject, expectedName, STOP_ON_FAILURE): Actual text and expected text of test object 'Object Repository/Admin/Cuti/014/Page_HADIR/Nama_table' are matched.

03-12-2024T16:58:27 - [MESSAGE][PASSED] - Actual text and expected text of test object 'Object Repository/Admin/Cuti/014/Page_HADIR/Nama_table' are matched.

03-12-2024T16:58:27 - [TEST_STEP][PASSED] - closeBrowser(): Browser is closed

03-12-2024T16:58:28 - [MESSAGE][PASSED] - Browser is closed]]></system-out>
         <system-err><![CDATA[]]></system-err>
      </testcase>
      <testcase name="Test Cases/Admin/Laporan/02 Cuti/TCC.Hadir.04.025" time="11.073" classname="Test Cases/Admin/Laporan/02 Cuti/TCC.Hadir.04.025" status="PASSED">
         <system-out><![CDATA[03-12-2024T16:58:28 - [TEST_CASE][PASSED] - Test Cases/Admin/Laporan/02 Cuti/TCC.Hadir.04.025: Test Cases/Admin/Laporan/02 Cuti/TCC.Hadir.04.025

03-12-2024T16:58:28 - [TEST_STEP][PASSED] - openBrowser(""): Browser is opened with url: ''

03-12-2024T16:58:28 - [MESSAGE][INFO] - Starting 'Chrome' driver

03-12-2024T16:58:28 - [MESSAGE][INFO] - Action delay is set to 0 milliseconds

03-12-2024T16:58:28 - [MESSAGE][PASSED] - Browser is opened with url: ''

03-12-2024T16:58:28 - [TEST_STEP][PASSED] - maximizeWindow(): Current window maximized

03-12-2024T16:58:28 - [MESSAGE][PASSED] - Current window maximized

03-12-2024T16:58:28 - [TEST_STEP][PASSED] - navigateToUrl("https://magang.dikahadir.com/authentication/login"): Navigate to 'https://magang.dikahadir.com/authentication/login' successfully

03-12-2024T16:58:29 - [MESSAGE][PASSED] - Navigate to 'https://magang.dikahadir.com/authentication/login' successfully

03-12-2024T16:58:29 - [TEST_STEP][PASSED] - setText(findTestObject("Object Repository/Admin/Cuti/025/Page_HADIR/input_Email_email"), "Admin@hadir.com"): Text 'Admin@hadir.com' is set on object 'Object Repository/Admin/Cuti/025/Page_HADIR/input_Email_email'

03-12-2024T16:58:30 - [MESSAGE][PASSED] - Text 'Admin@hadir.com' is set on object 'Object Repository/Admin/Cuti/025/Page_HADIR/input_Email_email'

03-12-2024T16:58:30 - [TEST_STEP][PASSED] - setEncryptedText(findTestObject("Object Repository/Admin/Cuti/025/Page_HADIR/input_Password_password"), "aSC42nPN26UggVXAwmiGmQ=="): Text ****** has been set on object 'Object Repository/Admin/Cuti/025/Page_HADIR/input_Password_password'

03-12-2024T16:58:30 - [MESSAGE][PASSED] - Text ****** has been set on object 'Object Repository/Admin/Cuti/025/Page_HADIR/input_Password_password'

03-12-2024T16:58:30 - [TEST_STEP][PASSED] - click(findTestObject("Object Repository/Admin/Cuti/025/Page_HADIR/button_Masuk")): Object: 'Object Repository/Admin/Cuti/025/Page_HADIR/button_Masuk' is clicked on

03-12-2024T16:58:30 - [MESSAGE][PASSED] - Object: 'Object Repository/Admin/Cuti/025/Page_HADIR/button_Masuk' is clicked on

03-12-2024T16:58:30 - [TEST_STEP][PASSED] - click(findTestObject("Object Repository/Admin/Cuti/025/Page_HADIR/div_Laporan")): Object: 'Object Repository/Admin/Cuti/025/Page_HADIR/div_Laporan' is clicked on

03-12-2024T16:58:34 - [MESSAGE][PASSED] - Object: 'Object Repository/Admin/Cuti/025/Page_HADIR/div_Laporan' is clicked on

03-12-2024T16:58:34 - [TEST_STEP][PASSED] - click(findTestObject("Object Repository/Admin/Cuti/025/Page_HADIR/div_Cuti")): Object: 'Object Repository/Admin/Cuti/025/Page_HADIR/div_Cuti' is clicked on

03-12-2024T16:58:35 - [MESSAGE][PASSED] - Object: 'Object Repository/Admin/Cuti/025/Page_HADIR/div_Cuti' is clicked on

03-12-2024T16:58:35 - [TEST_STEP][PASSED] - click(findTestObject("Admin/Cuti/025/Page_HADIR/button__filter")): Object: 'Object Repository/Admin/Cuti/025/Page_HADIR/button__filter' is clicked on

03-12-2024T16:58:36 - [MESSAGE][PASSED] - Object: 'Object Repository/Admin/Cuti/025/Page_HADIR/button__filter' is clicked on

03-12-2024T16:58:36 - [TEST_STEP][PASSED] - verifyElementVisible(findTestObject("Object Repository/Admin/Cuti/025/Page_HADIR/form_filterby")): Object 'Object Repository/Admin/Cuti/025/Page_HADIR/form_filterby' is visible

03-12-2024T16:58:36 - [MESSAGE][PASSED] - Object 'Object Repository/Admin/Cuti/025/Page_HADIR/form_filterby' is visible

03-12-2024T16:58:36 - [TEST_STEP][PASSED] - click(findTestObject("Object Repository/Admin/Cuti/025/Page_HADIR/button_Batal")): Object: 'Object Repository/Admin/Cuti/025/Page_HADIR/button_Batal' is clicked on

03-12-2024T16:58:36 - [MESSAGE][PASSED] - Object: 'Object Repository/Admin/Cuti/025/Page_HADIR/button_Batal' is clicked on

03-12-2024T16:58:36 - [TEST_STEP][PASSED] - delay(2): Delayed 2 second(s)

03-12-2024T16:58:38 - [MESSAGE][PASSED] - Delayed 2 second(s)

03-12-2024T16:58:38 - [TEST_STEP][PASSED] - nameObject = findTestObject("Object Repository/Admin/Cuti/014/Page_HADIR/Nama_table"): null

03-12-2024T16:58:38 - [TEST_STEP][PASSED] - isTableVisible = verifyElementPresent(nameObject, 10): Object 'Object Repository/Admin/Cuti/014/Page_HADIR/Nama_table' is present

03-12-2024T16:58:39 - [MESSAGE][PASSED] - Object 'Object Repository/Admin/Cuti/014/Page_HADIR/Nama_table' is present

03-12-2024T16:58:39 - [TEST_STEP][PASSED] - if (isTableVisible): Data table is visible on the page.

03-12-2024T16:58:39 - [TEST_STEP][PASSED] - comment("Data table is visible on the page."): Data table is visible on the page.

03-12-2024T16:58:39 - [MESSAGE][INFO] - Data table is visible on the page.

03-12-2024T16:58:39 - [TEST_STEP][PASSED] - closeBrowser(): Browser is closed

03-12-2024T16:58:39 - [MESSAGE][PASSED] - Browser is closed]]></system-out>
         <system-err><![CDATA[]]></system-err>
      </testcase>
      <testcase name="Test Cases/Admin/Laporan/02 Cuti/TCC.Hadir.04.026" time="8.981" classname="Test Cases/Admin/Laporan/02 Cuti/TCC.Hadir.04.026" status="PASSED">
         <system-out><![CDATA[03-12-2024T16:58:39 - [TEST_CASE][PASSED] - Test Cases/Admin/Laporan/02 Cuti/TCC.Hadir.04.026: Test Cases/Admin/Laporan/02 Cuti/TCC.Hadir.04.026

03-12-2024T16:58:39 - [TEST_STEP][PASSED] - openBrowser(""): Browser is opened with url: ''

03-12-2024T16:58:39 - [MESSAGE][INFO] - Starting 'Chrome' driver

03-12-2024T16:58:39 - [MESSAGE][INFO] - Action delay is set to 0 milliseconds

03-12-2024T16:58:39 - [MESSAGE][PASSED] - Browser is opened with url: ''

03-12-2024T16:58:39 - [TEST_STEP][PASSED] - maximizeWindow(): Current window maximized

03-12-2024T16:58:39 - [MESSAGE][PASSED] - Current window maximized

03-12-2024T16:58:39 - [TEST_STEP][PASSED] - navigateToUrl("https://magang.dikahadir.com/authentication/login"): Navigate to 'https://magang.dikahadir.com/authentication/login' successfully

03-12-2024T16:58:40 - [MESSAGE][PASSED] - Navigate to 'https://magang.dikahadir.com/authentication/login' successfully

03-12-2024T16:58:40 - [TEST_STEP][PASSED] - setText(findTestObject("Object Repository/Admin/Cuti/025/Page_HADIR/input_Email_email"), "Admin@hadir.com"): Text 'Admin@hadir.com' is set on object 'Object Repository/Admin/Cuti/025/Page_HADIR/input_Email_email'

03-12-2024T16:58:40 - [MESSAGE][PASSED] - Text 'Admin@hadir.com' is set on object 'Object Repository/Admin/Cuti/025/Page_HADIR/input_Email_email'

03-12-2024T16:58:40 - [TEST_STEP][PASSED] - setEncryptedText(findTestObject("Object Repository/Admin/Cuti/025/Page_HADIR/input_Password_password"), "aSC42nPN26UggVXAwmiGmQ=="): Text ****** has been set on object 'Object Repository/Admin/Cuti/025/Page_HADIR/input_Password_password'

03-12-2024T16:58:41 - [MESSAGE][PASSED] - Text ****** has been set on object 'Object Repository/Admin/Cuti/025/Page_HADIR/input_Password_password'

03-12-2024T16:58:41 - [TEST_STEP][PASSED] - click(findTestObject("Object Repository/Admin/Cuti/025/Page_HADIR/button_Masuk")): Object: 'Object Repository/Admin/Cuti/025/Page_HADIR/button_Masuk' is clicked on

03-12-2024T16:58:41 - [MESSAGE][PASSED] - Object: 'Object Repository/Admin/Cuti/025/Page_HADIR/button_Masuk' is clicked on

03-12-2024T16:58:41 - [TEST_STEP][PASSED] - click(findTestObject("Object Repository/Admin/Cuti/025/Page_HADIR/div_Laporan")): Object: 'Object Repository/Admin/Cuti/025/Page_HADIR/div_Laporan' is clicked on

03-12-2024T16:58:43 - [MESSAGE][PASSED] - Object: 'Object Repository/Admin/Cuti/025/Page_HADIR/div_Laporan' is clicked on

03-12-2024T16:58:43 - [TEST_STEP][PASSED] - click(findTestObject("Object Repository/Admin/Cuti/025/Page_HADIR/div_Cuti")): Object: 'Object Repository/Admin/Cuti/025/Page_HADIR/div_Cuti' is clicked on

03-12-2024T16:58:44 - [MESSAGE][PASSED] - Object: 'Object Repository/Admin/Cuti/025/Page_HADIR/div_Cuti' is clicked on

03-12-2024T16:58:44 - [TEST_STEP][PASSED] - click(findTestObject("Admin/Cuti/025/Page_HADIR/button__filter")): Object: 'Object Repository/Admin/Cuti/025/Page_HADIR/button__filter' is clicked on

03-12-2024T16:58:45 - [MESSAGE][PASSED] - Object: 'Object Repository/Admin/Cuti/025/Page_HADIR/button__filter' is clicked on

03-12-2024T16:58:45 - [TEST_STEP][PASSED] - verifyElementVisible(findTestObject("Object Repository/Admin/Cuti/025/Page_HADIR/form_filterby")): Object 'Object Repository/Admin/Cuti/025/Page_HADIR/form_filterby' is visible

03-12-2024T16:58:45 - [MESSAGE][PASSED] - Object 'Object Repository/Admin/Cuti/025/Page_HADIR/form_filterby' is visible

03-12-2024T16:58:45 - [TEST_STEP][PASSED] - click(findTestObject("Object Repository/Admin/Cuti/025/Page_HADIR/button_Batal")): Object: 'Object Repository/Admin/Cuti/025/Page_HADIR/button_Batal' is clicked on

03-12-2024T16:58:45 - [MESSAGE][PASSED] - Object: 'Object Repository/Admin/Cuti/025/Page_HADIR/button_Batal' is clicked on

03-12-2024T16:58:45 - [TEST_STEP][PASSED] - delay(2): Delayed 2 second(s)

03-12-2024T16:58:47 - [MESSAGE][PASSED] - Delayed 2 second(s)

03-12-2024T16:58:47 - [TEST_STEP][PASSED] - nameObject = findTestObject("Object Repository/Admin/Cuti/014/Page_HADIR/Nama_table"): null

03-12-2024T16:58:47 - [TEST_STEP][PASSED] - isTableVisible = verifyElementPresent(nameObject, 10): Object 'Object Repository/Admin/Cuti/014/Page_HADIR/Nama_table' is present

03-12-2024T16:58:48 - [MESSAGE][PASSED] - Object 'Object Repository/Admin/Cuti/014/Page_HADIR/Nama_table' is present

03-12-2024T16:58:48 - [TEST_STEP][PASSED] - if (isTableVisible): Data table is visible on the page.

03-12-2024T16:58:48 - [TEST_STEP][PASSED] - comment("Data table is visible on the page."): Data table is visible on the page.

03-12-2024T16:58:48 - [MESSAGE][INFO] - Data table is visible on the page.

03-12-2024T16:58:48 - [TEST_STEP][PASSED] - closeBrowser(): Browser is closed

03-12-2024T16:58:48 - [MESSAGE][PASSED] - Browser is closed]]></system-out>
         <system-err><![CDATA[]]></system-err>
      </testcase>
      <testcase name="Test Cases/Admin/Laporan/02 Cuti/TCC.Hadir.04.027" time="8.576" classname="Test Cases/Admin/Laporan/02 Cuti/TCC.Hadir.04.027" status="PASSED">
         <system-out><![CDATA[03-12-2024T16:58:48 - [TEST_CASE][PASSED] - Test Cases/Admin/Laporan/02 Cuti/TCC.Hadir.04.027: Test Cases/Admin/Laporan/02 Cuti/TCC.Hadir.04.027

03-12-2024T16:58:48 - [TEST_STEP][PASSED] - openBrowser(""): Browser is opened with url: ''

03-12-2024T16:58:48 - [MESSAGE][INFO] - Starting 'Chrome' driver

03-12-2024T16:58:48 - [MESSAGE][INFO] - Action delay is set to 0 milliseconds

03-12-2024T16:58:48 - [MESSAGE][PASSED] - Browser is opened with url: ''

03-12-2024T16:58:48 - [TEST_STEP][PASSED] - maximizeWindow(): Current window maximized

03-12-2024T16:58:48 - [MESSAGE][PASSED] - Current window maximized

03-12-2024T16:58:48 - [TEST_STEP][PASSED] - navigateToUrl("https://magang.dikahadir.com/authentication/login"): Navigate to 'https://magang.dikahadir.com/authentication/login' successfully

03-12-2024T16:58:49 - [MESSAGE][PASSED] - Navigate to 'https://magang.dikahadir.com/authentication/login' successfully

03-12-2024T16:58:49 - [TEST_STEP][PASSED] - setText(findTestObject("Object Repository/Admin/Cuti/014/Page_HADIR/input_Email_email"), "Admin@hadir.com"): Text 'Admin@hadir.com' is set on object 'Object Repository/Admin/Cuti/014/Page_HADIR/input_Email_email'

03-12-2024T16:58:50 - [MESSAGE][PASSED] - Text 'Admin@hadir.com' is set on object 'Object Repository/Admin/Cuti/014/Page_HADIR/input_Email_email'

03-12-2024T16:58:50 - [TEST_STEP][PASSED] - setEncryptedText(findTestObject("Object Repository/Admin/Cuti/014/Page_HADIR/input_Password_password"), "aSC42nPN26UggVXAwmiGmQ=="): Text ****** has been set on object 'Object Repository/Admin/Cuti/014/Page_HADIR/input_Password_password'

03-12-2024T16:58:50 - [MESSAGE][PASSED] - Text ****** has been set on object 'Object Repository/Admin/Cuti/014/Page_HADIR/input_Password_password'

03-12-2024T16:58:50 - [TEST_STEP][PASSED] - click(findTestObject("Object Repository/Admin/Cuti/014/Page_HADIR/button_Masuk")): Object: 'Object Repository/Admin/Cuti/014/Page_HADIR/button_Masuk' is clicked on

03-12-2024T16:58:50 - [MESSAGE][PASSED] - Object: 'Object Repository/Admin/Cuti/014/Page_HADIR/button_Masuk' is clicked on

03-12-2024T16:58:50 - [TEST_STEP][PASSED] - click(findTestObject("Object Repository/Admin/Cuti/014/Page_HADIR/div_Laporan")): Object: 'Object Repository/Admin/Cuti/014/Page_HADIR/div_Laporan' is clicked on

03-12-2024T16:58:51 - [MESSAGE][PASSED] - Object: 'Object Repository/Admin/Cuti/014/Page_HADIR/div_Laporan' is clicked on

03-12-2024T16:58:51 - [TEST_STEP][PASSED] - click(findTestObject("Object Repository/Admin/Cuti/014/Page_HADIR/p_Cuti")): Object: 'Object Repository/Admin/Cuti/014/Page_HADIR/p_Cuti' is clicked on

03-12-2024T16:58:53 - [MESSAGE][PASSED] - Object: 'Object Repository/Admin/Cuti/014/Page_HADIR/p_Cuti' is clicked on

03-12-2024T16:58:53 - [TEST_STEP][PASSED] - click(findTestObject("Object Repository/Admin/Cuti/022/Page_HADIR/button__Filter")): Object: 'Object Repository/Admin/Cuti/022/Page_HADIR/button__Filter' is clicked on

03-12-2024T16:58:53 - [MESSAGE][PASSED] - Object: 'Object Repository/Admin/Cuti/022/Page_HADIR/button__Filter' is clicked on

03-12-2024T16:58:53 - [TEST_STEP][PASSED] - setText(findTestObject("Object Repository/Admin/Cuti/022/Page_HADIR/input_Unit_job_departement"), "IT Programmer"): Text 'IT Programmer' is set on object 'Object Repository/Admin/Cuti/022/Page_HADIR/input_Unit_job_departement'

03-12-2024T16:58:54 - [MESSAGE][PASSED] - Text 'IT Programmer' is set on object 'Object Repository/Admin/Cuti/022/Page_HADIR/input_Unit_job_departement'

03-12-2024T16:58:54 - [TEST_STEP][PASSED] - sendKeys(findTestObject("Object Repository/Admin/Cuti/022/Page_HADIR/input_Unit_job_departement"), Keys.chord(DOWN)): Keys 'DOWN + ' sent to object: 'Object Repository/Admin/Cuti/022/Page_HADIR/input_Unit_job_departement'

03-12-2024T16:58:55 - [MESSAGE][PASSED] - Keys 'DOWN + ' sent to object: 'Object Repository/Admin/Cuti/022/Page_HADIR/input_Unit_job_departement'

03-12-2024T16:58:55 - [TEST_STEP][PASSED] - sendKeys(findTestObject("Object Repository/Admin/Cuti/022/Page_HADIR/input_Unit_job_departement"), Keys.chord(ENTER)): Keys 'ENTER + ' sent to object: 'Object Repository/Admin/Cuti/022/Page_HADIR/input_Unit_job_departement'

03-12-2024T16:58:55 - [MESSAGE][PASSED] - Keys 'ENTER + ' sent to object: 'Object Repository/Admin/Cuti/022/Page_HADIR/input_Unit_job_departement'

03-12-2024T16:58:55 - [TEST_STEP][PASSED] - click(findTestObject("Admin/Cuti/025/Page_HADIR/button_clear")): Object: 'Object Repository/Admin/Cuti/025/Page_HADIR/button_clear' is clicked on

03-12-2024T16:58:56 - [MESSAGE][PASSED] - Object: 'Object Repository/Admin/Cuti/025/Page_HADIR/button_clear' is clicked on

03-12-2024T16:58:56 - [TEST_STEP][PASSED] - inputValue = getAttribute(findTestObject("Object Repository/Admin/Cuti/022/Page_HADIR/input_Unit_job_departement"), "value"): Attribute 'value' of object 'Object Repository/Admin/Cuti/022/Page_HADIR/input_Unit_job_departement' is: ''

03-12-2024T16:58:56 - [MESSAGE][PASSED] - Attribute 'value' of object 'Object Repository/Admin/Cuti/022/Page_HADIR/input_Unit_job_departement' is: ''

03-12-2024T16:58:56 - [TEST_STEP][PASSED] - assert inputValue == "" : "Input field is not cleared!": null

03-12-2024T16:58:56 - [TEST_STEP][PASSED] - closeBrowser(): Browser is closed

03-12-2024T16:58:56 - [MESSAGE][PASSED] - Browser is closed]]></system-out>
         <system-err><![CDATA[]]></system-err>
      </testcase>
      <testcase name="Test Cases/Admin/Laporan/02 Cuti/TCC.Hadir.04.028" time="7.168" classname="Test Cases/Admin/Laporan/02 Cuti/TCC.Hadir.04.028" status="FAILED">
         <failure type="FAILED" message="Test Cases/Admin/Laporan/02 Cuti/TCC.Hadir.04.028 FAILED.&#xa;Reason:&#xa;java.lang.AssertionError: An unexpected exception occurred: Unable to set text 'BCA' of object 'Object Repository/Admin/Cuti/028/Page_HADIR/inputUpliner'. Expression: false&#xa;	at TCC.Hadir.04.028.run(TCC.Hadir.04.028:26)&#xa;	at com.kms.katalon.core.main.ScriptEngine.run(ScriptEngine.java:194)&#xa;	at com.kms.katalon.core.main.ScriptEngine.runScriptAsRawText(ScriptEngine.java:119)&#xa;	at com.kms.katalon.core.main.TestCaseExecutor.runScript(TestCaseExecutor.java:448)&#xa;	at com.kms.katalon.core.main.TestCaseExecutor.doExecute(TestCaseExecutor.java:439)&#xa;	at com.kms.katalon.core.main.TestCaseExecutor.processExecutionPhase(TestCaseExecutor.java:418)&#xa;	at com.kms.katalon.core.main.TestCaseExecutor.accessMainPhase(TestCaseExecutor.java:410)&#xa;	at com.kms.katalon.core.main.TestCaseExecutor.execute(TestCaseExecutor.java:285)&#xa;	at com.kms.katalon.core.main.TestCaseExecutor.execute(TestCaseExecutor.java:369)&#xa;	at com.kms.katalon.core.main.TestCaseExecutor.execute(TestCaseExecutor.java:369)&#xa;	at com.kms.katalon.core.main.TestCaseExecutor.execute(TestCaseExecutor.java:369)&#xa;	at com.kms.katalon.core.common.CommonExecutor.accessTestCaseMainPhase(CommonExecutor.java:65)&#xa;	at com.kms.katalon.core.main.TestSuiteExecutor.accessTestSuiteMainPhase(TestSuiteExecutor.java:161)&#xa;	at com.kms.katalon.core.main.TestSuiteExecutor.execute(TestSuiteExecutor.java:107)&#xa;	at com.kms.katalon.core.main.TestCaseMain.startTestSuite(TestCaseMain.java:176)&#xa;	at TempTestSuite1733219472274.run(TempTestSuite1733219472274.groovy:35)&#xa;	at java.base/jdk.internal.reflect.NativeMethodAccessorImpl.invoke0(Native Method)&#xa;	at java.base/jdk.internal.reflect.NativeMethodAccessorImpl.invoke(NativeMethodAccessorImpl.java:77)&#xa;	at java.base/jdk.internal.reflect.DelegatingMethodAccessorImpl.invoke(DelegatingMethodAccessorImpl.java:43)&#xa;"/>
         <system-out><![CDATA[03-12-2024T16:59:17 - [TEST_CASE][FAILED] - Test Cases/Admin/Laporan/02 Cuti/TCC.Hadir.04.028: Test Cases/Admin/Laporan/02 Cuti/TCC.Hadir.04.028 FAILED.
Reason:
java.lang.AssertionError: An unexpected exception occurred: Unable to set text 'BCA' of object 'Object Repository/Admin/Cuti/028/Page_HADIR/inputUpliner'. Expression: false
	at TCC.Hadir.04.028.run(TCC.Hadir.04.028:26)
	at com.kms.katalon.core.main.ScriptEngine.run(ScriptEngine.java:194)
	at com.kms.katalon.core.main.ScriptEngine.runScriptAsRawText(ScriptEngine.java:119)
	at com.kms.katalon.core.main.TestCaseExecutor.runScript(TestCaseExecutor.java:448)
	at com.kms.katalon.core.main.TestCaseExecutor.doExecute(TestCaseExecutor.java:439)
	at com.kms.katalon.core.main.TestCaseExecutor.processExecutionPhase(TestCaseExecutor.java:418)
	at com.kms.katalon.core.main.TestCaseExecutor.accessMainPhase(TestCaseExecutor.java:410)
	at com.kms.katalon.core.main.TestCaseExecutor.execute(TestCaseExecutor.java:285)
	at com.kms.katalon.core.main.TestCaseExecutor.execute(TestCaseExecutor.java:369)
	at com.kms.katalon.core.main.TestCaseExecutor.execute(TestCaseExecutor.java:369)
	at com.kms.katalon.core.main.TestCaseExecutor.execute(TestCaseExecutor.java:369)
	at com.kms.katalon.core.common.CommonExecutor.accessTestCaseMainPhase(CommonExecutor.java:65)
	at com.kms.katalon.core.main.TestSuiteExecutor.accessTestSuiteMainPhase(TestSuiteExecutor.java:161)
	at com.kms.katalon.core.main.TestSuiteExecutor.execute(TestSuiteExecutor.java:107)
	at com.kms.katalon.core.main.TestCaseMain.startTestSuite(TestCaseMain.java:176)
	at TempTestSuite1733219472274.run(TempTestSuite1733219472274.groovy:35)
	at java.base/jdk.internal.reflect.NativeMethodAccessorImpl.invoke0(Native Method)
	at java.base/jdk.internal.reflect.NativeMethodAccessorImpl.invoke(NativeMethodAccessorImpl.java:77)
	at java.base/jdk.internal.reflect.DelegatingMethodAccessorImpl.invoke(DelegatingMethodAccessorImpl.java:43)


03-12-2024T16:59:17 - [TEST_STEP][PASSED] - openBrowser(""): Browser is opened with url: ''

03-12-2024T16:59:17 - [MESSAGE][WARNING] - A browser is already opened. Closing browser and opening a new one

03-12-2024T16:59:18 - [MESSAGE][INFO] - Starting 'Chrome' driver

03-12-2024T16:59:18 - [MESSAGE][INFO] - Action delay is set to 0 milliseconds

03-12-2024T16:59:18 - [MESSAGE][PASSED] - Browser is opened with url: ''

03-12-2024T16:59:18 - [TEST_STEP][PASSED] - maximizeWindow(): Current window maximized

03-12-2024T16:59:18 - [MESSAGE][PASSED] - Current window maximized

03-12-2024T16:59:18 - [TEST_STEP][PASSED] - navigateToUrl("https://magang.dikahadir.com/authentication/login"): Navigate to 'https://magang.dikahadir.com/authentication/login' successfully

03-12-2024T16:59:19 - [MESSAGE][PASSED] - Navigate to 'https://magang.dikahadir.com/authentication/login' successfully

03-12-2024T16:59:19 - [TEST_STEP][PASSED] - setText(findTestObject("Object Repository/Admin/Cuti/028/Page_HADIR/input_Email_email"), "Admin@hadir.com"): Text 'Admin@hadir.com' is set on object 'Object Repository/Admin/Cuti/028/Page_HADIR/input_Email_email'

03-12-2024T16:59:19 - [MESSAGE][PASSED] - Text 'Admin@hadir.com' is set on object 'Object Repository/Admin/Cuti/028/Page_HADIR/input_Email_email'

03-12-2024T16:59:19 - [TEST_STEP][PASSED] - setEncryptedText(findTestObject("Object Repository/Admin/Cuti/028/Page_HADIR/input_Password_password"), "aSC42nPN26UggVXAwmiGmQ=="): Text ****** has been set on object 'Object Repository/Admin/Cuti/028/Page_HADIR/input_Password_password'

03-12-2024T16:59:20 - [MESSAGE][PASSED] - Text ****** has been set on object 'Object Repository/Admin/Cuti/028/Page_HADIR/input_Password_password'

03-12-2024T16:59:20 - [TEST_STEP][PASSED] - click(findTestObject("Object Repository/Admin/Cuti/014/Page_HADIR/button_Masuk")): Object: 'Object Repository/Admin/Cuti/014/Page_HADIR/button_Masuk' is clicked on

03-12-2024T16:59:20 - [MESSAGE][PASSED] - Object: 'Object Repository/Admin/Cuti/014/Page_HADIR/button_Masuk' is clicked on

03-12-2024T16:59:20 - [TEST_STEP][PASSED] - click(findTestObject("Object Repository/Admin/Cuti/028/Page_HADIR/div_Laporan")): Object: 'Object Repository/Admin/Cuti/028/Page_HADIR/div_Laporan' is clicked on

03-12-2024T16:59:22 - [MESSAGE][PASSED] - Object: 'Object Repository/Admin/Cuti/028/Page_HADIR/div_Laporan' is clicked on

03-12-2024T16:59:22 - [TEST_STEP][PASSED] - click(findTestObject("Object Repository/Admin/Cuti/028/Page_HADIR/p_Cuti")): Object: 'Object Repository/Admin/Cuti/028/Page_HADIR/p_Cuti' is clicked on

03-12-2024T16:59:23 - [MESSAGE][PASSED] - Object: 'Object Repository/Admin/Cuti/028/Page_HADIR/p_Cuti' is clicked on

03-12-2024T16:59:23 - [TEST_STEP][PASSED] - click(findTestObject("Object Repository/Admin/Cuti/028/Page_HADIR/svg_Menunggu Approval V1_feather feather-mo_10e371")): Object: 'Object Repository/Admin/Cuti/028/Page_HADIR/svg_Menunggu Approval V1_feather feather-mo_10e371' is clicked on

03-12-2024T16:59:23 - [MESSAGE][PASSED] - Object: 'Object Repository/Admin/Cuti/028/Page_HADIR/svg_Menunggu Approval V1_feather feather-mo_10e371' is clicked on

03-12-2024T16:59:23 - [TEST_STEP][PASSED] - click(findTestObject("Object Repository/Admin/Cuti/028/Page_HADIR/button_Edit")): Object: 'Object Repository/Admin/Cuti/028/Page_HADIR/button_Edit' is clicked on

03-12-2024T16:59:24 - [MESSAGE][WARNING] - [SELF-HEALING] Failed to find element with id 'Object Repository/Admin/Cuti/028/Page_HADIR/button_Edit'. Try using Self-healing.

03-12-2024T16:59:24 - [MESSAGE][WARNING] - [SELF-HEALING] The current locator of test object 'Object Repository/Admin/Cuti/028/Page_HADIR/button_Edit' was broken. Propose an alternative one: '(//button[@type='button'])[22]'.

03-12-2024T16:59:24 - [MESSAGE][PASSED] - Object: 'Object Repository/Admin/Cuti/028/Page_HADIR/button_Edit' is clicked on

03-12-2024T16:59:24 - [TEST_STEP][FAILED] - try: Unable to set text 'BCA' of object 'Object Repository/Admin/Cuti/028/Page_HADIR/inputUpliner' (Root cause: com.kms.katalon.core.exception.StepFailedException: Unable to set text 'BCA' of object 'Object Repository/Admin/Cuti/028/Page_HADIR/inputUpliner'
	at com.kms.katalon.core.webui.keyword.internal.WebUIKeywordMain.stepFailed(WebUIKeywordMain.groovy:117)
	at com.kms.katalon.core.webui.keyword.internal.WebUIKeywordMain.runKeyword(WebUIKeywordMain.groovy:43)
	at com.kms.katalon.core.webui.keyword.builtin.SetTextKeyword.setText(SetTextKeyword.groovy:86)
	at com.kms.katalon.core.webui.keyword.builtin.SetTextKeyword.execute(SetTextKeyword.groovy:39)
	at com.kms.katalon.core.keyword.internal.KeywordExecutor.executeKeywordForPlatform(KeywordExecutor.groovy:74)
	at com.kms.katalon.core.webui.keyword.WebUiBuiltInKeywords.setText(WebUiBuiltInKeywords.groovy:1056)
	at TCC.Hadir.04.028.run(TCC.Hadir.04.028:21)
	at com.kms.katalon.core.main.ScriptEngine.run(ScriptEngine.java:194)
	at com.kms.katalon.core.main.ScriptEngine.runScriptAsRawText(ScriptEngine.java:119)
	at com.kms.katalon.core.main.TestCaseExecutor.runScript(TestCaseExecutor.java:448)
	at com.kms.katalon.core.main.TestCaseExecutor.doExecute(TestCaseExecutor.java:439)
	at com.kms.katalon.core.main.TestCaseExecutor.processExecutionPhase(TestCaseExecutor.java:418)
	at com.kms.katalon.core.main.TestCaseExecutor.accessMainPhase(TestCaseExecutor.java:410)
	at com.kms.katalon.core.main.TestCaseExecutor.execute(TestCaseExecutor.java:285)
	at com.kms.katalon.core.main.TestCaseExecutor.execute(TestCaseExecutor.java:369)
	at com.kms.katalon.core.main.TestCaseExecutor.execute(TestCaseExecutor.java:369)
	at com.kms.katalon.core.main.TestCaseExecutor.execute(TestCaseExecutor.java:369)
	at com.kms.katalon.core.common.CommonExecutor.accessTestCaseMainPhase(CommonExecutor.java:65)
	at com.kms.katalon.core.main.TestSuiteExecutor.accessTestSuiteMainPhase(TestSuiteExecutor.java:161)
	at com.kms.katalon.core.main.TestSuiteExecutor.execute(TestSuiteExecutor.java:107)
	at com.kms.katalon.core.main.TestCaseMain.startTestSuite(TestCaseMain.java:176)
	at TempTestSuite1733219472274.run(TempTestSuite1733219472274.groovy:35)
	at java.base/jdk.internal.reflect.NativeMethodAccessorImpl.invoke0(Native Method)
	at java.base/jdk.internal.reflect.NativeMethodAccessorImpl.invoke(NativeMethodAccessorImpl.java:77)
	at java.base/jdk.internal.reflect.DelegatingMethodAccessorImpl.invoke(DelegatingMethodAccessorImpl.java:43)
Caused by: org.openqa.selenium.InvalidElementStateException: invalid element state
  (Session info: chrome=131.0.6778.86)
Build info: version: '4.22.0', revision: 'c5f3146703'
System info: os.name: 'Windows 10', os.arch: 'amd64', os.version: '10.0', java.version: '17.0.7'
Driver info: com.kms.katalon.selenium.driver.CChromeDriver
Command: [2da569bd09a57f1aa2b3038f4e40646f, clearElement {id=f.0BEFE52987A91CF3648FF257FEAC501A.d.8CC2C1EE76193100071EC2C051D18A73.e.71}]
Capabilities {acceptInsecureCerts: false, browserName: chrome, browserVersion: 131.0.6778.86, chrome: {chromedriverVersion: 130.0.6723.91 (53ac07678369..., userDataDir: C:\Users\User\AppData\Local...}, fedcm:accounts: true, goog:chromeOptions: {debuggerAddress: localhost:59522}, networkConnectionEnabled: false, pageLoadStrategy: normal, platformName: windows, proxy: Proxy(), se:cdp: ws://localhost:59522/devtoo..., se:cdpVersion: 131.0.6778.86, setWindowRect: true, strictFileInteractability: false, timeouts: {implicit: 0, pageLoad: 300000, script: 30000}, unhandledPromptBehavior: ignore, webSocketUrl: ws://localhost:19368/sessio..., webauthn:extension:credBlob: true, webauthn:extension:largeBlob: true, webauthn:extension:minPinLength: true, webauthn:extension:prf: true, webauthn:virtualAuthenticators: true}
Element: [[CChromeDriver: chrome on windows (2da569bd09a57f1aa2b3038f4e40646f)] -> xpath: (.//*[normalize-space(text()) and normalize-space(.)='Atasan 2'])[1]/following::p[1]]
Session ID: 2da569bd09a57f1aa2b3038f4e40646f
	at java.base/jdk.internal.reflect.NativeConstructorAccessorImpl.newInstance0(Native Method)
	at java.base/jdk.internal.reflect.NativeConstructorAccessorImpl.newInstance(NativeConstructorAccessorImpl.java:77)
	at java.base/jdk.internal.reflect.DelegatingConstructorAccessorImpl.newInstance(DelegatingConstructorAccessorImpl.java:45)
	at org.openqa.selenium.remote.ErrorCodec.decode(ErrorCodec.java:167)
	at org.openqa.selenium.remote.codec.w3c.W3CHttpResponseCodec.decode(W3CHttpResponseCodec.java:138)
	at org.openqa.selenium.remote.codec.w3c.W3CHttpResponseCodec.decode(W3CHttpResponseCodec.java:50)
	at org.openqa.selenium.remote.HttpCommandExecutor.execute(HttpCommandExecutor.java:190)
	at org.openqa.selenium.remote.service.DriverCommandExecutor.invokeExecute(DriverCommandExecutor.java:216)
	at org.openqa.selenium.remote.service.DriverCommandExecutor.execute(DriverCommandExecutor.java:174)
	at org.openqa.selenium.remote.RemoteWebDriver.execute(RemoteWebDriver.java:518)
	at org.openqa.selenium.remote.RemoteWebElement.execute(RemoteWebElement.java:223)
	at org.openqa.selenium.remote.RemoteWebElement.clear(RemoteWebElement.java:129)
	at jdk.internal.reflect.GeneratedMethodAccessor27.invoke(Unknown Source)
	at java.base/jdk.internal.reflect.DelegatingMethodAccessorImpl.invoke(DelegatingMethodAccessorImpl.java:43)
	at org.openqa.selenium.support.decorators.WebDriverDecorator.call(WebDriverDecorator.java:249)
	at org.openqa.selenium.support.decorators.DefaultDecorated.call(DefaultDecorated.java:48)
	at org.openqa.selenium.support.decorators.WebDriverDecorator.lambda$createProxy$2(WebDriverDecorator.java:321)
	at net.bytebuddy.renamed.java.lang.Object$ByteBuddy$PAUCWwqX.clear(Unknown Source)
	at com.kms.katalon.core.webui.keyword.builtin.SetTextKeyword$_setText_closure1.doCall(SetTextKeyword.groovy:55)
	at com.kms.katalon.core.webui.keyword.builtin.SetTextKeyword$_setText_closure1.call(SetTextKeyword.groovy)
	at com.kms.katalon.core.webui.keyword.internal.WebUIKeywordMain.runKeyword(WebUIKeywordMain.groovy:35)
	at com.kms.katalon.core.webui.keyword.builtin.SetTextKeyword.setText(SetTextKeyword.groovy:86)
	at com.kms.katalon.core.webui.keyword.builtin.SetTextKeyword.execute(SetTextKeyword.groovy:39)
	at com.kms.katalon.core.keyword.internal.KeywordExecutor.executeKeywordForPlatform(KeywordExecutor.groovy:74)
	at com.kms.katalon.core.webui.keyword.WebUiBuiltInKeywords.setText(WebUiBuiltInKeywords.groovy:1056)
	at Script1732788469144.run(Script1732788469144.groovy:21)
	... 18 more
)

03-12-2024T16:59:24 - [TEST_STEP][FAILED] - setText(findTestObject("Object Repository/Admin/Cuti/028/Page_HADIR/inputUpliner"), "BCA"): Unable to set text 'BCA' of object 'Object Repository/Admin/Cuti/028/Page_HADIR/inputUpliner' (Root cause: com.kms.katalon.core.exception.StepFailedException: Unable to set text 'BCA' of object 'Object Repository/Admin/Cuti/028/Page_HADIR/inputUpliner'
	at com.kms.katalon.core.webui.keyword.internal.WebUIKeywordMain.stepFailed(WebUIKeywordMain.groovy:117)
	at com.kms.katalon.core.webui.keyword.internal.WebUIKeywordMain.runKeyword(WebUIKeywordMain.groovy:43)
	at com.kms.katalon.core.webui.keyword.builtin.SetTextKeyword.setText(SetTextKeyword.groovy:86)
	at com.kms.katalon.core.webui.keyword.builtin.SetTextKeyword.execute(SetTextKeyword.groovy:39)
	at com.kms.katalon.core.keyword.internal.KeywordExecutor.executeKeywordForPlatform(KeywordExecutor.groovy:74)
	at com.kms.katalon.core.webui.keyword.WebUiBuiltInKeywords.setText(WebUiBuiltInKeywords.groovy:1056)
	at TCC.Hadir.04.028.run(TCC.Hadir.04.028:21)
	at com.kms.katalon.core.main.ScriptEngine.run(ScriptEngine.java:194)
	at com.kms.katalon.core.main.ScriptEngine.runScriptAsRawText(ScriptEngine.java:119)
	at com.kms.katalon.core.main.TestCaseExecutor.runScript(TestCaseExecutor.java:448)
	at com.kms.katalon.core.main.TestCaseExecutor.doExecute(TestCaseExecutor.java:439)
	at com.kms.katalon.core.main.TestCaseExecutor.processExecutionPhase(TestCaseExecutor.java:418)
	at com.kms.katalon.core.main.TestCaseExecutor.accessMainPhase(TestCaseExecutor.java:410)
	at com.kms.katalon.core.main.TestCaseExecutor.execute(TestCaseExecutor.java:285)
	at com.kms.katalon.core.main.TestCaseExecutor.execute(TestCaseExecutor.java:369)
	at com.kms.katalon.core.main.TestCaseExecutor.execute(TestCaseExecutor.java:369)
	at com.kms.katalon.core.main.TestCaseExecutor.execute(TestCaseExecutor.java:369)
	at com.kms.katalon.core.common.CommonExecutor.accessTestCaseMainPhase(CommonExecutor.java:65)
	at com.kms.katalon.core.main.TestSuiteExecutor.accessTestSuiteMainPhase(TestSuiteExecutor.java:161)
	at com.kms.katalon.core.main.TestSuiteExecutor.execute(TestSuiteExecutor.java:107)
	at com.kms.katalon.core.main.TestCaseMain.startTestSuite(TestCaseMain.java:176)
	at TempTestSuite1733219472274.run(TempTestSuite1733219472274.groovy:35)
	at java.base/jdk.internal.reflect.NativeMethodAccessorImpl.invoke0(Native Method)
	at java.base/jdk.internal.reflect.NativeMethodAccessorImpl.invoke(NativeMethodAccessorImpl.java:77)
	at java.base/jdk.internal.reflect.DelegatingMethodAccessorImpl.invoke(DelegatingMethodAccessorImpl.java:43)
Caused by: org.openqa.selenium.InvalidElementStateException: invalid element state
  (Session info: chrome=131.0.6778.86)
Build info: version: '4.22.0', revision: 'c5f3146703'
System info: os.name: 'Windows 10', os.arch: 'amd64', os.version: '10.0', java.version: '17.0.7'
Driver info: com.kms.katalon.selenium.driver.CChromeDriver
Command: [2da569bd09a57f1aa2b3038f4e40646f, clearElement {id=f.0BEFE52987A91CF3648FF257FEAC501A.d.8CC2C1EE76193100071EC2C051D18A73.e.71}]
Capabilities {acceptInsecureCerts: false, browserName: chrome, browserVersion: 131.0.6778.86, chrome: {chromedriverVersion: 130.0.6723.91 (53ac07678369..., userDataDir: C:\Users\User\AppData\Local...}, fedcm:accounts: true, goog:chromeOptions: {debuggerAddress: localhost:59522}, networkConnectionEnabled: false, pageLoadStrategy: normal, platformName: windows, proxy: Proxy(), se:cdp: ws://localhost:59522/devtoo..., se:cdpVersion: 131.0.6778.86, setWindowRect: true, strictFileInteractability: false, timeouts: {implicit: 0, pageLoad: 300000, script: 30000}, unhandledPromptBehavior: ignore, webSocketUrl: ws://localhost:19368/sessio..., webauthn:extension:credBlob: true, webauthn:extension:largeBlob: true, webauthn:extension:minPinLength: true, webauthn:extension:prf: true, webauthn:virtualAuthenticators: true}
Element: [[CChromeDriver: chrome on windows (2da569bd09a57f1aa2b3038f4e40646f)] -> xpath: (.//*[normalize-space(text()) and normalize-space(.)='Atasan 2'])[1]/following::p[1]]
Session ID: 2da569bd09a57f1aa2b3038f4e40646f
	at java.base/jdk.internal.reflect.NativeConstructorAccessorImpl.newInstance0(Native Method)
	at java.base/jdk.internal.reflect.NativeConstructorAccessorImpl.newInstance(NativeConstructorAccessorImpl.java:77)
	at java.base/jdk.internal.reflect.DelegatingConstructorAccessorImpl.newInstance(DelegatingConstructorAccessorImpl.java:45)
	at org.openqa.selenium.remote.ErrorCodec.decode(ErrorCodec.java:167)
	at org.openqa.selenium.remote.codec.w3c.W3CHttpResponseCodec.decode(W3CHttpResponseCodec.java:138)
	at org.openqa.selenium.remote.codec.w3c.W3CHttpResponseCodec.decode(W3CHttpResponseCodec.java:50)
	at org.openqa.selenium.remote.HttpCommandExecutor.execute(HttpCommandExecutor.java:190)
	at org.openqa.selenium.remote.service.DriverCommandExecutor.invokeExecute(DriverCommandExecutor.java:216)
	at org.openqa.selenium.remote.service.DriverCommandExecutor.execute(DriverCommandExecutor.java:174)
	at org.openqa.selenium.remote.RemoteWebDriver.execute(RemoteWebDriver.java:518)
	at org.openqa.selenium.remote.RemoteWebElement.execute(RemoteWebElement.java:223)
	at org.openqa.selenium.remote.RemoteWebElement.clear(RemoteWebElement.java:129)
	at jdk.internal.reflect.GeneratedMethodAccessor27.invoke(Unknown Source)
	at java.base/jdk.internal.reflect.DelegatingMethodAccessorImpl.invoke(DelegatingMethodAccessorImpl.java:43)
	at org.openqa.selenium.support.decorators.WebDriverDecorator.call(WebDriverDecorator.java:249)
	at org.openqa.selenium.support.decorators.DefaultDecorated.call(DefaultDecorated.java:48)
	at org.openqa.selenium.support.decorators.WebDriverDecorator.lambda$createProxy$2(WebDriverDecorator.java:321)
	at net.bytebuddy.renamed.java.lang.Object$ByteBuddy$PAUCWwqX.clear(Unknown Source)
	at com.kms.katalon.core.webui.keyword.builtin.SetTextKeyword$_setText_closure1.doCall(SetTextKeyword.groovy:55)
	at com.kms.katalon.core.webui.keyword.builtin.SetTextKeyword$_setText_closure1.call(SetTextKeyword.groovy)
	at com.kms.katalon.core.webui.keyword.internal.WebUIKeywordMain.runKeyword(WebUIKeywordMain.groovy:35)
	at com.kms.katalon.core.webui.keyword.builtin.SetTextKeyword.setText(SetTextKeyword.groovy:86)
	at com.kms.katalon.core.webui.keyword.builtin.SetTextKeyword.execute(SetTextKeyword.groovy:39)
	at com.kms.katalon.core.keyword.internal.KeywordExecutor.executeKeywordForPlatform(KeywordExecutor.groovy:74)
	at com.kms.katalon.core.webui.keyword.WebUiBuiltInKeywords.setText(WebUiBuiltInKeywords.groovy:1056)
	at Script1732788469144.run(Script1732788469144.groovy:21)
	... 18 more
)

03-12-2024T16:59:25 - [MESSAGE][FAILED] - Unable to set text 'BCA' of object 'Object Repository/Admin/Cuti/028/Page_HADIR/inputUpliner' (Root cause: com.kms.katalon.core.exception.StepFailedException: Unable to set text 'BCA' of object 'Object Repository/Admin/Cuti/028/Page_HADIR/inputUpliner'
	at com.kms.katalon.core.webui.keyword.internal.WebUIKeywordMain.stepFailed(WebUIKeywordMain.groovy:117)
	at com.kms.katalon.core.webui.keyword.internal.WebUIKeywordMain.runKeyword(WebUIKeywordMain.groovy:43)
	at com.kms.katalon.core.webui.keyword.builtin.SetTextKeyword.setText(SetTextKeyword.groovy:86)
	at com.kms.katalon.core.webui.keyword.builtin.SetTextKeyword.execute(SetTextKeyword.groovy:39)
	at com.kms.katalon.core.keyword.internal.KeywordExecutor.executeKeywordForPlatform(KeywordExecutor.groovy:74)
	at com.kms.katalon.core.webui.keyword.WebUiBuiltInKeywords.setText(WebUiBuiltInKeywords.groovy:1056)
	at TCC.Hadir.04.028.run(TCC.Hadir.04.028:21)
	at com.kms.katalon.core.main.ScriptEngine.run(ScriptEngine.java:194)
	at com.kms.katalon.core.main.ScriptEngine.runScriptAsRawText(ScriptEngine.java:119)
	at com.kms.katalon.core.main.TestCaseExecutor.runScript(TestCaseExecutor.java:448)
	at com.kms.katalon.core.main.TestCaseExecutor.doExecute(TestCaseExecutor.java:439)
	at com.kms.katalon.core.main.TestCaseExecutor.processExecutionPhase(TestCaseExecutor.java:418)
	at com.kms.katalon.core.main.TestCaseExecutor.accessMainPhase(TestCaseExecutor.java:410)
	at com.kms.katalon.core.main.TestCaseExecutor.execute(TestCaseExecutor.java:285)
	at com.kms.katalon.core.main.TestCaseExecutor.execute(TestCaseExecutor.java:369)
	at com.kms.katalon.core.main.TestCaseExecutor.execute(TestCaseExecutor.java:369)
	at com.kms.katalon.core.main.TestCaseExecutor.execute(TestCaseExecutor.java:369)
	at com.kms.katalon.core.common.CommonExecutor.accessTestCaseMainPhase(CommonExecutor.java:65)
	at com.kms.katalon.core.main.TestSuiteExecutor.accessTestSuiteMainPhase(TestSuiteExecutor.java:161)
	at com.kms.katalon.core.main.TestSuiteExecutor.execute(TestSuiteExecutor.java:107)
	at com.kms.katalon.core.main.TestCaseMain.startTestSuite(TestCaseMain.java:176)
	at TempTestSuite1733219472274.run(TempTestSuite1733219472274.groovy:35)
	at java.base/jdk.internal.reflect.NativeMethodAccessorImpl.invoke0(Native Method)
	at java.base/jdk.internal.reflect.NativeMethodAccessorImpl.invoke(NativeMethodAccessorImpl.java:77)
	at java.base/jdk.internal.reflect.DelegatingMethodAccessorImpl.invoke(DelegatingMethodAccessorImpl.java:43)
Caused by: org.openqa.selenium.InvalidElementStateException: invalid element state
  (Session info: chrome=131.0.6778.86)
Build info: version: '4.22.0', revision: 'c5f3146703'
System info: os.name: 'Windows 10', os.arch: 'amd64', os.version: '10.0', java.version: '17.0.7'
Driver info: com.kms.katalon.selenium.driver.CChromeDriver
Command: [2da569bd09a57f1aa2b3038f4e40646f, clearElement {id=f.0BEFE52987A91CF3648FF257FEAC501A.d.8CC2C1EE76193100071EC2C051D18A73.e.71}]
Capabilities {acceptInsecureCerts: false, browserName: chrome, browserVersion: 131.0.6778.86, chrome: {chromedriverVersion: 130.0.6723.91 (53ac07678369..., userDataDir: C:\Users\User\AppData\Local...}, fedcm:accounts: true, goog:chromeOptions: {debuggerAddress: localhost:59522}, networkConnectionEnabled: false, pageLoadStrategy: normal, platformName: windows, proxy: Proxy(), se:cdp: ws://localhost:59522/devtoo..., se:cdpVersion: 131.0.6778.86, setWindowRect: true, strictFileInteractability: false, timeouts: {implicit: 0, pageLoad: 300000, script: 30000}, unhandledPromptBehavior: ignore, webSocketUrl: ws://localhost:19368/sessio..., webauthn:extension:credBlob: true, webauthn:extension:largeBlob: true, webauthn:extension:minPinLength: true, webauthn:extension:prf: true, webauthn:virtualAuthenticators: true}
Element: [[CChromeDriver: chrome on windows (2da569bd09a57f1aa2b3038f4e40646f)] -> xpath: (.//*[normalize-space(text()) and normalize-space(.)='Atasan 2'])[1]/following::p[1]]
Session ID: 2da569bd09a57f1aa2b3038f4e40646f
	at java.base/jdk.internal.reflect.NativeConstructorAccessorImpl.newInstance0(Native Method)
	at java.base/jdk.internal.reflect.NativeConstructorAccessorImpl.newInstance(NativeConstructorAccessorImpl.java:77)
	at java.base/jdk.internal.reflect.DelegatingConstructorAccessorImpl.newInstance(DelegatingConstructorAccessorImpl.java:45)
	at org.openqa.selenium.remote.ErrorCodec.decode(ErrorCodec.java:167)
	at org.openqa.selenium.remote.codec.w3c.W3CHttpResponseCodec.decode(W3CHttpResponseCodec.java:138)
	at org.openqa.selenium.remote.codec.w3c.W3CHttpResponseCodec.decode(W3CHttpResponseCodec.java:50)
	at org.openqa.selenium.remote.HttpCommandExecutor.execute(HttpCommandExecutor.java:190)
	at org.openqa.selenium.remote.service.DriverCommandExecutor.invokeExecute(DriverCommandExecutor.java:216)
	at org.openqa.selenium.remote.service.DriverCommandExecutor.execute(DriverCommandExecutor.java:174)
	at org.openqa.selenium.remote.RemoteWebDriver.execute(RemoteWebDriver.java:518)
	at org.openqa.selenium.remote.RemoteWebElement.execute(RemoteWebElement.java:223)
	at org.openqa.selenium.remote.RemoteWebElement.clear(RemoteWebElement.java:129)
	at jdk.internal.reflect.GeneratedMethodAccessor27.invoke(Unknown Source)
	at java.base/jdk.internal.reflect.DelegatingMethodAccessorImpl.invoke(DelegatingMethodAccessorImpl.java:43)
	at org.openqa.selenium.support.decorators.WebDriverDecorator.call(WebDriverDecorator.java:249)
	at org.openqa.selenium.support.decorators.DefaultDecorated.call(DefaultDecorated.java:48)
	at org.openqa.selenium.support.decorators.WebDriverDecorator.lambda$createProxy$2(WebDriverDecorator.java:321)
	at net.bytebuddy.renamed.java.lang.Object$ByteBuddy$PAUCWwqX.clear(Unknown Source)
	at com.kms.katalon.core.webui.keyword.builtin.SetTextKeyword$_setText_closure1.doCall(SetTextKeyword.groovy:55)
	at com.kms.katalon.core.webui.keyword.builtin.SetTextKeyword$_setText_closure1.call(SetTextKeyword.groovy)
	at com.kms.katalon.core.webui.keyword.internal.WebUIKeywordMain.runKeyword(WebUIKeywordMain.groovy:35)
	at com.kms.katalon.core.webui.keyword.builtin.SetTextKeyword.setText(SetTextKeyword.groovy:86)
	at com.kms.katalon.core.webui.keyword.builtin.SetTextKeyword.execute(SetTextKeyword.groovy:39)
	at com.kms.katalon.core.keyword.internal.KeywordExecutor.executeKeywordForPlatform(KeywordExecutor.groovy:74)
	at com.kms.katalon.core.webui.keyword.WebUiBuiltInKeywords.setText(WebUiBuiltInKeywords.groovy:1056)
	at Script1732788469144.run(Script1732788469144.groovy:21)
	... 18 more
)
[[ATTACHMENT|C:\\Users\\User\\git\\KatalonHadirApp\\Reports\\20241203_165105\\Cuti\\20241203_165112\\1733219965038.png]]

03-12-2024T16:59:25 - [TEST_STEP][FAILED] - catch (Exception e): Test Cases/Admin/Laporan/02 Cuti/TCC.Hadir.04.028 FAILED.
Reason:
java.lang.AssertionError: An unexpected exception occurred: Unable to set text 'BCA' of object 'Object Repository/Admin/Cuti/028/Page_HADIR/inputUpliner'. Expression: false
	at TCC.Hadir.04.028.run(TCC.Hadir.04.028:26)
	at com.kms.katalon.core.main.ScriptEngine.run(ScriptEngine.java:194)
	at com.kms.katalon.core.main.ScriptEngine.runScriptAsRawText(ScriptEngine.java:119)
	at com.kms.katalon.core.main.TestCaseExecutor.runScript(TestCaseExecutor.java:448)
	at com.kms.katalon.core.main.TestCaseExecutor.doExecute(TestCaseExecutor.java:439)
	at com.kms.katalon.core.main.TestCaseExecutor.processExecutionPhase(TestCaseExecutor.java:418)
	at com.kms.katalon.core.main.TestCaseExecutor.accessMainPhase(TestCaseExecutor.java:410)
	at com.kms.katalon.core.main.TestCaseExecutor.execute(TestCaseExecutor.java:285)
	at com.kms.katalon.core.main.TestCaseExecutor.execute(TestCaseExecutor.java:369)
	at com.kms.katalon.core.main.TestCaseExecutor.execute(TestCaseExecutor.java:369)
	at com.kms.katalon.core.main.TestCaseExecutor.execute(TestCaseExecutor.java:369)
	at com.kms.katalon.core.common.CommonExecutor.accessTestCaseMainPhase(CommonExecutor.java:65)
	at com.kms.katalon.core.main.TestSuiteExecutor.accessTestSuiteMainPhase(TestSuiteExecutor.java:161)
	at com.kms.katalon.core.main.TestSuiteExecutor.execute(TestSuiteExecutor.java:107)
	at com.kms.katalon.core.main.TestCaseMain.startTestSuite(TestCaseMain.java:176)
	at TempTestSuite1733219472274.run(TempTestSuite1733219472274.groovy:35)
	at java.base/jdk.internal.reflect.NativeMethodAccessorImpl.invoke0(Native Method)
	at java.base/jdk.internal.reflect.NativeMethodAccessorImpl.invoke(NativeMethodAccessorImpl.java:77)
	at java.base/jdk.internal.reflect.DelegatingMethodAccessorImpl.invoke(DelegatingMethodAccessorImpl.java:43)


03-12-2024T16:59:25 - [TEST_STEP][FAILED] - assert false: Test Cases/Admin/Laporan/02 Cuti/TCC.Hadir.04.028 FAILED.
Reason:
java.lang.AssertionError: An unexpected exception occurred: Unable to set text 'BCA' of object 'Object Repository/Admin/Cuti/028/Page_HADIR/inputUpliner'. Expression: false
	at TCC.Hadir.04.028.run(TCC.Hadir.04.028:26)
	at com.kms.katalon.core.main.ScriptEngine.run(ScriptEngine.java:194)
	at com.kms.katalon.core.main.ScriptEngine.runScriptAsRawText(ScriptEngine.java:119)
	at com.kms.katalon.core.main.TestCaseExecutor.runScript(TestCaseExecutor.java:448)
	at com.kms.katalon.core.main.TestCaseExecutor.doExecute(TestCaseExecutor.java:439)
	at com.kms.katalon.core.main.TestCaseExecutor.processExecutionPhase(TestCaseExecutor.java:418)
	at com.kms.katalon.core.main.TestCaseExecutor.accessMainPhase(TestCaseExecutor.java:410)
	at com.kms.katalon.core.main.TestCaseExecutor.execute(TestCaseExecutor.java:285)
	at com.kms.katalon.core.main.TestCaseExecutor.execute(TestCaseExecutor.java:369)
	at com.kms.katalon.core.main.TestCaseExecutor.execute(TestCaseExecutor.java:369)
	at com.kms.katalon.core.main.TestCaseExecutor.execute(TestCaseExecutor.java:369)
	at com.kms.katalon.core.common.CommonExecutor.accessTestCaseMainPhase(CommonExecutor.java:65)
	at com.kms.katalon.core.main.TestSuiteExecutor.accessTestSuiteMainPhase(TestSuiteExecutor.java:161)
	at com.kms.katalon.core.main.TestSuiteExecutor.execute(TestSuiteExecutor.java:107)
	at com.kms.katalon.core.main.TestCaseMain.startTestSuite(TestCaseMain.java:176)
	at TempTestSuite1733219472274.run(TempTestSuite1733219472274.groovy:35)
	at java.base/jdk.internal.reflect.NativeMethodAccessorImpl.invoke0(Native Method)
	at java.base/jdk.internal.reflect.NativeMethodAccessorImpl.invoke(NativeMethodAccessorImpl.java:77)
	at java.base/jdk.internal.reflect.DelegatingMethodAccessorImpl.invoke(DelegatingMethodAccessorImpl.java:43)


03-12-2024T16:59:25 - [MESSAGE][FAILED] - Test Cases/Admin/Laporan/02 Cuti/TCC.Hadir.04.028 FAILED.
Reason:
java.lang.AssertionError: An unexpected exception occurred: Unable to set text 'BCA' of object 'Object Repository/Admin/Cuti/028/Page_HADIR/inputUpliner'. Expression: false
	at TCC.Hadir.04.028.run(TCC.Hadir.04.028:26)
	at com.kms.katalon.core.main.ScriptEngine.run(ScriptEngine.java:194)
	at com.kms.katalon.core.main.ScriptEngine.runScriptAsRawText(ScriptEngine.java:119)
	at com.kms.katalon.core.main.TestCaseExecutor.runScript(TestCaseExecutor.java:448)
	at com.kms.katalon.core.main.TestCaseExecutor.doExecute(TestCaseExecutor.java:439)
	at com.kms.katalon.core.main.TestCaseExecutor.processExecutionPhase(TestCaseExecutor.java:418)
	at com.kms.katalon.core.main.TestCaseExecutor.accessMainPhase(TestCaseExecutor.java:410)
	at com.kms.katalon.core.main.TestCaseExecutor.execute(TestCaseExecutor.java:285)
	at com.kms.katalon.core.main.TestCaseExecutor.execute(TestCaseExecutor.java:369)
	at com.kms.katalon.core.main.TestCaseExecutor.execute(TestCaseExecutor.java:369)
	at com.kms.katalon.core.main.TestCaseExecutor.execute(TestCaseExecutor.java:369)
	at com.kms.katalon.core.common.CommonExecutor.accessTestCaseMainPhase(CommonExecutor.java:65)
	at com.kms.katalon.core.main.TestSuiteExecutor.accessTestSuiteMainPhase(TestSuiteExecutor.java:161)
	at com.kms.katalon.core.main.TestSuiteExecutor.execute(TestSuiteExecutor.java:107)
	at com.kms.katalon.core.main.TestCaseMain.startTestSuite(TestCaseMain.java:176)
	at TempTestSuite1733219472274.run(TempTestSuite1733219472274.groovy:35)
	at java.base/jdk.internal.reflect.NativeMethodAccessorImpl.invoke0(Native Method)
	at java.base/jdk.internal.reflect.NativeMethodAccessorImpl.invoke(NativeMethodAccessorImpl.java:77)
	at java.base/jdk.internal.reflect.DelegatingMethodAccessorImpl.invoke(DelegatingMethodAccessorImpl.java:43)]]></system-out>
         <system-err><![CDATA[03-12-2024T16:59:17 - [TEST_CASE][FAILED] - Test Cases/Admin/Laporan/02 Cuti/TCC.Hadir.04.028: Test Cases/Admin/Laporan/02 Cuti/TCC.Hadir.04.028 FAILED.
Reason:
java.lang.AssertionError: An unexpected exception occurred: Unable to set text 'BCA' of object 'Object Repository/Admin/Cuti/028/Page_HADIR/inputUpliner'. Expression: false
	at TCC.Hadir.04.028.run(TCC.Hadir.04.028:26)
	at com.kms.katalon.core.main.ScriptEngine.run(ScriptEngine.java:194)
	at com.kms.katalon.core.main.ScriptEngine.runScriptAsRawText(ScriptEngine.java:119)
	at com.kms.katalon.core.main.TestCaseExecutor.runScript(TestCaseExecutor.java:448)
	at com.kms.katalon.core.main.TestCaseExecutor.doExecute(TestCaseExecutor.java:439)
	at com.kms.katalon.core.main.TestCaseExecutor.processExecutionPhase(TestCaseExecutor.java:418)
	at com.kms.katalon.core.main.TestCaseExecutor.accessMainPhase(TestCaseExecutor.java:410)
	at com.kms.katalon.core.main.TestCaseExecutor.execute(TestCaseExecutor.java:285)
	at com.kms.katalon.core.main.TestCaseExecutor.execute(TestCaseExecutor.java:369)
	at com.kms.katalon.core.main.TestCaseExecutor.execute(TestCaseExecutor.java:369)
	at com.kms.katalon.core.main.TestCaseExecutor.execute(TestCaseExecutor.java:369)
	at com.kms.katalon.core.common.CommonExecutor.accessTestCaseMainPhase(CommonExecutor.java:65)
	at com.kms.katalon.core.main.TestSuiteExecutor.accessTestSuiteMainPhase(TestSuiteExecutor.java:161)
	at com.kms.katalon.core.main.TestSuiteExecutor.execute(TestSuiteExecutor.java:107)
	at com.kms.katalon.core.main.TestCaseMain.startTestSuite(TestCaseMain.java:176)
	at TempTestSuite1733219472274.run(TempTestSuite1733219472274.groovy:35)
	at java.base/jdk.internal.reflect.NativeMethodAccessorImpl.invoke0(Native Method)
	at java.base/jdk.internal.reflect.NativeMethodAccessorImpl.invoke(NativeMethodAccessorImpl.java:77)
	at java.base/jdk.internal.reflect.DelegatingMethodAccessorImpl.invoke(DelegatingMethodAccessorImpl.java:43)]]></system-err>
      </testcase>
      <system-out><![CDATA[03-12-2024T16:56:00 - [TEST_SUITE][ERROR] - Cuti: Test Cases/Admin/Laporan/02 Cuti/TCC.Hadir.04.014 FAILED.
Reason:
groovy.lang.MissingPropertyException: No such property: expectedName for class: Script1732592106615
	at TCC.Hadir.04.014.run(TCC.Hadir.04.014:53)
	at com.kms.katalon.core.main.ScriptEngine.run(ScriptEngine.java:194)
	at com.kms.katalon.core.main.ScriptEngine.runScriptAsRawText(ScriptEngine.java:119)
	at com.kms.katalon.core.main.TestCaseExecutor.runScript(TestCaseExecutor.java:448)
	at com.kms.katalon.core.main.TestCaseExecutor.doExecute(TestCaseExecutor.java:439)
	at com.kms.katalon.core.main.TestCaseExecutor.processExecutionPhase(TestCaseExecutor.java:418)
	at com.kms.katalon.core.main.TestCaseExecutor.accessMainPhase(TestCaseExecutor.java:410)
	at com.kms.katalon.core.main.TestCaseExecutor.execute(TestCaseExecutor.java:285)
	at com.kms.katalon.core.common.CommonExecutor.accessTestCaseMainPhase(CommonExecutor.java:65)
	at com.kms.katalon.core.main.TestSuiteExecutor.accessTestSuiteMainPhase(TestSuiteExecutor.java:161)
	at com.kms.katalon.core.main.TestSuiteExecutor.execute(TestSuiteExecutor.java:107)
	at com.kms.katalon.core.main.TestCaseMain.startTestSuite(TestCaseMain.java:176)
	at TempTestSuite1733219472274.run(TempTestSuite1733219472274.groovy:35)
	at java.base/jdk.internal.reflect.NativeMethodAccessorImpl.invoke0(Native Method)
	at java.base/jdk.internal.reflect.NativeMethodAccessorImpl.invoke(NativeMethodAccessorImpl.java:77)
	at java.base/jdk.internal.reflect.DelegatingMethodAccessorImpl.invoke(DelegatingMethodAccessorImpl.java:43)]]></system-out>
      <system-err><![CDATA[03-12-2024T16:56:00 - [TEST_SUITE][ERROR] - Cuti: Test Cases/Admin/Laporan/02 Cuti/TCC.Hadir.04.014 FAILED.
Reason:
groovy.lang.MissingPropertyException: No such property: expectedName for class: Script1732592106615
	at TCC.Hadir.04.014.run(TCC.Hadir.04.014:53)
	at com.kms.katalon.core.main.ScriptEngine.run(ScriptEngine.java:194)
	at com.kms.katalon.core.main.ScriptEngine.runScriptAsRawText(ScriptEngine.java:119)
	at com.kms.katalon.core.main.TestCaseExecutor.runScript(TestCaseExecutor.java:448)
	at com.kms.katalon.core.main.TestCaseExecutor.doExecute(TestCaseExecutor.java:439)
	at com.kms.katalon.core.main.TestCaseExecutor.processExecutionPhase(TestCaseExecutor.java:418)
	at com.kms.katalon.core.main.TestCaseExecutor.accessMainPhase(TestCaseExecutor.java:410)
	at com.kms.katalon.core.main.TestCaseExecutor.execute(TestCaseExecutor.java:285)
	at com.kms.katalon.core.common.CommonExecutor.accessTestCaseMainPhase(CommonExecutor.java:65)
	at com.kms.katalon.core.main.TestSuiteExecutor.accessTestSuiteMainPhase(TestSuiteExecutor.java:161)
	at com.kms.katalon.core.main.TestSuiteExecutor.execute(TestSuiteExecutor.java:107)
	at com.kms.katalon.core.main.TestCaseMain.startTestSuite(TestCaseMain.java:176)
	at TempTestSuite1733219472274.run(TempTestSuite1733219472274.groovy:35)
	at java.base/jdk.internal.reflect.NativeMethodAccessorImpl.invoke0(Native Method)
	at java.base/jdk.internal.reflect.NativeMethodAccessorImpl.invoke(NativeMethodAccessorImpl.java:77)
	at java.base/jdk.internal.reflect.DelegatingMethodAccessorImpl.invoke(DelegatingMethodAccessorImpl.java:43)]]></system-err>
   </testsuite>
   <testsuite name="Jabatan" tests="13" failures="0" errors="0" time="107.095" skipped="0" timestamp="03-12-2024T16:59:35" hostname="Irga - Irga.mshome.net" id="Test Suites/Jabatan">
      <properties>
         <property name="deviceName" value=""/>
         <property name="devicePlatform"/>
         <property name="logFolder" value="C:\\Users\\User\\git\\KatalonHadirApp\\Reports\\20241203_165105\\Jabatan\\20241203_165114"/>
         <property name="logFiles" value="C:\\Users\\User\\git\\KatalonHadirApp\\Reports\\20241203_165105\\Jabatan\\20241203_165114\\execution0.log"/>
         <property name="attachments" value=""/>
         <property name="hostName" value="Irga - Irga.mshome.net"/>
         <property name="os" value="Windows 10 64bit"/>
         <property name="katalonVersion" value="10.0.0.223"/>
         <property name="browser" value="Chrome 131.0.0.0"/>
         <property name="hostAddress" value="172.24.112.1"/>
         <property name="sessionId" value="e75f6b6cb239ebce6b0a4d4cfbbd55c4"/>
         <property name="seleniumVersion" value="4.22.0"/>
         <property name="proxyInformation" value="ProxyInformation { proxyOption=NO_PROXY, proxyServerType=HTTP, username=, password=********, proxyServerAddress=, proxyServerPort=0, executionList=&quot;&quot;, isApplyToDesiredCapabilities=true }"/>
         <property name="platform" value="Windows 10"/>
      </properties>
      <testcase name="Test Cases/Admin/Management/Jabatan/TCC.Hadir.04.061" time="7.616" classname="Test Cases/Admin/Management/Jabatan/TCC.Hadir.04.061" status="PASSED">
         <system-out><![CDATA[03-12-2024T16:59:35 - [TEST_CASE][PASSED] - Test Cases/Admin/Management/Jabatan/TCC.Hadir.04.061: Test Cases/Admin/Management/Jabatan/TCC.Hadir.04.061

03-12-2024T16:59:35 - [TEST_STEP][PASSED] - openBrowser(""): Browser is opened with url: ''

03-12-2024T16:59:35 - [MESSAGE][INFO] - Starting 'Chrome' driver

03-12-2024T16:59:35 - [MESSAGE][INFO] - Action delay is set to 0 milliseconds

03-12-2024T16:59:37 - [MESSAGE][PASSED] - Browser is opened with url: ''

03-12-2024T16:59:37 - [TEST_STEP][PASSED] - maximizeWindow(): Current window maximized

03-12-2024T16:59:37 - [MESSAGE][PASSED] - Current window maximized

03-12-2024T16:59:37 - [TEST_STEP][PASSED] - navigateToUrl("https://magang.dikahadir.com/authentication/login"): Navigate to 'https://magang.dikahadir.com/authentication/login' successfully

03-12-2024T16:59:37 - [MESSAGE][PASSED] - Navigate to 'https://magang.dikahadir.com/authentication/login' successfully

03-12-2024T16:59:37 - [TEST_STEP][PASSED] - setText(findTestObject("Object Repository/Admin/Jabatan/Page_HADIR/input_Email_email"), "Admin@hadir.com"): Text 'Admin@hadir.com' is set on object 'Object Repository/Admin/Jabatan/Page_HADIR/input_Email_email'

03-12-2024T16:59:38 - [MESSAGE][PASSED] - Text 'Admin@hadir.com' is set on object 'Object Repository/Admin/Jabatan/Page_HADIR/input_Email_email'

03-12-2024T16:59:38 - [TEST_STEP][PASSED] - setEncryptedText(findTestObject("Object Repository/Admin/Jabatan/Page_HADIR/input_Password_password"), "aSC42nPN26UggVXAwmiGmQ=="): Text ****** has been set on object 'Object Repository/Admin/Jabatan/Page_HADIR/input_Password_password'

03-12-2024T16:59:38 - [MESSAGE][PASSED] - Text ****** has been set on object 'Object Repository/Admin/Jabatan/Page_HADIR/input_Password_password'

03-12-2024T16:59:38 - [TEST_STEP][PASSED] - click(findTestObject("Object Repository/Admin/Jabatan/Page_HADIR/button_Masuk")): Object: 'Object Repository/Admin/Jabatan/Page_HADIR/button_Masuk' is clicked on

03-12-2024T16:59:38 - [MESSAGE][PASSED] - Object: 'Object Repository/Admin/Jabatan/Page_HADIR/button_Masuk' is clicked on

03-12-2024T16:59:38 - [TEST_STEP][PASSED] - click(findTestObject("Object Repository/Admin/Jabatan/Page_HADIR/div_Management")): Object: 'Object Repository/Admin/Jabatan/Page_HADIR/div_Management' is clicked on

03-12-2024T16:59:40 - [MESSAGE][PASSED] - Object: 'Object Repository/Admin/Jabatan/Page_HADIR/div_Management' is clicked on

03-12-2024T16:59:40 - [TEST_STEP][PASSED] - click(findTestObject("Object Repository/Admin/Jabatan/Page_HADIR/p_Jabatan")): Object: 'Object Repository/Admin/Jabatan/Page_HADIR/p_Jabatan' is clicked on

03-12-2024T16:59:41 - [MESSAGE][PASSED] - Object: 'Object Repository/Admin/Jabatan/Page_HADIR/p_Jabatan' is clicked on

03-12-2024T16:59:41 - [TEST_STEP][PASSED] - setText(findTestObject("Object Repository/Admin/Jabatan/Page_HADIR/input_Admin Hadir_search"), "3"): Text '3' is set on object 'Object Repository/Admin/Jabatan/Page_HADIR/input_Admin Hadir_search'

03-12-2024T16:59:42 - [MESSAGE][PASSED] - Text '3' is set on object 'Object Repository/Admin/Jabatan/Page_HADIR/input_Admin Hadir_search'

03-12-2024T16:59:42 - [TEST_STEP][PASSED] - click(findTestObject("Object Repository/Admin/Jabatan/Page_HADIR/button_Search")): Object: 'Object Repository/Admin/Jabatan/Page_HADIR/button_Search' is clicked on

03-12-2024T16:59:42 - [MESSAGE][PASSED] - Object: 'Object Repository/Admin/Jabatan/Page_HADIR/button_Search' is clicked on

03-12-2024T16:59:42 - [TEST_STEP][PASSED] - isPresent = verifyElementPresent(findTestObject("Object Repository/Admin/Jabatan/Page_HADIR/tableRows"), 5, STOP_ON_FAILURE): Object 'Object Repository/Admin/Jabatan/Page_HADIR/tableRows' is present

03-12-2024T16:59:43 - [MESSAGE][PASSED] - Object 'Object Repository/Admin/Jabatan/Page_HADIR/tableRows' is present

03-12-2024T16:59:43 - [TEST_STEP][PASSED] - assert isPresent == true : "Data not found!": null

03-12-2024T16:59:43 - [TEST_STEP][PASSED] - closeBrowser(): Browser is closed

03-12-2024T16:59:43 - [MESSAGE][PASSED] - Browser is closed]]></system-out>
         <system-err><![CDATA[]]></system-err>
      </testcase>
      <testcase name="Test Cases/Admin/Management/Jabatan/TCC.Hadir.04.062" time="6.768" classname="Test Cases/Admin/Management/Jabatan/TCC.Hadir.04.062" status="PASSED">
         <system-out><![CDATA[03-12-2024T16:59:43 - [TEST_CASE][PASSED] - Test Cases/Admin/Management/Jabatan/TCC.Hadir.04.062: Test Cases/Admin/Management/Jabatan/TCC.Hadir.04.062

03-12-2024T16:59:43 - [TEST_STEP][PASSED] - openBrowser(""): Browser is opened with url: ''

03-12-2024T16:59:43 - [MESSAGE][INFO] - Starting 'Chrome' driver

03-12-2024T16:59:43 - [MESSAGE][INFO] - Action delay is set to 0 milliseconds

03-12-2024T16:59:43 - [MESSAGE][PASSED] - Browser is opened with url: ''

03-12-2024T16:59:43 - [TEST_STEP][PASSED] - maximizeWindow(): Current window maximized

03-12-2024T16:59:43 - [MESSAGE][PASSED] - Current window maximized

03-12-2024T16:59:43 - [TEST_STEP][PASSED] - navigateToUrl("https://magang.dikahadir.com/authentication/login"): Navigate to 'https://magang.dikahadir.com/authentication/login' successfully

03-12-2024T16:59:44 - [MESSAGE][PASSED] - Navigate to 'https://magang.dikahadir.com/authentication/login' successfully

03-12-2024T16:59:44 - [TEST_STEP][PASSED] - setText(findTestObject("Object Repository/Admin/Jabatan/Page_HADIR/input_Email_email"), "Admin@hadir.com"): Text 'Admin@hadir.com' is set on object 'Object Repository/Admin/Jabatan/Page_HADIR/input_Email_email'

03-12-2024T16:59:45 - [MESSAGE][PASSED] - Text 'Admin@hadir.com' is set on object 'Object Repository/Admin/Jabatan/Page_HADIR/input_Email_email'

03-12-2024T16:59:45 - [TEST_STEP][PASSED] - setEncryptedText(findTestObject("Object Repository/Admin/Jabatan/Page_HADIR/input_Password_password"), "aSC42nPN26UggVXAwmiGmQ=="): Text ****** has been set on object 'Object Repository/Admin/Jabatan/Page_HADIR/input_Password_password'

03-12-2024T16:59:45 - [MESSAGE][PASSED] - Text ****** has been set on object 'Object Repository/Admin/Jabatan/Page_HADIR/input_Password_password'

03-12-2024T16:59:45 - [TEST_STEP][PASSED] - click(findTestObject("Object Repository/Admin/Jabatan/Page_HADIR/button_Masuk")): Object: 'Object Repository/Admin/Jabatan/Page_HADIR/button_Masuk' is clicked on

03-12-2024T16:59:45 - [MESSAGE][PASSED] - Object: 'Object Repository/Admin/Jabatan/Page_HADIR/button_Masuk' is clicked on

03-12-2024T16:59:45 - [TEST_STEP][PASSED] - click(findTestObject("Object Repository/Admin/Jabatan/Page_HADIR/div_Management")): Object: 'Object Repository/Admin/Jabatan/Page_HADIR/div_Management' is clicked on

03-12-2024T16:59:46 - [MESSAGE][PASSED] - Object: 'Object Repository/Admin/Jabatan/Page_HADIR/div_Management' is clicked on

03-12-2024T16:59:46 - [TEST_STEP][PASSED] - click(findTestObject("Object Repository/Admin/Jabatan/Page_HADIR/p_Jabatan")): Object: 'Object Repository/Admin/Jabatan/Page_HADIR/p_Jabatan' is clicked on

03-12-2024T16:59:48 - [MESSAGE][PASSED] - Object: 'Object Repository/Admin/Jabatan/Page_HADIR/p_Jabatan' is clicked on

03-12-2024T16:59:48 - [TEST_STEP][PASSED] - setText(findTestObject("Object Repository/Admin/Jabatan/Page_HADIR/input_Admin Hadir_search"), "Abc"): Text 'Abc' is set on object 'Object Repository/Admin/Jabatan/Page_HADIR/input_Admin Hadir_search'

03-12-2024T16:59:49 - [MESSAGE][PASSED] - Text 'Abc' is set on object 'Object Repository/Admin/Jabatan/Page_HADIR/input_Admin Hadir_search'

03-12-2024T16:59:49 - [TEST_STEP][PASSED] - click(findTestObject("Object Repository/Admin/Jabatan/Page_HADIR/button_Search")): Object: 'Object Repository/Admin/Jabatan/Page_HADIR/button_Search' is clicked on

03-12-2024T16:59:49 - [MESSAGE][PASSED] - Object: 'Object Repository/Admin/Jabatan/Page_HADIR/button_Search' is clicked on

03-12-2024T16:59:49 - [TEST_STEP][PASSED] - isNotPresent = verifyElementNotPresent(findTestObject("Object Repository/Admin/Jabatan/Page_HADIR/tableRows"), 5, CONTINUE_ON_FAILURE): Web element with id: 'Object Repository/Admin/Jabatan/Page_HADIR/tableRows' located by 'By.xpath: //tbody/tr' is not present after '5' second(s)

03-12-2024T16:59:49 - [MESSAGE][PASSED] - Web element with id: 'Object Repository/Admin/Jabatan/Page_HADIR/tableRows' located by 'By.xpath: //tbody/tr' is not present after '5' second(s)

03-12-2024T16:59:49 - [TEST_STEP][PASSED] - assert isNotPresent == true : "Unexpected data found in the table!": null

03-12-2024T16:59:49 - [TEST_STEP][PASSED] - closeBrowser(): Browser is closed

03-12-2024T16:59:49 - [MESSAGE][PASSED] - Browser is closed]]></system-out>
         <system-err><![CDATA[]]></system-err>
      </testcase>
      <testcase name="Test Cases/Admin/Management/Jabatan/TCC.Hadir.04.063" time="6.55" classname="Test Cases/Admin/Management/Jabatan/TCC.Hadir.04.063" status="PASSED">
         <system-out><![CDATA[03-12-2024T16:59:49 - [TEST_CASE][PASSED] - Test Cases/Admin/Management/Jabatan/TCC.Hadir.04.063: Test Cases/Admin/Management/Jabatan/TCC.Hadir.04.063

03-12-2024T16:59:50 - [TEST_STEP][PASSED] - openBrowser(""): Browser is opened with url: ''

03-12-2024T16:59:50 - [MESSAGE][INFO] - Starting 'Chrome' driver

03-12-2024T16:59:50 - [MESSAGE][INFO] - Action delay is set to 0 milliseconds

03-12-2024T16:59:50 - [MESSAGE][PASSED] - Browser is opened with url: ''

03-12-2024T16:59:50 - [TEST_STEP][PASSED] - maximizeWindow(): Current window maximized

03-12-2024T16:59:50 - [MESSAGE][PASSED] - Current window maximized

03-12-2024T16:59:50 - [TEST_STEP][PASSED] - navigateToUrl("https://magang.dikahadir.com/authentication/login"): Navigate to 'https://magang.dikahadir.com/authentication/login' successfully

03-12-2024T16:59:51 - [MESSAGE][PASSED] - Navigate to 'https://magang.dikahadir.com/authentication/login' successfully

03-12-2024T16:59:51 - [TEST_STEP][PASSED] - setText(findTestObject("Object Repository/Admin/Jabatan/Page_HADIR/input_Email_email"), "Admin@hadir.com"): Text 'Admin@hadir.com' is set on object 'Object Repository/Admin/Jabatan/Page_HADIR/input_Email_email'

03-12-2024T16:59:51 - [MESSAGE][PASSED] - Text 'Admin@hadir.com' is set on object 'Object Repository/Admin/Jabatan/Page_HADIR/input_Email_email'

03-12-2024T16:59:51 - [TEST_STEP][PASSED] - setEncryptedText(findTestObject("Object Repository/Admin/Jabatan/Page_HADIR/input_Password_password"), "aSC42nPN26UggVXAwmiGmQ=="): Text ****** has been set on object 'Object Repository/Admin/Jabatan/Page_HADIR/input_Password_password'

03-12-2024T16:59:52 - [MESSAGE][PASSED] - Text ****** has been set on object 'Object Repository/Admin/Jabatan/Page_HADIR/input_Password_password'

03-12-2024T16:59:52 - [TEST_STEP][PASSED] - click(findTestObject("Object Repository/Admin/Jabatan/Page_HADIR/button_Masuk")): Object: 'Object Repository/Admin/Jabatan/Page_HADIR/button_Masuk' is clicked on

03-12-2024T16:59:52 - [MESSAGE][PASSED] - Object: 'Object Repository/Admin/Jabatan/Page_HADIR/button_Masuk' is clicked on

03-12-2024T16:59:52 - [TEST_STEP][PASSED] - click(findTestObject("Object Repository/Admin/Jabatan/Page_HADIR/div_Management")): Object: 'Object Repository/Admin/Jabatan/Page_HADIR/div_Management' is clicked on

03-12-2024T16:59:53 - [MESSAGE][PASSED] - Object: 'Object Repository/Admin/Jabatan/Page_HADIR/div_Management' is clicked on

03-12-2024T16:59:53 - [TEST_STEP][PASSED] - click(findTestObject("Object Repository/Admin/Jabatan/Page_HADIR/p_Jabatan")): Object: 'Object Repository/Admin/Jabatan/Page_HADIR/p_Jabatan' is clicked on

03-12-2024T16:59:54 - [MESSAGE][PASSED] - Object: 'Object Repository/Admin/Jabatan/Page_HADIR/p_Jabatan' is clicked on

03-12-2024T16:59:54 - [TEST_STEP][PASSED] - setText(findTestObject("Object Repository/Admin/Jabatan/Page_HADIR/input_Admin Hadir_search"), "Service"): Text 'Service' is set on object 'Object Repository/Admin/Jabatan/Page_HADIR/input_Admin Hadir_search'

03-12-2024T16:59:55 - [MESSAGE][PASSED] - Text 'Service' is set on object 'Object Repository/Admin/Jabatan/Page_HADIR/input_Admin Hadir_search'

03-12-2024T16:59:55 - [TEST_STEP][PASSED] - click(findTestObject("Object Repository/Admin/Jabatan/Page_HADIR/button_Search")): Object: 'Object Repository/Admin/Jabatan/Page_HADIR/button_Search' is clicked on

03-12-2024T16:59:55 - [MESSAGE][PASSED] - Object: 'Object Repository/Admin/Jabatan/Page_HADIR/button_Search' is clicked on

03-12-2024T16:59:55 - [TEST_STEP][PASSED] - isNotPresent = verifyElementNotPresent(findTestObject("Object Repository/Admin/Jabatan/Page_HADIR/tableRows"), 5, CONTINUE_ON_FAILURE): Web element with id: 'Object Repository/Admin/Jabatan/Page_HADIR/tableRows' located by 'By.xpath: //tbody/tr' is not present after '5' second(s)

03-12-2024T16:59:56 - [MESSAGE][PASSED] - Web element with id: 'Object Repository/Admin/Jabatan/Page_HADIR/tableRows' located by 'By.xpath: //tbody/tr' is not present after '5' second(s)

03-12-2024T16:59:56 - [TEST_STEP][PASSED] - assert isNotPresent == true : "Unexpected data found in the table!": null

03-12-2024T16:59:56 - [TEST_STEP][PASSED] - closeBrowser(): Browser is closed

03-12-2024T16:59:56 - [MESSAGE][PASSED] - Browser is closed]]></system-out>
         <system-err><![CDATA[]]></system-err>
      </testcase>
      <testcase name="Test Cases/Admin/Management/Jabatan/TCC.Hadir.04.064" time="9.861" classname="Test Cases/Admin/Management/Jabatan/TCC.Hadir.04.064" status="PASSED">
         <system-out><![CDATA[03-12-2024T16:59:56 - [TEST_CASE][PASSED] - Test Cases/Admin/Management/Jabatan/TCC.Hadir.04.064: Test Cases/Admin/Management/Jabatan/TCC.Hadir.04.064

03-12-2024T16:59:56 - [TEST_STEP][PASSED] - openBrowser(""): Browser is opened with url: ''

03-12-2024T16:59:56 - [MESSAGE][INFO] - Starting 'Chrome' driver

03-12-2024T16:59:56 - [MESSAGE][INFO] - Action delay is set to 0 milliseconds

03-12-2024T16:59:57 - [MESSAGE][PASSED] - Browser is opened with url: ''

03-12-2024T16:59:57 - [TEST_STEP][PASSED] - maximizeWindow(): Current window maximized

03-12-2024T16:59:57 - [MESSAGE][PASSED] - Current window maximized

03-12-2024T16:59:57 - [TEST_STEP][PASSED] - navigateToUrl("https://magang.dikahadir.com/authentication/login"): Navigate to 'https://magang.dikahadir.com/authentication/login' successfully

03-12-2024T16:59:57 - [MESSAGE][PASSED] - Navigate to 'https://magang.dikahadir.com/authentication/login' successfully

03-12-2024T16:59:57 - [TEST_STEP][PASSED] - setText(findTestObject("Object Repository/Admin/Jabatan/Page_HADIR/input_Email_email"), "Admin@hadir.com"): Text 'Admin@hadir.com' is set on object 'Object Repository/Admin/Jabatan/Page_HADIR/input_Email_email'

03-12-2024T16:59:58 - [MESSAGE][PASSED] - Text 'Admin@hadir.com' is set on object 'Object Repository/Admin/Jabatan/Page_HADIR/input_Email_email'

03-12-2024T16:59:58 - [TEST_STEP][PASSED] - setEncryptedText(findTestObject("Object Repository/Admin/Jabatan/Page_HADIR/input_Password_password"), "aSC42nPN26UggVXAwmiGmQ=="): Text ****** has been set on object 'Object Repository/Admin/Jabatan/Page_HADIR/input_Password_password'

03-12-2024T16:59:58 - [MESSAGE][PASSED] - Text ****** has been set on object 'Object Repository/Admin/Jabatan/Page_HADIR/input_Password_password'

03-12-2024T16:59:58 - [TEST_STEP][PASSED] - click(findTestObject("Object Repository/Admin/Jabatan/Page_HADIR/button_Masuk")): Object: 'Object Repository/Admin/Jabatan/Page_HADIR/button_Masuk' is clicked on

03-12-2024T16:59:58 - [MESSAGE][PASSED] - Object: 'Object Repository/Admin/Jabatan/Page_HADIR/button_Masuk' is clicked on

03-12-2024T16:59:58 - [TEST_STEP][PASSED] - click(findTestObject("Object Repository/Admin/Jabatan/Page_HADIR/div_Management")): Object: 'Object Repository/Admin/Jabatan/Page_HADIR/div_Management' is clicked on

03-12-2024T17:00:00 - [MESSAGE][PASSED] - Object: 'Object Repository/Admin/Jabatan/Page_HADIR/div_Management' is clicked on

03-12-2024T17:00:00 - [TEST_STEP][PASSED] - click(findTestObject("Object Repository/Admin/Jabatan/Page_HADIR/p_Jabatan")): Object: 'Object Repository/Admin/Jabatan/Page_HADIR/p_Jabatan' is clicked on

03-12-2024T17:00:01 - [MESSAGE][PASSED] - Object: 'Object Repository/Admin/Jabatan/Page_HADIR/p_Jabatan' is clicked on

03-12-2024T17:00:01 - [TEST_STEP][PASSED] - click(findTestObject("Admin/Jabatan/Page_HADIR/button_Tambahkan")): Object: 'Object Repository/Admin/Jabatan/Page_HADIR/button_Tambahkan' is clicked on

03-12-2024T17:00:02 - [MESSAGE][PASSED] - Object: 'Object Repository/Admin/Jabatan/Page_HADIR/button_Tambahkan' is clicked on

03-12-2024T17:00:02 - [TEST_STEP][PASSED] - click(findTestObject("Admin/Jabatan/Page_HADIR/txtTambahkanNama"), STOP_ON_FAILURE): Object: 'Object Repository/Admin/Jabatan/Page_HADIR/txtTambahkanNama' is clicked on

03-12-2024T17:00:02 - [MESSAGE][PASSED] - Object: 'Object Repository/Admin/Jabatan/Page_HADIR/txtTambahkanNama' is clicked on

03-12-2024T17:00:02 - [TEST_STEP][PASSED] - setText(findTestObject("Admin/Jabatan/Page_HADIR/txtTambahkanNama"), "Service Customer"): Text 'Service Customer' is set on object 'Object Repository/Admin/Jabatan/Page_HADIR/txtTambahkanNama'

03-12-2024T17:00:03 - [MESSAGE][PASSED] - Text 'Service Customer' is set on object 'Object Repository/Admin/Jabatan/Page_HADIR/txtTambahkanNama'

03-12-2024T17:00:03 - [TEST_STEP][PASSED] - click(findTestObject("Admin/Jabatan/Page_HADIR/txtTambahkanLevel"), STOP_ON_FAILURE): Object: 'Object Repository/Admin/Jabatan/Page_HADIR/txtTambahkanLevel' is clicked on

03-12-2024T17:00:03 - [MESSAGE][PASSED] - Object: 'Object Repository/Admin/Jabatan/Page_HADIR/txtTambahkanLevel' is clicked on

03-12-2024T17:00:03 - [TEST_STEP][PASSED] - setText(findTestObject("Admin/Jabatan/Page_HADIR/txtTambahkanLevel"), "2"): Text '2' is set on object 'Object Repository/Admin/Jabatan/Page_HADIR/txtTambahkanLevel'

03-12-2024T17:00:04 - [MESSAGE][PASSED] - Text '2' is set on object 'Object Repository/Admin/Jabatan/Page_HADIR/txtTambahkanLevel'

03-12-2024T17:00:04 - [TEST_STEP][PASSED] - click(findTestObject("Admin/Jabatan/Page_HADIR/button_Tambah")): Object: 'Object Repository/Admin/Jabatan/Page_HADIR/button_Tambah' is clicked on

03-12-2024T17:00:04 - [MESSAGE][PASSED] - Object: 'Object Repository/Admin/Jabatan/Page_HADIR/button_Tambah' is clicked on

03-12-2024T17:00:04 - [TEST_STEP][PASSED] - setText(findTestObject("Object Repository/Admin/Jabatan/Page_HADIR/input_Admin Hadir_search"), "2"): Text '2' is set on object 'Object Repository/Admin/Jabatan/Page_HADIR/input_Admin Hadir_search'

03-12-2024T17:00:05 - [MESSAGE][PASSED] - Text '2' is set on object 'Object Repository/Admin/Jabatan/Page_HADIR/input_Admin Hadir_search'

03-12-2024T17:00:05 - [TEST_STEP][PASSED] - click(findTestObject("Object Repository/Admin/Jabatan/Page_HADIR/button_Search")): Object: 'Object Repository/Admin/Jabatan/Page_HADIR/button_Search' is clicked on

03-12-2024T17:00:05 - [MESSAGE][PASSED] - Object: 'Object Repository/Admin/Jabatan/Page_HADIR/button_Search' is clicked on

03-12-2024T17:00:05 - [TEST_STEP][PASSED] - rowText = getText(findTestObject("Object Repository/Admin/Jabatan/Page_HADIR/tableRows")): Text of object 'Object Repository/Admin/Jabatan/Page_HADIR/tableRows' is: 'Service Customer
2'

03-12-2024T17:00:06 - [MESSAGE][PASSED] - Text of object 'Object Repository/Admin/Jabatan/Page_HADIR/tableRows' is: 'Service Customer
2'

03-12-2024T17:00:06 - [TEST_STEP][PASSED] - actualLevel = split("\s+").last(): null

03-12-2024T17:00:06 - [TEST_STEP][PASSED] - expectedLevel = "2": null

03-12-2024T17:00:06 - [TEST_STEP][PASSED] - assert actualLevel == expectedLevel: null

03-12-2024T17:00:06 - [TEST_STEP][PASSED] - closeBrowser(): Browser is closed

03-12-2024T17:00:06 - [MESSAGE][PASSED] - Browser is closed]]></system-out>
         <system-err><![CDATA[]]></system-err>
      </testcase>
      <testcase name="Test Cases/Admin/Management/Jabatan/TCC.Hadir.04.065" time="7.477" classname="Test Cases/Admin/Management/Jabatan/TCC.Hadir.04.065" status="PASSED">
         <system-out><![CDATA[03-12-2024T17:00:06 - [TEST_CASE][PASSED] - Test Cases/Admin/Management/Jabatan/TCC.Hadir.04.065: Test Cases/Admin/Management/Jabatan/TCC.Hadir.04.065

03-12-2024T17:00:06 - [TEST_STEP][PASSED] - openBrowser(""): Browser is opened with url: ''

03-12-2024T17:00:06 - [MESSAGE][INFO] - Starting 'Chrome' driver

03-12-2024T17:00:06 - [MESSAGE][INFO] - Action delay is set to 0 milliseconds

03-12-2024T17:00:07 - [MESSAGE][PASSED] - Browser is opened with url: ''

03-12-2024T17:00:07 - [TEST_STEP][PASSED] - maximizeWindow(): Current window maximized

03-12-2024T17:00:07 - [MESSAGE][PASSED] - Current window maximized

03-12-2024T17:00:07 - [TEST_STEP][PASSED] - navigateToUrl("https://magang.dikahadir.com/authentication/login"): Navigate to 'https://magang.dikahadir.com/authentication/login' successfully

03-12-2024T17:00:07 - [MESSAGE][PASSED] - Navigate to 'https://magang.dikahadir.com/authentication/login' successfully

03-12-2024T17:00:07 - [TEST_STEP][PASSED] - setText(findTestObject("Object Repository/Admin/Jabatan/Page_HADIR/input_Email_email"), "Admin@hadir.com"): Text 'Admin@hadir.com' is set on object 'Object Repository/Admin/Jabatan/Page_HADIR/input_Email_email'

03-12-2024T17:00:08 - [MESSAGE][PASSED] - Text 'Admin@hadir.com' is set on object 'Object Repository/Admin/Jabatan/Page_HADIR/input_Email_email'

03-12-2024T17:00:08 - [TEST_STEP][PASSED] - setEncryptedText(findTestObject("Object Repository/Admin/Jabatan/Page_HADIR/input_Password_password"), "aSC42nPN26UggVXAwmiGmQ=="): Text ****** has been set on object 'Object Repository/Admin/Jabatan/Page_HADIR/input_Password_password'

03-12-2024T17:00:08 - [MESSAGE][PASSED] - Text ****** has been set on object 'Object Repository/Admin/Jabatan/Page_HADIR/input_Password_password'

03-12-2024T17:00:08 - [TEST_STEP][PASSED] - click(findTestObject("Object Repository/Admin/Jabatan/Page_HADIR/button_Masuk")): Object: 'Object Repository/Admin/Jabatan/Page_HADIR/button_Masuk' is clicked on

03-12-2024T17:00:08 - [MESSAGE][PASSED] - Object: 'Object Repository/Admin/Jabatan/Page_HADIR/button_Masuk' is clicked on

03-12-2024T17:00:08 - [TEST_STEP][PASSED] - click(findTestObject("Object Repository/Admin/Jabatan/Page_HADIR/div_Management")): Object: 'Object Repository/Admin/Jabatan/Page_HADIR/div_Management' is clicked on

03-12-2024T17:00:10 - [MESSAGE][PASSED] - Object: 'Object Repository/Admin/Jabatan/Page_HADIR/div_Management' is clicked on

03-12-2024T17:00:10 - [TEST_STEP][PASSED] - click(findTestObject("Object Repository/Admin/Jabatan/Page_HADIR/p_Jabatan")): Object: 'Object Repository/Admin/Jabatan/Page_HADIR/p_Jabatan' is clicked on

03-12-2024T17:00:11 - [MESSAGE][PASSED] - Object: 'Object Repository/Admin/Jabatan/Page_HADIR/p_Jabatan' is clicked on

03-12-2024T17:00:11 - [TEST_STEP][PASSED] - click(findTestObject("Admin/Jabatan/Page_HADIR/button_Tambahkan")): Object: 'Object Repository/Admin/Jabatan/Page_HADIR/button_Tambahkan' is clicked on

03-12-2024T17:00:11 - [MESSAGE][PASSED] - Object: 'Object Repository/Admin/Jabatan/Page_HADIR/button_Tambahkan' is clicked on

03-12-2024T17:00:11 - [TEST_STEP][PASSED] - setText(findTestObject("Admin/Jabatan/Page_HADIR/txtTambahkanNama"), ""): Text '' is set on object 'Object Repository/Admin/Jabatan/Page_HADIR/txtTambahkanNama'

03-12-2024T17:00:12 - [MESSAGE][PASSED] - Text '' is set on object 'Object Repository/Admin/Jabatan/Page_HADIR/txtTambahkanNama'

03-12-2024T17:00:12 - [TEST_STEP][PASSED] - setText(findTestObject("Admin/Jabatan/Page_HADIR/txtTambahkanLevel"), ""): Text '' is set on object 'Object Repository/Admin/Jabatan/Page_HADIR/txtTambahkanLevel'

03-12-2024T17:00:13 - [MESSAGE][PASSED] - Text '' is set on object 'Object Repository/Admin/Jabatan/Page_HADIR/txtTambahkanLevel'

03-12-2024T17:00:13 - [TEST_STEP][PASSED] - click(findTestObject("Admin/Jabatan/Page_HADIR/button_Tambah")): Object: 'Object Repository/Admin/Jabatan/Page_HADIR/button_Tambah' is clicked on

03-12-2024T17:00:13 - [MESSAGE][PASSED] - Object: 'Object Repository/Admin/Jabatan/Page_HADIR/button_Tambah' is clicked on

03-12-2024T17:00:13 - [TEST_STEP][PASSED] - namaField = findTestObject("Admin/Jabatan/Page_HADIR/txtTambahkanNama"): null

03-12-2024T17:00:13 - [TEST_STEP][PASSED] - validationMessage = executeJavaScript("return arguments[0].validationMessage;", Arrays.asList(findWebElement(namaField, 5))): Execute JavaScript 'return arguments[0].validationMessage;' successfully

03-12-2024T17:00:13 - [MESSAGE][PASSED] - Execute JavaScript 'return arguments[0].validationMessage;' successfully

03-12-2024T17:00:13 - [TEST_STEP][PASSED] - assert validationMessage == "Please fill out this field.": null

03-12-2024T17:00:13 - [TEST_STEP][PASSED] - closeBrowser(): Browser is closed

03-12-2024T17:00:13 - [MESSAGE][PASSED] - Browser is closed]]></system-out>
         <system-err><![CDATA[]]></system-err>
      </testcase>
      <testcase name="Test Cases/Admin/Management/Jabatan/TCC.Hadir.04.066" time="7.611" classname="Test Cases/Admin/Management/Jabatan/TCC.Hadir.04.066" status="PASSED">
         <system-out><![CDATA[03-12-2024T17:00:13 - [TEST_CASE][PASSED] - Test Cases/Admin/Management/Jabatan/TCC.Hadir.04.066: Test Cases/Admin/Management/Jabatan/TCC.Hadir.04.066

03-12-2024T17:00:13 - [TEST_STEP][PASSED] - openBrowser(""): Browser is opened with url: ''

03-12-2024T17:00:13 - [MESSAGE][INFO] - Starting 'Chrome' driver

03-12-2024T17:00:13 - [MESSAGE][INFO] - Action delay is set to 0 milliseconds

03-12-2024T17:00:14 - [MESSAGE][PASSED] - Browser is opened with url: ''

03-12-2024T17:00:14 - [TEST_STEP][PASSED] - maximizeWindow(): Current window maximized

03-12-2024T17:00:14 - [MESSAGE][PASSED] - Current window maximized

03-12-2024T17:00:14 - [TEST_STEP][PASSED] - navigateToUrl("https://magang.dikahadir.com/authentication/login"): Navigate to 'https://magang.dikahadir.com/authentication/login' successfully

03-12-2024T17:00:14 - [MESSAGE][PASSED] - Navigate to 'https://magang.dikahadir.com/authentication/login' successfully

03-12-2024T17:00:14 - [TEST_STEP][PASSED] - setText(findTestObject("Object Repository/Admin/Jabatan/Page_HADIR/input_Email_email"), "Admin@hadir.com"): Text 'Admin@hadir.com' is set on object 'Object Repository/Admin/Jabatan/Page_HADIR/input_Email_email'

03-12-2024T17:00:15 - [MESSAGE][PASSED] - Text 'Admin@hadir.com' is set on object 'Object Repository/Admin/Jabatan/Page_HADIR/input_Email_email'

03-12-2024T17:00:15 - [TEST_STEP][PASSED] - setEncryptedText(findTestObject("Object Repository/Admin/Jabatan/Page_HADIR/input_Password_password"), "aSC42nPN26UggVXAwmiGmQ=="): Text ****** has been set on object 'Object Repository/Admin/Jabatan/Page_HADIR/input_Password_password'

03-12-2024T17:00:15 - [MESSAGE][PASSED] - Text ****** has been set on object 'Object Repository/Admin/Jabatan/Page_HADIR/input_Password_password'

03-12-2024T17:00:15 - [TEST_STEP][PASSED] - click(findTestObject("Object Repository/Admin/Jabatan/Page_HADIR/button_Masuk")): Object: 'Object Repository/Admin/Jabatan/Page_HADIR/button_Masuk' is clicked on

03-12-2024T17:00:16 - [MESSAGE][PASSED] - Object: 'Object Repository/Admin/Jabatan/Page_HADIR/button_Masuk' is clicked on

03-12-2024T17:00:16 - [TEST_STEP][PASSED] - click(findTestObject("Object Repository/Admin/Jabatan/Page_HADIR/div_Management")): Object: 'Object Repository/Admin/Jabatan/Page_HADIR/div_Management' is clicked on

03-12-2024T17:00:17 - [MESSAGE][PASSED] - Object: 'Object Repository/Admin/Jabatan/Page_HADIR/div_Management' is clicked on

03-12-2024T17:00:17 - [TEST_STEP][PASSED] - click(findTestObject("Object Repository/Admin/Jabatan/Page_HADIR/p_Jabatan")): Object: 'Object Repository/Admin/Jabatan/Page_HADIR/p_Jabatan' is clicked on

03-12-2024T17:00:18 - [MESSAGE][PASSED] - Object: 'Object Repository/Admin/Jabatan/Page_HADIR/p_Jabatan' is clicked on

03-12-2024T17:00:18 - [TEST_STEP][PASSED] - click(findTestObject("Admin/Jabatan/Page_HADIR/button_Tambahkan")): Object: 'Object Repository/Admin/Jabatan/Page_HADIR/button_Tambahkan' is clicked on

03-12-2024T17:00:19 - [MESSAGE][PASSED] - Object: 'Object Repository/Admin/Jabatan/Page_HADIR/button_Tambahkan' is clicked on

03-12-2024T17:00:19 - [TEST_STEP][PASSED] - setText(findTestObject("Admin/Jabatan/Page_HADIR/txtTambahkanNama"), ""): Text '' is set on object 'Object Repository/Admin/Jabatan/Page_HADIR/txtTambahkanNama'

03-12-2024T17:00:20 - [MESSAGE][PASSED] - Text '' is set on object 'Object Repository/Admin/Jabatan/Page_HADIR/txtTambahkanNama'

03-12-2024T17:00:20 - [TEST_STEP][PASSED] - setText(findTestObject("Admin/Jabatan/Page_HADIR/txtTambahkanLevel"), "1"): Text '1' is set on object 'Object Repository/Admin/Jabatan/Page_HADIR/txtTambahkanLevel'

03-12-2024T17:00:20 - [MESSAGE][PASSED] - Text '1' is set on object 'Object Repository/Admin/Jabatan/Page_HADIR/txtTambahkanLevel'

03-12-2024T17:00:20 - [TEST_STEP][PASSED] - click(findTestObject("Admin/Jabatan/Page_HADIR/button_Tambah")): Object: 'Object Repository/Admin/Jabatan/Page_HADIR/button_Tambah' is clicked on

03-12-2024T17:00:20 - [MESSAGE][PASSED] - Object: 'Object Repository/Admin/Jabatan/Page_HADIR/button_Tambah' is clicked on

03-12-2024T17:00:20 - [TEST_STEP][PASSED] - namaField = findTestObject("Admin/Jabatan/Page_HADIR/txtTambahkanNama"): null

03-12-2024T17:00:20 - [TEST_STEP][PASSED] - validationMessage = executeJavaScript("return arguments[0].validationMessage;", Arrays.asList(findWebElement(namaField, 5))): Execute JavaScript 'return arguments[0].validationMessage;' successfully

03-12-2024T17:00:21 - [MESSAGE][PASSED] - Execute JavaScript 'return arguments[0].validationMessage;' successfully

03-12-2024T17:00:21 - [TEST_STEP][PASSED] - assert validationMessage == "Please fill out this field.": null

03-12-2024T17:00:21 - [TEST_STEP][PASSED] - closeBrowser(): Browser is closed

03-12-2024T17:00:21 - [MESSAGE][PASSED] - Browser is closed]]></system-out>
         <system-err><![CDATA[]]></system-err>
      </testcase>
      <testcase name="Test Cases/Admin/Management/Jabatan/TCC.Hadir.04.067" time="7.531" classname="Test Cases/Admin/Management/Jabatan/TCC.Hadir.04.067" status="PASSED">
         <system-out><![CDATA[03-12-2024T17:00:21 - [TEST_CASE][PASSED] - Test Cases/Admin/Management/Jabatan/TCC.Hadir.04.067: Test Cases/Admin/Management/Jabatan/TCC.Hadir.04.067

03-12-2024T17:00:21 - [TEST_STEP][PASSED] - openBrowser(""): Browser is opened with url: ''

03-12-2024T17:00:21 - [MESSAGE][INFO] - Starting 'Chrome' driver

03-12-2024T17:00:21 - [MESSAGE][INFO] - Action delay is set to 0 milliseconds

03-12-2024T17:00:22 - [MESSAGE][PASSED] - Browser is opened with url: ''

03-12-2024T17:00:22 - [TEST_STEP][PASSED] - maximizeWindow(): Current window maximized

03-12-2024T17:00:22 - [MESSAGE][PASSED] - Current window maximized

03-12-2024T17:00:22 - [TEST_STEP][PASSED] - navigateToUrl("https://magang.dikahadir.com/authentication/login"): Navigate to 'https://magang.dikahadir.com/authentication/login' successfully

03-12-2024T17:00:22 - [MESSAGE][PASSED] - Navigate to 'https://magang.dikahadir.com/authentication/login' successfully

03-12-2024T17:00:22 - [TEST_STEP][PASSED] - setText(findTestObject("Object Repository/Admin/Jabatan/Page_HADIR/input_Email_email"), "Admin@hadir.com"): Text 'Admin@hadir.com' is set on object 'Object Repository/Admin/Jabatan/Page_HADIR/input_Email_email'

03-12-2024T17:00:23 - [MESSAGE][PASSED] - Text 'Admin@hadir.com' is set on object 'Object Repository/Admin/Jabatan/Page_HADIR/input_Email_email'

03-12-2024T17:00:23 - [TEST_STEP][PASSED] - setEncryptedText(findTestObject("Object Repository/Admin/Jabatan/Page_HADIR/input_Password_password"), "aSC42nPN26UggVXAwmiGmQ=="): Text ****** has been set on object 'Object Repository/Admin/Jabatan/Page_HADIR/input_Password_password'

03-12-2024T17:00:23 - [MESSAGE][PASSED] - Text ****** has been set on object 'Object Repository/Admin/Jabatan/Page_HADIR/input_Password_password'

03-12-2024T17:00:23 - [TEST_STEP][PASSED] - click(findTestObject("Object Repository/Admin/Jabatan/Page_HADIR/button_Masuk")): Object: 'Object Repository/Admin/Jabatan/Page_HADIR/button_Masuk' is clicked on

03-12-2024T17:00:23 - [MESSAGE][PASSED] - Object: 'Object Repository/Admin/Jabatan/Page_HADIR/button_Masuk' is clicked on

03-12-2024T17:00:23 - [TEST_STEP][PASSED] - click(findTestObject("Object Repository/Admin/Jabatan/Page_HADIR/div_Management")): Object: 'Object Repository/Admin/Jabatan/Page_HADIR/div_Management' is clicked on

03-12-2024T17:00:25 - [MESSAGE][PASSED] - Object: 'Object Repository/Admin/Jabatan/Page_HADIR/div_Management' is clicked on

03-12-2024T17:00:25 - [TEST_STEP][PASSED] - click(findTestObject("Object Repository/Admin/Jabatan/Page_HADIR/p_Jabatan")): Object: 'Object Repository/Admin/Jabatan/Page_HADIR/p_Jabatan' is clicked on

03-12-2024T17:00:26 - [MESSAGE][PASSED] - Object: 'Object Repository/Admin/Jabatan/Page_HADIR/p_Jabatan' is clicked on

03-12-2024T17:00:26 - [TEST_STEP][PASSED] - click(findTestObject("Admin/Jabatan/Page_HADIR/button_Tambahkan")): Object: 'Object Repository/Admin/Jabatan/Page_HADIR/button_Tambahkan' is clicked on

03-12-2024T17:00:27 - [MESSAGE][PASSED] - Object: 'Object Repository/Admin/Jabatan/Page_HADIR/button_Tambahkan' is clicked on

03-12-2024T17:00:27 - [TEST_STEP][PASSED] - setText(findTestObject("Admin/Jabatan/Page_HADIR/txtTambahkanNama"), "Customer"): Text 'Customer' is set on object 'Object Repository/Admin/Jabatan/Page_HADIR/txtTambahkanNama'

03-12-2024T17:00:27 - [MESSAGE][PASSED] - Text 'Customer' is set on object 'Object Repository/Admin/Jabatan/Page_HADIR/txtTambahkanNama'

03-12-2024T17:00:27 - [TEST_STEP][PASSED] - setText(findTestObject("Admin/Jabatan/Page_HADIR/txtTambahkanLevel"), ""): Text '' is set on object 'Object Repository/Admin/Jabatan/Page_HADIR/txtTambahkanLevel'

03-12-2024T17:00:28 - [MESSAGE][PASSED] - Text '' is set on object 'Object Repository/Admin/Jabatan/Page_HADIR/txtTambahkanLevel'

03-12-2024T17:00:28 - [TEST_STEP][PASSED] - click(findTestObject("Admin/Jabatan/Page_HADIR/button_Tambah")): Object: 'Object Repository/Admin/Jabatan/Page_HADIR/button_Tambah' is clicked on

03-12-2024T17:00:28 - [MESSAGE][PASSED] - Object: 'Object Repository/Admin/Jabatan/Page_HADIR/button_Tambah' is clicked on

03-12-2024T17:00:28 - [TEST_STEP][PASSED] - levelField = findTestObject("Admin/Jabatan/Page_HADIR/txtTambahkanLevel"): null

03-12-2024T17:00:28 - [TEST_STEP][PASSED] - validationMessage = executeJavaScript("return arguments[0].validationMessage;", Arrays.asList(findWebElement(levelField, 5))): Execute JavaScript 'return arguments[0].validationMessage;' successfully

03-12-2024T17:00:28 - [MESSAGE][PASSED] - Execute JavaScript 'return arguments[0].validationMessage;' successfully

03-12-2024T17:00:28 - [TEST_STEP][PASSED] - assert validationMessage == "Please fill out this field.": null

03-12-2024T17:00:28 - [TEST_STEP][PASSED] - closeBrowser(): Browser is closed

03-12-2024T17:00:29 - [MESSAGE][PASSED] - Browser is closed]]></system-out>
         <system-err><![CDATA[]]></system-err>
      </testcase>
      <testcase name="Test Cases/Admin/Management/Jabatan/TCC.Hadir.04.068" time="11.47" classname="Test Cases/Admin/Management/Jabatan/TCC.Hadir.04.068" status="PASSED">
         <system-out><![CDATA[03-12-2024T17:00:29 - [TEST_CASE][PASSED] - Test Cases/Admin/Management/Jabatan/TCC.Hadir.04.068: Test Cases/Admin/Management/Jabatan/TCC.Hadir.04.068

03-12-2024T17:00:29 - [TEST_STEP][PASSED] - openBrowser(""): Browser is opened with url: ''

03-12-2024T17:00:29 - [MESSAGE][INFO] - Starting 'Chrome' driver

03-12-2024T17:00:29 - [MESSAGE][INFO] - Action delay is set to 0 milliseconds

03-12-2024T17:00:29 - [MESSAGE][PASSED] - Browser is opened with url: ''

03-12-2024T17:00:29 - [TEST_STEP][PASSED] - maximizeWindow(): Current window maximized

03-12-2024T17:00:29 - [MESSAGE][PASSED] - Current window maximized

03-12-2024T17:00:29 - [TEST_STEP][PASSED] - navigateToUrl("https://magang.dikahadir.com/authentication/login"): Navigate to 'https://magang.dikahadir.com/authentication/login' successfully

03-12-2024T17:00:30 - [MESSAGE][PASSED] - Navigate to 'https://magang.dikahadir.com/authentication/login' successfully

03-12-2024T17:00:30 - [TEST_STEP][PASSED] - setText(findTestObject("Object Repository/Admin/Jabatan/Page_HADIR/input_Email_email"), "Admin@hadir.com"): Text 'Admin@hadir.com' is set on object 'Object Repository/Admin/Jabatan/Page_HADIR/input_Email_email'

03-12-2024T17:00:30 - [MESSAGE][PASSED] - Text 'Admin@hadir.com' is set on object 'Object Repository/Admin/Jabatan/Page_HADIR/input_Email_email'

03-12-2024T17:00:30 - [TEST_STEP][PASSED] - setEncryptedText(findTestObject("Object Repository/Admin/Jabatan/Page_HADIR/input_Password_password"), "aSC42nPN26UggVXAwmiGmQ=="): Text ****** has been set on object 'Object Repository/Admin/Jabatan/Page_HADIR/input_Password_password'

03-12-2024T17:00:31 - [MESSAGE][PASSED] - Text ****** has been set on object 'Object Repository/Admin/Jabatan/Page_HADIR/input_Password_password'

03-12-2024T17:00:31 - [TEST_STEP][PASSED] - click(findTestObject("Object Repository/Admin/Jabatan/Page_HADIR/button_Masuk")): Object: 'Object Repository/Admin/Jabatan/Page_HADIR/button_Masuk' is clicked on

03-12-2024T17:00:31 - [MESSAGE][PASSED] - Object: 'Object Repository/Admin/Jabatan/Page_HADIR/button_Masuk' is clicked on

03-12-2024T17:00:31 - [TEST_STEP][PASSED] - click(findTestObject("Object Repository/Admin/Jabatan/Page_HADIR/div_Management")): Object: 'Object Repository/Admin/Jabatan/Page_HADIR/div_Management' is clicked on

03-12-2024T17:00:34 - [MESSAGE][PASSED] - Object: 'Object Repository/Admin/Jabatan/Page_HADIR/div_Management' is clicked on

03-12-2024T17:00:34 - [TEST_STEP][PASSED] - click(findTestObject("Object Repository/Admin/Jabatan/Page_HADIR/p_Jabatan")): Object: 'Object Repository/Admin/Jabatan/Page_HADIR/p_Jabatan' is clicked on

03-12-2024T17:00:35 - [MESSAGE][PASSED] - Object: 'Object Repository/Admin/Jabatan/Page_HADIR/p_Jabatan' is clicked on

03-12-2024T17:00:35 - [TEST_STEP][PASSED] - click(findTestObject("Admin/Jabatan/Page_HADIR/button_Action"), STOP_ON_FAILURE): Object: 'Object Repository/Admin/Jabatan/Page_HADIR/button_Action' is clicked on

03-12-2024T17:00:36 - [MESSAGE][PASSED] - Object: 'Object Repository/Admin/Jabatan/Page_HADIR/button_Action' is clicked on

03-12-2024T17:00:36 - [TEST_STEP][PASSED] - click(findTestObject("Admin/Jabatan/Page_HADIR/button_EditTabel"), STOP_ON_FAILURE): Object: 'Object Repository/Admin/Jabatan/Page_HADIR/button_EditTabel' is clicked on

03-12-2024T17:00:37 - [MESSAGE][PASSED] - Object: 'Object Repository/Admin/Jabatan/Page_HADIR/button_EditTabel' is clicked on

03-12-2024T17:00:37 - [TEST_STEP][PASSED] - click(findTestObject("Admin/Jabatan/Page_HADIR/txtTambahkanNama"), STOP_ON_FAILURE): Object: 'Object Repository/Admin/Jabatan/Page_HADIR/txtTambahkanNama' is clicked on

03-12-2024T17:00:37 - [MESSAGE][PASSED] - Object: 'Object Repository/Admin/Jabatan/Page_HADIR/txtTambahkanNama' is clicked on

03-12-2024T17:00:37 - [TEST_STEP][PASSED] - sendKeys(findTestObject("Admin/Jabatan/Page_HADIR/txtTambahkanNama"), Keys.chord(CONTROL, "a")): Keys 'CONTROL + a' sent to object: 'Object Repository/Admin/Jabatan/Page_HADIR/txtTambahkanNama'

03-12-2024T17:00:37 - [MESSAGE][PASSED] - Keys 'CONTROL + a' sent to object: 'Object Repository/Admin/Jabatan/Page_HADIR/txtTambahkanNama'

03-12-2024T17:00:37 - [TEST_STEP][PASSED] - sendKeys(findTestObject("Admin/Jabatan/Page_HADIR/txtTambahkanNama"), Keys.chord(DELETE)): Keys 'DELETE + ' sent to object: 'Object Repository/Admin/Jabatan/Page_HADIR/txtTambahkanNama'

03-12-2024T17:00:38 - [MESSAGE][PASSED] - Keys 'DELETE + ' sent to object: 'Object Repository/Admin/Jabatan/Page_HADIR/txtTambahkanNama'

03-12-2024T17:00:38 - [TEST_STEP][PASSED] - setText(findTestObject("Admin/Jabatan/Page_HADIR/txtTambahkanNama"), "Customer Service"): Text 'Customer Service' is set on object 'Object Repository/Admin/Jabatan/Page_HADIR/txtTambahkanNama'

03-12-2024T17:00:38 - [MESSAGE][PASSED] - Text 'Customer Service' is set on object 'Object Repository/Admin/Jabatan/Page_HADIR/txtTambahkanNama'

03-12-2024T17:00:38 - [TEST_STEP][PASSED] - sendKeys(findTestObject("Admin/Jabatan/Page_HADIR/txtTambahkanLevel"), Keys.chord(ENTER)): Keys 'ENTER + ' sent to object: 'Object Repository/Admin/Jabatan/Page_HADIR/txtTambahkanLevel'

03-12-2024T17:00:38 - [MESSAGE][PASSED] - Keys 'ENTER + ' sent to object: 'Object Repository/Admin/Jabatan/Page_HADIR/txtTambahkanLevel'

03-12-2024T17:00:38 - [TEST_STEP][PASSED] - setText(findTestObject("Object Repository/Admin/Jabatan/Page_HADIR/input_Admin Hadir_search"), "2"): Text '2' is set on object 'Object Repository/Admin/Jabatan/Page_HADIR/input_Admin Hadir_search'

03-12-2024T17:00:40 - [MESSAGE][PASSED] - Text '2' is set on object 'Object Repository/Admin/Jabatan/Page_HADIR/input_Admin Hadir_search'

03-12-2024T17:00:40 - [TEST_STEP][PASSED] - searchResult = findTestObject("Admin/Jabatan/Page_HADIR/tableRows"): null

03-12-2024T17:00:40 - [TEST_STEP][PASSED] - resultText = getText(searchResult): Text of object 'Object Repository/Admin/Jabatan/Page_HADIR/tableRows' is: 'Customer Service
2'

03-12-2024T17:00:40 - [MESSAGE][PASSED] - Text of object 'Object Repository/Admin/Jabatan/Page_HADIR/tableRows' is: 'Customer Service
2'

03-12-2024T17:00:40 - [TEST_STEP][PASSED] - assert resultText.contains("2"): null

03-12-2024T17:00:40 - [TEST_STEP][PASSED] - closeBrowser(): Browser is closed

03-12-2024T17:00:40 - [MESSAGE][PASSED] - Browser is closed]]></system-out>
         <system-err><![CDATA[]]></system-err>
      </testcase>
      <testcase name="Test Cases/Admin/Management/Jabatan/TCC.Hadir.04.069" time="9.666" classname="Test Cases/Admin/Management/Jabatan/TCC.Hadir.04.069" status="PASSED">
         <system-out><![CDATA[03-12-2024T17:00:40 - [TEST_CASE][PASSED] - Test Cases/Admin/Management/Jabatan/TCC.Hadir.04.069: Test Cases/Admin/Management/Jabatan/TCC.Hadir.04.069

03-12-2024T17:00:40 - [TEST_STEP][PASSED] - openBrowser(""): Browser is opened with url: ''

03-12-2024T17:00:40 - [MESSAGE][INFO] - Starting 'Chrome' driver

03-12-2024T17:00:40 - [MESSAGE][INFO] - Action delay is set to 0 milliseconds

03-12-2024T17:00:41 - [MESSAGE][PASSED] - Browser is opened with url: ''

03-12-2024T17:00:41 - [TEST_STEP][PASSED] - maximizeWindow(): Current window maximized

03-12-2024T17:00:41 - [MESSAGE][PASSED] - Current window maximized

03-12-2024T17:00:41 - [TEST_STEP][PASSED] - navigateToUrl("https://magang.dikahadir.com/authentication/login"): Navigate to 'https://magang.dikahadir.com/authentication/login' successfully

03-12-2024T17:00:41 - [MESSAGE][PASSED] - Navigate to 'https://magang.dikahadir.com/authentication/login' successfully

03-12-2024T17:00:41 - [TEST_STEP][PASSED] - setText(findTestObject("Object Repository/Admin/Jabatan/Page_HADIR/input_Email_email"), "Admin@hadir.com"): Text 'Admin@hadir.com' is set on object 'Object Repository/Admin/Jabatan/Page_HADIR/input_Email_email'

03-12-2024T17:00:42 - [MESSAGE][PASSED] - Text 'Admin@hadir.com' is set on object 'Object Repository/Admin/Jabatan/Page_HADIR/input_Email_email'

03-12-2024T17:00:42 - [TEST_STEP][PASSED] - setEncryptedText(findTestObject("Object Repository/Admin/Jabatan/Page_HADIR/input_Password_password"), "aSC42nPN26UggVXAwmiGmQ=="): Text ****** has been set on object 'Object Repository/Admin/Jabatan/Page_HADIR/input_Password_password'

03-12-2024T17:00:42 - [MESSAGE][PASSED] - Text ****** has been set on object 'Object Repository/Admin/Jabatan/Page_HADIR/input_Password_password'

03-12-2024T17:00:42 - [TEST_STEP][PASSED] - click(findTestObject("Object Repository/Admin/Jabatan/Page_HADIR/button_Masuk")): Object: 'Object Repository/Admin/Jabatan/Page_HADIR/button_Masuk' is clicked on

03-12-2024T17:00:42 - [MESSAGE][PASSED] - Object: 'Object Repository/Admin/Jabatan/Page_HADIR/button_Masuk' is clicked on

03-12-2024T17:00:42 - [TEST_STEP][PASSED] - click(findTestObject("Object Repository/Admin/Jabatan/Page_HADIR/div_Management")): Object: 'Object Repository/Admin/Jabatan/Page_HADIR/div_Management' is clicked on

03-12-2024T17:00:44 - [MESSAGE][PASSED] - Object: 'Object Repository/Admin/Jabatan/Page_HADIR/div_Management' is clicked on

03-12-2024T17:00:44 - [TEST_STEP][PASSED] - click(findTestObject("Object Repository/Admin/Jabatan/Page_HADIR/p_Jabatan")): Object: 'Object Repository/Admin/Jabatan/Page_HADIR/p_Jabatan' is clicked on

03-12-2024T17:00:45 - [MESSAGE][PASSED] - Object: 'Object Repository/Admin/Jabatan/Page_HADIR/p_Jabatan' is clicked on

03-12-2024T17:00:45 - [TEST_STEP][PASSED] - click(findTestObject("Admin/Jabatan/Page_HADIR/button_Action"), STOP_ON_FAILURE): Object: 'Object Repository/Admin/Jabatan/Page_HADIR/button_Action' is clicked on

03-12-2024T17:00:46 - [MESSAGE][PASSED] - Object: 'Object Repository/Admin/Jabatan/Page_HADIR/button_Action' is clicked on

03-12-2024T17:00:46 - [TEST_STEP][PASSED] - click(findTestObject("Admin/Jabatan/Page_HADIR/button_EditTabel"), STOP_ON_FAILURE): Object: 'Object Repository/Admin/Jabatan/Page_HADIR/button_EditTabel' is clicked on

03-12-2024T17:00:46 - [MESSAGE][PASSED] - Object: 'Object Repository/Admin/Jabatan/Page_HADIR/button_EditTabel' is clicked on

03-12-2024T17:00:46 - [TEST_STEP][PASSED] - click(findTestObject("Admin/Jabatan/Page_HADIR/txtTambahkanLevel"), STOP_ON_FAILURE): Object: 'Object Repository/Admin/Jabatan/Page_HADIR/txtTambahkanLevel' is clicked on

03-12-2024T17:00:47 - [MESSAGE][PASSED] - Object: 'Object Repository/Admin/Jabatan/Page_HADIR/txtTambahkanLevel' is clicked on

03-12-2024T17:00:47 - [TEST_STEP][PASSED] - sendKeys(findTestObject("Admin/Jabatan/Page_HADIR/txtTambahkanLevel"), Keys.chord(CONTROL, "a")): Keys 'CONTROL + a' sent to object: 'Object Repository/Admin/Jabatan/Page_HADIR/txtTambahkanLevel'

03-12-2024T17:00:47 - [MESSAGE][PASSED] - Keys 'CONTROL + a' sent to object: 'Object Repository/Admin/Jabatan/Page_HADIR/txtTambahkanLevel'

03-12-2024T17:00:47 - [TEST_STEP][PASSED] - sendKeys(findTestObject("Admin/Jabatan/Page_HADIR/txtTambahkanLevel"), Keys.chord(DELETE)): Keys 'DELETE + ' sent to object: 'Object Repository/Admin/Jabatan/Page_HADIR/txtTambahkanLevel'

03-12-2024T17:00:47 - [MESSAGE][PASSED] - Keys 'DELETE + ' sent to object: 'Object Repository/Admin/Jabatan/Page_HADIR/txtTambahkanLevel'

03-12-2024T17:00:47 - [TEST_STEP][PASSED] - setText(findTestObject("Admin/Jabatan/Page_HADIR/txtTambahkanLevel"), "1"): Text '1' is set on object 'Object Repository/Admin/Jabatan/Page_HADIR/txtTambahkanLevel'

03-12-2024T17:00:48 - [MESSAGE][PASSED] - Text '1' is set on object 'Object Repository/Admin/Jabatan/Page_HADIR/txtTambahkanLevel'

03-12-2024T17:00:48 - [TEST_STEP][PASSED] - sendKeys(findTestObject("Admin/Jabatan/Page_HADIR/txtTambahkanLevel"), Keys.chord(ENTER)): Keys 'ENTER + ' sent to object: 'Object Repository/Admin/Jabatan/Page_HADIR/txtTambahkanLevel'

03-12-2024T17:00:48 - [MESSAGE][PASSED] - Keys 'ENTER + ' sent to object: 'Object Repository/Admin/Jabatan/Page_HADIR/txtTambahkanLevel'

03-12-2024T17:00:48 - [TEST_STEP][PASSED] - setText(findTestObject("Object Repository/Admin/Jabatan/Page_HADIR/input_Admin Hadir_search"), "1"): Text '1' is set on object 'Object Repository/Admin/Jabatan/Page_HADIR/input_Admin Hadir_search'

03-12-2024T17:00:49 - [MESSAGE][PASSED] - Text '1' is set on object 'Object Repository/Admin/Jabatan/Page_HADIR/input_Admin Hadir_search'

03-12-2024T17:00:49 - [TEST_STEP][PASSED] - searchResult = findTestObject("Admin/Jabatan/Page_HADIR/tableRows"): null

03-12-2024T17:00:49 - [TEST_STEP][PASSED] - resultText = getText(searchResult): Text of object 'Object Repository/Admin/Jabatan/Page_HADIR/tableRows' is: 'Customer Service
1'

03-12-2024T17:00:50 - [MESSAGE][PASSED] - Text of object 'Object Repository/Admin/Jabatan/Page_HADIR/tableRows' is: 'Customer Service
1'

03-12-2024T17:00:50 - [TEST_STEP][PASSED] - assert resultText.contains("1"): null

03-12-2024T17:00:50 - [TEST_STEP][PASSED] - closeBrowser(): Browser is closed

03-12-2024T17:00:50 - [MESSAGE][PASSED] - Browser is closed]]></system-out>
         <system-err><![CDATA[]]></system-err>
      </testcase>
      <testcase name="Test Cases/Admin/Management/Jabatan/TCC.Hadir.04.070" time="8.462" classname="Test Cases/Admin/Management/Jabatan/TCC.Hadir.04.070" status="PASSED">
         <system-out><![CDATA[03-12-2024T17:00:50 - [TEST_CASE][PASSED] - Test Cases/Admin/Management/Jabatan/TCC.Hadir.04.070: Test Cases/Admin/Management/Jabatan/TCC.Hadir.04.070

03-12-2024T17:00:50 - [TEST_STEP][PASSED] - openBrowser(""): Browser is opened with url: ''

03-12-2024T17:00:50 - [MESSAGE][INFO] - Starting 'Chrome' driver

03-12-2024T17:00:50 - [MESSAGE][INFO] - Action delay is set to 0 milliseconds

03-12-2024T17:00:50 - [MESSAGE][PASSED] - Browser is opened with url: ''

03-12-2024T17:00:50 - [TEST_STEP][PASSED] - maximizeWindow(): Current window maximized

03-12-2024T17:00:50 - [MESSAGE][PASSED] - Current window maximized

03-12-2024T17:00:50 - [TEST_STEP][PASSED] - navigateToUrl("https://magang.dikahadir.com/authentication/login"): Navigate to 'https://magang.dikahadir.com/authentication/login' successfully

03-12-2024T17:00:51 - [MESSAGE][PASSED] - Navigate to 'https://magang.dikahadir.com/authentication/login' successfully

03-12-2024T17:00:51 - [TEST_STEP][PASSED] - setText(findTestObject("Object Repository/Admin/Jabatan/Page_HADIR/input_Email_email"), "Admin@hadir.com"): Text 'Admin@hadir.com' is set on object 'Object Repository/Admin/Jabatan/Page_HADIR/input_Email_email'

03-12-2024T17:00:52 - [MESSAGE][PASSED] - Text 'Admin@hadir.com' is set on object 'Object Repository/Admin/Jabatan/Page_HADIR/input_Email_email'

03-12-2024T17:00:52 - [TEST_STEP][PASSED] - setEncryptedText(findTestObject("Object Repository/Admin/Jabatan/Page_HADIR/input_Password_password"), "aSC42nPN26UggVXAwmiGmQ=="): Text ****** has been set on object 'Object Repository/Admin/Jabatan/Page_HADIR/input_Password_password'

03-12-2024T17:00:52 - [MESSAGE][PASSED] - Text ****** has been set on object 'Object Repository/Admin/Jabatan/Page_HADIR/input_Password_password'

03-12-2024T17:00:52 - [TEST_STEP][PASSED] - click(findTestObject("Object Repository/Admin/Jabatan/Page_HADIR/button_Masuk")): Object: 'Object Repository/Admin/Jabatan/Page_HADIR/button_Masuk' is clicked on

03-12-2024T17:00:53 - [MESSAGE][PASSED] - Object: 'Object Repository/Admin/Jabatan/Page_HADIR/button_Masuk' is clicked on

03-12-2024T17:00:53 - [TEST_STEP][PASSED] - click(findTestObject("Object Repository/Admin/Jabatan/Page_HADIR/div_Management")): Object: 'Object Repository/Admin/Jabatan/Page_HADIR/div_Management' is clicked on

03-12-2024T17:00:54 - [MESSAGE][PASSED] - Object: 'Object Repository/Admin/Jabatan/Page_HADIR/div_Management' is clicked on

03-12-2024T17:00:54 - [TEST_STEP][PASSED] - click(findTestObject("Object Repository/Admin/Jabatan/Page_HADIR/p_Jabatan")): Object: 'Object Repository/Admin/Jabatan/Page_HADIR/p_Jabatan' is clicked on

03-12-2024T17:00:55 - [MESSAGE][PASSED] - Object: 'Object Repository/Admin/Jabatan/Page_HADIR/p_Jabatan' is clicked on

03-12-2024T17:00:55 - [TEST_STEP][PASSED] - click(findTestObject("Admin/Jabatan/Page_HADIR/button_Action"), STOP_ON_FAILURE): Object: 'Object Repository/Admin/Jabatan/Page_HADIR/button_Action' is clicked on

03-12-2024T17:00:56 - [MESSAGE][PASSED] - Object: 'Object Repository/Admin/Jabatan/Page_HADIR/button_Action' is clicked on

03-12-2024T17:00:56 - [TEST_STEP][PASSED] - click(findTestObject("Admin/Jabatan/Page_HADIR/button_EditTabel"), STOP_ON_FAILURE): Object: 'Object Repository/Admin/Jabatan/Page_HADIR/button_EditTabel' is clicked on

03-12-2024T17:00:56 - [MESSAGE][PASSED] - Object: 'Object Repository/Admin/Jabatan/Page_HADIR/button_EditTabel' is clicked on

03-12-2024T17:00:56 - [TEST_STEP][PASSED] - click(findTestObject("Admin/Jabatan/Page_HADIR/txtTambahkanNama"), STOP_ON_FAILURE): Object: 'Object Repository/Admin/Jabatan/Page_HADIR/txtTambahkanNama' is clicked on

03-12-2024T17:00:57 - [MESSAGE][PASSED] - Object: 'Object Repository/Admin/Jabatan/Page_HADIR/txtTambahkanNama' is clicked on

03-12-2024T17:00:57 - [TEST_STEP][PASSED] - sendKeys(findTestObject("Admin/Jabatan/Page_HADIR/txtTambahkanNama"), Keys.chord(CONTROL, "a")): Keys 'CONTROL + a' sent to object: 'Object Repository/Admin/Jabatan/Page_HADIR/txtTambahkanNama'

03-12-2024T17:00:57 - [MESSAGE][PASSED] - Keys 'CONTROL + a' sent to object: 'Object Repository/Admin/Jabatan/Page_HADIR/txtTambahkanNama'

03-12-2024T17:00:57 - [TEST_STEP][PASSED] - sendKeys(findTestObject("Admin/Jabatan/Page_HADIR/txtTambahkanNama"), Keys.chord(DELETE)): Keys 'DELETE + ' sent to object: 'Object Repository/Admin/Jabatan/Page_HADIR/txtTambahkanNama'

03-12-2024T17:00:57 - [MESSAGE][PASSED] - Keys 'DELETE + ' sent to object: 'Object Repository/Admin/Jabatan/Page_HADIR/txtTambahkanNama'

03-12-2024T17:00:57 - [TEST_STEP][PASSED] - setText(findTestObject("Admin/Jabatan/Page_HADIR/txtTambahkanNama"), ""): Text '' is set on object 'Object Repository/Admin/Jabatan/Page_HADIR/txtTambahkanNama'

03-12-2024T17:00:58 - [MESSAGE][PASSED] - Text '' is set on object 'Object Repository/Admin/Jabatan/Page_HADIR/txtTambahkanNama'

03-12-2024T17:00:58 - [TEST_STEP][PASSED] - sendKeys(findTestObject("Admin/Jabatan/Page_HADIR/txtTambahkanLevel"), Keys.chord(ENTER)): Keys 'ENTER + ' sent to object: 'Object Repository/Admin/Jabatan/Page_HADIR/txtTambahkanLevel'

03-12-2024T17:00:58 - [MESSAGE][PASSED] - Keys 'ENTER + ' sent to object: 'Object Repository/Admin/Jabatan/Page_HADIR/txtTambahkanLevel'

03-12-2024T17:00:58 - [TEST_STEP][PASSED] - namaField = findTestObject("Admin/Jabatan/Page_HADIR/txtTambahkanNama"): null

03-12-2024T17:00:58 - [TEST_STEP][PASSED] - validationMessage = executeJavaScript("return arguments[0].validationMessage;", Arrays.asList(findWebElement(namaField, 5))): Execute JavaScript 'return arguments[0].validationMessage;' successfully

03-12-2024T17:00:58 - [MESSAGE][PASSED] - Execute JavaScript 'return arguments[0].validationMessage;' successfully

03-12-2024T17:00:58 - [TEST_STEP][PASSED] - assert validationMessage == "Please fill out this field.": null

03-12-2024T17:00:58 - [TEST_STEP][PASSED] - closeBrowser(): Browser is closed

03-12-2024T17:00:58 - [MESSAGE][PASSED] - Browser is closed]]></system-out>
         <system-err><![CDATA[]]></system-err>
      </testcase>
      <testcase name="Test Cases/Admin/Management/Jabatan/TCC.Hadir.04.071" time="9.364" classname="Test Cases/Admin/Management/Jabatan/TCC.Hadir.04.071" status="PASSED">
         <system-out><![CDATA[03-12-2024T17:00:58 - [TEST_CASE][PASSED] - Test Cases/Admin/Management/Jabatan/TCC.Hadir.04.071: Test Cases/Admin/Management/Jabatan/TCC.Hadir.04.071

03-12-2024T17:00:58 - [TEST_STEP][PASSED] - openBrowser(""): Browser is opened with url: ''

03-12-2024T17:00:58 - [MESSAGE][INFO] - Starting 'Chrome' driver

03-12-2024T17:00:58 - [MESSAGE][INFO] - Action delay is set to 0 milliseconds

03-12-2024T17:00:59 - [MESSAGE][PASSED] - Browser is opened with url: ''

03-12-2024T17:00:59 - [TEST_STEP][PASSED] - maximizeWindow(): Current window maximized

03-12-2024T17:00:59 - [MESSAGE][PASSED] - Current window maximized

03-12-2024T17:00:59 - [TEST_STEP][PASSED] - navigateToUrl("https://magang.dikahadir.com/authentication/login"): Navigate to 'https://magang.dikahadir.com/authentication/login' successfully

03-12-2024T17:01:00 - [MESSAGE][PASSED] - Navigate to 'https://magang.dikahadir.com/authentication/login' successfully

03-12-2024T17:01:00 - [TEST_STEP][PASSED] - setText(findTestObject("Object Repository/Admin/Jabatan/Page_HADIR/input_Email_email"), "Admin@hadir.com"): Text 'Admin@hadir.com' is set on object 'Object Repository/Admin/Jabatan/Page_HADIR/input_Email_email'

03-12-2024T17:01:01 - [MESSAGE][PASSED] - Text 'Admin@hadir.com' is set on object 'Object Repository/Admin/Jabatan/Page_HADIR/input_Email_email'

03-12-2024T17:01:01 - [TEST_STEP][PASSED] - setEncryptedText(findTestObject("Object Repository/Admin/Jabatan/Page_HADIR/input_Password_password"), "aSC42nPN26UggVXAwmiGmQ=="): Text ****** has been set on object 'Object Repository/Admin/Jabatan/Page_HADIR/input_Password_password'

03-12-2024T17:01:01 - [MESSAGE][PASSED] - Text ****** has been set on object 'Object Repository/Admin/Jabatan/Page_HADIR/input_Password_password'

03-12-2024T17:01:01 - [TEST_STEP][PASSED] - click(findTestObject("Object Repository/Admin/Jabatan/Page_HADIR/button_Masuk")): Object: 'Object Repository/Admin/Jabatan/Page_HADIR/button_Masuk' is clicked on

03-12-2024T17:01:02 - [MESSAGE][PASSED] - Object: 'Object Repository/Admin/Jabatan/Page_HADIR/button_Masuk' is clicked on

03-12-2024T17:01:02 - [TEST_STEP][PASSED] - click(findTestObject("Object Repository/Admin/Jabatan/Page_HADIR/div_Management")): Object: 'Object Repository/Admin/Jabatan/Page_HADIR/div_Management' is clicked on

03-12-2024T17:01:03 - [MESSAGE][PASSED] - Object: 'Object Repository/Admin/Jabatan/Page_HADIR/div_Management' is clicked on

03-12-2024T17:01:03 - [TEST_STEP][PASSED] - click(findTestObject("Object Repository/Admin/Jabatan/Page_HADIR/p_Jabatan")): Object: 'Object Repository/Admin/Jabatan/Page_HADIR/p_Jabatan' is clicked on

03-12-2024T17:01:04 - [MESSAGE][PASSED] - Object: 'Object Repository/Admin/Jabatan/Page_HADIR/p_Jabatan' is clicked on

03-12-2024T17:01:04 - [TEST_STEP][PASSED] - click(findTestObject("Admin/Jabatan/Page_HADIR/button_Action"), STOP_ON_FAILURE): Object: 'Object Repository/Admin/Jabatan/Page_HADIR/button_Action' is clicked on

03-12-2024T17:01:05 - [MESSAGE][PASSED] - Object: 'Object Repository/Admin/Jabatan/Page_HADIR/button_Action' is clicked on

03-12-2024T17:01:05 - [TEST_STEP][PASSED] - click(findTestObject("Admin/Jabatan/Page_HADIR/button_EditTabel"), STOP_ON_FAILURE): Object: 'Object Repository/Admin/Jabatan/Page_HADIR/button_EditTabel' is clicked on

03-12-2024T17:01:05 - [MESSAGE][PASSED] - Object: 'Object Repository/Admin/Jabatan/Page_HADIR/button_EditTabel' is clicked on

03-12-2024T17:01:05 - [TEST_STEP][PASSED] - click(findTestObject("Admin/Jabatan/Page_HADIR/txtTambahkanLevel"), STOP_ON_FAILURE): Object: 'Object Repository/Admin/Jabatan/Page_HADIR/txtTambahkanLevel' is clicked on

03-12-2024T17:01:06 - [MESSAGE][PASSED] - Object: 'Object Repository/Admin/Jabatan/Page_HADIR/txtTambahkanLevel' is clicked on

03-12-2024T17:01:06 - [TEST_STEP][PASSED] - sendKeys(findTestObject("Admin/Jabatan/Page_HADIR/txtTambahkanLevel"), Keys.chord(CONTROL, "a")): Keys 'CONTROL + a' sent to object: 'Object Repository/Admin/Jabatan/Page_HADIR/txtTambahkanLevel'

03-12-2024T17:01:06 - [MESSAGE][PASSED] - Keys 'CONTROL + a' sent to object: 'Object Repository/Admin/Jabatan/Page_HADIR/txtTambahkanLevel'

03-12-2024T17:01:06 - [TEST_STEP][PASSED] - sendKeys(findTestObject("Admin/Jabatan/Page_HADIR/txtTambahkanLevel"), Keys.chord(DELETE)): Keys 'DELETE + ' sent to object: 'Object Repository/Admin/Jabatan/Page_HADIR/txtTambahkanLevel'

03-12-2024T17:01:06 - [MESSAGE][PASSED] - Keys 'DELETE + ' sent to object: 'Object Repository/Admin/Jabatan/Page_HADIR/txtTambahkanLevel'

03-12-2024T17:01:06 - [TEST_STEP][PASSED] - setText(findTestObject("Admin/Jabatan/Page_HADIR/txtTambahkanLevel"), ""): Text '' is set on object 'Object Repository/Admin/Jabatan/Page_HADIR/txtTambahkanLevel'

03-12-2024T17:01:07 - [MESSAGE][PASSED] - Text '' is set on object 'Object Repository/Admin/Jabatan/Page_HADIR/txtTambahkanLevel'

03-12-2024T17:01:07 - [TEST_STEP][PASSED] - sendKeys(findTestObject("Admin/Jabatan/Page_HADIR/txtTambahkanLevel"), Keys.chord(ENTER)): Keys 'ENTER + ' sent to object: 'Object Repository/Admin/Jabatan/Page_HADIR/txtTambahkanLevel'

03-12-2024T17:01:07 - [MESSAGE][PASSED] - Keys 'ENTER + ' sent to object: 'Object Repository/Admin/Jabatan/Page_HADIR/txtTambahkanLevel'

03-12-2024T17:01:07 - [TEST_STEP][PASSED] - levelField = findTestObject("Admin/Jabatan/Page_HADIR/txtTambahkanLevel"): null

03-12-2024T17:01:07 - [TEST_STEP][PASSED] - validationMessageLevel = executeJavaScript("return arguments[0].validationMessage;", Arrays.asList(findWebElement(levelField, 5))): Execute JavaScript 'return arguments[0].validationMessage;' successfully

03-12-2024T17:01:07 - [MESSAGE][PASSED] - Execute JavaScript 'return arguments[0].validationMessage;' successfully

03-12-2024T17:01:07 - [TEST_STEP][PASSED] - assert validationMessageLevel == "Please fill out this field.": null

03-12-2024T17:01:07 - [TEST_STEP][PASSED] - closeBrowser(): Browser is closed

03-12-2024T17:01:07 - [MESSAGE][PASSED] - Browser is closed]]></system-out>
         <system-err><![CDATA[]]></system-err>
      </testcase>
      <testcase name="Test Cases/Admin/Management/Jabatan/TCC.Hadir.04.072" time="7.191" classname="Test Cases/Admin/Management/Jabatan/TCC.Hadir.04.072" status="PASSED">
         <system-out><![CDATA[03-12-2024T17:01:07 - [TEST_CASE][PASSED] - Test Cases/Admin/Management/Jabatan/TCC.Hadir.04.072: Test Cases/Admin/Management/Jabatan/TCC.Hadir.04.072

03-12-2024T17:01:08 - [TEST_STEP][PASSED] - openBrowser(""): Browser is opened with url: ''

03-12-2024T17:01:08 - [MESSAGE][INFO] - Starting 'Chrome' driver

03-12-2024T17:01:08 - [MESSAGE][INFO] - Action delay is set to 0 milliseconds

03-12-2024T17:01:08 - [MESSAGE][PASSED] - Browser is opened with url: ''

03-12-2024T17:01:08 - [TEST_STEP][PASSED] - maximizeWindow(): Current window maximized

03-12-2024T17:01:08 - [MESSAGE][PASSED] - Current window maximized

03-12-2024T17:01:08 - [TEST_STEP][PASSED] - navigateToUrl("https://magang.dikahadir.com/authentication/login"): Navigate to 'https://magang.dikahadir.com/authentication/login' successfully

03-12-2024T17:01:09 - [MESSAGE][PASSED] - Navigate to 'https://magang.dikahadir.com/authentication/login' successfully

03-12-2024T17:01:09 - [TEST_STEP][PASSED] - setText(findTestObject("Object Repository/Admin/Jabatan/Page_HADIR/input_Email_email"), "Admin@hadir.com"): Text 'Admin@hadir.com' is set on object 'Object Repository/Admin/Jabatan/Page_HADIR/input_Email_email'

03-12-2024T17:01:10 - [MESSAGE][PASSED] - Text 'Admin@hadir.com' is set on object 'Object Repository/Admin/Jabatan/Page_HADIR/input_Email_email'

03-12-2024T17:01:10 - [TEST_STEP][PASSED] - setEncryptedText(findTestObject("Object Repository/Admin/Jabatan/Page_HADIR/input_Password_password"), "aSC42nPN26UggVXAwmiGmQ=="): Text ****** has been set on object 'Object Repository/Admin/Jabatan/Page_HADIR/input_Password_password'

03-12-2024T17:01:10 - [MESSAGE][PASSED] - Text ****** has been set on object 'Object Repository/Admin/Jabatan/Page_HADIR/input_Password_password'

03-12-2024T17:01:10 - [TEST_STEP][PASSED] - click(findTestObject("Object Repository/Admin/Jabatan/Page_HADIR/button_Masuk")): Object: 'Object Repository/Admin/Jabatan/Page_HADIR/button_Masuk' is clicked on

03-12-2024T17:01:10 - [MESSAGE][PASSED] - Object: 'Object Repository/Admin/Jabatan/Page_HADIR/button_Masuk' is clicked on

03-12-2024T17:01:10 - [TEST_STEP][PASSED] - click(findTestObject("Object Repository/Admin/Jabatan/Page_HADIR/div_Management")): Object: 'Object Repository/Admin/Jabatan/Page_HADIR/div_Management' is clicked on

03-12-2024T17:01:12 - [MESSAGE][PASSED] - Object: 'Object Repository/Admin/Jabatan/Page_HADIR/div_Management' is clicked on

03-12-2024T17:01:12 - [TEST_STEP][PASSED] - click(findTestObject("Object Repository/Admin/Jabatan/Page_HADIR/p_Jabatan")): Object: 'Object Repository/Admin/Jabatan/Page_HADIR/p_Jabatan' is clicked on

03-12-2024T17:01:13 - [MESSAGE][PASSED] - Object: 'Object Repository/Admin/Jabatan/Page_HADIR/p_Jabatan' is clicked on

03-12-2024T17:01:13 - [TEST_STEP][PASSED] - click(findTestObject("Admin/Jabatan/Page_HADIR/button_Action"), STOP_ON_FAILURE): Object: 'Object Repository/Admin/Jabatan/Page_HADIR/button_Action' is clicked on

03-12-2024T17:01:14 - [MESSAGE][PASSED] - Object: 'Object Repository/Admin/Jabatan/Page_HADIR/button_Action' is clicked on

03-12-2024T17:01:14 - [TEST_STEP][PASSED] - click(findTestObject("Admin/Jabatan/Page_HADIR/button_DeleteTabel"), STOP_ON_FAILURE): Object: 'Object Repository/Admin/Jabatan/Page_HADIR/button_DeleteTabel' is clicked on

03-12-2024T17:01:14 - [MESSAGE][PASSED] - Object: 'Object Repository/Admin/Jabatan/Page_HADIR/button_DeleteTabel' is clicked on

03-12-2024T17:01:14 - [TEST_STEP][PASSED] - click(findTestObject("Admin/Jabatan/Page_HADIR/button_Yes"), STOP_ON_FAILURE): Object: 'Object Repository/Admin/Jabatan/Page_HADIR/button_Yes' is clicked on

03-12-2024T17:01:15 - [MESSAGE][PASSED] - Object: 'Object Repository/Admin/Jabatan/Page_HADIR/button_Yes' is clicked on

03-12-2024T17:01:15 - [TEST_STEP][PASSED] - closeBrowser(STOP_ON_FAILURE): Browser is closed

03-12-2024T17:01:15 - [MESSAGE][PASSED] - Browser is closed]]></system-out>
         <system-err><![CDATA[]]></system-err>
      </testcase>
      <testcase name="Test Cases/Admin/Management/Jabatan/TCC.Hadir.04.073" time="7.394" classname="Test Cases/Admin/Management/Jabatan/TCC.Hadir.04.073" status="PASSED">
         <system-out><![CDATA[03-12-2024T17:01:15 - [TEST_CASE][PASSED] - Test Cases/Admin/Management/Jabatan/TCC.Hadir.04.073: Test Cases/Admin/Management/Jabatan/TCC.Hadir.04.073

03-12-2024T17:01:15 - [TEST_STEP][PASSED] - openBrowser(""): Browser is opened with url: ''

03-12-2024T17:01:15 - [MESSAGE][INFO] - Starting 'Chrome' driver

03-12-2024T17:01:15 - [MESSAGE][INFO] - Action delay is set to 0 milliseconds

03-12-2024T17:01:15 - [MESSAGE][PASSED] - Browser is opened with url: ''

03-12-2024T17:01:15 - [TEST_STEP][PASSED] - maximizeWindow(): Current window maximized

03-12-2024T17:01:15 - [MESSAGE][PASSED] - Current window maximized

03-12-2024T17:01:15 - [TEST_STEP][PASSED] - navigateToUrl("https://magang.dikahadir.com/authentication/login"): Navigate to 'https://magang.dikahadir.com/authentication/login' successfully

03-12-2024T17:01:16 - [MESSAGE][PASSED] - Navigate to 'https://magang.dikahadir.com/authentication/login' successfully

03-12-2024T17:01:16 - [TEST_STEP][PASSED] - setText(findTestObject("Object Repository/Admin/Jabatan/Page_HADIR/input_Email_email"), "Admin@hadir.com"): Text 'Admin@hadir.com' is set on object 'Object Repository/Admin/Jabatan/Page_HADIR/input_Email_email'

03-12-2024T17:01:17 - [MESSAGE][PASSED] - Text 'Admin@hadir.com' is set on object 'Object Repository/Admin/Jabatan/Page_HADIR/input_Email_email'

03-12-2024T17:01:17 - [TEST_STEP][PASSED] - setEncryptedText(findTestObject("Object Repository/Admin/Jabatan/Page_HADIR/input_Password_password"), "aSC42nPN26UggVXAwmiGmQ=="): Text ****** has been set on object 'Object Repository/Admin/Jabatan/Page_HADIR/input_Password_password'

03-12-2024T17:01:17 - [MESSAGE][PASSED] - Text ****** has been set on object 'Object Repository/Admin/Jabatan/Page_HADIR/input_Password_password'

03-12-2024T17:01:17 - [TEST_STEP][PASSED] - click(findTestObject("Object Repository/Admin/Jabatan/Page_HADIR/button_Masuk")): Object: 'Object Repository/Admin/Jabatan/Page_HADIR/button_Masuk' is clicked on

03-12-2024T17:01:17 - [MESSAGE][PASSED] - Object: 'Object Repository/Admin/Jabatan/Page_HADIR/button_Masuk' is clicked on

03-12-2024T17:01:17 - [TEST_STEP][PASSED] - click(findTestObject("Object Repository/Admin/Jabatan/Page_HADIR/div_Management")): Object: 'Object Repository/Admin/Jabatan/Page_HADIR/div_Management' is clicked on

03-12-2024T17:01:18 - [MESSAGE][PASSED] - Object: 'Object Repository/Admin/Jabatan/Page_HADIR/div_Management' is clicked on

03-12-2024T17:01:18 - [TEST_STEP][PASSED] - click(findTestObject("Object Repository/Admin/Jabatan/Page_HADIR/p_Jabatan")): Object: 'Object Repository/Admin/Jabatan/Page_HADIR/p_Jabatan' is clicked on

03-12-2024T17:01:19 - [MESSAGE][PASSED] - Object: 'Object Repository/Admin/Jabatan/Page_HADIR/p_Jabatan' is clicked on

03-12-2024T17:01:19 - [TEST_STEP][PASSED] - setText(findTestObject("Object Repository/Admin/Jabatan/Page_HADIR/input_Admin Hadir_search"), "3"): Text '3' is set on object 'Object Repository/Admin/Jabatan/Page_HADIR/input_Admin Hadir_search'

03-12-2024T17:01:20 - [MESSAGE][PASSED] - Text '3' is set on object 'Object Repository/Admin/Jabatan/Page_HADIR/input_Admin Hadir_search'

03-12-2024T17:01:20 - [TEST_STEP][PASSED] - click(findTestObject("Object Repository/Admin/Jabatan/Page_HADIR/button_Search")): Object: 'Object Repository/Admin/Jabatan/Page_HADIR/button_Search' is clicked on

03-12-2024T17:01:21 - [MESSAGE][PASSED] - Object: 'Object Repository/Admin/Jabatan/Page_HADIR/button_Search' is clicked on

03-12-2024T17:01:21 - [TEST_STEP][PASSED] - click(findTestObject("Admin/Jabatan/Page_HADIR/button_Reset")): Object: 'Object Repository/Admin/Jabatan/Page_HADIR/button_Reset' is clicked on

03-12-2024T17:01:21 - [MESSAGE][PASSED] - Object: 'Object Repository/Admin/Jabatan/Page_HADIR/button_Reset' is clicked on

03-12-2024T17:01:21 - [TEST_STEP][PASSED] - isPresent = verifyElementPresent(findTestObject("Object Repository/Admin/Jabatan/Page_HADIR/tableRows"), 5, STOP_ON_FAILURE): Object 'Object Repository/Admin/Jabatan/Page_HADIR/tableRows' is present

03-12-2024T17:01:22 - [MESSAGE][PASSED] - Object 'Object Repository/Admin/Jabatan/Page_HADIR/tableRows' is present

03-12-2024T17:01:22 - [TEST_STEP][PASSED] - assert isPresent == true : "Data not found!": null

03-12-2024T17:01:22 - [TEST_STEP][PASSED] - closeBrowser(): Browser is closed

03-12-2024T17:01:22 - [MESSAGE][PASSED] - Browser is closed]]></system-out>
         <system-err><![CDATA[]]></system-err>
      </testcase>
      <system-out><![CDATA[03-12-2024T16:59:35 - [TEST_SUITE][PASSED] - Jabatan: Test Cases/Admin/Management/Jabatan/TCC.Hadir.04.073]]></system-out>
      <system-err><![CDATA[]]></system-err>
   </testsuite>
   <testsuite name="Kalender" tests="1" failures="0" errors="0" time="10.039" skipped="0" timestamp="03-12-2024T17:01:32" hostname="Irga - Irga.mshome.net" id="Test Suites/Kalender">
      <properties>
         <property name="deviceName" value=""/>
         <property name="devicePlatform"/>
         <property name="logFolder" value="C:\\Users\\User\\git\\KatalonHadirApp\\Reports\\20241203_165105\\Kalender\\20241203_165116"/>
         <property name="logFiles" value="C:\\Users\\User\\git\\KatalonHadirApp\\Reports\\20241203_165105\\Kalender\\20241203_165116\\execution0.log"/>
         <property name="attachments" value=""/>
         <property name="hostName" value="Irga - Irga.mshome.net"/>
         <property name="os" value="Windows 10 64bit"/>
         <property name="katalonVersion" value="10.0.0.223"/>
         <property name="browser" value="Chrome 131.0.0.0"/>
         <property name="hostAddress" value="172.24.112.1"/>
         <property name="sessionId" value="7a55a74e64384f2a236ff2e7d20303d7"/>
         <property name="seleniumVersion" value="4.22.0"/>
         <property name="proxyInformation" value="ProxyInformation { proxyOption=NO_PROXY, proxyServerType=HTTP, username=, password=********, proxyServerAddress=, proxyServerPort=0, executionList=&quot;&quot;, isApplyToDesiredCapabilities=true }"/>
         <property name="platform" value="Windows 10"/>
      </properties>
      <testcase name="Test Cases/Admin/Management/Kalender/TCC.Hadir.04.001" time="9.935" classname="Test Cases/Admin/Management/Kalender/TCC.Hadir.04.001" status="PASSED">
         <system-out><![CDATA[03-12-2024T17:01:32 - [TEST_CASE][PASSED] - Test Cases/Admin/Management/Kalender/TCC.Hadir.04.001: Test Cases/Admin/Management/Kalender/TCC.Hadir.04.001

03-12-2024T17:01:32 - [TEST_STEP][PASSED] - openBrowser(""): Browser is opened with url: ''

03-12-2024T17:01:33 - [MESSAGE][INFO] - Starting 'Chrome' driver

03-12-2024T17:01:33 - [MESSAGE][INFO] - Action delay is set to 0 milliseconds

03-12-2024T17:01:34 - [MESSAGE][PASSED] - Browser is opened with url: ''

03-12-2024T17:01:34 - [TEST_STEP][PASSED] - maximizeWindow(): Current window maximized

03-12-2024T17:01:34 - [MESSAGE][PASSED] - Current window maximized

03-12-2024T17:01:34 - [TEST_STEP][PASSED] - navigateToUrl("https://magang.dikahadir.com/authentication/login"): Navigate to 'https://magang.dikahadir.com/authentication/login' successfully

03-12-2024T17:01:35 - [MESSAGE][PASSED] - Navigate to 'https://magang.dikahadir.com/authentication/login' successfully

03-12-2024T17:01:35 - [TEST_STEP][PASSED] - setText(findTestObject("Object Repository/Admin/Kalender/Page_HADIR/input_Email_email"), "Admin@hadir.com"): Text 'Admin@hadir.com' is set on object 'Object Repository/Admin/Kalender/Page_HADIR/input_Email_email'

03-12-2024T17:01:36 - [MESSAGE][PASSED] - Text 'Admin@hadir.com' is set on object 'Object Repository/Admin/Kalender/Page_HADIR/input_Email_email'

03-12-2024T17:01:36 - [TEST_STEP][PASSED] - setEncryptedText(findTestObject("Object Repository/Admin/Kalender/Page_HADIR/input_Password_password"), "aSC42nPN26UggVXAwmiGmQ=="): Text ****** has been set on object 'Object Repository/Admin/Kalender/Page_HADIR/input_Password_password'

03-12-2024T17:01:36 - [MESSAGE][PASSED] - Text ****** has been set on object 'Object Repository/Admin/Kalender/Page_HADIR/input_Password_password'

03-12-2024T17:01:36 - [TEST_STEP][PASSED] - click(findTestObject("Object Repository/Admin/Kalender/Page_HADIR/button_Masuk")): Object: 'Object Repository/Admin/Kalender/Page_HADIR/button_Masuk' is clicked on

03-12-2024T17:01:36 - [MESSAGE][PASSED] - Object: 'Object Repository/Admin/Kalender/Page_HADIR/button_Masuk' is clicked on

03-12-2024T17:01:36 - [TEST_STEP][PASSED] - click(findTestObject("Object Repository/Admin/Kalender/Page_HADIR/div_Management")): Object: 'Object Repository/Admin/Kalender/Page_HADIR/div_Management' is clicked on

03-12-2024T17:01:40 - [MESSAGE][PASSED] - Object: 'Object Repository/Admin/Kalender/Page_HADIR/div_Management' is clicked on

03-12-2024T17:01:40 - [TEST_STEP][PASSED] - click(findTestObject("Object Repository/Admin/Kalender/Page_HADIR/p_Kalender")): Object: 'Object Repository/Admin/Kalender/Page_HADIR/p_Kalender' is clicked on

03-12-2024T17:01:41 - [MESSAGE][PASSED] - Object: 'Object Repository/Admin/Kalender/Page_HADIR/p_Kalender' is clicked on

03-12-2024T17:01:41 - [TEST_STEP][PASSED] - setText(findTestObject("Object Repository/Admin/Kalender/Page_HADIR/input_Admin Hadir_search"), "idul fitri"): Text 'idul fitri' is set on object 'Object Repository/Admin/Kalender/Page_HADIR/input_Admin Hadir_search'

03-12-2024T17:01:42 - [MESSAGE][PASSED] - Text 'idul fitri' is set on object 'Object Repository/Admin/Kalender/Page_HADIR/input_Admin Hadir_search'

03-12-2024T17:01:42 - [TEST_STEP][PASSED] - click(findTestObject("Object Repository/Admin/Kalender/Page_HADIR/button_Search")): Object: 'Object Repository/Admin/Kalender/Page_HADIR/button_Search' is clicked on

03-12-2024T17:01:42 - [MESSAGE][PASSED] - Object: 'Object Repository/Admin/Kalender/Page_HADIR/button_Search' is clicked on

03-12-2024T17:01:42 - [TEST_STEP][PASSED] - closeBrowser(): Browser is closed

03-12-2024T17:01:42 - [MESSAGE][PASSED] - Browser is closed]]></system-out>
         <system-err><![CDATA[]]></system-err>
      </testcase>
      <system-out><![CDATA[03-12-2024T17:01:32 - [TEST_SUITE][PASSED] - Kalender: Test Cases/Admin/Management/Kalender/TCC.Hadir.04.001]]></system-out>
      <system-err><![CDATA[]]></system-err>
   </testsuite>
   <testsuite name="Absen Point" tests="1" failures="0" errors="0" time="7.847" skipped="0" timestamp="03-12-2024T17:01:52" hostname="Irga - Irga.mshome.net" id="Test Suites/Absen Point">
      <properties>
         <property name="deviceName" value=""/>
         <property name="devicePlatform"/>
         <property name="logFolder" value="C:\\Users\\User\\git\\KatalonHadirApp\\Reports\\20241203_165105\\Absen Point\\20241203_165118"/>
         <property name="logFiles" value="C:\\Users\\User\\git\\KatalonHadirApp\\Reports\\20241203_165105\\Absen Point\\20241203_165118\\execution0.log"/>
         <property name="attachments" value=""/>
         <property name="hostName" value="Irga - Irga.mshome.net"/>
         <property name="os" value="Windows 10 64bit"/>
         <property name="katalonVersion" value="10.0.0.223"/>
         <property name="browser" value="Chrome 131.0.0.0"/>
         <property name="hostAddress" value="172.24.112.1"/>
         <property name="sessionId" value="61c5046b6300d62b5a66bf35ae70cf8b"/>
         <property name="seleniumVersion" value="4.22.0"/>
         <property name="proxyInformation" value="ProxyInformation { proxyOption=NO_PROXY, proxyServerType=HTTP, username=, password=********, proxyServerAddress=, proxyServerPort=0, executionList=&quot;&quot;, isApplyToDesiredCapabilities=true }"/>
         <property name="platform" value="Windows 10"/>
      </properties>
      <testcase name="Test Cases/Admin/Management/Absen Point/TCC.Hadir.04.1" time="7.737" classname="Test Cases/Admin/Management/Absen Point/TCC.Hadir.04.1" status="PASSED">
         <system-out><![CDATA[03-12-2024T17:01:52 - [TEST_CASE][PASSED] - Test Cases/Admin/Management/Absen Point/TCC.Hadir.04.1: Test Cases/Admin/Management/Absen Point/TCC.Hadir.04.1

03-12-2024T17:01:52 - [TEST_STEP][PASSED] - openBrowser(""): Browser is opened with url: ''

03-12-2024T17:01:52 - [MESSAGE][INFO] - Starting 'Chrome' driver

03-12-2024T17:01:52 - [MESSAGE][INFO] - Action delay is set to 0 milliseconds

03-12-2024T17:01:53 - [MESSAGE][PASSED] - Browser is opened with url: ''

03-12-2024T17:01:53 - [TEST_STEP][PASSED] - maximizeWindow(): Current window maximized

03-12-2024T17:01:54 - [MESSAGE][PASSED] - Current window maximized

03-12-2024T17:01:54 - [TEST_STEP][PASSED] - navigateToUrl("https://magang.dikahadir.com/authentication/login"): Navigate to 'https://magang.dikahadir.com/authentication/login' successfully

03-12-2024T17:01:54 - [MESSAGE][PASSED] - Navigate to 'https://magang.dikahadir.com/authentication/login' successfully

03-12-2024T17:01:54 - [TEST_STEP][PASSED] - setText(findTestObject("Object Repository/Admin/Absen Point/Page_HADIR/input_Email_email"), "Admin@hadir.com"): Text 'Admin@hadir.com' is set on object 'Object Repository/Admin/Absen Point/Page_HADIR/input_Email_email'

03-12-2024T17:01:55 - [MESSAGE][PASSED] - Text 'Admin@hadir.com' is set on object 'Object Repository/Admin/Absen Point/Page_HADIR/input_Email_email'

03-12-2024T17:01:55 - [TEST_STEP][PASSED] - setEncryptedText(findTestObject("Object Repository/Admin/Absen Point/Page_HADIR/input_Password_password"), "aSC42nPN26UggVXAwmiGmQ=="): Text ****** has been set on object 'Object Repository/Admin/Absen Point/Page_HADIR/input_Password_password'

03-12-2024T17:01:55 - [MESSAGE][PASSED] - Text ****** has been set on object 'Object Repository/Admin/Absen Point/Page_HADIR/input_Password_password'

03-12-2024T17:01:55 - [TEST_STEP][PASSED] - sendKeys(findTestObject("Object Repository/Admin/Absen Point/Page_HADIR/input_Password_password"), Keys.chord(ENTER)): Keys 'ENTER + ' sent to object: 'Object Repository/Admin/Absen Point/Page_HADIR/input_Password_password'

03-12-2024T17:01:55 - [MESSAGE][PASSED] - Keys 'ENTER + ' sent to object: 'Object Repository/Admin/Absen Point/Page_HADIR/input_Password_password'

03-12-2024T17:01:55 - [TEST_STEP][PASSED] - click(findTestObject("Object Repository/Admin/Absen Point/Page_HADIR/div_Management")): Object: 'Object Repository/Admin/Absen Point/Page_HADIR/div_Management' is clicked on

03-12-2024T17:01:57 - [MESSAGE][PASSED] - Object: 'Object Repository/Admin/Absen Point/Page_HADIR/div_Management' is clicked on

03-12-2024T17:01:57 - [TEST_STEP][PASSED] - click(findTestObject("Object Repository/Admin/Absen Point/Page_HADIR/p_Absen Point")): Object: 'Object Repository/Admin/Absen Point/Page_HADIR/p_Absen Point' is clicked on

03-12-2024T17:01:58 - [MESSAGE][PASSED] - Object: 'Object Repository/Admin/Absen Point/Page_HADIR/p_Absen Point' is clicked on

03-12-2024T17:01:58 - [TEST_STEP][PASSED] - setText(findTestObject("Object Repository/Admin/Absen Point/Page_HADIR/input_Admin Hadir_search"), "BPN"): Text 'BPN' is set on object 'Object Repository/Admin/Absen Point/Page_HADIR/input_Admin Hadir_search'

03-12-2024T17:01:59 - [MESSAGE][PASSED] - Text 'BPN' is set on object 'Object Repository/Admin/Absen Point/Page_HADIR/input_Admin Hadir_search'

03-12-2024T17:01:59 - [TEST_STEP][PASSED] - click(findTestObject("Object Repository/Admin/Absen Point/Page_HADIR/button_Search")): Object: 'Object Repository/Admin/Absen Point/Page_HADIR/button_Search' is clicked on

03-12-2024T17:01:59 - [MESSAGE][PASSED] - Object: 'Object Repository/Admin/Absen Point/Page_HADIR/button_Search' is clicked on

03-12-2024T17:01:59 - [TEST_STEP][PASSED] - click(findTestObject("Object Repository/Admin/Absen Point/Page_HADIR/td_BPN")): Object: 'Object Repository/Admin/Absen Point/Page_HADIR/td_BPN' is clicked on

03-12-2024T17:01:59 - [MESSAGE][PASSED] - Object: 'Object Repository/Admin/Absen Point/Page_HADIR/td_BPN' is clicked on

03-12-2024T17:01:59 - [TEST_STEP][PASSED] - closeBrowser(): Browser is closed

03-12-2024T17:02:00 - [MESSAGE][PASSED] - Browser is closed]]></system-out>
         <system-err><![CDATA[]]></system-err>
      </testcase>
      <system-out><![CDATA[03-12-2024T17:01:52 - [TEST_SUITE][PASSED] - Absen Point: Test Cases/Admin/Management/Absen Point/TCC.Hadir.04.1]]></system-out>
      <system-err><![CDATA[]]></system-err>
   </testsuite>
   <testsuite name="Client Upliner" tests="1" failures="0" errors="0" time="8.197" skipped="0" timestamp="03-12-2024T17:02:09" hostname="Irga - Irga.mshome.net" id="Test Suites/Client Upliner">
      <properties>
         <property name="deviceName" value=""/>
         <property name="devicePlatform"/>
         <property name="logFolder" value="C:\\Users\\User\\git\\KatalonHadirApp\\Reports\\20241203_165105\\Client Upliner\\20241203_165120"/>
         <property name="logFiles" value="C:\\Users\\User\\git\\KatalonHadirApp\\Reports\\20241203_165105\\Client Upliner\\20241203_165120\\execution0.log"/>
         <property name="attachments" value=""/>
         <property name="hostName" value="Irga - Irga.mshome.net"/>
         <property name="os" value="Windows 10 64bit"/>
         <property name="katalonVersion" value="10.0.0.223"/>
         <property name="browser" value="Chrome 131.0.0.0"/>
         <property name="hostAddress" value="172.24.112.1"/>
         <property name="sessionId" value="6860fc4070f38300a622dbb971964ee5"/>
         <property name="seleniumVersion" value="4.22.0"/>
         <property name="proxyInformation" value="ProxyInformation { proxyOption=NO_PROXY, proxyServerType=HTTP, username=, password=********, proxyServerAddress=, proxyServerPort=0, executionList=&quot;&quot;, isApplyToDesiredCapabilities=true }"/>
         <property name="platform" value="Windows 10"/>
      </properties>
      <testcase name="Test Cases/Admin/Management/Client Upliner/TCC.Hadir.04.1" time="8.091" classname="Test Cases/Admin/Management/Client Upliner/TCC.Hadir.04.1" status="PASSED">
         <system-out><![CDATA[03-12-2024T17:02:09 - [TEST_CASE][PASSED] - Test Cases/Admin/Management/Client Upliner/TCC.Hadir.04.1: Test Cases/Admin/Management/Client Upliner/TCC.Hadir.04.1

03-12-2024T17:02:09 - [TEST_STEP][PASSED] - openBrowser(""): Browser is opened with url: ''

03-12-2024T17:02:10 - [MESSAGE][INFO] - Starting 'Chrome' driver

03-12-2024T17:02:10 - [MESSAGE][INFO] - Action delay is set to 0 milliseconds

03-12-2024T17:02:11 - [MESSAGE][PASSED] - Browser is opened with url: ''

03-12-2024T17:02:11 - [TEST_STEP][PASSED] - maximizeWindow(): Current window maximized

03-12-2024T17:02:11 - [MESSAGE][PASSED] - Current window maximized

03-12-2024T17:02:11 - [TEST_STEP][PASSED] - navigateToUrl("https://magang.dikahadir.com/authentication/login"): Navigate to 'https://magang.dikahadir.com/authentication/login' successfully

03-12-2024T17:02:11 - [MESSAGE][PASSED] - Navigate to 'https://magang.dikahadir.com/authentication/login' successfully

03-12-2024T17:02:11 - [TEST_STEP][PASSED] - setText(findTestObject("Object Repository/Admin/Client Upliner/Page_HADIR/input_Email_email"), "Admin@hadir.com"): Text 'Admin@hadir.com' is set on object 'Object Repository/Admin/Client Upliner/Page_HADIR/input_Email_email'

03-12-2024T17:02:12 - [MESSAGE][PASSED] - Text 'Admin@hadir.com' is set on object 'Object Repository/Admin/Client Upliner/Page_HADIR/input_Email_email'

03-12-2024T17:02:12 - [TEST_STEP][PASSED] - setEncryptedText(findTestObject("Object Repository/Admin/Client Upliner/Page_HADIR/input_Password_password"), "aSC42nPN26UggVXAwmiGmQ=="): Text ****** has been set on object 'Object Repository/Admin/Client Upliner/Page_HADIR/input_Password_password'

03-12-2024T17:02:12 - [MESSAGE][PASSED] - Text ****** has been set on object 'Object Repository/Admin/Client Upliner/Page_HADIR/input_Password_password'

03-12-2024T17:02:12 - [TEST_STEP][PASSED] - click(findTestObject("Object Repository/Admin/Client Upliner/Page_HADIR/button_Masuk")): Object: 'Object Repository/Admin/Client Upliner/Page_HADIR/button_Masuk' is clicked on

03-12-2024T17:02:13 - [MESSAGE][PASSED] - Object: 'Object Repository/Admin/Client Upliner/Page_HADIR/button_Masuk' is clicked on

03-12-2024T17:02:13 - [TEST_STEP][PASSED] - click(findTestObject("Object Repository/Admin/Client Upliner/Page_HADIR/div_Management")): Object: 'Object Repository/Admin/Client Upliner/Page_HADIR/div_Management' is clicked on

03-12-2024T17:02:14 - [MESSAGE][PASSED] - Object: 'Object Repository/Admin/Client Upliner/Page_HADIR/div_Management' is clicked on

03-12-2024T17:02:14 - [TEST_STEP][PASSED] - click(findTestObject("Object Repository/Admin/Client Upliner/Page_HADIR/p_Client Upliner")): Object: 'Object Repository/Admin/Client Upliner/Page_HADIR/p_Client Upliner' is clicked on

03-12-2024T17:02:15 - [MESSAGE][PASSED] - Object: 'Object Repository/Admin/Client Upliner/Page_HADIR/p_Client Upliner' is clicked on

03-12-2024T17:02:15 - [TEST_STEP][PASSED] - setText(findTestObject("Object Repository/Admin/Client Upliner/Page_HADIR/input_Admin Hadir_search"), "Bagus Lesmana"): Text 'Bagus Lesmana' is set on object 'Object Repository/Admin/Client Upliner/Page_HADIR/input_Admin Hadir_search'

03-12-2024T17:02:16 - [MESSAGE][PASSED] - Text 'Bagus Lesmana' is set on object 'Object Repository/Admin/Client Upliner/Page_HADIR/input_Admin Hadir_search'

03-12-2024T17:02:16 - [TEST_STEP][PASSED] - click(findTestObject("Object Repository/Admin/Client Upliner/Page_HADIR/button_Search")): Object: 'Object Repository/Admin/Client Upliner/Page_HADIR/button_Search' is clicked on

03-12-2024T17:02:17 - [MESSAGE][PASSED] - Object: 'Object Repository/Admin/Client Upliner/Page_HADIR/button_Search' is clicked on

03-12-2024T17:02:17 - [TEST_STEP][PASSED] - click(findTestObject("Object Repository/Admin/Client Upliner/Page_HADIR/td_Bagus Lesmana")): Object: 'Object Repository/Admin/Client Upliner/Page_HADIR/td_Bagus Lesmana' is clicked on

03-12-2024T17:02:17 - [MESSAGE][PASSED] - Object: 'Object Repository/Admin/Client Upliner/Page_HADIR/td_Bagus Lesmana' is clicked on

03-12-2024T17:02:17 - [TEST_STEP][PASSED] - closeBrowser(): Browser is closed

03-12-2024T17:02:17 - [MESSAGE][PASSED] - Browser is closed]]></system-out>
         <system-err><![CDATA[]]></system-err>
      </testcase>
      <system-out><![CDATA[03-12-2024T17:02:09 - [TEST_SUITE][PASSED] - Client Upliner: Test Cases/Admin/Management/Client Upliner/TCC.Hadir.04.1]]></system-out>
      <system-err><![CDATA[]]></system-err>
   </testsuite>
</testsuites>
