<?xml version="1.0" encoding="UTF-8"?>
<testsuites name="Logout" time="12.415" tests="1" failures="0" errors="0">
   <testsuite name="Logout" tests="1" failures="0" errors="0" time="12.415" skipped="0" timestamp="11-12-2024T12:05:10" hostname="Irga - Irga" id="Test Suites/User/Logout">
      <properties>
         <property name="deviceName" value=""/>
         <property name="devicePlatform"/>
         <property name="logFolder" value="C:\\Users\\User\\git\\KatalonHadirApp\\Reports\\20241211_120500\\User\\Logout\\20241211_120501"/>
         <property name="logFiles" value="C:\\Users\\User\\git\\KatalonHadirApp\\Reports\\20241211_120500\\User\\Logout\\20241211_120501\\execution0.log"/>
         <property name="attachments" value=""/>
         <property name="hostName" value="Irga - Irga"/>
         <property name="os" value="Windows 10 64bit"/>
         <property name="katalonVersion" value="10.0.0.223"/>
         <property name="browser" value="Chrome 131.0.0.0"/>
         <property name="hostAddress" value="192.168.0.106"/>
         <property name="sessionId" value="1e4792f41816adc8371c3d71b1354277"/>
         <property name="seleniumVersion" value="4.22.0"/>
         <property name="proxyInformation" value="ProxyInformation { proxyOption=NO_PROXY, proxyServerType=HTTP, username=, password=********, proxyServerAddress=, proxyServerPort=0, executionList=&quot;&quot;, isApplyToDesiredCapabilities=true }"/>
         <property name="platform" value="Windows 10"/>
      </properties>
      <testcase name="Test Cases/User/Logout/TCC.Hadir.01.001.Logout" time="12.297" classname="Test Cases/User/Logout/TCC.Hadir.01.001.Logout" status="PASSED">
         <system-out><![CDATA[11-12-2024T12:05:10 - [TEST_CASE][PASSED] - Test Cases/User/Logout/TCC.Hadir.01.001.Logout: Test Cases/User/Logout/TCC.Hadir.01.001.Logout

11-12-2024T12:05:11 - [TEST_STEP][PASSED] - openBrowser(""): Browser is opened with url: ''

11-12-2024T12:05:11 - [MESSAGE][INFO] - Starting 'Chrome' driver

11-12-2024T12:05:11 - [MESSAGE][INFO] - Action delay is set to 0 milliseconds

11-12-2024T12:05:12 - [MESSAGE][PASSED] - Browser is opened with url: ''

11-12-2024T12:05:12 - [TEST_STEP][PASSED] - maximizeWindow(): Current window maximized

11-12-2024T12:05:12 - [MESSAGE][PASSED] - Current window maximized

11-12-2024T12:05:12 - [TEST_STEP][PASSED] - navigateToUrl("https://magang.dikahadir.com/absen/login"): Navigate to 'https://magang.dikahadir.com/absen/login' successfully

11-12-2024T12:05:14 - [MESSAGE][PASSED] - Navigate to 'https://magang.dikahadir.com/absen/login' successfully

11-12-2024T12:05:14 - [TEST_STEP][PASSED] - setText(findTestObject("Object Repository/User/Login/Page_HADIR/input_Email_email"), "testuser1@gmail.com"): Text 'testuser1@gmail.com' is set on object 'Object Repository/User/Login/Page_HADIR/input_Email_email'

11-12-2024T12:05:15 - [MESSAGE][PASSED] - Text 'testuser1@gmail.com' is set on object 'Object Repository/User/Login/Page_HADIR/input_Email_email'

11-12-2024T12:05:15 - [TEST_STEP][PASSED] - setEncryptedText(findTestObject("Object Repository/User/Login/Page_HADIR/input_Password_password"), "RigbBhfdqOBGNlJIWM1ClA=="): Text ****** has been set on object 'Object Repository/User/Login/Page_HADIR/input_Password_password'

11-12-2024T12:05:15 - [MESSAGE][PASSED] - Text ****** has been set on object 'Object Repository/User/Login/Page_HADIR/input_Password_password'

11-12-2024T12:05:15 - [TEST_STEP][PASSED] - click(findTestObject("Object Repository/User/Login/Page_HADIR/button_Masuk")): Object: 'Object Repository/User/Login/Page_HADIR/button_Masuk' is clicked on

11-12-2024T12:05:16 - [MESSAGE][PASSED] - Object: 'Object Repository/User/Login/Page_HADIR/button_Masuk' is clicked on

11-12-2024T12:05:16 - [TEST_STEP][PASSED] - click(findTestObject("Object Repository/User/Login/Page_HADIR/div_Berhasil login")): Object: 'Object Repository/User/Login/Page_HADIR/div_Berhasil login' is clicked on

11-12-2024T12:05:16 - [MESSAGE][PASSED] - Object: 'Object Repository/User/Login/Page_HADIR/div_Berhasil login' is clicked on

11-12-2024T12:05:16 - [TEST_STEP][PASSED] - closeBrowser(): Browser is closed

11-12-2024T12:05:16 - [MESSAGE][PASSED] - Browser is closed

11-12-2024T12:05:16 - [TEST_STEP][PASSED] - openBrowser(""): Browser is opened with url: ''

11-12-2024T12:05:16 - [MESSAGE][INFO] - Starting 'Chrome' driver

11-12-2024T12:05:16 - [MESSAGE][INFO] - Action delay is set to 0 milliseconds

11-12-2024T12:05:17 - [MESSAGE][PASSED] - Browser is opened with url: ''

11-12-2024T12:05:17 - [TEST_STEP][PASSED] - maximizeWindow(): Current window maximized

11-12-2024T12:05:17 - [MESSAGE][PASSED] - Current window maximized

11-12-2024T12:05:17 - [TEST_STEP][PASSED] - navigateToUrl("https://magang.dikahadir.com/absen/login"): Navigate to 'https://magang.dikahadir.com/absen/login' successfully

11-12-2024T12:05:18 - [MESSAGE][PASSED] - Navigate to 'https://magang.dikahadir.com/absen/login' successfully

11-12-2024T12:05:18 - [TEST_STEP][PASSED] - setText(findTestObject("Object Repository/User/Logout/Page_HADIR/input_Email_email"), "testuser1@gmail.com"): Text 'testuser1@gmail.com' is set on object 'Object Repository/User/Logout/Page_HADIR/input_Email_email'

11-12-2024T12:05:18 - [MESSAGE][PASSED] - Text 'testuser1@gmail.com' is set on object 'Object Repository/User/Logout/Page_HADIR/input_Email_email'

11-12-2024T12:05:18 - [TEST_STEP][PASSED] - setEncryptedText(findTestObject("Object Repository/User/Logout/Page_HADIR/input_Password_password"), "RigbBhfdqOBGNlJIWM1ClA=="): Text ****** has been set on object 'Object Repository/User/Logout/Page_HADIR/input_Password_password'

11-12-2024T12:05:19 - [MESSAGE][PASSED] - Text ****** has been set on object 'Object Repository/User/Logout/Page_HADIR/input_Password_password'

11-12-2024T12:05:19 - [TEST_STEP][PASSED] - click(findTestObject("Object Repository/User/Logout/Page_HADIR/button_Masuk")): Object: 'Object Repository/User/Logout/Page_HADIR/button_Masuk' is clicked on

11-12-2024T12:05:19 - [MESSAGE][PASSED] - Object: 'Object Repository/User/Logout/Page_HADIR/button_Masuk' is clicked on

11-12-2024T12:05:19 - [TEST_STEP][PASSED] - click(findTestObject("Object Repository/User/Logout/Page_HADIR/div_Berhasil login")): Object: 'Object Repository/User/Logout/Page_HADIR/div_Berhasil login' is clicked on

11-12-2024T12:05:21 - [MESSAGE][PASSED] - Object: 'Object Repository/User/Logout/Page_HADIR/div_Berhasil login' is clicked on

11-12-2024T12:05:21 - [TEST_STEP][PASSED] - click(findTestObject("Object Repository/User/Logout/Page_HADIR/img")): Object: 'Object Repository/User/Logout/Page_HADIR/img' is clicked on

11-12-2024T12:05:21 - [MESSAGE][PASSED] - Object: 'Object Repository/User/Logout/Page_HADIR/img' is clicked on

11-12-2024T12:05:21 - [TEST_STEP][PASSED] - click(findTestObject("Object Repository/User/Logout/Page_HADIR/button_Logout")): Object: 'Object Repository/User/Logout/Page_HADIR/button_Logout' is clicked on

11-12-2024T12:05:22 - [MESSAGE][PASSED] - Object: 'Object Repository/User/Logout/Page_HADIR/button_Logout' is clicked on

11-12-2024T12:05:22 - [TEST_STEP][PASSED] - click(findTestObject("Object Repository/User/Logout/Page_HADIR/div_Email_MuiBox-root css-1id4siv")): Object: 'Object Repository/User/Logout/Page_HADIR/div_Email_MuiBox-root css-1id4siv' is clicked on

11-12-2024T12:05:23 - [MESSAGE][PASSED] - Object: 'Object Repository/User/Logout/Page_HADIR/div_Email_MuiBox-root css-1id4siv' is clicked on]]></system-out>
         <system-err><![CDATA[]]></system-err>
      </testcase>
      <system-out><![CDATA[11-12-2024T12:05:10 - [TEST_SUITE][PASSED] - Logout: Test Cases/User/Logout/TCC.Hadir.01.001.Logout]]></system-out>
      <system-err><![CDATA[]]></system-err>
   </testsuite>
</testsuites>
