<?xml version="1.0" encoding="UTF-8"?>
<testsuites name="Absen Point" time="0.291" tests="1" failures="0" errors="0">
   <testsuite name="Absen Point" tests="1" failures="0" errors="0" time="0.291" skipped="0" timestamp="03-12-2024T16:39:07" hostname="Irga - Irga.mshome.net" id="Test Suites/Absen Point">
      <properties>
         <property name="deviceName" value=""/>
         <property name="devicePlatform"/>
         <property name="logFolder" value="C:\\Users\\User\\git\\KatalonHadirApp\\Reports\\20241203_163900\\Absen Point\\20241203_163901"/>
         <property name="logFiles" value="C:\\Users\\User\\git\\KatalonHadirApp\\Reports\\20241203_163900\\Absen Point\\20241203_163901\\execution0.log"/>
         <property name="attachments" value=""/>
         <property name="hostName" value="Irga - Irga.mshome.net"/>
         <property name="hostAddress" value="172.24.112.1"/>
         <property name="os" value="Windows 10 64bit"/>
         <property name="katalonVersion" value="10.0.0.223"/>
      </properties>
      <testcase name="Test Cases/Admin/Management/Absen Point/TCC.Hadir.04.1" time="0.152" classname="Test Cases/Admin/Management/Absen Point/TCC.Hadir.04.1" status="PASSED">
         <system-out><![CDATA[03-12-2024T16:39:07 - [TEST_CASE][PASSED] - Test Cases/Admin/Management/Absen Point/TCC.Hadir.04.1: Test Cases/Admin/Management/Absen Point/TCC.Hadir.04.1

03-12-2024T16:39:07 - [TEST_STEP][PASSED] - return null: null]]></system-out>
         <system-err><![CDATA[]]></system-err>
      </testcase>
      <system-out><![CDATA[03-12-2024T16:39:07 - [TEST_SUITE][PASSED] - Absen Point: Test Cases/Admin/Management/Absen Point/TCC.Hadir.04.1]]></system-out>
      <system-err><![CDATA[]]></system-err>
   </testsuite>
</testsuites>
