<?xml version="1.0" encoding="UTF-8"?>
<testsuites name="Sakit" time="6.044" tests="1" failures="0" errors="0">
   <testsuite name="Sakit" tests="1" failures="0" errors="0" time="6.044" skipped="0" timestamp="05-12-2024T18:44:48" hostname="Irga - Irga" id="Test Suites/User/Sakit">
      <properties>
         <property name="deviceName" value=""/>
         <property name="devicePlatform"/>
         <property name="logFolder" value="C:\\Users\\User\\git\\KatalonHadirApp\\Reports\\20241205_184443\\User\\Sakit\\20241205_184443"/>
         <property name="logFiles" value="C:\\Users\\User\\git\\KatalonHadirApp\\Reports\\20241205_184443\\User\\Sakit\\20241205_184443\\execution0.log"/>
         <property name="attachments" value=""/>
         <property name="hostName" value="Irga - Irga"/>
         <property name="os" value="Windows 10 64bit"/>
         <property name="katalonVersion" value="10.0.0.223"/>
         <property name="browser" value="Chrome 131.0.0.0"/>
         <property name="hostAddress" value="192.168.0.106"/>
         <property name="sessionId" value="40b4f083061799cc7498e02246b7bcb8"/>
         <property name="seleniumVersion" value="4.22.0"/>
         <property name="proxyInformation" value="ProxyInformation { proxyOption=NO_PROXY, proxyServerType=HTTP, username=, password=********, proxyServerAddress=, proxyServerPort=0, executionList=&quot;&quot;, isApplyToDesiredCapabilities=true }"/>
         <property name="platform" value="Windows 10"/>
      </properties>
      <testcase name="Test Cases/User/Sakit/TCC.Hadir.04.081" time="5.93" classname="Test Cases/User/Sakit/TCC.Hadir.04.081" status="PASSED">
         <system-out><![CDATA[05-12-2024T18:44:48 - [TEST_CASE][PASSED] - Test Cases/User/Sakit/TCC.Hadir.04.081: Test Cases/User/Sakit/TCC.Hadir.04.081

05-12-2024T18:44:49 - [TEST_STEP][PASSED] - openBrowser(""): Browser is opened with url: ''

05-12-2024T18:44:49 - [MESSAGE][INFO] - Starting 'Chrome' driver

05-12-2024T18:44:49 - [MESSAGE][INFO] - Action delay is set to 0 milliseconds

05-12-2024T18:44:50 - [MESSAGE][PASSED] - Browser is opened with url: ''

05-12-2024T18:44:50 - [TEST_STEP][PASSED] - maximizeWindow(): Current window maximized

05-12-2024T18:44:50 - [MESSAGE][PASSED] - Current window maximized

05-12-2024T18:44:50 - [TEST_STEP][PASSED] - navigateToUrl("https://magang.dikahadir.com/absen/login"): Navigate to 'https://magang.dikahadir.com/absen/login' successfully

05-12-2024T18:44:51 - [MESSAGE][PASSED] - Navigate to 'https://magang.dikahadir.com/absen/login' successfully

05-12-2024T18:44:51 - [TEST_STEP][PASSED] - setText(findTestObject("Object Repository/User/Sakit/Page_HADIR/input_Email_email"), "testuser1@gmail.com"): Text 'testuser1@gmail.com' is set on object 'Object Repository/User/Sakit/Page_HADIR/input_Email_email'

05-12-2024T18:44:51 - [MESSAGE][PASSED] - Text 'testuser1@gmail.com' is set on object 'Object Repository/User/Sakit/Page_HADIR/input_Email_email'

05-12-2024T18:44:51 - [TEST_STEP][PASSED] - click(findTestObject("Object Repository/User/Sakit/Page_HADIR/input_Password_password")): Object: 'Object Repository/User/Sakit/Page_HADIR/input_Password_password' is clicked on

05-12-2024T18:44:52 - [MESSAGE][PASSED] - Object: 'Object Repository/User/Sakit/Page_HADIR/input_Password_password' is clicked on

05-12-2024T18:44:52 - [TEST_STEP][PASSED] - setEncryptedText(findTestObject("Object Repository/User/Sakit/Page_HADIR/input_Password_password"), "RigbBhfdqOBGNlJIWM1ClA=="): Text ****** has been set on object 'Object Repository/User/Sakit/Page_HADIR/input_Password_password'

05-12-2024T18:44:52 - [MESSAGE][PASSED] - Text ****** has been set on object 'Object Repository/User/Sakit/Page_HADIR/input_Password_password'

05-12-2024T18:44:52 - [TEST_STEP][PASSED] - click(findTestObject("Object Repository/User/Sakit/Page_HADIR/button_Masuk")): Object: 'Object Repository/User/Sakit/Page_HADIR/button_Masuk' is clicked on

05-12-2024T18:44:52 - [MESSAGE][PASSED] - Object: 'Object Repository/User/Sakit/Page_HADIR/button_Masuk' is clicked on

05-12-2024T18:44:52 - [TEST_STEP][PASSED] - click(findTestObject("Object Repository/User/Sakit/Page_HADIR/img")): Object: 'Object Repository/User/Sakit/Page_HADIR/img' is clicked on

05-12-2024T18:44:54 - [MESSAGE][PASSED] - Object: 'Object Repository/User/Sakit/Page_HADIR/img' is clicked on

05-12-2024T18:44:54 - [TEST_STEP][PASSED] - click(findTestObject("Object Repository/User/Sakit/Page_HADIR/div_List Request SakitTotal  5Test User 1Da_641d4a")): Object: 'Object Repository/User/Sakit/Page_HADIR/div_List Request SakitTotal  5Test User 1Da_641d4a' is clicked on

05-12-2024T18:44:54 - [MESSAGE][PASSED] - Object: 'Object Repository/User/Sakit/Page_HADIR/div_List Request SakitTotal  5Test User 1Da_641d4a' is clicked on

05-12-2024T18:44:54 - [TEST_STEP][PASSED] - closeBrowser(): Browser is closed

05-12-2024T18:44:54 - [MESSAGE][PASSED] - Browser is closed]]></system-out>
         <system-err><![CDATA[]]></system-err>
      </testcase>
      <system-out><![CDATA[05-12-2024T18:44:48 - [TEST_SUITE][PASSED] - Sakit: Test Cases/User/Sakit/TCC.Hadir.04.081]]></system-out>
      <system-err><![CDATA[]]></system-err>
   </testsuite>
</testsuites>
