<?xml version="1.0" encoding="UTF-8"?>
<testsuites name="Logout" time="8.382" tests="1" failures="0" errors="0">
   <testsuite name="Logout" tests="1" failures="0" errors="0" time="8.382" skipped="0" timestamp="03-12-2024T16:52:13" hostname="Irga - Irga.mshome.net" id="Test Suites/Logout">
      <properties>
         <property name="deviceName" value=""/>
         <property name="devicePlatform"/>
         <property name="logFolder" value="C:\\Users\\User\\git\\KatalonHadirApp\\Reports\\20241203_165105\\Logout\\20241203_165108"/>
         <property name="logFiles" value="C:\\Users\\User\\git\\KatalonHadirApp\\Reports\\20241203_165105\\Logout\\20241203_165108\\execution0.log"/>
         <property name="attachments" value=""/>
         <property name="hostName" value="Irga - Irga.mshome.net"/>
         <property name="os" value="Windows 10 64bit"/>
         <property name="katalonVersion" value="10.0.0.223"/>
         <property name="browser" value="Chrome 131.0.0.0"/>
         <property name="hostAddress" value="172.24.112.1"/>
         <property name="sessionId" value="54b0aabd8b1ef35f66ff7253d50874e8"/>
         <property name="seleniumVersion" value="4.22.0"/>
         <property name="proxyInformation" value="ProxyInformation { proxyOption=NO_PROXY, proxyServerType=HTTP, username=, password=********, proxyServerAddress=, proxyServerPort=0, executionList=&quot;&quot;, isApplyToDesiredCapabilities=true }"/>
         <property name="platform" value="Windows 10"/>
      </properties>
      <testcase name="Test Cases/Admin/Logout/TCC.Hadir.01.013" time="8.277" classname="Test Cases/Admin/Logout/TCC.Hadir.01.013" status="PASSED">
         <system-out><![CDATA[03-12-2024T16:52:13 - [TEST_CASE][PASSED] - Test Cases/Admin/Logout/TCC.Hadir.01.013: Test Cases/Admin/Logout/TCC.Hadir.01.013

03-12-2024T16:52:13 - [TEST_STEP][PASSED] - openBrowser(""): Browser is opened with url: ''

03-12-2024T16:52:13 - [MESSAGE][INFO] - Starting 'Chrome' driver

03-12-2024T16:52:13 - [MESSAGE][INFO] - Action delay is set to 0 milliseconds

03-12-2024T16:52:15 - [MESSAGE][PASSED] - Browser is opened with url: ''

03-12-2024T16:52:15 - [TEST_STEP][PASSED] - maximizeWindow(): Current window maximized

03-12-2024T16:52:15 - [MESSAGE][PASSED] - Current window maximized

03-12-2024T16:52:15 - [TEST_STEP][PASSED] - navigateToUrl("https://magang.dikahadir.com/authentication/login"): Navigate to 'https://magang.dikahadir.com/authentication/login' successfully

03-12-2024T16:52:15 - [MESSAGE][PASSED] - Navigate to 'https://magang.dikahadir.com/authentication/login' successfully

03-12-2024T16:52:15 - [TEST_STEP][PASSED] - setText(findTestObject("Object Repository/Login/Login_Page/input_Email_email"), "Admin@hadir.com"): Text 'Admin@hadir.com' is set on object 'Object Repository/Login/Login_Page/input_Email_email'

03-12-2024T16:52:16 - [MESSAGE][PASSED] - Text 'Admin@hadir.com' is set on object 'Object Repository/Login/Login_Page/input_Email_email'

03-12-2024T16:52:16 - [TEST_STEP][PASSED] - setEncryptedText(findTestObject("Object Repository/Login/Login_Page/input_Password_password"), "aSC42nPN26UggVXAwmiGmQ=="): Text ****** has been set on object 'Object Repository/Login/Login_Page/input_Password_password'

03-12-2024T16:52:16 - [MESSAGE][PASSED] - Text ****** has been set on object 'Object Repository/Login/Login_Page/input_Password_password'

03-12-2024T16:52:16 - [TEST_STEP][PASSED] - click(findTestObject("Object Repository/Login/Login_Page/button_Masuk")): Object: 'Object Repository/Login/Login_Page/button_Masuk' is clicked on

03-12-2024T16:52:16 - [MESSAGE][PASSED] - Object: 'Object Repository/Login/Login_Page/button_Masuk' is clicked on

03-12-2024T16:52:16 - [TEST_STEP][PASSED] - click(findTestObject("Object Repository/Login/Login_Page/Page_HADIR/polyline")): Object: 'Object Repository/Login/Login_Page/Page_HADIR/polyline' is clicked on

03-12-2024T16:52:18 - [MESSAGE][WARNING] - [SELF-HEALING] Failed to find element with id 'Object Repository/Login/Login_Page/Page_HADIR/polyline'. Try using Self-healing.

03-12-2024T16:52:20 - [MESSAGE][INFO] - [SELF-HEALING] No working XPath is found.

03-12-2024T16:52:20 - [MESSAGE][INFO] - [SELF-HEALING] Screenshot: C:/Users/User/git/KatalonHadirApp/Reports/Self-healing/Object Repository/Login/Login_Page/Page_HADIR/polyline_SMART_LOCATOR.png

03-12-2024T16:52:20 - [MESSAGE][WARNING] - [SELF-HEALING] The current locator of test object 'Object Repository/Login/Login_Page/Page_HADIR/polyline' was broken. Propose an alternative one: 'button >> internal:has-text="AHi,Admin Hadir"i'.

03-12-2024T16:52:20 - [MESSAGE][PASSED] - Object: 'Object Repository/Login/Login_Page/Page_HADIR/polyline' is clicked on

03-12-2024T16:52:20 - [TEST_STEP][PASSED] - click(findTestObject("Object Repository/Login/Login_Page/Page_HADIR/button_Logout")): Object: 'Object Repository/Login/Login_Page/Page_HADIR/button_Logout' is clicked on

03-12-2024T16:52:20 - [MESSAGE][PASSED] - Object: 'Object Repository/Login/Login_Page/Page_HADIR/button_Logout' is clicked on

03-12-2024T16:52:20 - [TEST_STEP][PASSED] - click(findTestObject("Object Repository/Login/Login_Page/Page_HADIR/p_Login")): Object: 'Object Repository/Login/Login_Page/Page_HADIR/p_Login' is clicked on

03-12-2024T16:52:21 - [MESSAGE][PASSED] - Object: 'Object Repository/Login/Login_Page/Page_HADIR/p_Login' is clicked on

03-12-2024T16:52:21 - [TEST_STEP][PASSED] - isEmailFieldVisible = verifyElementPresent(findTestObject("Object Repository/Login/Login_Page/input_Email_email"), 10): Object 'Object Repository/Login/Login_Page/input_Email_email' is present

03-12-2024T16:52:21 - [MESSAGE][PASSED] - Object 'Object Repository/Login/Login_Page/input_Email_email' is present

03-12-2024T16:52:21 - [TEST_STEP][PASSED] - Assert.assertTrue(isEmailFieldVisible, "Login page is not displayed after logout."): null

03-12-2024T16:52:21 - [TEST_STEP][PASSED] - closeBrowser(): Browser is closed

03-12-2024T16:52:21 - [MESSAGE][PASSED] - Browser is closed]]></system-out>
         <system-err><![CDATA[]]></system-err>
      </testcase>
      <system-out><![CDATA[03-12-2024T16:52:13 - [TEST_SUITE][PASSED] - Logout: Test Cases/Admin/Logout/TCC.Hadir.01.013]]></system-out>
      <system-err><![CDATA[]]></system-err>
   </testsuite>
</testsuites>
